 # Detector n:            1   PFLUX     
 # N. of energy intervals        1000
  1.0000000E-06  1.0139114E-06   0.000000       0.000000    
  1.0139114E-06  1.0280162E-06   0.000000       0.000000    
  1.0280162E-06  1.0423173E-06   0.000000       0.000000    
  1.0423173E-06  1.0568173E-06   0.000000       0.000000    
  1.0568173E-06  1.0715190E-06   0.000000       0.000000    
  1.0715190E-06  1.0864253E-06   0.000000       0.000000    
  1.0864253E-06  1.1015389E-06   0.000000       0.000000    
  1.1015389E-06  1.1168628E-06   0.000000       0.000000    
  1.1168628E-06  1.1323999E-06   0.000000       0.000000    
  1.1323999E-06  1.1481530E-06   0.000000       0.000000    
  1.1481530E-06  1.1641254E-06   0.000000       0.000000    
  1.1641254E-06  1.1803199E-06   0.000000       0.000000    
  1.1803199E-06  1.1967396E-06   0.000000       0.000000    
  1.1967396E-06  1.2133879E-06   0.000000       0.000000    
  1.2133879E-06  1.2302678E-06   0.000000       0.000000    
  1.2302678E-06  1.2473824E-06   0.000000       0.000000    
  1.2473824E-06  1.2647353E-06   0.000000       0.000000    
  1.2647353E-06  1.2823293E-06   0.000000       0.000000    
  1.2823293E-06  1.3001683E-06   0.000000       0.000000    
  1.3001683E-06  1.3182553E-06   0.000000       0.000000    
  1.3182553E-06  1.3365940E-06   0.000000       0.000000    
  1.3365940E-06  1.3551878E-06   0.000000       0.000000    
  1.3551878E-06  1.3740403E-06   0.000000       0.000000    
  1.3740403E-06  1.3931550E-06   0.000000       0.000000    
  1.3931550E-06  1.4125358E-06   0.000000       0.000000    
  1.4125358E-06  1.4321859E-06   0.000000       0.000000    
  1.4321859E-06  1.4521095E-06   0.000000       0.000000    
  1.4521095E-06  1.4723103E-06   0.000000       0.000000    
  1.4723103E-06  1.4927920E-06   0.000000       0.000000    
  1.4927920E-06  1.5135587E-06   0.000000       0.000000    
  1.5135587E-06  1.5346143E-06   0.000000       0.000000    
  1.5346143E-06  1.5559629E-06   0.000000       0.000000    
  1.5559629E-06  1.5776084E-06   0.000000       0.000000    
  1.5776084E-06  1.5995550E-06   0.000000       0.000000    
  1.5995550E-06  1.6218069E-06   0.000000       0.000000    
  1.6218069E-06  1.6443684E-06   0.000000       0.000000    
  1.6443684E-06  1.6672437E-06   0.000000       0.000000    
  1.6672437E-06  1.6904373E-06   0.000000       0.000000    
  1.6904373E-06  1.7139535E-06   0.000000       0.000000    
  1.7139535E-06  1.7377969E-06   0.000000       0.000000    
  1.7377969E-06  1.7619722E-06   0.000000       0.000000    
  1.7619722E-06  1.7864834E-06   0.000000       0.000000    
  1.7864834E-06  1.8113357E-06   0.000000       0.000000    
  1.8113357E-06  1.8365339E-06   0.000000       0.000000    
  1.8365339E-06  1.8620824E-06   0.000000       0.000000    
  1.8620824E-06  1.8879865E-06   0.000000       0.000000    
  1.8879865E-06  1.9142508E-06   0.000000       0.000000    
  1.9142508E-06  1.9408806E-06   0.000000       0.000000    
  1.9408806E-06  1.9678810E-06   0.000000       0.000000    
  1.9678810E-06  1.9952568E-06   0.000000       0.000000    
  1.9952568E-06  2.0230134E-06   0.000000       0.000000    
  2.0230134E-06  2.0511563E-06   0.000000       0.000000    
  2.0511563E-06  2.0796904E-06   0.000000       0.000000    
  2.0796904E-06  2.1086219E-06   0.000000       0.000000    
  2.1086219E-06  2.1379553E-06   0.000000       0.000000    
  2.1379553E-06  2.1676974E-06   0.000000       0.000000    
  2.1676974E-06  2.1978531E-06   0.000000       0.000000    
  2.1978531E-06  2.2284278E-06   0.000000       0.000000    
  2.2284278E-06  2.2594284E-06   0.000000       0.000000    
  2.2594284E-06  2.2908603E-06   0.000000       0.000000    
  2.2908603E-06  2.3227290E-06   0.000000       0.000000    
  2.3227290E-06  2.3550410E-06   0.000000       0.000000    
  2.3550410E-06  2.3878029E-06   0.000000       0.000000    
  2.3878029E-06  2.4210203E-06   0.000000       0.000000    
  2.4210203E-06  2.4547001E-06   0.000000       0.000000    
  2.4547001E-06  2.4888479E-06   0.000000       0.000000    
  2.4888479E-06  2.5234713E-06   0.000000       0.000000    
  2.5234713E-06  2.5585762E-06   0.000000       0.000000    
  2.5585762E-06  2.5941695E-06   0.000000       0.000000    
  2.5941695E-06  2.6302575E-06   0.000000       0.000000    
  2.6302575E-06  2.6668479E-06   0.000000       0.000000    
  2.6668479E-06  2.7039473E-06   0.000000       0.000000    
  2.7039473E-06  2.7415631E-06   0.000000       0.000000    
  2.7415631E-06  2.7797018E-06   0.000000       0.000000    
  2.7797018E-06  2.8183711E-06   0.000000       0.000000    
  2.8183711E-06  2.8575785E-06   0.000000       0.000000    
  2.8575785E-06  2.8973309E-06   0.000000       0.000000    
  2.8973309E-06  2.9376367E-06   0.000000       0.000000    
  2.9376367E-06  2.9785033E-06   0.000000       0.000000    
  2.9785033E-06  3.0199380E-06   0.000000       0.000000    
  3.0199380E-06  3.0619494E-06   0.000000       0.000000    
  3.0619494E-06  3.1045454E-06   0.000000       0.000000    
  3.1045454E-06  3.1477337E-06   0.000000       0.000000    
  3.1477337E-06  3.1915229E-06   0.000000       0.000000    
  3.1915229E-06  3.2359212E-06   0.000000       0.000000    
  3.2359212E-06  3.2809369E-06   0.000000       0.000000    
  3.2809369E-06  3.3265794E-06   0.000000       0.000000    
  3.3265794E-06  3.3728563E-06   0.000000       0.000000    
  3.3728563E-06  3.4197778E-06   0.000000       0.000000    
  3.4197778E-06  3.4673510E-06   0.000000       0.000000    
  3.4673510E-06  3.5155863E-06   0.000000       0.000000    
  3.5155863E-06  3.5644932E-06   0.000000       0.000000    
  3.5644932E-06  3.6140798E-06   0.000000       0.000000    
  3.6140798E-06  3.6643564E-06   0.000000       0.000000    
  3.6643564E-06  3.7153322E-06   0.000000       0.000000    
  3.7153322E-06  3.7670175E-06   0.000000       0.000000    
  3.7670175E-06  3.8194216E-06   0.000000       0.000000    
  3.8194216E-06  3.8725552E-06   0.000000       0.000000    
  3.8725552E-06  3.9264273E-06   0.000000       0.000000    
  3.9264273E-06  3.9810493E-06   0.000000       0.000000    
  3.9810493E-06  4.0364307E-06   0.000000       0.000000    
  4.0364307E-06  4.0925834E-06   0.000000       0.000000    
  4.0925834E-06  4.1495159E-06   0.000000       0.000000    
  4.1495159E-06  4.2072415E-06   0.000000       0.000000    
  4.2072415E-06  4.2657703E-06   0.000000       0.000000    
  4.2657703E-06  4.3251125E-06   0.000000       0.000000    
  4.3251125E-06  4.3852806E-06   0.000000       0.000000    
  4.3852806E-06  4.4462859E-06   0.000000       0.000000    
  4.4462859E-06  4.5081392E-06   0.000000       0.000000    
  4.5081392E-06  4.5708539E-06   0.000000       0.000000    
  4.5708539E-06  4.6344398E-06   0.000000       0.000000    
  4.6344398E-06  4.6989112E-06   0.000000       0.000000    
  4.6989112E-06  4.7642798E-06   0.000000       0.000000    
  4.7642798E-06  4.8305569E-06   0.000000       0.000000    
  4.8305569E-06  4.8977563E-06   0.000000       0.000000    
  4.8977563E-06  4.9658911E-06   0.000000       0.000000    
  4.9658911E-06  5.0349727E-06   0.000000       0.000000    
  5.0349727E-06  5.1050160E-06   0.000000       0.000000    
  5.1050160E-06  5.1760335E-06   0.000000       0.000000    
  5.1760335E-06  5.2480391E-06   0.000000       0.000000    
  5.2480391E-06  5.3210470E-06   0.000000       0.000000    
  5.3210470E-06  5.3950689E-06   0.000000       0.000000    
  5.3950689E-06  5.4701213E-06   0.000000       0.000000    
  5.4701213E-06  5.5462187E-06   0.000000       0.000000    
  5.5462187E-06  5.6233735E-06   0.000000       0.000000    
  5.6233735E-06  5.7016018E-06   0.000000       0.000000    
  5.7016018E-06  5.7809189E-06   0.000000       0.000000    
  5.7809189E-06  5.8613391E-06   0.000000       0.000000    
  5.8613391E-06  5.9428780E-06   0.000000       0.000000    
  5.9428780E-06  6.0255516E-06   0.000000       0.000000    
  6.0255516E-06  6.1093751E-06   0.000000       0.000000    
  6.1093751E-06  6.1943647E-06   0.000000       0.000000    
  6.1943647E-06  6.2805361E-06   0.000000       0.000000    
  6.2805361E-06  6.3679072E-06   0.000000       0.000000    
  6.3679072E-06  6.4564929E-06   0.000000       0.000000    
  6.4564929E-06  6.5463114E-06   0.000000       0.000000    
  6.5463114E-06  6.6373800E-06   0.000000       0.000000    
  6.6373800E-06  6.7297142E-06   0.000000       0.000000    
  6.7297142E-06  6.8233330E-06   0.000000       0.000000    
  6.8233330E-06  6.9182552E-06   0.000000       0.000000    
  6.9182552E-06  7.0144970E-06   0.000000       0.000000    
  7.0144970E-06  7.1120780E-06   0.000000       0.000000    
  7.1120780E-06  7.2110165E-06   0.000000       0.000000    
  7.2110165E-06  7.3113310E-06   0.000000       0.000000    
  7.3113310E-06  7.4130421E-06   0.000000       0.000000    
  7.4130421E-06  7.5161670E-06   0.000000       0.000000    
  7.5161670E-06  7.6207270E-06   0.000000       0.000000    
  7.6207270E-06  7.7267414E-06   0.000000       0.000000    
  7.7267414E-06  7.8342300E-06   0.000000       0.000000    
  7.8342300E-06  7.9432148E-06   0.000000       0.000000    
  7.9432148E-06  8.0537156E-06   0.000000       0.000000    
  8.0537156E-06  8.1657536E-06   0.000000       0.000000    
  8.1657536E-06  8.2793513E-06   0.000000       0.000000    
  8.2793513E-06  8.3945279E-06   0.000000       0.000000    
  8.3945279E-06  8.5113061E-06   0.000000       0.000000    
  8.5113061E-06  8.6297105E-06   0.000000       0.000000    
  8.6297105E-06  8.7497610E-06   0.000000       0.000000    
  8.7497610E-06  8.8714805E-06   0.000000       0.000000    
  8.8714805E-06  8.9948953E-06   0.000000       0.000000    
  8.9948953E-06  9.1200254E-06   0.000000       0.000000    
  9.1200254E-06  9.2468981E-06   0.000000       0.000000    
  9.2468981E-06  9.3755343E-06   0.000000       0.000000    
  9.3755343E-06  9.5059595E-06   0.000000       0.000000    
  9.5059595E-06  9.6382009E-06   0.000000       0.000000    
  9.6382009E-06  9.7722805E-06   0.000000       0.000000    
  9.7722805E-06  9.9082263E-06   0.000000       0.000000    
  9.9082263E-06  1.0046062E-05   0.000000       0.000000    
  1.0046062E-05  1.0185817E-05   0.000000       0.000000    
  1.0185817E-05  1.0327517E-05   0.000000       0.000000    
  1.0327517E-05  1.0471184E-05   0.000000       0.000000    
  1.0471184E-05  1.0616853E-05   0.000000       0.000000    
  1.0616853E-05  1.0764548E-05   0.000000       0.000000    
  1.0764548E-05  1.0914296E-05   0.000000       0.000000    
  1.0914296E-05  1.1066129E-05   0.000000       0.000000    
  1.1066129E-05  1.1220073E-05   0.000000       0.000000    
  1.1220073E-05  1.1376160E-05   0.000000       0.000000    
  1.1376160E-05  1.1534417E-05   0.000000       0.000000    
  1.1534417E-05  1.1694876E-05   0.000000       0.000000    
  1.1694876E-05  1.1857567E-05   0.000000       0.000000    
  1.1857567E-05  1.2022523E-05   0.000000       0.000000    
  1.2022523E-05  1.2189771E-05   0.000000       0.000000    
  1.2189771E-05  1.2359347E-05   0.000000       0.000000    
  1.2359347E-05  1.2531282E-05   0.000000       0.000000    
  1.2531282E-05  1.2705609E-05   0.000000       0.000000    
  1.2705609E-05  1.2882362E-05   0.000000       0.000000    
  1.2882362E-05  1.3061571E-05   0.000000       0.000000    
  1.3061571E-05  1.3243276E-05   0.000000       0.000000    
  1.3243276E-05  1.3427509E-05   0.000000       0.000000    
  1.3427509E-05  1.3614302E-05   0.000000       0.000000    
  1.3614302E-05  1.3803694E-05   0.000000       0.000000    
  1.3803694E-05  1.3995722E-05   0.000000       0.000000    
  1.3995722E-05  1.4190421E-05   0.000000       0.000000    
  1.4190421E-05  1.4387829E-05   0.000000       0.000000    
  1.4387829E-05  1.4587982E-05   0.000000       0.000000    
  1.4587982E-05  1.4790921E-05   0.000000       0.000000    
  1.4790921E-05  1.4996682E-05   0.000000       0.000000    
  1.4996682E-05  1.5205306E-05   0.000000       0.000000    
  1.5205306E-05  1.5416832E-05   0.000000       0.000000    
  1.5416832E-05  1.5631300E-05   0.000000       0.000000    
  1.5631300E-05  1.5848753E-05   0.000000       0.000000    
  1.5848753E-05  1.6069231E-05   0.000000       0.000000    
  1.6069231E-05  1.6292775E-05   0.000000       0.000000    
  1.6292775E-05  1.6519429E-05   0.000000       0.000000    
  1.6519429E-05  1.6749236E-05   0.000000       0.000000    
  1.6749236E-05  1.6982238E-05   0.000000       0.000000    
  1.6982238E-05  1.7218485E-05   0.000000       0.000000    
  1.7218485E-05  1.7458018E-05   0.000000       0.000000    
  1.7458018E-05  1.7700881E-05   0.000000       0.000000    
  1.7700881E-05  1.7947124E-05   0.000000       0.000000    
  1.7947124E-05  1.8196793E-05   0.000000       0.000000    
  1.8196793E-05  1.8449933E-05   0.000000       0.000000    
  1.8449933E-05  1.8706598E-05   0.000000       0.000000    
  1.8706598E-05  1.8966832E-05   0.000000       0.000000    
  1.8966832E-05  1.9230683E-05   0.000000       0.000000    
  1.9230683E-05  1.9498209E-05   0.000000       0.000000    
  1.9498209E-05  1.9769455E-05   0.000000       0.000000    
  1.9769455E-05  2.0044477E-05   0.000000       0.000000    
  2.0044477E-05  2.0323321E-05   0.000000       0.000000    
  2.0323321E-05  2.0606045E-05   0.000000       0.000000    
  2.0606045E-05  2.0892703E-05   0.000000       0.000000    
  2.0892703E-05  2.1183345E-05   0.000000       0.000000    
  2.1183345E-05  2.1478036E-05   0.000000       0.000000    
  2.1478036E-05  2.1776823E-05   0.000000       0.000000    
  2.1776823E-05  2.2079765E-05   0.000000       0.000000    
  2.2079765E-05  2.2386927E-05   0.000000       0.000000    
  2.2386927E-05  2.2698359E-05   0.000000       0.000000    
  2.2698359E-05  2.3014121E-05   0.000000       0.000000    
  2.3014121E-05  2.3334280E-05   0.000000       0.000000    
  2.3334280E-05  2.3658889E-05   0.000000       0.000000    
  2.3658889E-05  2.3988017E-05   0.000000       0.000000    
  2.3988017E-05  2.4321720E-05   0.000000       0.000000    
  2.4321720E-05  2.4660068E-05   0.000000       0.000000    
  2.4660068E-05  2.5003126E-05   0.000000       0.000000    
  2.5003126E-05  2.5350950E-05   0.000000       0.000000    
  2.5350950E-05  2.5703617E-05   0.000000       0.000000    
  2.5703617E-05  2.6061187E-05   0.000000       0.000000    
  2.6061187E-05  2.6423733E-05   0.000000       0.000000    
  2.6423733E-05  2.6791322E-05   0.000000       0.000000    
  2.6791322E-05  2.7164024E-05   0.000000       0.000000    
  2.7164024E-05  2.7541912E-05   0.000000       0.000000    
  2.7541912E-05  2.7925060E-05   0.000000       0.000000    
  2.7925060E-05  2.8313532E-05   0.000000       0.000000    
  2.8313532E-05  2.8707409E-05   0.000000       0.000000    
  2.8707409E-05  2.9106770E-05   0.000000       0.000000    
  2.9106770E-05  2.9511682E-05   0.000000       0.000000    
  2.9511682E-05  2.9922232E-05   0.000000       0.000000    
  2.9922232E-05  3.0338488E-05   0.000000       0.000000    
  3.0338488E-05  3.0760537E-05   0.000000       0.000000    
  3.0760537E-05  3.1188458E-05   0.000000       0.000000    
  3.1188458E-05  3.1622330E-05   0.000000       0.000000    
  3.1622330E-05  3.2062238E-05   0.000000       0.000000    
  3.2062238E-05  3.2508269E-05   0.000000       0.000000    
  3.2508269E-05  3.2960499E-05   0.000000       0.000000    
  3.2960499E-05  3.3419023E-05   0.000000       0.000000    
  3.3419023E-05  3.3883927E-05   0.000000       0.000000    
  3.3883927E-05  3.4355297E-05   0.000000       0.000000    
  3.4355297E-05  3.4833225E-05   0.000000       0.000000    
  3.4833225E-05  3.5317804E-05   0.000000       0.000000    
  3.5317804E-05  3.5809120E-05   0.000000       0.000000    
  3.5809120E-05  3.6307272E-05   0.000000       0.000000    
  3.6307272E-05  3.6812355E-05   0.000000       0.000000    
  3.6812355E-05  3.7324462E-05   0.000000       0.000000    
  3.7324462E-05  3.7843696E-05   0.000000       0.000000    
  3.7843696E-05  3.8370152E-05   0.000000       0.000000    
  3.8370152E-05  3.8903934E-05   0.000000       0.000000    
  3.8903934E-05  3.9445142E-05   0.000000       0.000000    
  3.9445142E-05  3.9993869E-05   0.000000       0.000000    
  3.9993869E-05  4.0550240E-05   0.000000       0.000000    
  4.0550240E-05  4.1114345E-05   0.000000       0.000000    
  4.1114345E-05  4.1686300E-05   0.000000       0.000000    
  4.1686300E-05  4.2266216E-05   0.000000       0.000000    
  4.2266216E-05  4.2854193E-05   0.000000       0.000000    
  4.2854193E-05  4.3450356E-05   0.000000       0.000000    
  4.3450356E-05  4.4054806E-05   0.000000       0.000000    
  4.4054806E-05  4.4667668E-05   0.000000       0.000000    
  4.4667668E-05  4.5289053E-05   0.000000       0.000000    
  4.5289053E-05  4.5919081E-05   0.000000       0.000000    
  4.5919081E-05  4.6557881E-05   0.000000       0.000000    
  4.6557881E-05  4.7205562E-05   0.000000       0.000000    
  4.7205562E-05  4.7862250E-05   0.000000       0.000000    
  4.7862250E-05  4.8528087E-05   0.000000       0.000000    
  4.8528087E-05  4.9203172E-05   0.000000       0.000000    
  4.9203172E-05  4.9887654E-05   0.000000       0.000000    
  4.9887654E-05  5.0581657E-05   0.000000       0.000000    
  5.0581657E-05  5.1285311E-05   0.000000       0.000000    
  5.1285311E-05  5.1998759E-05   0.000000       0.000000    
  5.1998759E-05  5.2722131E-05   0.000000       0.000000    
  5.2722131E-05  5.3455562E-05   0.000000       0.000000    
  5.3455562E-05  5.4199205E-05   0.000000       0.000000    
  5.4199205E-05  5.4953187E-05   0.000000       0.000000    
  5.4953187E-05  5.5717654E-05   0.000000       0.000000    
  5.5717654E-05  5.6492765E-05   0.000000       0.000000    
  5.6492765E-05  5.7278652E-05   0.000000       0.000000    
  5.7278652E-05  5.8075479E-05   0.000000       0.000000    
  5.8075479E-05  5.8883379E-05   0.000000       0.000000    
  5.8883379E-05  5.9702528E-05   0.000000       0.000000    
  5.9702528E-05  6.0533079E-05   0.000000       0.000000    
  6.0533079E-05  6.1375169E-05   0.000000       0.000000    
  6.1375169E-05  6.2228974E-05   0.000000       0.000000    
  6.2228974E-05  6.3094667E-05   0.000000       0.000000    
  6.3094667E-05  6.3972395E-05   0.000000       0.000000    
  6.3972395E-05  6.4862332E-05   0.000000       0.000000    
  6.4862332E-05  6.5764652E-05   0.000000       0.000000    
  6.5764652E-05  6.6679531E-05   0.000000       0.000000    
  6.6679531E-05  6.7607129E-05   0.000000       0.000000    
  6.7607129E-05  6.8547641E-05   0.000000       0.000000    
  6.8547641E-05  6.9501228E-05   0.000000       0.000000    
  6.9501228E-05  7.0468086E-05   0.000000       0.000000    
  7.0468086E-05  7.1448390E-05   0.000000       0.000000    
  7.1448390E-05  7.2442330E-05   0.000000       0.000000    
  7.2442330E-05  7.3450094E-05   0.000000       0.000000    
  7.3450094E-05  7.4471885E-05   0.000000       0.000000    
  7.4471885E-05  7.5507895E-05   0.000000       0.000000    
  7.5507895E-05  7.6558303E-05   0.000000       0.000000    
  7.6558303E-05  7.7623328E-05   0.000000       0.000000    
  7.7623328E-05  7.8703175E-05   0.000000       0.000000    
  7.8703175E-05  7.9798039E-05   0.000000       0.000000    
  7.9798039E-05  8.0908132E-05   0.000000       0.000000    
  8.0908132E-05  8.2033679E-05   0.000000       0.000000    
  8.2033679E-05  8.3174877E-05   0.000000       0.000000    
  8.3174877E-05  8.4331950E-05   0.000000       0.000000    
  8.4331950E-05  8.5505111E-05   0.000000       0.000000    
  8.5505111E-05  8.6694614E-05   0.000000       0.000000    
  8.6694614E-05  8.7900640E-05   0.000000       0.000000    
  8.7900640E-05  8.9123459E-05   0.000000       0.000000    
  8.9123459E-05  9.0363283E-05   0.000000       0.000000    
  9.0363283E-05  9.1620350E-05   0.000000       0.000000    
  9.1620350E-05  9.2894916E-05   0.000000       0.000000    
  9.2894916E-05  9.4187220E-05   0.000000       0.000000    
  9.4187220E-05  9.5497489E-05   0.000000       0.000000    
  9.5497489E-05  9.6825970E-05   0.000000       0.000000    
  9.6825970E-05  9.8172961E-05   0.000000       0.000000    
  9.8172961E-05  9.9538665E-05   0.000000       0.000000    
  9.9538665E-05  1.0092338E-04  3.3791398E-04   13.66658    
  1.0092338E-04  1.0232737E-04  8.3915435E-04   10.03237    
  1.0232737E-04  1.0375087E-04  1.4306091E-03   6.819409    
  1.0375087E-04  1.0519418E-04  1.3999692E-03   7.264745    
  1.0519418E-04  1.0665758E-04  1.0935754E-03   7.840671    
  1.0665758E-04  1.0814133E-04  1.0860858E-03   16.10818    
  1.0814133E-04  1.0964571E-04  9.9282828E-04   13.45565    
  1.0964571E-04  1.1117104E-04  1.2847369E-03   11.32641    
  1.1117104E-04  1.1271756E-04  9.7837672E-04   6.551600    
  1.1271756E-04  1.1428562E-04  1.1578135E-03   8.702769    
  1.1428562E-04  1.1587548E-04  9.3113654E-04   14.10207    
  1.1587548E-04  1.1748749E-04  1.0486041E-03   11.57322    
  1.1748749E-04  1.1912187E-04  1.0356806E-03   8.250194    
  1.1912187E-04  1.2077901E-04  1.1356736E-03   18.06403    
  1.2077901E-04  1.2245923E-04  1.1405877E-03   8.495083    
  1.2245923E-04  1.2416278E-04  1.1833292E-03   14.68145    
  1.2416278E-04  1.2589006E-04  1.0494014E-03   6.477880    
  1.2589006E-04  1.2764134E-04  9.5420046E-04   12.25208    
  1.2764134E-04  1.2941701E-04  1.0380883E-03   18.55293    
  1.2941701E-04  1.3121737E-04  9.6413743E-04   19.67745    
  1.3121737E-04  1.3304279E-04  1.1702045E-03   12.94620    
  1.3304279E-04  1.3489359E-04  1.2764181E-03   18.90681    
  1.3489359E-04  1.3677012E-04  1.0989925E-03   12.81743    
  1.3677012E-04  1.3867278E-04  1.2689545E-03   8.980329    
  1.3867278E-04  1.4060191E-04  9.0412464E-04   8.332028    
  1.4060191E-04  1.4255787E-04  1.0962293E-03   17.80309    
  1.4255787E-04  1.4454103E-04  1.0801712E-03   7.763739    
  1.4454103E-04  1.4655180E-04  1.1043663E-03   16.78269    
  1.4655180E-04  1.4859051E-04  1.1114602E-03   9.696762    
  1.4859051E-04  1.5065762E-04  1.1163715E-03   17.78511    
  1.5065762E-04  1.5275346E-04  1.4207743E-03   5.015511    
  1.5275346E-04  1.5487846E-04  1.1511974E-03   12.42980    
  1.5487846E-04  1.5703304E-04  1.0715778E-03   11.38836    
  1.5703304E-04  1.5921755E-04  1.0993275E-03   14.38751    
  1.5921755E-04  1.6143250E-04  1.2158097E-03   17.06498    
  1.6143250E-04  1.6367825E-04  1.1792860E-03   7.407576    
  1.6367825E-04  1.6595522E-04  1.2954263E-03   12.18964    
  1.6595522E-04  1.6826387E-04  1.0786999E-03   17.44454    
  1.6826387E-04  1.7060466E-04  1.4594706E-03   8.033585    
  1.7060466E-04  1.7297798E-04  1.0658258E-03   12.07620    
  1.7297798E-04  1.7538435E-04  1.2509496E-03   7.081694    
  1.7538435E-04  1.7782417E-04  1.0557454E-03   12.87021    
  1.7782417E-04  1.8029794E-04  1.1074207E-03   16.03057    
  1.8029794E-04  1.8280614E-04  1.4065480E-03   9.024972    
  1.8280614E-04  1.8534920E-04  1.2069171E-03   15.83509    
  1.8534920E-04  1.8792764E-04  1.1915260E-03   16.25760    
  1.8792764E-04  1.9054199E-04  1.3813904E-03   6.944780    
  1.9054199E-04  1.9319267E-04  1.2770615E-03   10.80760    
  1.9319267E-04  1.9588023E-04  1.1897414E-03   8.379234    
  1.9588023E-04  1.9860519E-04  1.0284903E-03   6.464556    
  1.9860519E-04  2.0136804E-04  1.2462609E-03   20.65623    
  2.0136804E-04  2.0416934E-04  1.7044360E-03   11.74425    
  2.0416934E-04  2.0700962E-04  1.0473798E-03   12.20723    
  2.0700962E-04  2.0988939E-04  1.2938650E-03   7.421968    
  2.0988939E-04  2.1280923E-04  1.3510856E-03   11.50971    
  2.1280923E-04  2.1576969E-04  1.1612279E-03   17.36737    
  2.1576969E-04  2.1877133E-04  1.2677630E-03   11.56816    
  2.1877133E-04  2.2181473E-04  1.3741110E-03   11.39344    
  2.2181473E-04  2.2490046E-04  1.3560249E-03   14.31042    
  2.2490046E-04  2.2802915E-04  1.3653490E-03   10.37752    
  2.2802915E-04  2.3120134E-04  1.3245492E-03   8.202967    
  2.3120134E-04  2.3441765E-04  1.3061250E-03   7.900963    
  2.3441765E-04  2.3767872E-04  1.3916254E-03   14.48764    
  2.3767872E-04  2.4098511E-04  1.3500107E-03   20.01118    
  2.4098511E-04  2.4433754E-04  1.2281149E-03   16.73301    
  2.4433754E-04  2.4773661E-04  1.2371344E-03   5.271919    
  2.4773661E-04  2.5118297E-04  1.6328405E-03   15.28221    
  2.5118297E-04  2.5467726E-04  1.3873689E-03   10.15231    
  2.5467726E-04  2.5822016E-04  1.4990460E-03   8.184389    
  2.5822016E-04  2.6181235E-04  1.3784664E-03   13.89337    
  2.6181235E-04  2.6545450E-04  1.3343443E-03   12.99556    
  2.6545450E-04  2.6914731E-04  1.4512195E-03   13.48198    
  2.6914731E-04  2.7289151E-04  1.4301125E-03   10.93507    
  2.7289151E-04  2.7668782E-04  1.4155996E-03   13.00865    
  2.7668782E-04  2.8053689E-04  1.3422741E-03   18.07327    
  2.8053689E-04  2.8443956E-04  1.7689553E-03   9.589689    
  2.8443956E-04  2.8839649E-04  1.3909595E-03   15.24517    
  2.8839649E-04  2.9240845E-04  1.2316185E-03   10.94898    
  2.9240845E-04  2.9647627E-04  1.7196944E-03   9.895834    
  2.9647627E-04  3.0060063E-04  1.4776798E-03   18.08843    
  3.0060063E-04  3.0478236E-04  1.6319474E-03   8.218915    
  3.0478236E-04  3.0902229E-04  1.2682537E-03   12.12796    
  3.0902229E-04  3.1332119E-04  1.5665657E-03   17.38722    
  3.1332119E-04  3.1767992E-04  1.6943656E-03   12.38468    
  3.1767992E-04  3.2209925E-04  1.5872791E-03   19.68799    
  3.2209925E-04  3.2658008E-04  1.3631969E-03   21.53978    
  3.2658008E-04  3.3112327E-04  1.7350712E-03   8.780053    
  3.3112327E-04  3.3572962E-04  1.6854976E-03   13.09287    
  3.3572962E-04  3.4040006E-04  1.4548497E-03   9.776369    
  3.4040006E-04  3.4513546E-04  1.7137019E-03   15.39809    
  3.4513546E-04  3.4993677E-04  1.4804058E-03   13.40003    
  3.4993677E-04  3.5480491E-04  1.7096582E-03   13.44565    
  3.5480491E-04  3.5974066E-04  1.9067494E-03   14.06282    
  3.5974066E-04  3.6474512E-04  1.1668514E-03   18.42780    
  3.6474512E-04  3.6981923E-04  1.9386339E-03   6.965625    
  3.6981923E-04  3.7496389E-04  1.8557900E-03   5.908542    
  3.7496389E-04  3.8018016E-04  1.4835658E-03   16.22859    
  3.8018016E-04  3.8546897E-04  1.5601470E-03   21.46694    
  3.8546897E-04  3.9083135E-04  1.8396254E-03   13.92826    
  3.9083135E-04  3.9626833E-04  1.9164240E-03   15.32375    
  3.9626833E-04  4.0178094E-04  1.6650060E-03   11.42889    
  4.0178094E-04  4.0737024E-04  1.6827445E-03   14.51258    
  4.0737024E-04  4.1303734E-04  1.6939446E-03   4.461120    
  4.1303734E-04  4.1878319E-04  2.0823481E-03   7.074758    
  4.1878319E-04  4.2460902E-04  1.6210142E-03   21.48921    
  4.2460902E-04  4.3051591E-04  1.4930293E-03   18.55654    
  4.3051591E-04  4.3650498E-04  1.8492199E-03   18.70957    
  4.3650498E-04  4.4257738E-04  2.3273935E-03   8.782675    
  4.4257738E-04  4.4873415E-04  1.6390057E-03   9.513311    
  4.4873415E-04  4.5497666E-04  1.8642837E-03   5.793502    
  4.5497666E-04  4.6130602E-04  1.9199930E-03   10.22492    
  4.6130602E-04  4.6772338E-04  2.0051557E-03   7.697124    
  4.6772338E-04  4.7423001E-04  1.7960176E-03   18.48465    
  4.7423001E-04  4.8082718E-04  1.7759720E-03   22.68149    
  4.8082718E-04  4.8751614E-04  1.9105849E-03   12.20330    
  4.8751614E-04  4.9429812E-04  2.1877750E-03   15.77742    
  4.9429812E-04  5.0117448E-04  1.8257285E-03   8.492900    
  5.0117448E-04  5.0814648E-04  1.9209386E-03   12.63598    
  5.0814648E-04  5.1521545E-04  2.0148449E-03   11.65181    
  5.1521545E-04  5.2238279E-04  2.2273259E-03   11.10269    
  5.2238279E-04  5.2964984E-04  2.1307606E-03   9.884831    
  5.2964984E-04  5.3701794E-04  1.9475174E-03   23.09390    
  5.3701794E-04  5.4448860E-04  1.8486199E-03   12.65580    
  5.4448860E-04  5.5206323E-04  2.3520007E-03   12.47703    
  5.5206323E-04  5.5974314E-04  2.0451685E-03   9.444996    
  5.5974314E-04  5.6752982E-04  1.8973377E-03   19.89255    
  5.6752982E-04  5.7542499E-04  2.1645806E-03   7.838795    
  5.7542499E-04  5.8342988E-04  2.2253627E-03   8.166722    
  5.8342988E-04  5.9154612E-04  2.1576886E-03   16.88600    
  5.9154612E-04  5.9977541E-04  2.4362772E-03   10.20893    
  5.9977541E-04  6.0811901E-04  1.9852873E-03   10.61863    
  6.0811901E-04  6.1657879E-04  2.2231173E-03   15.73312    
  6.1657879E-04  6.2515622E-04  2.0612851E-03   7.258648    
  6.2515622E-04  6.3385296E-04  2.4808210E-03   19.01209    
  6.3385296E-04  6.4267073E-04  2.1464701E-03   18.46153    
  6.4267073E-04  6.5161113E-04  2.4819092E-03   13.00137    
  6.5161113E-04  6.6067587E-04  2.5033560E-03   22.79168    
  6.6067587E-04  6.6986674E-04  2.4331578E-03   15.44771    
  6.6986674E-04  6.7918550E-04  1.9976164E-03   16.27382    
  6.7918550E-04  6.8863400E-04  2.6665071E-03   13.71931    
  6.8863400E-04  6.9821370E-04  1.9383640E-03   14.69171    
  6.9821370E-04  7.0792681E-04  2.9138494E-03   7.987611    
  7.0792681E-04  7.1777502E-04  2.4597256E-03   9.489841    
  7.1777502E-04  7.2776014E-04  2.5764648E-03   12.82773    
  7.2776014E-04  7.3788426E-04  2.3060762E-03   25.87689    
  7.3788426E-04  7.4814924E-04  2.6259539E-03   13.89071    
  7.4814924E-04  7.5855688E-04  2.1003105E-03   11.09142    
  7.5855688E-04  7.6910952E-04  3.0271308E-03   15.54665    
  7.6910952E-04  7.7980885E-04  1.8344515E-03   16.11455    
  7.7980885E-04  7.9065695E-04  3.2389401E-03   8.162333    
  7.9065695E-04  8.0165610E-04  2.6489715E-03   12.57021    
  8.0165610E-04  8.1280817E-04  2.7258345E-03   15.33393    
  8.1280817E-04  8.2411547E-04  2.1721190E-03   28.22541    
  8.2411547E-04  8.3557988E-04  2.7761864E-03   19.38612    
  8.3557988E-04  8.4720401E-04  2.5883482E-03   23.26058    
  8.4720401E-04  8.5898978E-04  2.9939984E-03   9.022869    
  8.5898978E-04  8.7093946E-04  2.4241197E-03   13.57995    
  8.7093946E-04  8.8305544E-04  3.1056055E-03   16.42930    
  8.8305544E-04  8.9533982E-04  2.6331230E-03   5.392590    
  8.9533982E-04  9.0779515E-04  2.8797467E-03   15.92978    
  9.0779515E-04  9.2042383E-04  2.3356488E-03   13.07938    
  9.2042383E-04  9.3322812E-04  2.7667361E-03   16.98418    
  9.3322812E-04  9.4621058E-04  3.0161825E-03   9.958549    
  9.4621058E-04  9.5937372E-04  2.9332670E-03   15.45025    
  9.5937372E-04  9.7271980E-04  2.6096569E-03   20.01537    
  9.7271980E-04  9.8625163E-04  3.4718486E-03   10.67139    
  9.8625163E-04  9.9997176E-04  3.3215426E-03   13.55021    
  9.9997176E-04  1.0138826E-03  2.6303036E-03   21.65166    
  1.0138826E-03  1.0279872E-03  2.7760253E-03   12.13926    
  1.0279872E-03  1.0422877E-03  3.0555530E-03   10.45080    
  1.0422877E-03  1.0567874E-03  3.2073283E-03   13.47951    
  1.0567874E-03  1.0714887E-03  3.1696036E-03   8.905139    
  1.0714887E-03  1.0863945E-03  2.6997731E-03   13.29240    
  1.0863945E-03  1.1015077E-03  4.0783468E-03   8.591110    
  1.1015077E-03  1.1168313E-03  2.9474036E-03   15.32685    
  1.1168313E-03  1.1323676E-03  3.0351533E-03   18.64237    
  1.1323676E-03  1.1481204E-03  2.8042444E-03   11.01472    
  1.1481204E-03  1.1640924E-03  3.0912820E-03   13.01895    
  1.1640924E-03  1.1802865E-03  3.5363559E-03   6.499088    
  1.1802865E-03  1.1967060E-03  3.5727974E-03   9.393593    
  1.1967060E-03  1.2133536E-03  2.5653434E-03   17.24520    
  1.2133536E-03  1.2302330E-03  4.2654951E-03   7.382910    
  1.2302330E-03  1.2473472E-03  3.6829773E-03   11.64461    
  1.2473472E-03  1.2646995E-03  2.6378823E-03   23.28089    
  1.2646995E-03  1.2822931E-03  3.6054752E-03   8.866522    
  1.2822931E-03  1.3001314E-03  3.4216684E-03   12.33283    
  1.3001314E-03  1.3182181E-03  3.3116594E-03   6.121436    
  1.3182181E-03  1.3365563E-03  3.7953232E-03   12.92963    
  1.3365563E-03  1.3551496E-03  3.1494901E-03   8.089588    
  1.3551496E-03  1.3740014E-03  3.7158851E-03   8.746454    
  1.3740014E-03  1.3931156E-03  3.8982995E-03   15.38161    
  1.3931156E-03  1.4124957E-03  3.1713631E-03   20.27528    
  1.4124957E-03  1.4321454E-03  3.7463047E-03   6.982471    
  1.4321454E-03  1.4520684E-03  3.3774474E-03   14.96318    
  1.4520684E-03  1.4722686E-03  3.6577987E-03   15.93509    
  1.4722686E-03  1.4927499E-03  3.7733382E-03   11.35179    
  1.4927499E-03  1.5135159E-03  3.4928517E-03   9.405338    
  1.5135159E-03  1.5345711E-03  3.6032484E-03   14.16942    
  1.5345711E-03  1.5559189E-03  4.7147353E-03   20.40618    
  1.5559189E-03  1.5775638E-03  3.0155035E-03   14.81081    
  1.5775638E-03  1.5995099E-03  4.2234678E-03   19.67244    
  1.5995099E-03  1.6217611E-03  3.5822936E-03   12.28718    
  1.6217611E-03  1.6443221E-03  4.1326396E-03   2.463770    
  1.6443221E-03  1.6671969E-03  3.3159216E-03   21.86751    
  1.6671969E-03  1.6903896E-03  4.1348273E-03   13.24886    
  1.6903896E-03  1.7139051E-03  3.8153210E-03   18.94201    
  1.7139051E-03  1.7377479E-03  3.9458335E-03   19.14643    
  1.7377479E-03  1.7619223E-03  4.1699670E-03   21.74528    
  1.7619223E-03  1.7864329E-03  4.2163613E-03   12.68375    
  1.7864329E-03  1.8112846E-03  4.1715940E-03   9.744733    
  1.8112846E-03  1.8364820E-03  3.7335402E-03   15.91554    
  1.8364820E-03  1.8620298E-03  3.9710621E-03   18.64076    
  1.8620298E-03  1.8879332E-03  4.0075658E-03   12.18581    
  1.8879332E-03  1.9141968E-03  3.9430414E-03   7.146961    
  1.9141968E-03  1.9408258E-03  4.1796039E-03   24.79573    
  1.9408258E-03  1.9678252E-03  3.9408738E-03   16.76896    
  1.9678252E-03  1.9952003E-03  5.0737844E-03   14.57165    
  1.9952003E-03  2.0229563E-03  4.0230686E-03   6.816798    
  2.0229563E-03  2.0510980E-03  3.9462214E-03   13.21206    
  2.0510980E-03  2.0796321E-03  4.3982612E-03   14.49965    
  2.0796321E-03  2.1085623E-03  4.7631464E-03   11.03736    
  2.1085623E-03  2.1378950E-03  3.6502643E-03   10.09812    
  2.1378950E-03  2.1676363E-03  4.0250220E-03   14.13083    
  2.1676363E-03  2.1977907E-03  4.2706979E-03   16.18402    
  2.1977907E-03  2.2283650E-03  5.2793045E-03   18.08616    
  2.2283650E-03  2.2593646E-03  4.7030314E-03   6.817514    
  2.2593646E-03  2.2907951E-03  4.1979700E-03   15.61067    
  2.2907951E-03  2.3226633E-03  4.1081202E-03   9.153996    
  2.3226633E-03  2.3549746E-03  5.4467809E-03   7.963621    
  2.3549746E-03  2.3877353E-03  3.6433018E-03   18.84226    
  2.3877353E-03  2.4209521E-03  4.6251998E-03   18.39089    
  2.4209521E-03  2.4546306E-03  4.5199539E-03   17.42203    
  2.4546306E-03  2.4887777E-03  4.6931310E-03   10.40842    
  2.4887777E-03  2.5233999E-03  6.0240095E-03   3.554976    
  2.5233999E-03  2.5585040E-03  3.9932281E-03   4.499407    
  2.5585040E-03  2.5940964E-03  5.0733034E-03   10.39978    
  2.5940964E-03  2.6301832E-03  5.2512083E-03   8.721460    
  2.6301832E-03  2.6667728E-03  3.7015958E-03   13.91055    
  2.6667728E-03  2.7038713E-03  4.7532027E-03   20.85802    
  2.7038713E-03  2.7414856E-03  5.5523692E-03   15.45549    
  2.7414856E-03  2.7796230E-03  5.7335980E-03   7.097727    
  2.7796230E-03  2.8182915E-03  5.5250730E-03   14.10340    
  2.8182915E-03  2.8574977E-03  4.1480432E-03   16.12564    
  2.8574977E-03  2.8972493E-03  5.5614184E-03   13.43521    
  2.8972493E-03  2.9375537E-03  4.6438286E-03   16.27710    
  2.9375537E-03  2.9784192E-03  4.5540328E-03   14.28664    
  2.9784192E-03  3.0198528E-03  4.7488632E-03   15.53720    
  3.0198528E-03  3.0618631E-03  6.1811456E-03   19.44580    
  3.0618631E-03  3.1044574E-03  6.6570900E-03   5.434172    
  3.1044574E-03  3.1476445E-03  5.3067477E-03   16.99659    
  3.1476445E-03  3.1914327E-03  4.2141736E-03   10.94765    
  3.1914327E-03  3.2358298E-03  5.2894950E-03   19.38623    
  3.2358298E-03  3.2808448E-03  4.2454153E-03   9.814004    
  3.2808448E-03  3.3264854E-03  4.8128492E-03   12.40842    
  3.3264854E-03  3.3727612E-03  4.6463725E-03   17.08588    
  3.3727612E-03  3.4196808E-03  6.3184737E-03   21.57289    
  3.4196808E-03  3.4672532E-03  6.9954563E-03   14.96940    
  3.4672532E-03  3.5154871E-03  5.4976791E-03   11.89012    
  3.5154871E-03  3.5643920E-03  4.1602724E-03   13.98337    
  3.5643920E-03  3.6139775E-03  4.9863518E-03   18.28191    
  3.6139775E-03  3.6642528E-03  4.7790967E-03   28.24599    
  3.6642528E-03  3.7152276E-03  5.2274773E-03   18.33358    
  3.7152276E-03  3.7669113E-03  4.6640453E-03   16.71973    
  3.7669113E-03  3.8193141E-03  6.1859600E-03   15.57196    
  3.8193141E-03  3.8724456E-03  7.2880224E-03   14.97379    
  3.8724456E-03  3.9263167E-03  5.1289499E-03   14.75724    
  3.9263167E-03  3.9809369E-03  4.9498030E-03   15.65224    
  3.9809369E-03  4.0363176E-03  4.2318031E-03   8.800065    
  4.0363176E-03  4.0924675E-03  6.4972765E-03   21.71411    
  4.0924675E-03  4.1493988E-03  3.8473892E-03   20.60439    
  4.1493988E-03  4.2071231E-03  5.4758326E-03   8.775757    
  4.2071231E-03  4.2656492E-03  6.6080713E-03   10.68010    
  4.2656492E-03  4.3249903E-03  6.7752805E-03   6.708785    
  4.3249903E-03  4.3851566E-03  5.2258307E-03   6.639611    
  4.3851566E-03  4.4461596E-03  5.3497250E-03   22.67750    
  4.4461596E-03  4.5080115E-03  4.6327296E-03   12.40940    
  4.5080115E-03  4.5707244E-03  6.8945028E-03   22.74096    
  4.5707244E-03  4.6343091E-03  3.3997952E-03   29.78716    
  4.6343091E-03  4.6987790E-03  5.2525126E-03   8.288715    
  4.6987790E-03  4.7641452E-03  7.7012181E-03   13.60263    
  4.7641452E-03  4.8304209E-03  7.4771247E-03   17.31075    
  4.8304209E-03  4.8976177E-03  5.1155388E-03   22.38003    
  4.8976177E-03  4.9657505E-03  5.4189768E-03   23.56392    
  4.9657505E-03  5.0348309E-03  4.8486544E-03   12.12854    
  5.0348309E-03  5.1048715E-03  6.5903463E-03   13.39509    
  5.1048715E-03  5.1758876E-03  3.8945081E-03   32.37799    
  5.1758876E-03  5.2478909E-03  5.3870897E-03   7.118884    
  5.2478909E-03  5.3208959E-03  8.2079424E-03   6.041921    
  5.3208959E-03  5.3949170E-03  6.3472320E-03   17.49758    
  5.3949170E-03  5.4699667E-03  6.2134666E-03   20.73292    
  5.4699667E-03  5.5460613E-03  5.6403140E-03   22.26297    
  5.5460613E-03  5.6232153E-03  5.4991930E-03   21.67604    
  5.6232153E-03  5.7014409E-03  5.1386235E-03   20.76537    
  5.7014409E-03  5.7807555E-03  4.6496801E-03   28.67562    
  5.7807555E-03  5.8611738E-03  7.1439696E-03   7.013298    
  5.8611738E-03  5.9427102E-03  6.2101958E-03   3.076844    
  5.9427102E-03  6.0253819E-03  7.2462671E-03   19.66666    
  6.0253819E-03  6.1092027E-03  6.7679342E-03   9.847348    
  6.1092027E-03  6.1941901E-03  4.8028477E-03   28.65596    
  6.1941901E-03  6.2803598E-03  6.0004527E-03   13.98772    
  6.2803598E-03  6.3677272E-03  5.6157992E-03   19.79354    
  6.3677272E-03  6.4563104E-03  3.4784458E-03   29.78181    
  6.4563104E-03  6.5461276E-03  7.3930034E-03   10.21201    
  6.5461276E-03  6.6371919E-03  6.4725364E-03   12.80037    
  6.6371919E-03  6.7295241E-03  7.0745111E-03   41.30182    
  6.7295241E-03  6.8231407E-03  6.1672796E-03   32.98697    
  6.8231407E-03  6.9180597E-03  5.2184351E-03   35.19466    
  6.9180597E-03  7.0142988E-03  6.9090161E-03   25.84025    
  7.0142988E-03  7.1118772E-03  6.0465904E-03   7.812000    
  7.1118772E-03  7.2108130E-03  3.8272941E-03   11.60906    
  7.2108130E-03  7.3111248E-03  6.9491924E-03   8.725806    
  7.3111248E-03  7.4128322E-03  6.1824168E-03   16.04896    
  7.4128322E-03  7.5159548E-03  8.2474388E-03   30.94556    
  7.5159548E-03  7.6205111E-03  6.8512876E-03   29.31419    
  7.6205111E-03  7.7265231E-03  5.0662514E-03   27.62111    
  7.7265231E-03  7.8340098E-03  7.6031098E-03   23.42264    
  7.8340098E-03  7.9429913E-03  4.7758985E-03   26.59441    
  7.9429913E-03  8.0534881E-03  5.2731545E-03   10.56638    
  8.0534881E-03  8.1655234E-03  8.1047667E-03   9.632421    
  8.1655234E-03  8.2791159E-03  5.9064939E-03   22.93182    
  8.2791159E-03  8.3942898E-03  7.7050924E-03   24.72147    
  8.3942898E-03  8.5110655E-03  7.2819088E-03   29.06541    
  8.5110655E-03  8.6294655E-03  4.2070867E-03   15.80528    
  8.6294655E-03  8.7495139E-03  7.3430142E-03   27.01048    
  8.7495139E-03  8.8712303E-03  3.7953439E-03   12.46257    
  8.8712303E-03  8.9946417E-03  7.2971783E-03   8.745453    
  8.9946417E-03  9.1197686E-03  6.4130225E-03   19.05474    
  9.1197686E-03  9.2466371E-03  7.5623514E-03   27.72362    
  9.2466371E-03  9.3752695E-03  6.5952563E-03   19.67098    
  9.3752695E-03  9.5056919E-03  7.6651634E-03   18.84108    
  9.5056919E-03  9.6379286E-03  4.2036679E-03   12.85627    
  9.6379286E-03  9.7720064E-03  6.7119878E-03   24.91562    
  9.7720064E-03  9.9079469E-03  4.9123550E-03   28.81654    
  9.9079469E-03  1.0045779E-02  6.7692092E-03   19.31090    
  1.0045779E-02  1.0185530E-02  8.0575235E-03   12.20872    
  1.0185530E-02  1.0327225E-02  5.5125258E-03   36.82620    
  1.0327225E-02  1.0470890E-02  9.3883732E-03   18.50824    
  1.0470890E-02  1.0616553E-02  6.2909122E-03   17.39156    
  1.0616553E-02  1.0764243E-02  4.9682283E-03   19.41841    
  1.0764243E-02  1.0913989E-02  6.8287025E-03   20.78417    
  1.0913989E-02  1.1065817E-02  5.0230389E-03   27.45276    
  1.1065817E-02  1.1219756E-02  6.0322057E-03   15.00566    
  1.1219756E-02  1.1375838E-02  1.1286476E-02   16.52284    
  1.1375838E-02  1.1534091E-02  5.2798786E-03   19.02267    
  1.1534091E-02  1.1694545E-02  1.0189452E-02   13.32425    
  1.1694545E-02  1.1857231E-02  6.1622518E-03   10.25815    
  1.1857231E-02  1.2022181E-02  5.0663650E-03   27.78761    
  1.2022181E-02  1.2189428E-02  6.1595947E-03   18.23797    
  1.2189428E-02  1.2358998E-02  6.8806158E-03   20.42225    
  1.2358998E-02  1.2530928E-02  5.3071915E-03   28.78347    
  1.2530928E-02  1.2705251E-02  7.6233554E-03   20.13283    
  1.2705251E-02  1.2881996E-02  6.6146958E-03   27.72057    
  1.2881996E-02  1.3061203E-02  1.0278466E-02   8.406391    
  1.3061203E-02  1.3242901E-02  3.7677495E-03   23.38692    
  1.3242901E-02  1.3427128E-02  7.5894059E-03   25.76929    
  1.3427128E-02  1.3613917E-02  5.6454237E-03   26.61962    
  1.3613917E-02  1.3803303E-02  5.5557787E-03   24.52930    
  1.3803303E-02  1.3995326E-02  6.9588842E-03   36.53836    
  1.3995326E-02  1.4190022E-02  7.5747566E-03   6.156241    
  1.4190022E-02  1.4387422E-02  7.4088406E-03   18.53147    
  1.4387422E-02  1.4587571E-02  8.0264797E-03   12.97793    
  1.4587571E-02  1.4790502E-02  3.8976541E-03   40.94143    
  1.4790502E-02  1.4996259E-02  6.2740436E-03   30.72628    
  1.4996259E-02  1.5204878E-02  3.9723949E-03   21.76057    
  1.5204878E-02  1.5416397E-02  6.1622430E-03   25.71809    
  1.5416397E-02  1.5630860E-02  1.1182472E-02   17.43848    
  1.5630860E-02  1.5848307E-02  4.8283371E-03   6.954157    
  1.5848307E-02  1.6068777E-02  4.9057491E-03   18.04495    
  1.6068777E-02  1.6292313E-02  7.6627661E-03   23.06731    
  1.6292313E-02  1.6518962E-02  4.5767045E-03   40.47179    
  1.6518962E-02  1.6748762E-02  6.4697349E-03   40.46798    
  1.6748762E-02  1.6981760E-02  3.9100307E-03   30.23090    
  1.6981760E-02  1.7217997E-02  4.9630245E-03   10.78234    
  1.7217997E-02  1.7457526E-02  1.1728255E-02   22.02326    
  1.7457526E-02  1.7700382E-02  5.9667602E-03   16.53321    
  1.7700382E-02  1.7946618E-02  5.9362059E-03   17.37969    
  1.7946618E-02  1.8196279E-02  5.3521772E-03   45.82323    
  1.8196279E-02  1.8449413E-02  4.8937737E-03   22.70972    
  1.8449413E-02  1.8706068E-02  5.8741733E-03   25.09911    
  1.8706068E-02  1.8966297E-02  5.1336000E-03   41.67183    
  1.8966297E-02  1.9230144E-02  5.9428560E-03   21.75008    
  1.9230144E-02  1.9497659E-02  9.6150367E-03   20.49839    
  1.9497659E-02  1.9768899E-02  7.1045239E-03   17.17537    
  1.9768899E-02  2.0043906E-02  5.3967633E-03   39.12170    
  2.0043906E-02  2.0322746E-02  5.3463117E-03   35.90328    
  2.0322746E-02  2.0605464E-02  5.9389952E-03   13.35199    
  2.0605464E-02  2.0892110E-02  6.6107474E-03   27.31318    
  2.0892110E-02  2.1182748E-02  3.5837332E-03   36.88255    
  2.1182748E-02  2.1477427E-02  4.6999361E-03   44.00233    
  2.1477427E-02  2.1776209E-02  8.4447740E-03   30.88275    
  2.1776209E-02  2.2079144E-02  7.5772163E-03   14.09721    
  2.2079144E-02  2.2386296E-02  3.7138548E-03   36.73492    
  2.2386296E-02  2.2697717E-02  5.2211788E-03   35.68041    
  2.2697717E-02  2.3013473E-02  7.3340051E-03   15.79172    
  2.3013473E-02  2.3333620E-02  9.4575752E-03   25.95806    
  2.3333620E-02  2.3658227E-02  6.3808607E-03   23.90574    
  2.3658227E-02  2.3987340E-02  7.6129739E-03   19.12646    
  2.3987340E-02  2.4321036E-02  7.0327502E-03   41.44882    
  2.4321036E-02  2.4659377E-02  7.6518748E-03   21.08509    
  2.4659377E-02  2.5002418E-02  4.1435366E-03   36.71642    
  2.5002418E-02  2.5350234E-02  7.3810676E-03   35.78631    
  2.5350234E-02  2.5702890E-02  4.9167513E-03   13.41757    
  2.5702890E-02  2.6060449E-02  8.6572571E-03   27.12577    
  2.6060449E-02  2.6422987E-02  7.3828022E-03   17.23181    
  2.6422987E-02  2.6790567E-02  5.8924463E-03   23.24476    
  2.6790567E-02  2.7163258E-02  5.5139395E-03   21.62251    
  2.7163258E-02  2.7541135E-02  5.8279433E-03   37.05976    
  2.7541135E-02  2.7924268E-02  2.8174517E-03   31.48183    
  2.7924268E-02  2.8312733E-02  6.9620400E-03   21.74308    
  2.8312733E-02  2.8706597E-02  1.0106731E-02   18.46717    
  2.8706597E-02  2.9105945E-02  7.5181113E-03   11.91411    
  2.9105945E-02  2.9510852E-02  4.0115174E-03   55.38488    
  2.9510852E-02  2.9921385E-02  5.6725983E-03   36.91651    
  2.9921385E-02  3.0337634E-02  3.5172068E-03   51.66281    
  3.0337634E-02  3.0759668E-02  4.1422835E-03   41.82013    
  3.0759668E-02  3.1187573E-02  8.2860636E-03   33.78154    
  3.1187573E-02  3.1621434E-02  7.4363123E-03   29.79097    
  3.1621434E-02  3.2061331E-02  8.5752206E-03   19.97629    
  3.2061331E-02  3.2507349E-02  4.8563150E-03   43.06786    
  3.2507349E-02  3.2959569E-02  5.2926517E-03   38.94812    
  3.2959569E-02  3.3418078E-02  4.8089144E-03   46.16511    
  3.3418078E-02  3.3882968E-02  3.9283396E-03   47.73784    
  3.3882968E-02  3.4354329E-02  5.1837191E-03   24.96990    
  3.4354329E-02  3.4832243E-02  6.2981900E-03   53.14330    
  3.4832243E-02  3.5316806E-02  4.2862836E-03   65.43676    
  3.5316806E-02  3.5808105E-02  8.2260510E-03   34.41159    
  3.5808105E-02  3.6306247E-02  2.2810614E-03   59.12546    
  3.6306247E-02  3.6811315E-02  2.9457633E-03   34.15331    
  3.6811315E-02  3.7323412E-02  4.3953825E-03   60.12178    
  3.7323412E-02  3.7842624E-02  4.8985006E-03   16.27427    
  3.7842624E-02  3.8369074E-02  4.7111074E-03   20.67702    
  3.8369074E-02  3.8902830E-02  6.3373372E-03   20.42462    
  3.8902830E-02  3.9444018E-02  4.4105519E-03   27.77130    
  3.9444018E-02  3.9992742E-02  4.7448110E-03   46.43739    
  3.9992742E-02  4.0549092E-02  3.1005996E-03   42.56158    
  4.0549092E-02  4.1113183E-02  3.4910215E-03   9.687031    
  4.1113183E-02  4.1685127E-02  4.1972194E-03   30.01834    
  4.1685127E-02  4.2265020E-02  7.0632882E-03   40.96167    
  4.2265020E-02  4.2852983E-02  4.2505325E-03   60.00691    
  4.2852983E-02  4.3449126E-02  9.1130286E-03   20.59384    
  4.3449126E-02  4.4053558E-02  6.2422720E-03   16.90013    
  4.4053558E-02  4.4666402E-02  7.0691528E-03   28.18129    
  4.4666402E-02  4.5287773E-02  4.1963607E-03   49.55183    
  4.5287773E-02  4.5917790E-02  2.6850426E-03   41.67559    
  4.5917790E-02  4.6556566E-02  2.7368860E-03   30.55302    
  4.6556566E-02  4.7204223E-02  5.1673437E-03   44.44979    
  4.7204223E-02  4.7860898E-02  7.2811861E-03   36.10906    
  4.7860898E-02  4.8526708E-02  3.3561962E-03   15.34636    
  4.8526708E-02  4.9201783E-02  1.1344404E-02   35.36476    
  4.9201783E-02  4.9886245E-02  2.6191752E-03   41.45959    
  4.9886245E-02  5.0580226E-02  4.1451943E-03   41.91014    
  5.0580226E-02  5.1283866E-02  3.7445535E-03   33.42762    
  5.1283866E-02  5.1997293E-02  8.1594726E-03   39.16717    
  5.1997293E-02  5.2720644E-02  2.3606909E-03   25.41644    
  5.2720644E-02  5.3454056E-02  4.6843356E-03   37.64872    
  5.3454056E-02  5.4197673E-02  4.5621092E-03   47.89015    
  5.4197673E-02  5.4951638E-02  4.6356213E-03   43.61134    
  5.4951638E-02  5.5716090E-02  2.4892038E-03   41.24463    
  5.5716090E-02  5.6491166E-02  4.5411265E-03   46.57477    
  5.6491166E-02  5.7277046E-02  4.4385022E-03   27.48269    
  5.7277046E-02  5.8073841E-02  2.4138012E-03   38.69535    
  5.8073841E-02  5.8881722E-02  1.9805767E-03   50.81765    
  5.8881722E-02  5.9700847E-02  2.6349449E-03   41.66579    
  5.9700847E-02  6.0531363E-02  2.1787095E-03   31.02798    
  6.0531363E-02  6.1373435E-02  5.0850511E-03   48.16917    
  6.1373435E-02  6.2227219E-02  4.9983095E-03   32.54252    
  6.2227219E-02  6.3092880E-02  2.8056551E-03   19.42355    
  6.3092880E-02  6.3970588E-02  4.0657502E-03   44.81398    
  6.3970588E-02  6.4860500E-02  3.8002585E-03   42.85541    
  6.4860500E-02  6.5762796E-02  1.8495508E-03   39.41496    
  6.5762796E-02  6.6677645E-02  5.7219057E-03   51.89880    
  6.6677645E-02  6.7605220E-02  2.7121312E-03   27.16942    
  6.7605220E-02  6.8545707E-02  1.9637691E-03   49.80859    
  6.8545707E-02  6.9499254E-02  4.5350157E-03   62.91748    
  6.9499254E-02  7.0466094E-02  3.2171598E-03   18.00860    
  7.0466094E-02  7.1446374E-02  3.5311475E-03   26.24467    
  7.1446374E-02  7.2440282E-02  3.8048425E-03   20.18326    
  7.2440282E-02  7.3448025E-02  4.4616875E-03   38.61467    
  7.3448025E-02  7.4469790E-02  5.3984947E-03   29.73105    
  7.4469790E-02  7.5505748E-02  4.8283762E-03   31.60192    
  7.5505748E-02  7.6556139E-02  1.1092356E-03   29.88522    
  7.6556139E-02  7.7621132E-02  2.8501523E-03   36.94960    
  7.7621132E-02  7.8700952E-02  2.7172561E-03   54.35402    
  7.8700952E-02  7.9795778E-02  3.0564708E-03   31.41808    
  7.9795778E-02  8.0905855E-02  2.9594675E-03   39.36407    
  8.0905855E-02  8.2031362E-02  2.4053720E-03   28.92104    
  8.2031362E-02  8.3172530E-02  3.4877216E-03   41.35962    
  8.3172530E-02  8.4329568E-02  3.3088638E-03   40.50792    
  8.4329568E-02  8.5502706E-02  3.1083324E-03   25.33584    
  8.5502706E-02  8.6692154E-02  3.2630963E-03   36.21996    
  8.6692154E-02  8.7898165E-02  2.5033564E-03   44.65387    
  8.7898165E-02  8.9120954E-02  8.3172246E-04   46.89988    
  8.9120954E-02  9.0360731E-02  2.0162330E-03   51.11879    
  9.0360731E-02  9.1617763E-02  2.3435515E-03   56.39724    
  9.1617763E-02  9.2892297E-02  1.5924526E-03   25.17137    
  9.2892297E-02  9.4184555E-02  3.1560445E-03   23.44633    
  9.4184555E-02  9.5494784E-02  1.6320322E-03   27.31599    
  9.5494784E-02  9.6823245E-02  2.6724408E-03   42.28466    
  9.6823245E-02  9.8170176E-02  2.4313794E-03   32.77943    
  9.8170176E-02  9.9535860E-02  3.4519820E-03   34.12025    
  9.9535860E-02  0.1009205      2.8374463E-03   35.31712    
  0.1009205      0.1023245      4.4954997E-03   23.84344    
  0.1023245      0.1037479      9.5241831E-04   49.07326    
  0.1037479      0.1051912      2.3767119E-03   29.72132    
  0.1051912      0.1066546      2.0294830E-03   51.54113    
  0.1066546      0.1081383      1.1015689E-03   26.93538    
  0.1081383      0.1096426      2.0625612E-03   38.61504    
  0.1096426      0.1111679      8.2833017E-04   41.41166    
  0.1111679      0.1127144      1.9654317E-03   26.83532    
  0.1127144      0.1142824      1.7469825E-03   18.91161    
  0.1142824      0.1158722      2.1212536E-03   22.42670    
  0.1158722      0.1174841      2.0423853E-03   37.33194    
  0.1174841      0.1191185      1.5054320E-03   14.65277    
  0.1191185      0.1207756      2.0118444E-03   44.77076    
  0.1207756      0.1224558      1.7560495E-03   38.05776    
  0.1224558      0.1241593      1.3540054E-03   37.67450    
  0.1241593      0.1258865      3.0017910E-03   24.46466    
  0.1258865      0.1276377      3.7914750E-03   45.46773    
  0.1276377      0.1294134      2.4767977E-03   20.16742    
  0.1294134      0.1312137      1.4352525E-03   35.75488    
  0.1312137      0.1330390      8.9837209E-04   27.20686    
  0.1330390      0.1348898      1.7160857E-03   38.23186    
  0.1348898      0.1367663      2.2328482E-03   19.80190    
  0.1367663      0.1386689      1.2860972E-03   36.81369    
  0.1386689      0.1405979      1.3878321E-03   30.60890    
  0.1405979      0.1425538      9.7808626E-04   50.81234    
  0.1425538      0.1445370      8.6761790E-04   49.75980    
  0.1445370      0.1465477      1.2497414E-03   47.37546    
  0.1465477      0.1485863      2.6845769E-03   27.67821    
  0.1485863      0.1506534      2.6382350E-03   31.79449    
  0.1506534      0.1527491      2.2994743E-03   20.65926    
  0.1527491      0.1548741      1.2989591E-03   21.52222    
  0.1548741      0.1570286      2.3283404E-03   23.97078    
  0.1570286      0.1592131      8.9449889E-04   33.60875    
  0.1592131      0.1614279      1.3167162E-03   41.13337    
  0.1614279      0.1636736      7.6928112E-04   44.91127    
  0.1636736      0.1659506      1.5323105E-03   37.75408    
  0.1659506      0.1682591      9.5523696E-04   65.58141    
  0.1682591      0.1705998      1.0917914E-03   49.99549    
  0.1705998      0.1729731      1.1217602E-03   30.98175    
  0.1729731      0.1753794      8.7657361E-04   36.64088    
  0.1753794      0.1778192      9.9883357E-04   35.20810    
  0.1778192      0.1802928      1.9705775E-03   35.35786    
  0.1802928      0.1828009      2.0724484E-03   21.38928    
  0.1828009      0.1853440      1.1948599E-03   21.18581    
  0.1853440      0.1879223      1.3015509E-03   49.64658    
  0.1879223      0.1905366      5.1322888E-04   60.90199    
  0.1905366      0.1931872      8.8605122E-04   21.41432    
  0.1931872      0.1958747      1.1977210E-03   32.12765    
  0.1958747      0.1985996      1.3129881E-03   68.73300    
  0.1985996      0.2013624      8.4943359E-04   28.14592    
  0.2013624      0.2041636      9.5055811E-04   29.00983    
  0.2041636      0.2070038      8.2207512E-04   29.63755    
  0.2070038      0.2098835      4.9522187E-04   69.08882    
  0.2098835      0.2128032      5.7623553E-04   39.30444    
  0.2128032      0.2157636      6.1497424E-04   32.18771    
  0.2157636      0.2187652      8.0313685E-04   43.52520    
  0.2187652      0.2218084      3.8772641E-04   49.11431    
  0.2218084      0.2248941      6.1664160E-04   51.24828    
  0.2248941      0.2280227      2.6614999E-04   33.33081    
  0.2280227      0.2311948      8.2248991E-04   41.37730    
  0.2311948      0.2344110      3.2710232E-04   63.51920    
  0.2344110      0.2376720      9.4378926E-04   44.69932    
  0.2376720      0.2409783      6.4543419E-04   53.64141    
  0.2409783      0.2443307      6.7523954E-04   28.41740    
  0.2443307      0.2477296      1.1106292E-03   32.84851    
  0.2477296      0.2511759      6.7638891E-04   20.14873    
  0.2511759      0.2546701      4.5635304E-04   23.15723    
  0.2546701      0.2582128      3.7969480E-04   49.93211    
  0.2582128      0.2618049      3.6181218E-04   44.19495    
  0.2618049      0.2654470      2.2237487E-04   63.01625    
  0.2654470      0.2691397      3.5385854E-04   38.17724    
  0.2691397      0.2728838      1.2344971E-03   42.45010    
  0.2728838      0.2766800      3.7540126E-04   49.32769    
  0.2766800      0.2805290      7.2763523E-04   42.10860    
  0.2805290      0.2844315      4.8461300E-04   48.20262    
  0.2844315      0.2883883      4.9522805E-05   62.57875    
  0.2883883      0.2924002      5.0582865E-04   41.10074    
  0.2924002      0.2964678      1.8367014E-04   70.20065    
  0.2964678      0.3005921      2.7837025E-04   55.22635    
  0.3005921      0.3047737      3.3248385E-04   33.80733    
  0.3047737      0.3090136      3.9642790E-04   21.04938    
  0.3090136      0.3133124      2.5764585E-04   69.44334    
  0.3133124      0.3176709      3.3698796E-04   46.40805    
  0.3176709      0.3220901      5.2532088E-04   44.77749    
  0.3220901      0.3265709      3.3854283E-04   76.89500    
  0.3265709      0.3311139      4.1642488E-04   31.51972    
  0.3311139      0.3357202      4.4220543E-04   58.50807    
  0.3357202      0.3403905      3.3355836E-04   44.64054    
  0.3403905      0.3451257      5.7809136E-04   30.43117    
  0.3451257      0.3499269      3.7754708E-04   46.36785    
  0.3499269      0.3547948      1.7465967E-04   65.77470    
  0.3547948      0.3597305      5.6300801E-04   45.71198    
  0.3597305      0.3647348      1.0643138E-04   62.03411    
  0.3647348      0.3698088      3.3498602E-04   30.22416    
  0.3698088      0.3749533      2.5952543E-04   43.20960    
  0.3749533      0.3801694      6.6899658E-05   72.51444    
  0.3801694      0.3854581      1.3497591E-04   66.74344    
  0.3854581      0.3908203      2.9930062E-04   31.63101    
  0.3908203      0.3962571      1.7067262E-04   49.88390    
  0.3962571      0.4017696      3.9255587E-04   29.39867    
  0.4017696      0.4073587      1.3049431E-04   68.70917    
  0.4073587      0.4130256      3.5689241E-04   40.59279    
  0.4130256      0.4187714      1.6546939E-04   40.69258    
  0.4187714      0.4245970      6.3973467E-04   39.78295    
  0.4245970      0.4305038      1.4829701E-04   38.94320    
  0.4305038      0.4364927      4.2603808E-04   48.09549    
  0.4364927      0.4425648      1.2759437E-04   71.33395    
  0.4425648      0.4487215      3.2934771E-04   47.97482    
  0.4487215      0.4549638      2.4534384E-04   41.86705    
  0.4549638      0.4612930       0.000000       0.000000    
  0.4612930      0.4677102      2.7882829E-04   17.72371    
  0.4677102      0.4742166      2.5919679E-04   42.86092    
  0.4742166      0.4808136      4.9964868E-04   34.92996    
  0.4808136      0.4875024      2.2919275E-04   30.20828    
  0.4875024      0.4942842      2.5513730E-04   56.01932    
  0.4942842      0.5011603      4.4529993E-04   26.43858    
  0.5011603      0.5081321      2.7777103E-04   43.51921    
  0.5081321      0.5152009      1.7590863E-04   62.46303    
  0.5152009      0.5223681      2.8225119E-04   27.46872    
  0.5223681      0.5296349      2.4797081E-04   45.97965    
  0.5296349      0.5370028      2.2808532E-04   29.43577    
  0.5370028      0.5444732      1.9188283E-04   28.40738    
  0.5444732      0.5520476      1.1622324E-04   43.26768    
  0.5520476      0.5597273      1.0997634E-04   45.66637    
  0.5597273      0.5675138      2.7869083E-04   41.46663    
  0.5675138      0.5754088      1.7222064E-04   28.74855    
  0.5754088      0.5834134      1.7878607E-04   33.35575    
  0.5834134      0.5915294      2.4298939E-04   8.720018    
  0.5915294      0.5997584      2.1819938E-04   26.99926    
  0.5997584      0.6081018      3.6109093E-04   25.05636    
  0.6081018      0.6165614      1.1241354E-04   43.83395    
  0.6165614      0.6251386      1.8329814E-04   41.24936    
  0.6251386      0.6338350      1.8664898E-04   45.80938    
  0.6338350      0.6426525      6.1206680E-05   51.85744    
  0.6426525      0.6515927      1.9585759E-04   32.22266    
  0.6515927      0.6606573      1.6747537E-04   21.36832    
  0.6606573      0.6698478      1.8054800E-04   20.21936    
  0.6698478      0.6791664      2.9004243E-04   33.40474    
  0.6791664      0.6886144      2.5809000E-04   31.62084    
  0.6886144      0.6981939      2.2843188E-04   37.11166    
  0.6981939      0.7079068      1.8896117E-04   27.83530    
  0.7079068      0.7177547      2.4931430E-04   31.86707    
  0.7177547      0.7277396      1.6069051E-04   31.10368    
  0.7277396      0.7378634      6.4189160E-05   46.75736    
  0.7378634      0.7481281      2.4378829E-04   33.37346    
  0.7481281      0.7585356      1.8841359E-04   35.99866    
  0.7585356      0.7690878      1.8833400E-04   32.81221    
  0.7690878      0.7797868      1.4180088E-04   58.96092    
  0.7797868      0.7906347      4.5636913E-05   51.65334    
  0.7906347      0.8016334      2.5593425E-04   28.02661    
  0.8016334      0.8127854      2.0526790E-04   12.12734    
  0.8127854      0.8240922      3.3525770E-04   43.99459    
  0.8240922      0.8355564      3.6193497E-04   24.78389    
  0.8355564      0.8471802      2.8664214E-04   37.23833    
  0.8471802      0.8589655      2.9471511E-04   37.75703    
  0.8589655      0.8709149      4.4950013E-04   14.05135    
  0.8709149      0.8830304      3.8965445E-04   19.63471    
  0.8830304      0.8953145      2.8734806E-04   29.93609    
  0.8953145      0.9077696      4.1065033E-04   13.39973    
  0.9077696      0.9203978      3.4799561E-04   20.25484    
  0.9203978      0.9332017      4.8943475E-04   24.31646    
  0.9332017      0.9461839      5.7350466E-04   19.96664    
  0.9461839      0.9593465      7.9096452E-04   14.70971    
  0.9593465      0.9726924      5.2863266E-04   15.54322    
  0.9726924      0.9862237      5.8030704E-04   18.26224    
  0.9862237      0.9999434       14.53758      4.5492770E-03
