  **** 12_nat ****


  Total primaries run:          500000

    Total weight of the primaries run:   500000.000    


  Detector n:            1   NFLUX1    
     (Volume:          1.00000000      cmc,
      distr. scored:           8    ,
      from reg.           1  )

     Tot. response (p/cmq/pr)   17.01958      +/-  0.3021505     %
     ( --> Track l. (cm/pr)       17.01958      +/-  0.3021505     % )

  **** Different. Fluxes as a function of energy **** ****      (integrated over solid angle)        ****


  Energy boundaries (GeV):


  Lowest boundary   (GeV):  2.0000000E-02

  Flux (Part/GeV/cmq/pr):



  Energy boundaries (GeV):

  2.0000000E-02  1.9640300E-02  1.9155400E-02  1.8682500E-02  1.8221200E-02
  1.7771300E-02  1.7332500E-02  1.6904600E-02  1.6487200E-02  1.6080100E-02
  1.5683100E-02  1.5295900E-02  1.4918300E-02  1.4549900E-02  1.4190700E-02
  1.3840300E-02  1.3498600E-02  1.3165300E-02  1.2840200E-02  1.2523200E-02
  1.2214000E-02  1.1912500E-02  1.1618300E-02  1.1331500E-02  1.1051700E-02
  1.0778800E-02  1.0512700E-02  1.0253200E-02  9.9999998E-03  9.7530996E-03
  9.5122904E-03  9.2774397E-03  9.0483697E-03  8.8249696E-03  8.6070802E-03
  8.3945701E-03  8.1873098E-03  7.9851598E-03  7.7880099E-03  7.5957198E-03
  7.4081798E-03  7.2252699E-03  7.0468802E-03  6.8728901E-03  6.7031998E-03
  6.6475999E-03  6.5923799E-03  6.5377001E-03  6.3762800E-03  6.2188501E-03
  6.0653100E-03  5.9155500E-03  5.7695000E-03  5.4881200E-03  5.2204598E-03
  4.9658502E-03  4.8432499E-03  4.7236700E-03  4.6070400E-03  4.4932901E-03
  4.2741499E-03  4.0656999E-03  3.8674099E-03  3.6787901E-03  3.4993801E-03
  3.3287101E-03  3.2465300E-03  3.1663701E-03  3.0881900E-03  3.0119400E-03
  2.8650500E-03  2.7253199E-03  2.5923999E-03  2.4659701E-03  2.4251300E-03
  2.3852000E-03  2.3652499E-03  2.3457000E-03  2.3068599E-03  2.2688799E-03
  2.2313001E-03  2.1224800E-03  2.0189700E-03  1.9691200E-03  1.9205000E-03
  1.8730800E-03  1.8268300E-03  1.7377400E-03  1.6529900E-03  1.6121800E-03
  1.5723699E-03  1.5335500E-03  1.4956900E-03  1.4227401E-03  1.3533500E-03
  1.2873500E-03  1.2245600E-03  1.1943300E-03  1.1648400E-03  1.1080300E-03
  1.0539900E-03  1.0025901E-03  9.7783399E-04  9.6163998E-04  9.5369201E-04
  9.0717903E-04  8.6293602E-04  8.2085002E-04  7.8081700E-04  7.4273598E-04
  7.0651202E-04  6.7205500E-04  6.3927902E-04  6.0810102E-04  5.7844300E-04
  5.5023201E-04  5.3664698E-04  5.2339700E-04  5.1047403E-04  4.9787102E-04
  4.7358900E-04  4.5049199E-04  4.2852099E-04  4.0762199E-04  3.8774201E-04
  3.6883200E-04  3.5084400E-04  3.3373301E-04  3.1745600E-04  3.0961799E-04
  3.0197401E-04  2.9451799E-04  2.8724599E-04  2.8015400E-04  2.7323700E-04
  2.5991100E-04  2.4723500E-04  2.3517800E-04  2.2370800E-04  2.1279699E-04
  2.0241900E-04  1.9254700E-04  1.8315599E-04  1.7422400E-04  1.6992200E-04
  1.6572700E-04  1.6163501E-04  1.5764400E-04  1.4995600E-04  1.4264201E-04
  1.3568600E-04  1.2906799E-04  1.2277300E-04  1.1678600E-04  1.1109000E-04
  9.8036500E-05  8.6516899E-05  7.6350902E-05  6.7379500E-05  6.2510902E-05
  5.9462200E-05  5.6562199E-05  5.2475199E-05  4.6309200E-05  4.0867701E-05
  3.6065601E-05  3.5175199E-05  3.4306700E-05  3.1827800E-05  2.8087899E-05
  2.6058400E-05  2.4787500E-05  2.4175501E-05  2.3578599E-05  2.1874899E-05
  2.1334799E-05  1.9304500E-05  1.7036200E-05  1.5034400E-05  1.3267800E-05
  1.1708800E-05  1.0333000E-05  9.1188203E-06  8.0473301E-06  7.1017398E-06
  6.2672698E-06  5.5308401E-06  5.0045101E-06  4.5282700E-06  4.3074201E-06
  4.0973500E-06  3.7074401E-06  3.3546301E-06  3.0353899E-06  2.8634900E-06
  2.7465401E-06  2.6125899E-06  2.4851699E-06  2.2486699E-06  2.0346799E-06
  1.8410600E-06  1.6658601E-06  1.5846100E-06  1.5073300E-06  1.3638900E-06
  1.2341000E-06  9.6111603E-07  7.4851800E-07  5.8294700E-07  4.5399901E-07
  3.5357499E-07  2.7536399E-07  2.1445400E-07  1.6701701E-07  1.3007300E-07
  1.0130100E-07  7.8893301E-08  6.1442101E-08  4.7851199E-08  3.7266499E-08
  2.9023200E-08  2.2603301E-08  1.7603501E-08  1.3709600E-08  1.0677000E-08
  8.3152898E-09  6.4759500E-09  5.0434799E-09  3.9278598E-09  3.0590199E-09
  2.3823701E-09  1.8553900E-09  1.4449800E-09  1.1253500E-09  8.7642499E-10
  8.3368101E-10  6.8256001E-10  6.2506200E-10  5.3157900E-10  4.1399401E-10
  2.8261499E-10  1.9292901E-10  1.3170399E-10  8.9908601E-11  6.1376598E-11
  4.1899099E-11  2.8602700E-11  1.9525799E-11  1.3329400E-11  9.0993801E-12
  6.2117499E-12  4.2404799E-12  2.8947901E-12  1.9761499E-12  1.3490300E-12
  9.2092198E-13  6.2867300E-13  4.2916701E-13  2.9297300E-13  2.0000000E-13
  Lowest boundary   (GeV):  1.0000100E-14

  Flux (Part/GeV/cmq/pr):

   0.000000     +/-    0.000000     %    0.000000     +/-    0.000000     % 
   0.000000     +/-    0.000000     %    0.000000     +/-    0.000000     % 
   0.000000     +/-    0.000000     %    0.000000     +/-    0.000000     % 
   0.000000     +/-    0.000000     %    0.000000     +/-    0.000000     % 
   0.000000     +/-    0.000000     %    0.000000     +/-    0.000000     % 
   0.000000     +/-    0.000000     %    0.000000     +/-    0.000000     % 
   0.000000     +/-    0.000000     %    0.000000     +/-    0.000000     % 
   19162.04     +/-   7.3498815E-02 %    799.5215     +/-   0.5895908     % 
   258.2240     +/-   0.6529418     %    295.6588     +/-    1.951307     % 
   361.5023     +/-   0.5901136     %    368.5402     +/-   0.9209109     % 
   315.7443     +/-    2.017775     %    224.0639     +/-    1.326526     % 
   175.8468     +/-    1.435460     %    240.7236     +/-    1.369307     % 
   284.9741     +/-    1.057296     %    146.7140     +/-    2.296256     % 
   132.1673     +/-    1.889392     %    128.4904     +/-    1.124810     % 
   134.1948     +/-    1.905271     %    140.8520     +/-    1.261186     % 
   135.4077     +/-   0.4494814     %    135.4235     +/-    1.024223     % 
   142.1604     +/-    1.887159     %    138.4076     +/-    1.115378     % 
   134.2075     +/-    3.477019     %    134.3392     +/-    3.104882     % 
   136.4874     +/-    2.462945     %    162.7298     +/-   0.8029924     % 
   192.0897     +/-    1.907287     %    193.5752     +/-    1.406881     % 
   178.1929     +/-    2.207039     %    183.8916     +/-    2.108475     % 
   205.3811     +/-    2.347562     %    227.5346     +/-   0.7772682     % 
   233.3618     +/-    2.740838     %    240.1144     +/-    3.556797     % 
   241.2777     +/-    2.522339     %    244.6201     +/-    1.716502     % 
   241.9881     +/-   0.8279221     %    250.0299     +/-    3.243216     % 
   239.6606     +/-    1.282726     %    251.7469     +/-    1.695852     % 
   253.4954     +/-   0.9975553     %    238.8817     +/-    2.025665     % 
   246.8733     +/-    1.519039     %    263.3687     +/-    1.312129     % 
   259.7768     +/-    1.309398     %    247.0551     +/-    3.388535     % 
   230.6151     +/-    1.118771     %    223.1048     +/-    1.660026     % 
   261.8354     +/-    1.920376     %    256.8221     +/-   0.9148970     % 
   251.0501     +/-   0.8788314     %    271.1611     +/-    1.667548     % 
   278.7453     +/-   0.8867087     %    303.7116     +/-    1.805001     % 
   313.5677     +/-    2.052016     %    329.3146     +/-    2.564565     % 
   319.6451     +/-    2.062150     %    322.9677     +/-    1.740630     % 
   349.1573     +/-   0.8416878     %    401.0321     +/-    1.929606     % 
   400.5338     +/-    1.797985     %    399.0909     +/-    3.883194     % 
   383.1602     +/-    3.186590     %    424.0967     +/-    3.877249     % 
   440.8626     +/-    1.997429     %    389.5169     +/-    1.461014     % 
   412.3109     +/-    1.855858     %    387.0379     +/-    3.586577     % 
   385.3009     +/-    1.646917     %    375.6290     +/-    1.776998     % 
   369.4687     +/-    3.965450     %    373.6003     +/-    2.730318     % 
   366.5520     +/-    2.111585     %    368.1874     +/-    1.448491     % 
   438.0849     +/-    1.479126     %    428.6087     +/-    1.742375     % 
   414.3137     +/-   0.7715748     %    456.1256     +/-    1.294227     % 
   453.1664     +/-   0.7983130     %    465.0632     +/-    1.628230     % 
   470.6447     +/-    2.426579     %    459.0922     +/-    1.315942     % 
   407.7875     +/-    1.478911     %    472.9174     +/-    2.081466     % 
   473.4062     +/-    3.326596     %    462.0724     +/-   0.7610061     % 
   454.7089     +/-    2.801461     %    427.3321     +/-    1.849885     % 
   414.3801     +/-    1.292511     %    412.2048     +/-   0.9510004     % 
   438.4467     +/-    1.995262     %    435.3286     +/-    2.685923     % 
   489.5165     +/-    2.300042     %    533.3215     +/-    1.680696     % 
   592.0715     +/-    1.688465     %    656.6503     +/-    1.823200     % 
   624.5371     +/-    2.385475     %    617.5045     +/-    1.877921     % 
   603.3782     +/-   0.8480351     %    620.0494     +/-    2.728489     % 
   636.9577     +/-    2.123709     %    618.8701     +/-    2.124016     % 
   655.6544     +/-    2.867826     %    637.4983     +/-    2.476316     % 
   651.5965     +/-    2.941053     %    672.2215     +/-    3.007281     % 
   668.8698     +/-    1.942330     %    646.6317     +/-    2.283304     % 
   599.4388     +/-    2.715235     %    527.5433     +/-    2.071778     % 
   633.1600     +/-    3.109760     %    724.0817     +/-    1.252158     % 
   736.1301     +/-    2.712602     %    807.2626     +/-    2.874223     % 
   871.7219     +/-    1.647503     %    878.6634     +/-    2.029297     % 
   893.7246     +/-    2.778755     %    883.9851     +/-    4.883101     % 
   928.5765     +/-    1.829486     %    931.5142     +/-    2.049463     % 
   934.1851     +/-    4.201505     %    883.8840     +/-    1.701127     % 
   922.9235     +/-    2.439728     %    930.8398     +/-    1.274204     % 
   934.0173     +/-    1.601635     %    955.0547     +/-    1.062911     % 
   987.5809     +/-    2.191251     %    1014.183     +/-    1.183577     % 
   1041.713     +/-    1.528281     %    1094.858     +/-    1.556802     % 
   1097.394     +/-    2.713776     %    1129.255     +/-    3.496555     % 
   1175.609     +/-    2.014541     %    1192.979     +/-    1.923085     % 
   1200.237     +/-    1.606785     %    1219.949     +/-    1.616836     % 
   1260.320     +/-    1.249263     %    1242.401     +/-    1.038223     % 
   1346.241     +/-    2.369662     %    1305.186     +/-    1.352873     % 
   1375.162     +/-    2.479239     %    1472.736     +/-    2.169979     % 
   1546.982     +/-   0.3661643     %    1668.264     +/-    2.145853     % 
   1836.365     +/-    1.083513     %    1982.256     +/-    1.712455     % 
   2170.613     +/-    2.909133     %    2106.690     +/-    1.883369     % 
   2241.018     +/-    1.577747     %    2391.857     +/-    1.946337     % 
   2581.299     +/-    1.179634     %    2814.339     +/-    1.145370     % 
   3042.427     +/-    1.755960     %    3438.755     +/-    3.630742     % 
   3301.190     +/-    2.336385     %    3516.953     +/-    1.661120     % 
   3932.653     +/-    2.085517     %    4194.384     +/-    1.520266     % 
   4468.354     +/-    2.682330     %    4417.058     +/-    2.289986     % 
   4777.292     +/-    2.295982     %    4783.679     +/-    1.335240     % 
   5005.617     +/-    3.398964     %    5453.492     +/-    1.027708     % 
   6019.848     +/-   0.9825531     %    6635.152     +/-    2.807568     % 
   7347.276     +/-    1.741540     %    8347.373     +/-    1.536905     % 
   9341.366     +/-   0.9745039     %    10467.84     +/-    2.082765     % 
   11859.87     +/-    1.786407     %    13055.67     +/-    1.367580     % 
   14576.73     +/-    1.302330     %    16376.48     +/-    2.203010     % 
   19012.05     +/-    1.027582     %    20454.48     +/-    1.830226     % 
   22186.44     +/-    2.597846     %    22613.03     +/-   0.7089560     % 
   24226.71     +/-    2.878217     %    27111.24     +/-    1.660205     % 
   30220.71     +/-    2.475998     %    33581.34     +/-    1.799089     % 
   34491.31     +/-    2.063952     %    36600.13     +/-    3.401601     % 
   37822.80     +/-    3.181145     %    40749.56     +/-    1.062985     % 
   43678.50     +/-    1.952480     %    47175.68     +/-    1.499378     % 
   52252.58     +/-    1.641628     %    58873.14     +/-    2.639474     % 
   62751.17     +/-    1.372496     %    63986.73     +/-    2.517287     % 
   70977.68     +/-    1.453253     %    84286.42     +/-    2.347593     % 
   109645.8     +/-    1.967007     %    137873.0     +/-   0.7952278     % 
   178421.7     +/-    1.267356     %    224616.0     +/-   0.2914363     % 
   288487.4     +/-   0.9675010     %    371178.2     +/-   0.9946389     % 
   473612.2     +/-    1.251551     %    608299.6     +/-    1.594317     % 
   774536.3     +/-   0.7967355     %    1009389.     +/-   0.9194542     % 
   1278485.     +/-   0.2653919     %    1639490.     +/-    1.091685     % 
   2082239.     +/-    1.288410     %    2701500.     +/-   0.9950055     % 
   3449467.     +/-   0.6761165     %    4374858.     +/-   0.6989818     % 
   5656570.     +/-    1.166255     %    7292972.     +/-    1.708153     % 
   9228242.     +/-    1.749389     %   1.1899407E+07 +/-    1.902732     % 
  1.5018036E+07 +/-    1.416195     %   1.9017406E+07 +/-   0.9416029     % 
  2.4816044E+07 +/-    1.777453     %   3.2117726E+07 +/-    1.611440     % 
  4.0827884E+07 +/-    1.085066     %   5.4431320E+07 +/-    1.794776     % 
  7.0897712E+07 +/-    1.413144     %   9.3380840E+07 +/-   0.8274147     % 
  1.0484016E+08 +/-    1.143027     %   1.2764125E+08 +/-    1.158987     % 
  1.4990611E+08 +/-   0.9720941     %   1.7270995E+08 +/-    1.718135     % 
  2.1391222E+08 +/-   0.7410394     %   3.2263965E+08 +/-    1.049736     % 
  7.8268211E+08 +/-   0.9079571     %   3.2799030E+09 +/-   0.9766017     % 
  1.2140429E+10 +/-   0.6238165     %   3.0202681E+10 +/-   0.7930757     % 
  5.1228049E+10 +/-   0.8242441     %   6.5500508E+10 +/-   0.8136343     % 
  6.8706566E+10 +/-   0.9005092     %   6.2986904E+10 +/-   0.8535173     % 
  5.2487459E+10 +/-    1.027508     %   4.0823034E+10 +/-   0.9401523     % 
  3.0830068E+10 +/-   0.8008988     %   2.2450536E+10 +/-   0.5649678     % 
  1.5979263E+10 +/-   0.8966978     %   1.1367413E+10 +/-   0.9758309     % 
  7.8040525E+09 +/-    1.010547     %   5.3975183E+09 +/-    1.868554     % 
  3.7157665E+09 +/-    3.411235     %   2.5169260E+09 +/-    4.149538     % 
  1.8798254E+09 +/-    3.396571     %   7.4873286E+08 +/-    1.989723     % 


  **** Cumulative Fluxes as a function of energy **** ****      (integrated over solid angle)        ****


  Energy boundaries (GeV):



  Lowest boundary   (GeV):  2.0000000E-02

  Cumul. Flux (Part/cmq/pr):



  Energy boundaries (GeV):

  2.0000000E-02  1.9640300E-02  1.9155400E-02  1.8682500E-02  1.8221200E-02
  1.7771300E-02  1.7332500E-02  1.6904600E-02  1.6487200E-02  1.6080100E-02
  1.5683100E-02  1.5295900E-02  1.4918300E-02  1.4549900E-02  1.4190700E-02
  1.3840300E-02  1.3498600E-02  1.3165300E-02  1.2840200E-02  1.2523200E-02
  1.2214000E-02  1.1912500E-02  1.1618300E-02  1.1331500E-02  1.1051700E-02
  1.0778800E-02  1.0512700E-02  1.0253200E-02  9.9999998E-03  9.7530996E-03
  9.5122904E-03  9.2774397E-03  9.0483697E-03  8.8249696E-03  8.6070802E-03
  8.3945701E-03  8.1873098E-03  7.9851598E-03  7.7880099E-03  7.5957198E-03
  7.4081798E-03  7.2252699E-03  7.0468802E-03  6.8728901E-03  6.7031998E-03
  6.6475999E-03  6.5923799E-03  6.5377001E-03  6.3762800E-03  6.2188501E-03
  6.0653100E-03  5.9155500E-03  5.7695000E-03  5.4881200E-03  5.2204598E-03
  4.9658502E-03  4.8432499E-03  4.7236700E-03  4.6070400E-03  4.4932901E-03
  4.2741499E-03  4.0656999E-03  3.8674099E-03  3.6787901E-03  3.4993801E-03
  3.3287101E-03  3.2465300E-03  3.1663701E-03  3.0881900E-03  3.0119400E-03
  2.8650500E-03  2.7253199E-03  2.5923999E-03  2.4659701E-03  2.4251300E-03
  2.3852000E-03  2.3652499E-03  2.3457000E-03  2.3068599E-03  2.2688799E-03
  2.2313001E-03  2.1224800E-03  2.0189700E-03  1.9691200E-03  1.9205000E-03
  1.8730800E-03  1.8268300E-03  1.7377400E-03  1.6529900E-03  1.6121800E-03
  1.5723699E-03  1.5335500E-03  1.4956900E-03  1.4227401E-03  1.3533500E-03
  1.2873500E-03  1.2245600E-03  1.1943300E-03  1.1648400E-03  1.1080300E-03
  1.0539900E-03  1.0025901E-03  9.7783399E-04  9.6163998E-04  9.5369201E-04
  9.0717903E-04  8.6293602E-04  8.2085002E-04  7.8081700E-04  7.4273598E-04
  7.0651202E-04  6.7205500E-04  6.3927902E-04  6.0810102E-04  5.7844300E-04
  5.5023201E-04  5.3664698E-04  5.2339700E-04  5.1047403E-04  4.9787102E-04
  4.7358900E-04  4.5049199E-04  4.2852099E-04  4.0762199E-04  3.8774201E-04
  3.6883200E-04  3.5084400E-04  3.3373301E-04  3.1745600E-04  3.0961799E-04
  3.0197401E-04  2.9451799E-04  2.8724599E-04  2.8015400E-04  2.7323700E-04
  2.5991100E-04  2.4723500E-04  2.3517800E-04  2.2370800E-04  2.1279699E-04
  2.0241900E-04  1.9254700E-04  1.8315599E-04  1.7422400E-04  1.6992200E-04
  1.6572700E-04  1.6163501E-04  1.5764400E-04  1.4995600E-04  1.4264201E-04
  1.3568600E-04  1.2906799E-04  1.2277300E-04  1.1678600E-04  1.1109000E-04
  9.8036500E-05  8.6516899E-05  7.6350902E-05  6.7379500E-05  6.2510902E-05
  5.9462200E-05  5.6562199E-05  5.2475199E-05  4.6309200E-05  4.0867701E-05
  3.6065601E-05  3.5175199E-05  3.4306700E-05  3.1827800E-05  2.8087899E-05
  2.6058400E-05  2.4787500E-05  2.4175501E-05  2.3578599E-05  2.1874899E-05
  2.1334799E-05  1.9304500E-05  1.7036200E-05  1.5034400E-05  1.3267800E-05
  1.1708800E-05  1.0333000E-05  9.1188203E-06  8.0473301E-06  7.1017398E-06
  6.2672698E-06  5.5308401E-06  5.0045101E-06  4.5282700E-06  4.3074201E-06
  4.0973500E-06  3.7074401E-06  3.3546301E-06  3.0353899E-06  2.8634900E-06
  2.7465401E-06  2.6125899E-06  2.4851699E-06  2.2486699E-06  2.0346799E-06
  1.8410600E-06  1.6658601E-06  1.5846100E-06  1.5073300E-06  1.3638900E-06
  1.2341000E-06  9.6111603E-07  7.4851800E-07  5.8294700E-07  4.5399901E-07
  3.5357499E-07  2.7536399E-07  2.1445400E-07  1.6701701E-07  1.3007300E-07
  1.0130100E-07  7.8893301E-08  6.1442101E-08  4.7851199E-08  3.7266499E-08
  2.9023200E-08  2.2603301E-08  1.7603501E-08  1.3709600E-08  1.0677000E-08
  8.3152898E-09  6.4759500E-09  5.0434799E-09  3.9278598E-09  3.0590199E-09
  2.3823701E-09  1.8553900E-09  1.4449800E-09  1.1253500E-09  8.7642499E-10
  8.3368101E-10  6.8256001E-10  6.2506200E-10  5.3157900E-10  4.1399401E-10
  2.8261499E-10  1.9292901E-10  1.3170399E-10  8.9908601E-11  6.1376598E-11
  4.1899099E-11  2.8602700E-11  1.9525799E-11  1.3329400E-11  9.0993801E-12
  6.2117499E-12  4.2404799E-12  2.8947901E-12  1.9761499E-12  1.3490300E-12
  9.2092198E-13  6.2867300E-13  4.2916701E-13  2.9297300E-13  2.0000000E-13
  Lowest boundary   (GeV):  1.0000100E-14


  Cumul. Flux (Part/cmq/pr):

   0.000000     +/-    0.000000     %    0.000000     +/-    0.000000     % 
   0.000000     +/-    0.000000     %    0.000000     +/-    0.000000     % 
   0.000000     +/-    0.000000     %    0.000000     +/-    0.000000     % 
   0.000000     +/-    0.000000     %    0.000000     +/-    0.000000     % 
   0.000000     +/-    0.000000     %    0.000000     +/-    0.000000     % 
   0.000000     +/-    0.000000     %    0.000000     +/-    0.000000     % 
   0.000000     +/-    0.000000     %    0.000000     +/-    0.000000     % 
   6.714376     +/-   7.3498815E-02 %    6.987573     +/-   8.1764609E-02 % 
   7.073639     +/-   7.8280307E-02 %    7.169758     +/-   9.3997680E-02 % 
   7.284354     +/-   9.9242188E-02 %    7.398307     +/-   9.8911293E-02 % 
   7.493504     +/-   0.1008706     %    7.559423     +/-   8.9158043E-02 % 
   7.609856     +/-   8.2791947E-02 %    7.677210     +/-   9.0009831E-02 % 
   7.754980     +/-   8.8664673E-02 %    7.794021     +/-   9.2729539E-02 % 
   7.828318     +/-   8.4586665E-02 %    7.860852     +/-   8.4406167E-02 % 
   7.893985     +/-   8.2977593E-02 %    7.927903     +/-   8.3134510E-02 % 
   7.959704     +/-   8.3239101E-02 %    7.990725     +/-   8.3721951E-02 % 
   8.022484     +/-   8.6388849E-02 %    8.052641     +/-   8.9386135E-02 % 
   8.081161     +/-   8.2160830E-02 %    8.109005     +/-   8.2512714E-02 % 
   8.136596     +/-   8.2056217E-02 %    8.168678     +/-   8.1022225E-02 % 
   8.205615     +/-   7.5421117E-02 %    8.241919     +/-   7.3026858E-02 % 
   8.274511     +/-   7.7838361E-02 %    8.307316     +/-   7.2466277E-02 % 
   8.343050     +/-   7.7780128E-02 %    8.381660     +/-   7.8111336E-02 % 
   8.394635     +/-   7.9176575E-02 %    8.407894     +/-   8.2859263E-02 % 
   8.421087     +/-   8.4862180E-02 %    8.460574     +/-   8.2833916E-02 % 
   8.498671     +/-   8.3874084E-02 %    8.537060     +/-   9.7570397E-02 % 
   8.572951     +/-   9.7329028E-02 %    8.609719     +/-   9.4685204E-02 % 
   8.681047     +/-   8.9441575E-02 %    8.744987     +/-   7.4595980E-02 % 
   8.807843     +/-   7.5896896E-02 %    8.840132     +/-   7.2882876E-02 % 
   8.871196     +/-   7.4821830E-02 %    8.900010     +/-   6.5173432E-02 % 
   8.926243     +/-   6.6756546E-02 %    8.975134     +/-   6.0854603E-02 % 
   9.029714     +/-   6.0536027E-02 %    9.080639     +/-   5.6879804E-02 % 
   9.127992     +/-   5.4383241E-02 %    9.176641     +/-   4.9999945E-02 % 
   9.224215     +/-   4.5582224E-02 %    9.249173     +/-   4.9431942E-02 % 
   9.274309     +/-   5.0443161E-02 %    9.300055     +/-   4.5494322E-02 % 
   9.324428     +/-   4.0614687E-02 %    9.371868     +/-   3.7705049E-02 % 
   9.420656     +/-   3.8282465E-02 %    9.473961     +/-   4.0302541E-02 % 
   9.524601     +/-   4.2100947E-02 %    9.540899     +/-   4.5081276E-02 % 
   9.556199     +/-   4.6312135E-02 %    9.564660     +/-   4.6305694E-02 % 
   9.573278     +/-   4.6933722E-02 %    9.588408     +/-   4.4627059E-02 % 
   9.604067     +/-   4.6989687E-02 %    9.618612     +/-   4.6555057E-02 % 
   9.660541     +/-   4.2719025E-02 %    9.699422     +/-   4.2429142E-02 % 
   9.717840     +/-   4.0288024E-02 %    9.736005     +/-   3.6972340E-02 % 
   9.753386     +/-   3.5429277E-02 %    9.770415     +/-   3.7052318E-02 % 
   9.809443     +/-   3.7970848E-02 %    9.845769     +/-   3.8914401E-02 % 
   9.862677     +/-   3.9370634E-02 %    9.880835     +/-   4.1060381E-02 % 
   9.898427     +/-   4.0766116E-02 %    9.916035     +/-   3.8657591E-02 % 
   9.950368     +/-   3.4545232E-02 %    9.982224     +/-   3.0744551E-02 % 
   10.00914     +/-   2.9175129E-02 %    10.03883     +/-   2.3514144E-02 % 
   10.05314     +/-   2.3001513E-02 %    10.06677     +/-   2.2463620E-02 % 
   10.09260     +/-   2.4381939E-02 %    10.11569     +/-   2.6659079E-02 % 
   10.13699     +/-   2.8957253E-02 %    10.14720     +/-   2.9142810E-02 % 
   10.15430     +/-   2.9418016E-02 %    10.15776     +/-   2.9665295E-02 % 
   10.18053     +/-   2.4735246E-02 %    10.20412     +/-   2.6915709E-02 % 
   10.22904     +/-   2.9222447E-02 %    10.25533     +/-   3.0187270E-02 % 
   10.27911     +/-   3.1238033E-02 %    10.30148     +/-   2.9823299E-02 % 
   10.32227     +/-   3.0256128E-02 %    10.34259     +/-   3.0231243E-02 % 
   10.36245     +/-   3.0831255E-02 %    10.38081     +/-   2.9634710E-02 % 
   10.39930     +/-   3.3735506E-02 %    10.40796     +/-   3.4684729E-02 % 
   10.41660     +/-   3.5969134E-02 %    10.42529     +/-   3.4940738E-02 % 
   10.43371     +/-   3.4279149E-02 %    10.44942     +/-   3.5227749E-02 % 
   10.46326     +/-   3.6351185E-02 %    10.47485     +/-   3.7718702E-02 % 
   10.48808     +/-   4.0565722E-02 %    10.50248     +/-   4.1036297E-02 % 
   10.51640     +/-   4.2586327E-02 %    10.53092     +/-   4.4171449E-02 % 
   10.54584     +/-   4.4297379E-02 %    10.56014     +/-   4.1665047E-02 % 
   10.56714     +/-   4.0225141E-02 %    10.57390     +/-   3.8553420E-02 % 
   10.58082     +/-   3.9024767E-02 %    10.58760     +/-   3.8854908E-02 % 
   10.59422     +/-   3.8970903E-02 %    10.60034     +/-   3.8209546E-02 % 
   10.61264     +/-   3.7001230E-02 %    10.62444     +/-   3.5992511E-02 % 
   10.63570     +/-   3.6792189E-02 %    10.64665     +/-   3.7646603E-02 % 
   10.65743     +/-   3.7133284E-02 %    10.66795     +/-   3.7618082E-02 % 
   10.67824     +/-   3.7625235E-02 %    10.68852     +/-   3.7922475E-02 % 
   10.69832     +/-   3.8722359E-02 %    10.70318     +/-   3.8092125E-02 % 
   10.70811     +/-   3.7727255E-02 %    10.71299     +/-   3.7566494E-02 % 
   10.71778     +/-   3.8034871E-02 %    10.72716     +/-   3.8428862E-02 % 
   10.73638     +/-   3.8493805E-02 %    10.74502     +/-   3.8582996E-02 % 
   10.75393     +/-   3.7894782E-02 %    10.76215     +/-   3.8834732E-02 % 
   10.77038     +/-   4.0289916E-02 %    10.77877     +/-   4.1408103E-02 % 
   10.79896     +/-   4.1178703E-02 %    10.81818     +/-   4.3245420E-02 % 
   10.83685     +/-   4.3155607E-02 %    10.85463     +/-   4.2805254E-02 % 
   10.86520     +/-   4.3774590E-02 %    10.87162     +/-   4.3351799E-02 % 
   10.87812     +/-   4.3197807E-02 %    10.88790     +/-   4.3114819E-02 % 
   10.90381     +/-   4.2876702E-02 %    10.91913     +/-   4.2790905E-02 % 
   10.93374     +/-   4.3651883E-02 %    10.93680     +/-   4.3591026E-02 % 
   10.93967     +/-   4.4077456E-02 %    10.94838     +/-   4.3317277E-02 % 
   10.96309     +/-   4.5085274E-02 %    10.97160     +/-   4.5363035E-02 % 
   10.97728     +/-   4.5868721E-02 %    10.97999     +/-   4.6291888E-02 % 
   10.98284     +/-   4.5913339E-02 %    10.99099     +/-   4.6011433E-02 % 
   10.99369     +/-   4.5878578E-02 %    11.00476     +/-   4.5601763E-02 % 
   11.01842     +/-   4.6132769E-02 %    11.03170     +/-   4.9153361E-02 % 
   11.04468     +/-   5.0570320E-02 %    11.05769     +/-   5.1379923E-02 % 
   11.07055     +/-   5.2086115E-02 %    11.08326     +/-   5.4014169E-02 % 
   11.09596     +/-   5.5846222E-02 %    11.10831     +/-   5.7125669E-02 % 
   11.12047     +/-   5.7605799E-02 %    11.13253     +/-   5.5866364E-02 % 
   11.14254     +/-   5.6616355E-02 %    11.15228     +/-   5.6453194E-02 % 
   11.15718     +/-   5.6039527E-02 %    11.16193     +/-   5.5783294E-02 % 
   11.17138     +/-   5.6896791E-02 %    11.18094     +/-   5.7365697E-02 % 
   11.19059     +/-   5.8126781E-02 %    11.19636     +/-   5.8285236E-02 % 
   11.20040     +/-   5.8859192E-02 %    11.20530     +/-   5.9963401E-02 % 
   11.21012     +/-   5.9985191E-02 %    11.21976     +/-   5.9839632E-02 % 
   11.22910     +/-   6.0696788E-02 %    11.23824     +/-   6.1287813E-02 % 
   11.24739     +/-   6.0194869E-02 %    11.25217     +/-   6.0770314E-02 % 
   11.25702     +/-   6.0509048E-02 %    11.26620     +/-   6.1447885E-02 % 
   11.27541     +/-   6.1942954E-02 %    11.29842     +/-   6.4624794E-02 % 
   11.32173     +/-   6.4623192E-02 %    11.34456     +/-   6.5174766E-02 % 
   11.36757     +/-   6.6610746E-02 %    11.39013     +/-   6.6291310E-02 % 
   11.41269     +/-   6.5909289E-02 %    11.43530     +/-   6.6880785E-02 % 
   11.45776     +/-   6.8807222E-02 %    11.48024     +/-   7.1471721E-02 % 
   11.50252     +/-   7.1038082E-02 %    11.52514     +/-   7.1700625E-02 % 
   11.54745     +/-   7.1759492E-02 %    11.56973     +/-   7.3057793E-02 % 
   11.59177     +/-   7.3872045E-02 %    11.61404     +/-   7.4828885E-02 % 
   11.63619     +/-   7.5055189E-02 %    11.65806     +/-   7.5480215E-02 % 
   11.68009     +/-   7.7122487E-02 %    11.70220     +/-   7.8000180E-02 % 
   11.72400     +/-   7.9111010E-02 %    11.74588     +/-   8.1271507E-02 % 
   11.76740     +/-   8.2136974E-02 %    11.78861     +/-   8.3085239E-02 % 
   11.81017     +/-   8.5224539E-02 %    11.83191     +/-   8.4129110E-02 % 
   11.85342     +/-   8.3955839E-02 %    11.87576     +/-   8.6928643E-02 % 
   11.89842     +/-   8.9168802E-02 %    11.92167     +/-   9.0427406E-02 % 
   11.92615     +/-   9.0678975E-02 %    11.94544     +/-   9.2008956E-02 % 
   11.95406     +/-   9.2520036E-02 %    11.97020     +/-   9.3701430E-02 % 
   11.99536     +/-   9.2497148E-02 %    12.03774     +/-   9.5606573E-02 % 
   12.10794     +/-   9.8644301E-02 %    12.30875     +/-   0.1127146     % 
   12.81617     +/-   0.1322275     %    13.67791     +/-   0.1729388     % 
   14.67570     +/-   0.2169909     %    15.54662     +/-   0.2483502     % 
   16.17027     +/-   0.2729723     %    16.56056     +/-   0.2866392     % 
   16.78258     +/-   0.2960037     %    16.90046     +/-   0.3002684     % 
   16.96124     +/-   0.3013094     %    16.99145     +/-   0.3014825     % 
   17.00613     +/-   0.3018667     %    17.01326     +/-   0.3021030     % 
   17.01660     +/-   0.3022301     %    17.01818     +/-   0.3022496     % 
   17.01892     +/-   0.3021502     %    17.01926     +/-   0.3021536     % 
   17.01943     +/-   0.3021449     %    17.01958     +/-   0.3021505     % 

  Detector n:            2   NFLUX2    
     (Volume:          1.00000000      cmc,
      distr. scored:           8    ,
      from reg.           2  )

     Tot. response (p/cmq/pr)   24.58454      +/-  0.1211971     %
     ( --> Track l. (cm/pr)       24.58454      +/-  0.1211971     % )

  **** Different. Fluxes as a function of energy **** ****      (integrated over solid angle)        ****


  Energy boundaries (GeV):


  Lowest boundary   (GeV):  2.0000000E-02

  Flux (Part/GeV/cmq/pr):



  Energy boundaries (GeV):

  2.0000000E-02  1.9640300E-02  1.9155400E-02  1.8682500E-02  1.8221200E-02
  1.7771300E-02  1.7332500E-02  1.6904600E-02  1.6487200E-02  1.6080100E-02
  1.5683100E-02  1.5295900E-02  1.4918300E-02  1.4549900E-02  1.4190700E-02
  1.3840300E-02  1.3498600E-02  1.3165300E-02  1.2840200E-02  1.2523200E-02
  1.2214000E-02  1.1912500E-02  1.1618300E-02  1.1331500E-02  1.1051700E-02
  1.0778800E-02  1.0512700E-02  1.0253200E-02  9.9999998E-03  9.7530996E-03
  9.5122904E-03  9.2774397E-03  9.0483697E-03  8.8249696E-03  8.6070802E-03
  8.3945701E-03  8.1873098E-03  7.9851598E-03  7.7880099E-03  7.5957198E-03
  7.4081798E-03  7.2252699E-03  7.0468802E-03  6.8728901E-03  6.7031998E-03
  6.6475999E-03  6.5923799E-03  6.5377001E-03  6.3762800E-03  6.2188501E-03
  6.0653100E-03  5.9155500E-03  5.7695000E-03  5.4881200E-03  5.2204598E-03
  4.9658502E-03  4.8432499E-03  4.7236700E-03  4.6070400E-03  4.4932901E-03
  4.2741499E-03  4.0656999E-03  3.8674099E-03  3.6787901E-03  3.4993801E-03
  3.3287101E-03  3.2465300E-03  3.1663701E-03  3.0881900E-03  3.0119400E-03
  2.8650500E-03  2.7253199E-03  2.5923999E-03  2.4659701E-03  2.4251300E-03
  2.3852000E-03  2.3652499E-03  2.3457000E-03  2.3068599E-03  2.2688799E-03
  2.2313001E-03  2.1224800E-03  2.0189700E-03  1.9691200E-03  1.9205000E-03
  1.8730800E-03  1.8268300E-03  1.7377400E-03  1.6529900E-03  1.6121800E-03
  1.5723699E-03  1.5335500E-03  1.4956900E-03  1.4227401E-03  1.3533500E-03
  1.2873500E-03  1.2245600E-03  1.1943300E-03  1.1648400E-03  1.1080300E-03
  1.0539900E-03  1.0025901E-03  9.7783399E-04  9.6163998E-04  9.5369201E-04
  9.0717903E-04  8.6293602E-04  8.2085002E-04  7.8081700E-04  7.4273598E-04
  7.0651202E-04  6.7205500E-04  6.3927902E-04  6.0810102E-04  5.7844300E-04
  5.5023201E-04  5.3664698E-04  5.2339700E-04  5.1047403E-04  4.9787102E-04
  4.7358900E-04  4.5049199E-04  4.2852099E-04  4.0762199E-04  3.8774201E-04
  3.6883200E-04  3.5084400E-04  3.3373301E-04  3.1745600E-04  3.0961799E-04
  3.0197401E-04  2.9451799E-04  2.8724599E-04  2.8015400E-04  2.7323700E-04
  2.5991100E-04  2.4723500E-04  2.3517800E-04  2.2370800E-04  2.1279699E-04
  2.0241900E-04  1.9254700E-04  1.8315599E-04  1.7422400E-04  1.6992200E-04
  1.6572700E-04  1.6163501E-04  1.5764400E-04  1.4995600E-04  1.4264201E-04
  1.3568600E-04  1.2906799E-04  1.2277300E-04  1.1678600E-04  1.1109000E-04
  9.8036500E-05  8.6516899E-05  7.6350902E-05  6.7379500E-05  6.2510902E-05
  5.9462200E-05  5.6562199E-05  5.2475199E-05  4.6309200E-05  4.0867701E-05
  3.6065601E-05  3.5175199E-05  3.4306700E-05  3.1827800E-05  2.8087899E-05
  2.6058400E-05  2.4787500E-05  2.4175501E-05  2.3578599E-05  2.1874899E-05
  2.1334799E-05  1.9304500E-05  1.7036200E-05  1.5034400E-05  1.3267800E-05
  1.1708800E-05  1.0333000E-05  9.1188203E-06  8.0473301E-06  7.1017398E-06
  6.2672698E-06  5.5308401E-06  5.0045101E-06  4.5282700E-06  4.3074201E-06
  4.0973500E-06  3.7074401E-06  3.3546301E-06  3.0353899E-06  2.8634900E-06
  2.7465401E-06  2.6125899E-06  2.4851699E-06  2.2486699E-06  2.0346799E-06
  1.8410600E-06  1.6658601E-06  1.5846100E-06  1.5073300E-06  1.3638900E-06
  1.2341000E-06  9.6111603E-07  7.4851800E-07  5.8294700E-07  4.5399901E-07
  3.5357499E-07  2.7536399E-07  2.1445400E-07  1.6701701E-07  1.3007300E-07
  1.0130100E-07  7.8893301E-08  6.1442101E-08  4.7851199E-08  3.7266499E-08
  2.9023200E-08  2.2603301E-08  1.7603501E-08  1.3709600E-08  1.0677000E-08
  8.3152898E-09  6.4759500E-09  5.0434799E-09  3.9278598E-09  3.0590199E-09
  2.3823701E-09  1.8553900E-09  1.4449800E-09  1.1253500E-09  8.7642499E-10
  8.3368101E-10  6.8256001E-10  6.2506200E-10  5.3157900E-10  4.1399401E-10
  2.8261499E-10  1.9292901E-10  1.3170399E-10  8.9908601E-11  6.1376598E-11
  4.1899099E-11  2.8602700E-11  1.9525799E-11  1.3329400E-11  9.0993801E-12
  6.2117499E-12  4.2404799E-12  2.8947901E-12  1.9761499E-12  1.3490300E-12
  9.2092198E-13  6.2867300E-13  4.2916701E-13  2.9297300E-13  2.0000000E-13
  Lowest boundary   (GeV):  1.0000100E-14

  Flux (Part/GeV/cmq/pr):

   0.000000     +/-    0.000000     %    0.000000     +/-    0.000000     % 
   0.000000     +/-    0.000000     %    0.000000     +/-    0.000000     % 
   0.000000     +/-    0.000000     %    0.000000     +/-    0.000000     % 
   0.000000     +/-    0.000000     %    0.000000     +/-    0.000000     % 
   0.000000     +/-    0.000000     %    0.000000     +/-    0.000000     % 
   0.000000     +/-    0.000000     %    0.000000     +/-    0.000000     % 
   0.000000     +/-    0.000000     %    0.000000     +/-    0.000000     % 
   8114.069     +/-   0.1963291     %    1103.140     +/-   0.5992127     % 
   395.1664     +/-   0.6345958     %    416.4128     +/-    1.792611     % 
   493.3054     +/-    1.093121     %    493.7030     +/-    1.127585     % 
   419.2700     +/-    1.250329     %    312.1931     +/-    2.024359     % 
   254.6279     +/-   0.7010526     %    283.8034     +/-   0.8842592     % 
   302.2216     +/-    1.028019     %    235.8715     +/-    1.455343     % 
   215.4223     +/-    1.957784     %    212.0182     +/-    2.502848     % 
   210.1108     +/-    2.264487     %    226.6509     +/-    1.316215     % 
   227.4887     +/-   0.7701002     %    227.7605     +/-   0.5681989     % 
   233.5472     +/-    2.096029     %    217.3754     +/-    2.795203     % 
   227.9916     +/-    1.540156     %    219.6875     +/-    2.117242     % 
   236.6994     +/-    2.605671     %    257.9456     +/-    1.659167     % 
   305.9733     +/-    1.566072     %    304.5401     +/-    1.569943     % 
   288.1978     +/-    1.840237     %    289.8599     +/-    1.511345     % 
   334.4941     +/-    1.202750     %    341.0272     +/-   0.7422798     % 
   357.9905     +/-    4.584172     %    367.9707     +/-    2.421416     % 
   378.1811     +/-    1.525569     %    377.5106     +/-    1.174161     % 
   375.6570     +/-    1.989741     %    388.5814     +/-    1.620443     % 
   363.6533     +/-    2.392362     %    381.1531     +/-    1.697622     % 
   366.8832     +/-   0.8287460     %    379.1503     +/-   0.8326253     % 
   385.1458     +/-    1.038893     %    401.5542     +/-    1.068416     % 
   421.1282     +/-    1.399579     %    412.2877     +/-    1.234522     % 
   385.2682     +/-   0.9515706     %    371.7051     +/-    1.882371     % 
   438.3412     +/-    1.268855     %    423.3764     +/-    1.581766     % 
   393.3532     +/-   0.3851407     %    415.5113     +/-   0.8062593     % 
   436.6570     +/-    1.562318     %    457.7395     +/-    1.755652     % 
   506.7707     +/-    2.011705     %    567.2204     +/-    1.764958     % 
   540.2289     +/-    1.026882     %    528.1245     +/-    1.702695     % 
   577.7925     +/-    1.141118     %    649.4870     +/-    1.454879     % 
   640.8094     +/-    1.175911     %    617.8542     +/-    2.322504     % 
   641.1589     +/-    1.659291     %    722.8831     +/-    3.199231     % 
   720.1021     +/-    2.516155     %    669.9742     +/-    3.016786     % 
   693.5334     +/-    2.449835     %    645.6172     +/-    2.870440     % 
   601.2383     +/-    1.411951     %    614.7496     +/-    1.235723     % 
   598.5681     +/-    1.979827     %    588.2250     +/-    2.145061     % 
   570.9708     +/-    1.804630     %    586.5164     +/-    1.937109     % 
   702.2227     +/-    1.611122     %    662.6904     +/-    1.155593     % 
   643.3073     +/-    1.494367     %    681.5042     +/-    1.799459     % 
   705.6983     +/-    2.041479     %    725.9296     +/-    2.781506     % 
   739.7343     +/-    1.058475     %    735.2846     +/-   0.9022258     % 
   655.1809     +/-    1.375478     %    824.5066     +/-    1.221833     % 
   804.7087     +/-    2.524325     %    794.4425     +/-    1.937657     % 
   797.8562     +/-    1.388957     %    741.4438     +/-   0.7817059     % 
   658.8042     +/-   0.8543268     %    682.6339     +/-   0.7690803     % 
   719.9925     +/-    2.199167     %    783.5824     +/-    3.343720     % 
   839.1420     +/-    1.964125     %    915.5070     +/-    2.685300     % 
   1038.982     +/-    2.204354     %    1150.250     +/-   0.8912299     % 
   1106.650     +/-    1.597234     %    1067.245     +/-   0.8006873     % 
   1063.609     +/-   0.8486481     %    1058.746     +/-   0.8715554     % 
   1106.537     +/-    2.254737     %    1096.268     +/-    1.741489     % 
   1152.688     +/-    1.502391     %    1105.326     +/-    1.216855     % 
   1171.203     +/-    2.320313     %    1190.289     +/-    3.239693     % 
   1174.553     +/-    1.673078     %    1129.963     +/-    1.032741     % 
   1065.744     +/-    1.497083     %    923.5648     +/-    1.057108     % 
   1079.738     +/-    2.819213     %    1248.098     +/-    1.252153     % 
   1293.515     +/-    1.021373     %    1397.994     +/-    1.675985     % 
   1588.905     +/-    2.046940     %    1593.476     +/-    2.468424     % 
   1673.930     +/-    1.275093     %    1637.562     +/-    1.732804     % 
   1632.694     +/-    1.472029     %    1605.521     +/-    2.687349     % 
   1654.510     +/-    2.117745     %    1678.468     +/-   0.8884367     % 
   1635.007     +/-    2.084304     %    1690.704     +/-    1.017432     % 
   1730.735     +/-    1.576721     %    1755.470     +/-   0.4825934     % 
   1818.990     +/-    1.143614     %    1917.992     +/-    1.395545     % 
   1910.640     +/-    1.931502     %    2008.457     +/-    1.434375     % 
   2016.560     +/-    1.908046     %    2129.152     +/-    2.193238     % 
   2244.430     +/-    2.385624     %    2122.399     +/-    2.301430     % 
   2165.555     +/-    1.855159     %    2238.343     +/-    2.125876     % 
   2298.943     +/-    2.373336     %    2416.950     +/-    1.210123     % 
   2435.099     +/-    2.171493     %    2481.686     +/-    1.380258     % 
   2501.390     +/-    1.130574     %    2699.633     +/-    1.095252     % 
   2886.826     +/-   0.5312244     %    3046.495     +/-   0.7613919     % 
   3356.469     +/-   0.7109528     %    3703.496     +/-    1.160419     % 
   3959.853     +/-    1.276243     %    4124.335     +/-    2.410482     % 
   4384.275     +/-    2.216959     %    4505.973     +/-    1.373197     % 
   4803.618     +/-   0.6759997     %    5384.317     +/-   0.8189096     % 
   5876.610     +/-   0.7339814     %    6276.186     +/-    2.919346     % 
   6366.892     +/-    2.108892     %    6720.826     +/-    1.699599     % 
   7204.809     +/-   0.9995049     %    7993.109     +/-    1.274191     % 
   7965.904     +/-    2.673671     %    8638.395     +/-    1.642426     % 
   8688.090     +/-    2.235281     %    9127.064     +/-   0.5794027     % 
   9760.996     +/-    2.404310     %    10257.49     +/-    1.658569     % 
   11352.70     +/-    1.371168     %    12648.92     +/-    1.152338     % 
   14054.43     +/-   0.8883677     %    15948.37     +/-   0.4307652     % 
   17666.06     +/-    1.801219     %    19762.05     +/-   0.5496375     % 
   22546.00     +/-    1.277000     %    25616.40     +/-   0.5845674     % 
   28741.79     +/-    1.192692     %    32361.98     +/-    1.139686     % 
   35630.33     +/-   0.3896377     %    39352.64     +/-   0.8480647     % 
   41998.77     +/-    1.512381     %    45899.16     +/-    1.417630     % 
   46953.79     +/-    1.710596     %    52774.36     +/-   0.7297968     % 
   58601.57     +/-    1.536641     %    65727.09     +/-    1.845782     % 
   66144.72     +/-    1.206326     %    70547.67     +/-    1.496236     % 
   74699.11     +/-    1.615245     %    77437.70     +/-   0.8013394     % 
   85342.82     +/-    1.190735     %    97264.96     +/-    1.334719     % 
   105836.7     +/-   0.8189703     %    110857.7     +/-    1.720793     % 
   120019.2     +/-   0.7654772     %    126232.6     +/-   0.9796507     % 
   142859.2     +/-   0.5860155     %    168282.8     +/-    1.723305     % 
   217624.4     +/-    1.312361     %    277796.0     +/-   0.6933676     % 
   354402.8     +/-   0.3755553     %    450609.4     +/-   0.3933700     % 
   584692.7     +/-   0.8391204     %    742139.9     +/-   0.2968462     % 
   961621.5     +/-   0.3046326     %    1232928.     +/-   0.9715524     % 
   1598904.     +/-   0.7782286     %    2042289.     +/-   0.3240557     % 
   2614868.     +/-   0.5283304     %    3420418.     +/-   0.7431338     % 
   4324516.     +/-   0.7532167     %    5513200.     +/-   0.3975844     % 
   7134423.     +/-   0.5050598     %    9144413.     +/-   0.6979916     % 
  1.1749624E+07 +/-   0.9503592     %   1.5045558E+07 +/-   0.7884703     % 
  1.9374226E+07 +/-   0.4078303     %   2.5075742E+07 +/-   0.3868870     % 
  3.1765916E+07 +/-   0.7045325     %   4.0542272E+07 +/-   0.6119180     % 
  5.2663040E+07 +/-   0.3707208     %   6.8945280E+07 +/-   0.2228929     % 
  8.9813928E+07 +/-   0.8601391     %   1.1759982E+08 +/-   0.7144960     % 
  1.5368910E+08 +/-   0.6773335     %   2.0099480E+08 +/-   0.4651219     % 
  2.4232883E+08 +/-   0.9873537     %   2.7634874E+08 +/-    1.607821     % 
  3.2778739E+08 +/-    1.242677     %   3.7753382E+08 +/-   0.7351405     % 
  4.7644352E+08 +/-   0.3590516     %   7.1425005E+08 +/-   0.6712971     % 
  1.8439805E+09 +/-   0.3294614     %   8.1819996E+09 +/-   0.2792918     % 
  3.1164146E+10 +/-   0.2810770     %   7.7701677E+10 +/-   0.3105375     % 
  1.3210243E+11 +/-   0.2813291     %   1.6947529E+11 +/-   0.2417448     % 
  1.7804650E+11 +/-   0.3390519     %   1.6318887E+11 +/-   0.2565496     % 
  1.3652139E+11 +/-   0.1675947     %   1.0653761E+11 +/-   0.3948202     % 
  7.9984394E+10 +/-   0.5335199     %   5.8001646E+10 +/-   0.3368565     % 
  4.1368994E+10 +/-   0.6703197     %   2.8551739E+10 +/-   0.9075529     % 
  2.0463014E+10 +/-   0.9286255     %   1.4011446E+10 +/-    1.145458     % 
  9.7163489E+09 +/-    1.414657     %   6.4643456E+09 +/-    1.364004     % 
  4.4789361E+09 +/-    3.254131     %   2.0332294E+09 +/-    2.089477     % 


  **** Cumulative Fluxes as a function of energy **** ****      (integrated over solid angle)        ****


  Energy boundaries (GeV):



  Lowest boundary   (GeV):  2.0000000E-02

  Cumul. Flux (Part/cmq/pr):



  Energy boundaries (GeV):

  2.0000000E-02  1.9640300E-02  1.9155400E-02  1.8682500E-02  1.8221200E-02
  1.7771300E-02  1.7332500E-02  1.6904600E-02  1.6487200E-02  1.6080100E-02
  1.5683100E-02  1.5295900E-02  1.4918300E-02  1.4549900E-02  1.4190700E-02
  1.3840300E-02  1.3498600E-02  1.3165300E-02  1.2840200E-02  1.2523200E-02
  1.2214000E-02  1.1912500E-02  1.1618300E-02  1.1331500E-02  1.1051700E-02
  1.0778800E-02  1.0512700E-02  1.0253200E-02  9.9999998E-03  9.7530996E-03
  9.5122904E-03  9.2774397E-03  9.0483697E-03  8.8249696E-03  8.6070802E-03
  8.3945701E-03  8.1873098E-03  7.9851598E-03  7.7880099E-03  7.5957198E-03
  7.4081798E-03  7.2252699E-03  7.0468802E-03  6.8728901E-03  6.7031998E-03
  6.6475999E-03  6.5923799E-03  6.5377001E-03  6.3762800E-03  6.2188501E-03
  6.0653100E-03  5.9155500E-03  5.7695000E-03  5.4881200E-03  5.2204598E-03
  4.9658502E-03  4.8432499E-03  4.7236700E-03  4.6070400E-03  4.4932901E-03
  4.2741499E-03  4.0656999E-03  3.8674099E-03  3.6787901E-03  3.4993801E-03
  3.3287101E-03  3.2465300E-03  3.1663701E-03  3.0881900E-03  3.0119400E-03
  2.8650500E-03  2.7253199E-03  2.5923999E-03  2.4659701E-03  2.4251300E-03
  2.3852000E-03  2.3652499E-03  2.3457000E-03  2.3068599E-03  2.2688799E-03
  2.2313001E-03  2.1224800E-03  2.0189700E-03  1.9691200E-03  1.9205000E-03
  1.8730800E-03  1.8268300E-03  1.7377400E-03  1.6529900E-03  1.6121800E-03
  1.5723699E-03  1.5335500E-03  1.4956900E-03  1.4227401E-03  1.3533500E-03
  1.2873500E-03  1.2245600E-03  1.1943300E-03  1.1648400E-03  1.1080300E-03
  1.0539900E-03  1.0025901E-03  9.7783399E-04  9.6163998E-04  9.5369201E-04
  9.0717903E-04  8.6293602E-04  8.2085002E-04  7.8081700E-04  7.4273598E-04
  7.0651202E-04  6.7205500E-04  6.3927902E-04  6.0810102E-04  5.7844300E-04
  5.5023201E-04  5.3664698E-04  5.2339700E-04  5.1047403E-04  4.9787102E-04
  4.7358900E-04  4.5049199E-04  4.2852099E-04  4.0762199E-04  3.8774201E-04
  3.6883200E-04  3.5084400E-04  3.3373301E-04  3.1745600E-04  3.0961799E-04
  3.0197401E-04  2.9451799E-04  2.8724599E-04  2.8015400E-04  2.7323700E-04
  2.5991100E-04  2.4723500E-04  2.3517800E-04  2.2370800E-04  2.1279699E-04
  2.0241900E-04  1.9254700E-04  1.8315599E-04  1.7422400E-04  1.6992200E-04
  1.6572700E-04  1.6163501E-04  1.5764400E-04  1.4995600E-04  1.4264201E-04
  1.3568600E-04  1.2906799E-04  1.2277300E-04  1.1678600E-04  1.1109000E-04
  9.8036500E-05  8.6516899E-05  7.6350902E-05  6.7379500E-05  6.2510902E-05
  5.9462200E-05  5.6562199E-05  5.2475199E-05  4.6309200E-05  4.0867701E-05
  3.6065601E-05  3.5175199E-05  3.4306700E-05  3.1827800E-05  2.8087899E-05
  2.6058400E-05  2.4787500E-05  2.4175501E-05  2.3578599E-05  2.1874899E-05
  2.1334799E-05  1.9304500E-05  1.7036200E-05  1.5034400E-05  1.3267800E-05
  1.1708800E-05  1.0333000E-05  9.1188203E-06  8.0473301E-06  7.1017398E-06
  6.2672698E-06  5.5308401E-06  5.0045101E-06  4.5282700E-06  4.3074201E-06
  4.0973500E-06  3.7074401E-06  3.3546301E-06  3.0353899E-06  2.8634900E-06
  2.7465401E-06  2.6125899E-06  2.4851699E-06  2.2486699E-06  2.0346799E-06
  1.8410600E-06  1.6658601E-06  1.5846100E-06  1.5073300E-06  1.3638900E-06
  1.2341000E-06  9.6111603E-07  7.4851800E-07  5.8294700E-07  4.5399901E-07
  3.5357499E-07  2.7536399E-07  2.1445400E-07  1.6701701E-07  1.3007300E-07
  1.0130100E-07  7.8893301E-08  6.1442101E-08  4.7851199E-08  3.7266499E-08
  2.9023200E-08  2.2603301E-08  1.7603501E-08  1.3709600E-08  1.0677000E-08
  8.3152898E-09  6.4759500E-09  5.0434799E-09  3.9278598E-09  3.0590199E-09
  2.3823701E-09  1.8553900E-09  1.4449800E-09  1.1253500E-09  8.7642499E-10
  8.3368101E-10  6.8256001E-10  6.2506200E-10  5.3157900E-10  4.1399401E-10
  2.8261499E-10  1.9292901E-10  1.3170399E-10  8.9908601E-11  6.1376598E-11
  4.1899099E-11  2.8602700E-11  1.9525799E-11  1.3329400E-11  9.0993801E-12
  6.2117499E-12  4.2404799E-12  2.8947901E-12  1.9761499E-12  1.3490300E-12
  9.2092198E-13  6.2867300E-13  4.2916701E-13  2.9297300E-13  2.0000000E-13
  Lowest boundary   (GeV):  1.0000100E-14


  Cumul. Flux (Part/cmq/pr):

   0.000000     +/-    0.000000     %    0.000000     +/-    0.000000     % 
   0.000000     +/-    0.000000     %    0.000000     +/-    0.000000     % 
   0.000000     +/-    0.000000     %    0.000000     +/-    0.000000     % 
   0.000000     +/-    0.000000     %    0.000000     +/-    0.000000     % 
   0.000000     +/-    0.000000     %    0.000000     +/-    0.000000     % 
   0.000000     +/-    0.000000     %    0.000000     +/-    0.000000     % 
   0.000000     +/-    0.000000     %    0.000000     +/-    0.000000     % 
   2.843169     +/-   0.1963291     %    3.220112     +/-   0.1857496     % 
   3.351821     +/-   0.1812977     %    3.487197     +/-   0.2294042     % 
   3.643574     +/-   0.2531640     %    3.796227     +/-   0.2445480     % 
   3.922638     +/-   0.2313304     %    4.014484     +/-   0.1873840     % 
   4.087512     +/-   0.1920632     %    4.166920     +/-   0.1854114     % 
   4.249396     +/-   0.1833035     %    4.312162     +/-   0.1890255     % 
   4.368064     +/-   0.1816553     %    4.421747     +/-   0.1815588     % 
   4.473623     +/-   0.1819648     %    4.528203     +/-   0.1795935     % 
   4.581629     +/-   0.1766315     %    4.633802     +/-   0.1715167     % 
   4.685977     +/-   0.1810937     %    4.733340     +/-   0.1968074     % 
   4.781791     +/-   0.1900152     %    4.827323     +/-   0.1982571     % 
   4.875172     +/-   0.2080970     %    4.926026     +/-   0.2030516     % 
   4.984862     +/-   0.1900959     %    5.041975     +/-   0.1823555     % 
   5.094689     +/-   0.1970739     %    5.146397     +/-   0.1817032     % 
   5.204596     +/-   0.1865633     %    5.262465     +/-   0.1862295     % 
   5.282369     +/-   0.1970509     %    5.302689     +/-   0.2043561     % 
   5.323368     +/-   0.2025218     %    5.384305     +/-   0.1966748     % 
   5.443445     +/-   0.1969543     %    5.503108     +/-   0.2029530     % 
   5.557569     +/-   0.1964289     %    5.613236     +/-   0.1847786     % 
   5.716469     +/-   0.1825349     %    5.817953     +/-   0.1696771     % 
   5.916015     +/-   0.1687797     %    5.965245     +/-   0.1677201     % 
   6.015604     +/-   0.1615555     %    6.063689     +/-   0.1594010     % 
   6.107513     +/-   0.1610945     %    6.188969     +/-   0.1458972     % 
   6.280341     +/-   0.1365307     %    6.364292     +/-   0.1265138     % 
   6.438487     +/-   0.1235673     %    6.513033     +/-   0.1263421     % 
   6.587558     +/-   0.1101948     %    6.625175     +/-   0.1138714     % 
   6.665797     +/-   0.1102886     %    6.710143     +/-   0.1007833     % 
   6.751335     +/-   0.1033028     %    6.828911     +/-   0.1133471     % 
   6.909647     +/-   0.1189059     %    6.995976     +/-   0.1243066     % 
   7.076993     +/-   0.1257460     %    7.102227     +/-   0.1183471     % 
   7.127828     +/-   0.1205021     %    7.142250     +/-   0.1208761     % 
   7.156328     +/-   0.1193423     %    7.182350     +/-   0.1189551     % 
   7.208690     +/-   0.1128549     %    7.232952     +/-   0.1086225     % 
   7.298379     +/-   0.1082213     %    7.362012     +/-   0.1020064     % 
   7.391850     +/-   0.1063182     %    7.420450     +/-   9.9029697E-02 % 
   7.447526     +/-   0.1020552     %    7.474652     +/-   9.9435091E-02 % 
   7.537213     +/-   9.2093810E-02 %    7.593376     +/-   9.7629391E-02 % 
   7.619629     +/-   9.7930036E-02 %    7.646760     +/-   0.1020836     % 
   7.674155     +/-   0.1005725     %    7.701639     +/-   0.1020778     % 
   7.755602     +/-   9.8829284E-02 %    7.806623     +/-   0.1012840     % 
   7.849865     +/-   9.6011348E-02 %    7.901637     +/-   9.9702746E-02 % 
   7.925963     +/-   9.4265074E-02 %    7.949391     +/-   8.9061819E-02 % 
   7.994717     +/-   8.8270284E-02 %    8.034784     +/-   8.9233629E-02 % 
   8.068647     +/-   9.0147190E-02 %    8.085546     +/-   8.9054197E-02 % 
   8.097206     +/-   8.8539384E-02 %    8.103434     +/-   9.0582907E-02 % 
   8.142465     +/-   9.2778459E-02 %    8.182970     +/-   8.9460835E-02 % 
   8.226696     +/-   9.1187239E-02 %    8.272744     +/-   9.0645157E-02 % 
   8.314887     +/-   9.7061373E-02 %    8.353546     +/-   9.6045472E-02 % 
   8.390195     +/-   9.3969449E-02 %    8.424896     +/-   9.5544666E-02 % 
   8.459396     +/-   9.0713330E-02 %    8.491909     +/-   8.4567830E-02 % 
   8.524428     +/-   8.3921574E-02 %    8.539444     +/-   8.2630865E-02 % 
   8.554962     +/-   8.3657190E-02 %    8.570344     +/-   8.6802542E-02 % 
   8.585147     +/-   8.5595928E-02 %    8.612585     +/-   8.2864560E-02 % 
   8.637200     +/-   8.1394434E-02 %    8.657492     +/-   8.1814758E-02 % 
   8.680058     +/-   8.3848804E-02 %    8.704869     +/-   8.1300229E-02 % 
   8.729330     +/-   8.2642630E-02 %    8.754478     +/-   7.9293743E-02 % 
   8.781665     +/-   7.6010399E-02 %    8.807602     +/-   7.2957382E-02 % 
   8.820723     +/-   7.4450001E-02 %    8.833240     +/-   7.4068733E-02 % 
   8.845413     +/-   7.4473456E-02 %    8.857088     +/-   7.2910823E-02 % 
   8.868822     +/-   7.3317155E-02 %    8.880432     +/-   7.3114634E-02 % 
   8.902221     +/-   7.7118620E-02 %    8.923652     +/-   7.8363858E-02 % 
   8.944519     +/-   8.0689609E-02 %    8.964654     +/-   7.9566270E-02 % 
   8.984502     +/-   7.9874046E-02 %    9.004406     +/-   7.9456620E-02 % 
   9.023268     +/-   7.9116389E-02 %    9.042130     +/-   8.0077603E-02 % 
   9.060142     +/-   8.0173761E-02 %    9.069301     +/-   8.0503374E-02 % 
   9.078716     +/-   7.9105251E-02 %    9.087401     +/-   7.7839017E-02 % 
   9.096045     +/-   7.8352995E-02 %    9.113253     +/-   7.5417437E-02 % 
   9.130067     +/-   7.3833048E-02 %    9.146879     +/-   7.4071273E-02 % 
   9.162994     +/-   7.5805932E-02 %    9.178617     +/-   7.7887282E-02 % 
   9.193593     +/-   7.6532632E-02 %    9.208970     +/-   7.7133074E-02 % 
   9.246653     +/-   7.4904934E-02 %    9.281748     +/-   7.5101264E-02 % 
   9.315869     +/-   7.6729700E-02 %    9.349094     +/-   7.8570202E-02 % 
   9.368374     +/-   7.9385638E-02 %    9.380948     +/-   8.0322690E-02 % 
   9.393662     +/-   8.1352696E-02 %    9.412078     +/-   8.2622647E-02 % 
   9.441697     +/-   8.3281107E-02 %    9.470996     +/-   8.1432953E-02 % 
   9.499216     +/-   7.9575777E-02 %    9.504805     +/-   7.9951636E-02 % 
   9.510334     +/-   8.0008708E-02 %    9.526994     +/-   8.1200533E-02 % 
   9.553940     +/-   8.1655793E-02 %    9.570162     +/-   8.2592718E-02 % 
   9.580285     +/-   8.4056295E-02 %    9.585572     +/-   8.4081292E-02 % 
   9.590758     +/-   8.3444409E-02 %    9.606308     +/-   8.3059922E-02 % 
   9.611580     +/-   8.2918793E-02 %    9.632405     +/-   8.4889106E-02 % 
   9.658156     +/-   8.5431091E-02 %    9.683477     +/-   8.7620750E-02 % 
   9.708306     +/-   8.9420542E-02 %    9.733170     +/-   9.0071619E-02 % 
   9.757474     +/-   9.1652371E-02 %    9.781469     +/-   9.2289306E-02 % 
   9.805627     +/-   9.2949100E-02 %    9.829849     +/-   9.1694668E-02 % 
   9.853833     +/-   9.1340750E-02 %    9.877666     +/-   9.0155132E-02 % 
   9.896420     +/-   9.0264648E-02 %    9.915160     +/-   8.9223154E-02 % 
   9.924436     +/-   8.9313053E-02 %    9.934078     +/-   8.8634484E-02 % 
   9.952386     +/-   9.0922914E-02 %    9.971005     +/-   9.0408623E-02 % 
   9.989713     +/-   9.2438169E-02 %    10.00101     +/-   9.0752289E-02 % 
   10.00875     +/-   9.0466432E-02 %    10.01820     +/-   9.0276301E-02 % 
   10.02771     +/-   8.9335352E-02 %    10.04603     +/-   8.9557581E-02 % 
   10.06429     +/-   8.8970184E-02 %    10.08312     +/-   8.8247351E-02 % 
   10.10167     +/-   8.6921915E-02 %    10.11067     +/-   8.5664578E-02 % 
   10.11995     +/-   8.5044794E-02 %    10.13806     +/-   8.5082389E-02 % 
   10.15660     +/-   8.5091099E-02 %    10.20254     +/-   7.9796210E-02 % 
   10.24880     +/-   8.3946019E-02 %    10.29480     +/-   8.0980629E-02 % 
   10.34050     +/-   7.9291642E-02 %    10.38575     +/-   7.7910267E-02 % 
   10.43148     +/-   7.7292517E-02 %    10.47668     +/-   7.6724865E-02 % 
   10.52230     +/-   7.5593695E-02 %    10.56785     +/-   7.8882739E-02 % 
   10.61385     +/-   7.7893697E-02 %    10.65961     +/-   7.7293783E-02 % 
   10.70525     +/-   7.7609003E-02 %    10.75173     +/-   7.4432619E-02 % 
   10.79751     +/-   7.4765354E-02 %    10.84295     +/-   7.4571185E-02 % 
   10.88876     +/-   7.4174143E-02 %    10.93448     +/-   7.2450623E-02 % 
   10.98023     +/-   7.4758686E-02 %    11.02586     +/-   7.4425325E-02 % 
   11.07161     +/-   7.4983217E-02 %    11.11773     +/-   7.4785799E-02 % 
   11.16324     +/-   7.3163196E-02 %    11.20847     +/-   7.3617637E-02 % 
   11.25422     +/-   7.4750580E-02 %    11.30088     +/-   7.4357823E-02 % 
   11.34821     +/-   7.2322644E-02 %    11.39647     +/-   7.3737934E-02 % 
   11.44559     +/-   7.1814507E-02 %    11.49563     +/-   7.0351698E-02 % 
   11.50598     +/-   7.0508972E-02 %    11.54775     +/-   6.5912902E-02 % 
   11.56659     +/-   6.7042083E-02 %    11.60189     +/-   6.7348368E-02 % 
   11.65791     +/-   6.7994550E-02 %    11.75175     +/-   6.2954247E-02 % 
   11.91713     +/-   6.5483019E-02 %    12.41807     +/-   5.5831112E-02 % 
   13.72059     +/-   4.8013054E-02 %    15.93757     +/-   4.8844412E-02 % 
   18.51060     +/-   7.3465943E-02 %    20.76401     +/-   9.0956762E-02 % 
   22.38012     +/-   0.1080967     %    23.39130     +/-   0.1134753     % 
   23.96879     +/-   0.1138656     %    24.27643     +/-   0.1171453     % 
   24.43410     +/-   0.1196212     %    24.51215     +/-   0.1202168     % 
   24.55016     +/-   0.1205926     %    24.56806     +/-   0.1207950     % 
   24.57682     +/-   0.1209798     %    24.58092     +/-   0.1211044     % 
   24.58286     +/-   0.1211868     %    24.58374     +/-   0.1212122     % 
   24.58415     +/-   0.1211799     %    24.58454     +/-   0.1211971     % 

  Detector n:            3   NFLUX3    
     (Volume:          1.00000000      cmc,
      distr. scored:           8    ,
      from reg.           3  )

     Tot. response (p/cmq/pr)   15.74905      +/-  0.2450406     %
     ( --> Track l. (cm/pr)       15.74905      +/-  0.2450406     % )

  **** Different. Fluxes as a function of energy **** ****      (integrated over solid angle)        ****


  Energy boundaries (GeV):


  Lowest boundary   (GeV):  2.0000000E-02

  Flux (Part/GeV/cmq/pr):



  Energy boundaries (GeV):

  2.0000000E-02  1.9640300E-02  1.9155400E-02  1.8682500E-02  1.8221200E-02
  1.7771300E-02  1.7332500E-02  1.6904600E-02  1.6487200E-02  1.6080100E-02
  1.5683100E-02  1.5295900E-02  1.4918300E-02  1.4549900E-02  1.4190700E-02
  1.3840300E-02  1.3498600E-02  1.3165300E-02  1.2840200E-02  1.2523200E-02
  1.2214000E-02  1.1912500E-02  1.1618300E-02  1.1331500E-02  1.1051700E-02
  1.0778800E-02  1.0512700E-02  1.0253200E-02  9.9999998E-03  9.7530996E-03
  9.5122904E-03  9.2774397E-03  9.0483697E-03  8.8249696E-03  8.6070802E-03
  8.3945701E-03  8.1873098E-03  7.9851598E-03  7.7880099E-03  7.5957198E-03
  7.4081798E-03  7.2252699E-03  7.0468802E-03  6.8728901E-03  6.7031998E-03
  6.6475999E-03  6.5923799E-03  6.5377001E-03  6.3762800E-03  6.2188501E-03
  6.0653100E-03  5.9155500E-03  5.7695000E-03  5.4881200E-03  5.2204598E-03
  4.9658502E-03  4.8432499E-03  4.7236700E-03  4.6070400E-03  4.4932901E-03
  4.2741499E-03  4.0656999E-03  3.8674099E-03  3.6787901E-03  3.4993801E-03
  3.3287101E-03  3.2465300E-03  3.1663701E-03  3.0881900E-03  3.0119400E-03
  2.8650500E-03  2.7253199E-03  2.5923999E-03  2.4659701E-03  2.4251300E-03
  2.3852000E-03  2.3652499E-03  2.3457000E-03  2.3068599E-03  2.2688799E-03
  2.2313001E-03  2.1224800E-03  2.0189700E-03  1.9691200E-03  1.9205000E-03
  1.8730800E-03  1.8268300E-03  1.7377400E-03  1.6529900E-03  1.6121800E-03
  1.5723699E-03  1.5335500E-03  1.4956900E-03  1.4227401E-03  1.3533500E-03
  1.2873500E-03  1.2245600E-03  1.1943300E-03  1.1648400E-03  1.1080300E-03
  1.0539900E-03  1.0025901E-03  9.7783399E-04  9.6163998E-04  9.5369201E-04
  9.0717903E-04  8.6293602E-04  8.2085002E-04  7.8081700E-04  7.4273598E-04
  7.0651202E-04  6.7205500E-04  6.3927902E-04  6.0810102E-04  5.7844300E-04
  5.5023201E-04  5.3664698E-04  5.2339700E-04  5.1047403E-04  4.9787102E-04
  4.7358900E-04  4.5049199E-04  4.2852099E-04  4.0762199E-04  3.8774201E-04
  3.6883200E-04  3.5084400E-04  3.3373301E-04  3.1745600E-04  3.0961799E-04
  3.0197401E-04  2.9451799E-04  2.8724599E-04  2.8015400E-04  2.7323700E-04
  2.5991100E-04  2.4723500E-04  2.3517800E-04  2.2370800E-04  2.1279699E-04
  2.0241900E-04  1.9254700E-04  1.8315599E-04  1.7422400E-04  1.6992200E-04
  1.6572700E-04  1.6163501E-04  1.5764400E-04  1.4995600E-04  1.4264201E-04
  1.3568600E-04  1.2906799E-04  1.2277300E-04  1.1678600E-04  1.1109000E-04
  9.8036500E-05  8.6516899E-05  7.6350902E-05  6.7379500E-05  6.2510902E-05
  5.9462200E-05  5.6562199E-05  5.2475199E-05  4.6309200E-05  4.0867701E-05
  3.6065601E-05  3.5175199E-05  3.4306700E-05  3.1827800E-05  2.8087899E-05
  2.6058400E-05  2.4787500E-05  2.4175501E-05  2.3578599E-05  2.1874899E-05
  2.1334799E-05  1.9304500E-05  1.7036200E-05  1.5034400E-05  1.3267800E-05
  1.1708800E-05  1.0333000E-05  9.1188203E-06  8.0473301E-06  7.1017398E-06
  6.2672698E-06  5.5308401E-06  5.0045101E-06  4.5282700E-06  4.3074201E-06
  4.0973500E-06  3.7074401E-06  3.3546301E-06  3.0353899E-06  2.8634900E-06
  2.7465401E-06  2.6125899E-06  2.4851699E-06  2.2486699E-06  2.0346799E-06
  1.8410600E-06  1.6658601E-06  1.5846100E-06  1.5073300E-06  1.3638900E-06
  1.2341000E-06  9.6111603E-07  7.4851800E-07  5.8294700E-07  4.5399901E-07
  3.5357499E-07  2.7536399E-07  2.1445400E-07  1.6701701E-07  1.3007300E-07
  1.0130100E-07  7.8893301E-08  6.1442101E-08  4.7851199E-08  3.7266499E-08
  2.9023200E-08  2.2603301E-08  1.7603501E-08  1.3709600E-08  1.0677000E-08
  8.3152898E-09  6.4759500E-09  5.0434799E-09  3.9278598E-09  3.0590199E-09
  2.3823701E-09  1.8553900E-09  1.4449800E-09  1.1253500E-09  8.7642499E-10
  8.3368101E-10  6.8256001E-10  6.2506200E-10  5.3157900E-10  4.1399401E-10
  2.8261499E-10  1.9292901E-10  1.3170399E-10  8.9908601E-11  6.1376598E-11
  4.1899099E-11  2.8602700E-11  1.9525799E-11  1.3329400E-11  9.0993801E-12
  6.2117499E-12  4.2404799E-12  2.8947901E-12  1.9761499E-12  1.3490300E-12
  9.2092198E-13  6.2867300E-13  4.2916701E-13  2.9297300E-13  2.0000000E-13
  Lowest boundary   (GeV):  1.0000100E-14

  Flux (Part/GeV/cmq/pr):

   0.000000     +/-    0.000000     %    0.000000     +/-    0.000000     % 
   0.000000     +/-    0.000000     %    0.000000     +/-    0.000000     % 
   0.000000     +/-    0.000000     %    0.000000     +/-    0.000000     % 
   0.000000     +/-    0.000000     %    0.000000     +/-    0.000000     % 
   0.000000     +/-    0.000000     %    0.000000     +/-    0.000000     % 
   0.000000     +/-    0.000000     %    0.000000     +/-    0.000000     % 
   0.000000     +/-    0.000000     %    0.000000     +/-    0.000000     % 
   3422.537     +/-   0.4922172     %    777.8164     +/-   0.6410500     % 
   307.5794     +/-   0.6086938     %    296.1297     +/-    1.267257     % 
   345.2166     +/-    1.483701     %    342.6555     +/-    1.357604     % 
   282.7068     +/-   0.9270816     %    218.9808     +/-    2.364281     % 
   183.4287     +/-    1.119828     %    191.8345     +/-    1.103297     % 
   205.7375     +/-    1.741217     %    189.7313     +/-    1.466675     % 
   167.7763     +/-    2.796624     %    163.8238     +/-    1.392975     % 
   164.8127     +/-    1.784391     %    168.7676     +/-    3.424855     % 
   177.2744     +/-   0.9572360     %    179.6336     +/-    1.028710     % 
   175.0387     +/-    1.864620     %    168.0208     +/-    1.542976     % 
   173.6543     +/-    3.131229     %    171.7448     +/-    1.626675     % 
   186.6996     +/-    3.027842     %    189.3869     +/-    2.246199     % 
   231.3957     +/-    1.302925     %    235.0186     +/-    2.325807     % 
   228.0389     +/-    2.275303     %    226.5601     +/-    2.741099     % 
   260.6500     +/-    1.798994     %    263.3536     +/-    1.742913     % 
   284.5916     +/-    2.956583     %    289.5315     +/-    2.418596     % 
   307.5320     +/-    2.204268     %    292.1213     +/-    1.599649     % 
   295.1875     +/-    2.065005     %    286.8884     +/-    1.235498     % 
   260.5505     +/-    2.019948     %    266.9410     +/-    3.587914     % 
   266.9485     +/-    1.314260     %    288.6238     +/-    1.096324     % 
   287.2502     +/-    1.653177     %    297.2831     +/-    1.056165     % 
   319.4424     +/-    2.178981     %    308.6507     +/-    1.230681     % 
   285.1663     +/-   0.8609575     %    277.8170     +/-    2.078407     % 
   336.3518     +/-    2.064019     %    321.2453     +/-    1.361836     % 
   289.3589     +/-    1.561862     %    309.5193     +/-    1.874178     % 
   321.7570     +/-    1.430470     %    325.2517     +/-    2.675182     % 
   366.9046     +/-    1.584603     %    421.2637     +/-    1.241267     % 
   402.6593     +/-    1.939883     %    404.0366     +/-    1.781016     % 
   422.8944     +/-    1.749113     %    462.6494     +/-    1.370435     % 
   464.2767     +/-    1.037319     %    463.1292     +/-    1.700389     % 
   486.1964     +/-    1.563997     %    523.8876     +/-   0.9783918     % 
   526.0523     +/-    4.810036     %    513.4583     +/-    2.126943     % 
   513.0385     +/-    1.844874     %    477.1314     +/-    3.851730     % 
   443.9389     +/-    2.149897     %    453.4000     +/-    2.139502     % 
   466.9656     +/-    2.998593     %    428.9599     +/-    2.847350     % 
   426.5661     +/-    2.032635     %    429.2941     +/-    3.769193     % 
   498.8663     +/-    1.571293     %    491.3318     +/-    1.301381     % 
   474.5204     +/-    3.764366     %    503.5555     +/-    3.203335     % 
   512.8556     +/-    2.785009     %    518.4526     +/-    2.038782     % 
   544.9519     +/-    1.722531     %    546.5916     +/-    2.122818     % 
   493.8512     +/-    1.460532     %    600.6733     +/-    2.480933     % 
   594.2791     +/-    5.188635     %    609.9689     +/-    2.400853     % 
   561.9540     +/-    1.382558     %    533.4919     +/-    3.106477     % 
   490.3911     +/-   0.7725335     %    483.0837     +/-    2.284269     % 
   540.6501     +/-    3.751884     %    539.4705     +/-    7.363806     % 
   591.4070     +/-    1.798817     %    677.3924     +/-    1.088773     % 
   759.3679     +/-    1.381425     %    808.5240     +/-    1.964411     % 
   783.4859     +/-    1.506262     %    770.5690     +/-   0.7146403     % 
   782.6907     +/-    2.657129     %    767.8622     +/-   0.7632115     % 
   785.0031     +/-    1.685813     %    805.3533     +/-    1.323596     % 
   814.9745     +/-    1.356493     %    810.5380     +/-    1.801629     % 
   838.6137     +/-    4.317971     %    830.5262     +/-   0.9757384     % 
   828.5554     +/-    2.732915     %    848.6781     +/-    1.829688     % 
   761.7286     +/-    1.626073     %    672.8237     +/-   0.8611961     % 
   780.7417     +/-    1.666080     %    904.7061     +/-    2.428791     % 
   935.7614     +/-    2.275849     %    1028.390     +/-    1.845707     % 
   1131.798     +/-    2.967391     %    1145.348     +/-    1.731284     % 
   1131.358     +/-    2.213632     %    1158.359     +/-    1.322420     % 
   1158.971     +/-    2.024104     %    1211.750     +/-    3.350905     % 
   1161.382     +/-    2.270104     %    1171.717     +/-    1.766208     % 
   1230.261     +/-    2.127312     %    1241.544     +/-    2.343275     % 
   1187.655     +/-    1.002900     %    1264.317     +/-    2.368218     % 
   1303.898     +/-    1.014323     %    1349.027     +/-    1.338596     % 
   1390.333     +/-    1.556750     %    1414.755     +/-    1.751011     % 
   1438.285     +/-    1.959191     %    1482.841     +/-    1.997266     % 
   1549.692     +/-    3.011276     %    1477.168     +/-    1.069817     % 
   1468.761     +/-    2.888320     %    1616.133     +/-    1.937610     % 
   1599.183     +/-    2.497200     %    1614.903     +/-    2.277807     % 
   1701.043     +/-    1.355696     %    1841.271     +/-    2.130890     % 
   1838.602     +/-    1.882983     %    1879.854     +/-    2.647208     % 
   2038.465     +/-    1.014494     %    2149.104     +/-    1.954816     % 
   2377.384     +/-    1.780120     %    2623.529     +/-    2.549677     % 
   2831.661     +/-    2.010496     %    2898.629     +/-   0.6630340     % 
   3002.927     +/-    1.786234     %    3107.071     +/-    1.959492     % 
   3407.042     +/-    1.532313     %    3716.825     +/-   0.9919252     % 
   4058.442     +/-   0.6227356     %    4445.335     +/-    1.683483     % 
   4416.128     +/-    4.970281     %    4748.650     +/-    1.561888     % 
   5176.864     +/-    1.161839     %    5556.820     +/-    1.050450     % 
   5671.136     +/-   0.9768525     %    6022.957     +/-    3.038234     % 
   6022.875     +/-    1.642278     %    6460.779     +/-    2.049828     % 
   6777.620     +/-    1.070756     %    7209.713     +/-    1.415611     % 
   7934.775     +/-    1.512864     %    8698.985     +/-   0.8618091     % 
   9966.342     +/-    1.371642     %    11019.16     +/-   0.7381098     % 
   12877.91     +/-    2.076253     %    14070.35     +/-   0.3810191     % 
   15851.31     +/-    1.340690     %    18073.88     +/-    1.196686     % 
   19437.24     +/-    1.230402     %    22494.37     +/-   0.8045999     % 
   25169.66     +/-    1.106227     %    27223.99     +/-    1.287973     % 
   28827.46     +/-    2.945111     %    31775.25     +/-    1.769351     % 
   33112.27     +/-    2.491481     %    36617.81     +/-    1.494950     % 
   40059.46     +/-    2.320508     %    43705.75     +/-    1.735833     % 
   45411.70     +/-    1.580435     %    48840.07     +/-    1.142568     % 
   50762.52     +/-    2.848846     %    54147.71     +/-    1.643313     % 
   60122.86     +/-    1.804834     %    66998.66     +/-    1.248126     % 
   72915.09     +/-    1.277866     %    79497.82     +/-    1.644432     % 
   82145.41     +/-    1.422394     %    89441.80     +/-    2.607242     % 
   97385.19     +/-    2.239182     %    117132.9     +/-   0.8571481     % 
   150490.4     +/-   0.7973046     %    190970.1     +/-    1.034538     % 
   244447.2     +/-   0.4970232     %    311159.2     +/-   0.6039363     % 
   398590.6     +/-   0.9103128     %    521114.8     +/-   0.4719811     % 
   660333.2     +/-   0.7707737     %    844250.5     +/-    1.104678     % 
   1080813.     +/-   0.3782513     %    1391205.     +/-   0.6124855     % 
   1787734.     +/-    1.285111     %    2321948.     +/-   0.9817693     % 
   2946049.     +/-   0.8582832     %    3779371.     +/-   0.4410799     % 
   4753153.     +/-    1.362155     %    6177816.     +/-   0.6291513     % 
   7916843.     +/-    1.115963     %   1.0220135E+07 +/-   0.4942116     % 
  1.2938924E+07 +/-    1.303564     %   1.6798016E+07 +/-   0.5652244     % 
  2.1460562E+07 +/-   0.7209055     %   2.7454154E+07 +/-    1.432824     % 
  3.5469564E+07 +/-    1.202149     %   4.6467200E+07 +/-    1.115564     % 
  6.0687232E+07 +/-   0.2328989     %   7.8161584E+07 +/-   0.8454853     % 
  1.0322744E+08 +/-   0.7697954     %   1.3524304E+08 +/-   0.5159712     % 
  1.6586061E+08 +/-    2.560993     %   1.8212528E+08 +/-   0.7873243     % 
  2.1482739E+08 +/-    1.029115     %   2.5158536E+08 +/-   0.8860722     % 
  3.2138054E+08 +/-    1.633610     %   4.7495283E+08 +/-   0.5572513     % 
  1.2149659E+09 +/-   0.3933930     %   5.2690657E+09 +/-   0.6356045     % 
  1.9810107E+10 +/-   0.5549992     %   4.9386594E+10 +/-   0.3962645     % 
  8.3688882E+10 +/-   0.3285465     %   1.0691734E+11 +/-   0.4048780     % 
  1.1244519E+11 +/-   0.3307149     %   1.0280609E+11 +/-   0.4157200     % 
  8.5960172E+10 +/-   0.4661311     %   6.7286708E+10 +/-   0.5463052     % 
  5.0620551E+10 +/-   0.3577211     %   3.6499112E+10 +/-   0.9791230     % 
  2.5864704E+10 +/-   0.8466331     %   1.8331836E+10 +/-    1.067190     % 
  1.2627268E+10 +/-    1.360274     %   8.6796370E+09 +/-    1.949691     % 
  5.8643108E+09 +/-    1.379472     %   4.2279788E+09 +/-   0.8782932     % 
  2.8351322E+09 +/-    4.778106     %   1.2202182E+09 +/-    3.753973     % 


  **** Cumulative Fluxes as a function of energy **** ****      (integrated over solid angle)        ****


  Energy boundaries (GeV):



  Lowest boundary   (GeV):  2.0000000E-02

  Cumul. Flux (Part/cmq/pr):



  Energy boundaries (GeV):

  2.0000000E-02  1.9640300E-02  1.9155400E-02  1.8682500E-02  1.8221200E-02
  1.7771300E-02  1.7332500E-02  1.6904600E-02  1.6487200E-02  1.6080100E-02
  1.5683100E-02  1.5295900E-02  1.4918300E-02  1.4549900E-02  1.4190700E-02
  1.3840300E-02  1.3498600E-02  1.3165300E-02  1.2840200E-02  1.2523200E-02
  1.2214000E-02  1.1912500E-02  1.1618300E-02  1.1331500E-02  1.1051700E-02
  1.0778800E-02  1.0512700E-02  1.0253200E-02  9.9999998E-03  9.7530996E-03
  9.5122904E-03  9.2774397E-03  9.0483697E-03  8.8249696E-03  8.6070802E-03
  8.3945701E-03  8.1873098E-03  7.9851598E-03  7.7880099E-03  7.5957198E-03
  7.4081798E-03  7.2252699E-03  7.0468802E-03  6.8728901E-03  6.7031998E-03
  6.6475999E-03  6.5923799E-03  6.5377001E-03  6.3762800E-03  6.2188501E-03
  6.0653100E-03  5.9155500E-03  5.7695000E-03  5.4881200E-03  5.2204598E-03
  4.9658502E-03  4.8432499E-03  4.7236700E-03  4.6070400E-03  4.4932901E-03
  4.2741499E-03  4.0656999E-03  3.8674099E-03  3.6787901E-03  3.4993801E-03
  3.3287101E-03  3.2465300E-03  3.1663701E-03  3.0881900E-03  3.0119400E-03
  2.8650500E-03  2.7253199E-03  2.5923999E-03  2.4659701E-03  2.4251300E-03
  2.3852000E-03  2.3652499E-03  2.3457000E-03  2.3068599E-03  2.2688799E-03
  2.2313001E-03  2.1224800E-03  2.0189700E-03  1.9691200E-03  1.9205000E-03
  1.8730800E-03  1.8268300E-03  1.7377400E-03  1.6529900E-03  1.6121800E-03
  1.5723699E-03  1.5335500E-03  1.4956900E-03  1.4227401E-03  1.3533500E-03
  1.2873500E-03  1.2245600E-03  1.1943300E-03  1.1648400E-03  1.1080300E-03
  1.0539900E-03  1.0025901E-03  9.7783399E-04  9.6163998E-04  9.5369201E-04
  9.0717903E-04  8.6293602E-04  8.2085002E-04  7.8081700E-04  7.4273598E-04
  7.0651202E-04  6.7205500E-04  6.3927902E-04  6.0810102E-04  5.7844300E-04
  5.5023201E-04  5.3664698E-04  5.2339700E-04  5.1047403E-04  4.9787102E-04
  4.7358900E-04  4.5049199E-04  4.2852099E-04  4.0762199E-04  3.8774201E-04
  3.6883200E-04  3.5084400E-04  3.3373301E-04  3.1745600E-04  3.0961799E-04
  3.0197401E-04  2.9451799E-04  2.8724599E-04  2.8015400E-04  2.7323700E-04
  2.5991100E-04  2.4723500E-04  2.3517800E-04  2.2370800E-04  2.1279699E-04
  2.0241900E-04  1.9254700E-04  1.8315599E-04  1.7422400E-04  1.6992200E-04
  1.6572700E-04  1.6163501E-04  1.5764400E-04  1.4995600E-04  1.4264201E-04
  1.3568600E-04  1.2906799E-04  1.2277300E-04  1.1678600E-04  1.1109000E-04
  9.8036500E-05  8.6516899E-05  7.6350902E-05  6.7379500E-05  6.2510902E-05
  5.9462200E-05  5.6562199E-05  5.2475199E-05  4.6309200E-05  4.0867701E-05
  3.6065601E-05  3.5175199E-05  3.4306700E-05  3.1827800E-05  2.8087899E-05
  2.6058400E-05  2.4787500E-05  2.4175501E-05  2.3578599E-05  2.1874899E-05
  2.1334799E-05  1.9304500E-05  1.7036200E-05  1.5034400E-05  1.3267800E-05
  1.1708800E-05  1.0333000E-05  9.1188203E-06  8.0473301E-06  7.1017398E-06
  6.2672698E-06  5.5308401E-06  5.0045101E-06  4.5282700E-06  4.3074201E-06
  4.0973500E-06  3.7074401E-06  3.3546301E-06  3.0353899E-06  2.8634900E-06
  2.7465401E-06  2.6125899E-06  2.4851699E-06  2.2486699E-06  2.0346799E-06
  1.8410600E-06  1.6658601E-06  1.5846100E-06  1.5073300E-06  1.3638900E-06
  1.2341000E-06  9.6111603E-07  7.4851800E-07  5.8294700E-07  4.5399901E-07
  3.5357499E-07  2.7536399E-07  2.1445400E-07  1.6701701E-07  1.3007300E-07
  1.0130100E-07  7.8893301E-08  6.1442101E-08  4.7851199E-08  3.7266499E-08
  2.9023200E-08  2.2603301E-08  1.7603501E-08  1.3709600E-08  1.0677000E-08
  8.3152898E-09  6.4759500E-09  5.0434799E-09  3.9278598E-09  3.0590199E-09
  2.3823701E-09  1.8553900E-09  1.4449800E-09  1.1253500E-09  8.7642499E-10
  8.3368101E-10  6.8256001E-10  6.2506200E-10  5.3157900E-10  4.1399401E-10
  2.8261499E-10  1.9292901E-10  1.3170399E-10  8.9908601E-11  6.1376598E-11
  4.1899099E-11  2.8602700E-11  1.9525799E-11  1.3329400E-11  9.0993801E-12
  6.2117499E-12  4.2404799E-12  2.8947901E-12  1.9761499E-12  1.3490300E-12
  9.2092198E-13  6.2867300E-13  4.2916701E-13  2.9297300E-13  2.0000000E-13
  Lowest boundary   (GeV):  1.0000100E-14


  Cumul. Flux (Part/cmq/pr):

   0.000000     +/-    0.000000     %    0.000000     +/-    0.000000     % 
   0.000000     +/-    0.000000     %    0.000000     +/-    0.000000     % 
   0.000000     +/-    0.000000     %    0.000000     +/-    0.000000     % 
   0.000000     +/-    0.000000     %    0.000000     +/-    0.000000     % 
   0.000000     +/-    0.000000     %    0.000000     +/-    0.000000     % 
   0.000000     +/-    0.000000     %    0.000000     +/-    0.000000     % 
   0.000000     +/-    0.000000     %    0.000000     +/-    0.000000     % 
   1.199257     +/-   0.4922172     %    1.465037     +/-   0.4507011     % 
   1.567553     +/-   0.4128819     %    1.663825     +/-   0.4013977     % 
   1.773258     +/-   0.4093154     %    1.879207     +/-   0.3722232     % 
   1.964444     +/-   0.3541999     %    2.028867     +/-   0.3172886     % 
   2.081475     +/-   0.3168910     %    2.135150     +/-   0.2972688     % 
   2.191296     +/-   0.2826913     %    2.241784     +/-   0.2581782     % 
   2.285321     +/-   0.2250061     %    2.326802     +/-   0.2225067     % 
   2.367494     +/-   0.2404952     %    2.408135     +/-   0.2491355     % 
   2.449768     +/-   0.2448658     %    2.490916     +/-   0.2397383     % 
   2.530020     +/-   0.2166325     %    2.566630     +/-   0.2282776     % 
   2.603534     +/-   0.2450097     %    2.639129     +/-   0.2605939     % 
   2.676871     +/-   0.2772069     %    2.714208     +/-   0.2696129     % 
   2.758703     +/-   0.2629353     %    2.802779     +/-   0.2539212     % 
   2.844489     +/-   0.2700727     %    2.884905     +/-   0.2660833     % 
   2.930256     +/-   0.2704899     %    2.974944     +/-   0.2810889     % 
   2.990768     +/-   0.2945029     %    3.006756     +/-   0.2906382     % 
   3.023571     +/-   0.3002978     %    3.070726     +/-   0.3191587     % 
   3.117197     +/-   0.3007326     %    3.161246     +/-   0.2876115     % 
   3.200266     +/-   0.2733574     %    3.239253     +/-   0.2393231     % 
   3.314367     +/-   0.2252755     %    3.391620     +/-   0.2331997     % 
   3.464756     +/-   0.2180493     %    3.501203     +/-   0.2264051     % 
   3.539402     +/-   0.2092110     %    3.575400     +/-   0.1983852     % 
   3.607838     +/-   0.1995530     %    3.668719     +/-   0.2031367     % 
   3.738831     +/-   0.2325925     %    3.802531     +/-   0.2257342     % 
   3.857110     +/-   0.2271397     %    3.912641     +/-   0.2426574     % 
   3.967555     +/-   0.2388692     %    3.994284     +/-   0.2464937     % 
   4.023695     +/-   0.2465467     %    4.056630     +/-   0.2517764     % 
   4.087332     +/-   0.2438899     %    4.146681     +/-   0.2584549     % 
   4.205772     +/-   0.2455741     %    4.267268     +/-   0.2409640     % 
   4.325966     +/-   0.2357481     %    4.344881     +/-   0.2325445     % 
   4.364294     +/-   0.2340799     %    4.374746     +/-   0.2343267     % 
   4.385030     +/-   0.2409716     %    4.404973     +/-   0.2383012     % 
   4.424458     +/-   0.2336525     %    4.442389     +/-   0.2231291     % 
   4.490698     +/-   0.2019994     %    4.537630     +/-   0.2109026     % 
   4.560908     +/-   0.2037669     %    4.581764     +/-   0.2137248     % 
   4.601992     +/-   0.2146229     %    4.621846     +/-   0.2049825     % 
   4.666290     +/-   0.1961797     %    4.707931     +/-   0.1900866     % 
   4.727296     +/-   0.1811348     %    4.747343     +/-   0.1772060     % 
   4.767251     +/-   0.1820379     %    4.786880     +/-   0.1809411     % 
   4.826634     +/-   0.1788246     %    4.864563     +/-   0.1773139     % 
   4.897157     +/-   0.1698605     %    4.934873     +/-   0.1676994     % 
   4.952838     +/-   0.1577180     %    4.970826     +/-   0.1646484     % 
   5.002750     +/-   0.1670512     %    5.031580     +/-   0.1618147     % 
   5.056787     +/-   0.1598241     %    5.068746     +/-   0.1557881     % 
   5.077501     +/-   0.1565971     %    5.081789     +/-   0.1537595     % 
   5.109297     +/-   0.1581215     %    5.139266     +/-   0.1580594     % 
   5.171226     +/-   0.1524453     %    5.203593     +/-   0.1537630     % 
   5.233429     +/-   0.1607790     %    5.261342     +/-   0.1630445     % 
   5.288311     +/-   0.1676676     %    5.313478     +/-   0.1687616     % 
   5.337954     +/-   0.1722805     %    5.361839     +/-   0.1667638     % 
   5.384830     +/-   0.1690644     %    5.395841     +/-   0.1687859     % 
   5.406953     +/-   0.1681733     %    5.417686     +/-   0.1674524     % 
   5.428128     +/-   0.1703778     %    5.448736     +/-   0.1693362     % 
   5.466329     +/-   0.1701538     %    5.481112     +/-   0.1707859     % 
   5.497428     +/-   0.1714693     %    5.515414     +/-   0.1679773     % 
   5.533109     +/-   0.1669544     %    5.551608     +/-   0.1705373     % 
   5.570974     +/-   0.1754405     %    5.589617     +/-   0.1735296     % 
   5.598485     +/-   0.1731288     %    5.607339     +/-   0.1744955     % 
   5.615980     +/-   0.1717622     %    5.624792     +/-   0.1725875     % 
   5.633029     +/-   0.1702377     %    5.641133     +/-   0.1708562     % 
   5.657528     +/-   0.1669309     %    5.673266     +/-   0.1662224     % 
   5.687585     +/-   0.1647659     %    5.702087     +/-   0.1609729     % 
   5.716314     +/-   0.1592806     %    5.730314     +/-   0.1611546     % 
   5.744040     +/-   0.1590561     %    5.757325     +/-   0.1588043     % 
   5.770172     +/-   0.1625536     %    5.776551     +/-   0.1629721     % 
   5.783052     +/-   0.1620438     %    5.789097     +/-   0.1616084     % 
   5.794959     +/-   0.1599758     %    5.807384     +/-   0.1578064     % 
   5.819080     +/-   0.1561856     %    5.830313     +/-   0.1556187     % 
   5.841571     +/-   0.1566004     %    5.853161     +/-   0.1557762     % 
   5.864169     +/-   0.1574135     %    5.874877     +/-   0.1554327     % 
   5.901486     +/-   0.1513640     %    5.926243     +/-   0.1531886     % 
   5.950411     +/-   0.1467146     %    5.973948     +/-   0.1472561     % 
   5.987734     +/-   0.1456744     %    5.996571     +/-   0.1449030     % 
   6.005280     +/-   0.1464811     %    6.017978     +/-   0.1435904     % 
   6.038986     +/-   0.1426703     %    6.059211     +/-   0.1402756     % 
   6.078701     +/-   0.1409160     %    6.082658     +/-   0.1402290     % 
   6.086494     +/-   0.1385813     %    6.098265     +/-   0.1378303     % 
   6.117626     +/-   0.1405878     %    6.128904     +/-   0.1391108     % 
   6.136111     +/-   0.1385546     %    6.139797     +/-   0.1381656     % 
   6.143393     +/-   0.1383875     %    6.154399     +/-   0.1408332     % 
   6.158060     +/-   0.1408308     %    6.172698     +/-   0.1420822     % 
   6.190697     +/-   0.1428838     %    6.208110     +/-   0.1446426     % 
   6.225717     +/-   0.1438743     %    6.242896     +/-   0.1428206     % 
   6.260613     +/-   0.1413574     %    6.277697     +/-   0.1408196     % 
   6.294682     +/-   0.1426270     %    6.311772     +/-   0.1412943     % 
   6.327992     +/-   0.1415756     %    6.344557     +/-   0.1404905     % 
   6.357805     +/-   0.1402293     %    6.370770     +/-   0.1390228     % 
   6.377137     +/-   0.1401175     %    6.383811     +/-   0.1387115     % 
   6.396722     +/-   0.1405445     %    6.409641     +/-   0.1418467     % 
   6.422430     +/-   0.1424063     %    6.429943     +/-   0.1427012     % 
   6.435254     +/-   0.1422666     %    6.441796     +/-   0.1413098     % 
   6.448264     +/-   0.1401666     %    6.461070     +/-   0.1398950     % 
   6.473936     +/-   0.1376422     %    6.486908     +/-   0.1376650     % 
   6.499683     +/-   0.1371131     %    6.506142     +/-   0.1373568     % 
   6.512490     +/-   0.1366612     %    6.525320     +/-   0.1403080     % 
   6.537960     +/-   0.1392511     %    6.569935     +/-   0.1400436     % 
   6.601929     +/-   0.1391976     %    6.633548     +/-   0.1376837     % 
   6.665069     +/-   0.1374685     %    6.696317     +/-   0.1348901     % 
   6.727491     +/-   0.1304141     %    6.759232     +/-   0.1312737     % 
   6.790556     +/-   0.1312931     %    6.821746     +/-   0.1330953     % 
   6.852843     +/-   0.1308437     %    6.884017     +/-   0.1314318     % 
   6.915215     +/-   0.1346107     %    6.946773     +/-   0.1347213     % 
   6.977956     +/-   0.1356707     %    7.009110     +/-   0.1346675     % 
   7.039625     +/-   0.1388012     %    7.070513     +/-   0.1395562     % 
   7.101340     +/-   0.1391555     %    7.132334     +/-   0.1395158     % 
   7.162892     +/-   0.1411449     %    7.193789     +/-   0.1394020     % 
   7.224531     +/-   0.1413800     %    7.255159     +/-   0.1376367     % 
   7.285976     +/-   0.1379541     %    7.317418     +/-   0.1391633     % 
   7.349399     +/-   0.1390436     %    7.381477     +/-   0.1358674     % 
   7.414472     +/-   0.1349729     %    7.448138     +/-   0.1325414     % 
   7.455227     +/-   0.1330128     %    7.482750     +/-   0.1321502     % 
   7.495102     +/-   0.1327673     %    7.518621     +/-   0.1322757     % 
   7.556411     +/-   0.1319903     %    7.618810     +/-   0.1312813     % 
   7.727775     +/-   0.1322487     %    8.050373     +/-   0.1395416     % 
   8.878345     +/-   0.1579006     %    10.28744     +/-   0.1853847     % 
   11.91749     +/-   0.2034946     %    13.33911     +/-   0.2186306     % 
   14.35976     +/-   0.2257382     %    14.99679     +/-   0.2335898     % 
   15.36040     +/-   0.2383920     %    15.55470     +/-   0.2414363     % 
   15.65449     +/-   0.2417669     %    15.70361     +/-   0.2436112     % 
   15.72737     +/-   0.2442556     %    15.73886     +/-   0.2447589     % 
   15.74427     +/-   0.2449152     %    15.74681     +/-   0.2450169     % 
   15.74798     +/-   0.2449981     %    15.74855     +/-   0.2450165     % 
   15.74881     +/-   0.2450773     %    15.74905     +/-   0.2450406     % 
