 # Detector n:            1   NFLUX1    
 # N. of energy intervals         260
  1.0000100E-14  2.0000000E-13  7.6681389E+08   4.216599    
  2.0000000E-13  2.9297300E-13  1.7747244E+09   5.624250    
  2.9297300E-13  4.2916701E-13  2.5261652E+09   3.611608    
  4.2916701E-13  6.2867300E-13  3.5457004E+09   1.332382    
  6.2867300E-13  9.2092198E-13  5.3510159E+09   1.749150    
  9.2092198E-13  1.3490300E-12  7.7350897E+09   1.693044    
  1.3490300E-12  1.9761499E-12  1.1303306E+10  0.5838116    
  1.9761499E-12  2.8947901E-12  1.5890507E+10  0.6391037    
  2.8947901E-12  4.2404799E-12  2.2180954E+10   1.117892    
  4.2404799E-12  6.2117499E-12  3.0699045E+10  0.4949696    
  6.2117499E-12  9.0993801E-12  4.0909095E+10  0.4978294    
  9.0993801E-12  1.3329400E-11  5.2516774E+10  0.4730322    
  1.3329400E-11  1.9525799E-11  6.2695686E+10  0.5332451    
  1.9525799E-11  2.8602700E-11  6.8553589E+10  0.5122173    
  2.8602700E-11  4.1899099E-11  6.5245991E+10  0.4855391    
  4.1899099E-11  6.1376598E-11  5.0886156E+10  0.3278793    
  6.1376598E-11  8.9908601E-11  3.0101131E+10  0.4543064    
  8.9908601E-11  1.3170399E-10  1.2030072E+10  0.5064613    
  1.3170399E-10  1.9292901E-10  3.2232166E+09  0.7403444    
  1.9292901E-10  2.8261499E-10  7.8182822E+08  0.4451691    
  2.8261499E-10  4.1399401E-10  3.1580362E+08   1.187306    
  4.1399401E-10  5.3157900E-10  2.1598496E+08  0.8947645    
  5.3157900E-10  6.2506200E-10  1.6842102E+08  0.6141292    
  6.2506200E-10  6.8256001E-10  1.4630630E+08   2.950246    
  6.8256001E-10  8.3368101E-10  1.2560554E+08  0.9615663    
  8.3368101E-10  8.7642499E-10  1.0672536E+08   2.896396    
  8.7642499E-10  1.1253500E-09  9.1906000E+07   1.423615    
  1.1253500E-09  1.4449800E-09  7.0224656E+07   1.114135    
  1.4449800E-09  1.8553900E-09  5.4389532E+07  0.8109387    
  1.8553900E-09  2.3823701E-09  4.1267688E+07  0.9968196    
  2.3823701E-09  3.0590199E-09  3.1896882E+07   1.150684    
  3.0590199E-09  3.9278598E-09  2.4849150E+07  0.9533965    
  3.9278598E-09  5.0434799E-09  1.9362846E+07   1.436581    
  5.0434799E-09  6.4759500E-09  1.4974611E+07  0.3067831    
  6.4759500E-09  8.3152898E-09  1.1630129E+07   1.957063    
  8.3152898E-09  1.0677000E-08   9053257.       1.180998    
  1.0677000E-08  1.3709600E-08   7213106.      0.7936575    
  1.3709600E-08  1.7603501E-08   5614412.       1.307932    
  1.7603501E-08  2.2603301E-08   4409626.       1.065861    
  2.2603301E-08  2.9023200E-08   3487918.       1.632545    
  2.9023200E-08  3.7266499E-08   2691968.       1.061130    
  3.7266499E-08  4.7851199E-08   2093721.       1.342973    
  4.7851199E-08  6.1442101E-08   1617473.       1.045628    
  6.1442101E-08  7.8893301E-08   1291895.      0.7904492    
  7.8893301E-08  1.0130100E-07   1001532.       1.041247    
  1.0130100E-07  1.3007300E-07   779289.7      0.4627441    
  1.3007300E-07  1.6701701E-07   617852.5      0.1515602    
  1.6701701E-07  2.1445400E-07   478530.7       1.178822    
  2.1445400E-07  2.7536399E-07   382780.5       1.100671    
  2.7536399E-07  3.5357499E-07   286520.3      0.7670896    
  3.5357499E-07  4.5399901E-07   221983.8       1.327142    
  4.5399901E-07  5.8294700E-07   176236.7       1.017628    
  5.8294700E-07  7.4851800E-07   138200.5       1.129641    
  7.4851800E-07  9.6111603E-07   110269.7       1.175425    
  9.6111603E-07  1.2341000E-06   83369.12      0.7675387    
  1.2341000E-06  1.3638900E-06   72406.29       2.552414    
  1.3638900E-06  1.5073300E-06   64124.89       1.470979    
  1.5073300E-06  1.5846100E-06   64151.10       1.630647    
  1.5846100E-06  1.6658601E-06   56684.67       3.731045    
  1.6658601E-06  1.8410600E-06   53466.62       2.140228    
  1.8410600E-06  2.0346799E-06   47371.39       1.351492    
  2.0346799E-06  2.2486699E-06   43501.56       1.175886    
  2.2486699E-06  2.4851699E-06   39749.35       1.346927    
  2.4851699E-06  2.6125899E-06   37571.35       2.649492    
  2.6125899E-06  2.7465401E-06   34686.84       1.309466    
  2.7465401E-06  2.8634900E-06   33479.16       1.130415    
  2.8634900E-06  3.0353899E-06   31887.63       2.973267    
  3.0353899E-06  3.3546301E-06   30058.17       1.574832    
  3.3546301E-06  3.7074401E-06   27187.67       2.780051    
  3.7074401E-06  4.0973500E-06   24416.34       1.586857    
  4.0973500E-06  4.3074201E-06   23501.66       1.680153    
  4.3074201E-06  4.5282700E-06   21959.04       2.490366    
  4.5282700E-06  5.0045101E-06   19953.58       1.320345    
  5.0045101E-06  5.5308401E-06   18413.89       1.281457    
  5.5308401E-06  6.2672698E-06   16525.19      0.7504774    
  6.2672698E-06  7.1017398E-06   15030.68       1.847878    
  7.1017398E-06  8.0473301E-06   12824.19       1.564626    
  8.0473301E-06  9.1188203E-06   11606.79      0.7478129    
  9.1188203E-06  1.0333000E-05   10573.13       1.693917    
  1.0333000E-05  1.1708800E-05   9447.302       1.460501    
  1.1708800E-05  1.3267800E-05   8261.557       1.415732    
  1.3267800E-05  1.5034400E-05   7417.737       1.873784    
  1.5034400E-05  1.7036200E-05   6614.152       1.789142    
  1.7036200E-05  1.9304500E-05   5937.322       2.273591    
  1.9304500E-05  2.1334799E-05   5236.524       1.071779    
  2.1334799E-05  2.1874899E-05   4988.433       2.950705    
  2.1874899E-05  2.3578599E-05   4745.534       2.361331    
  2.3578599E-05  2.4175501E-05   4601.706       1.378290    
  2.4175501E-05  2.4787500E-05   4395.161       2.700591    
  2.4787500E-05  2.6058400E-05   4363.139       2.834188    
  2.6058400E-05  2.8087899E-05   4194.377       2.054208    
  2.8087899E-05  3.1827800E-05   3806.650       1.267075    
  3.1827800E-05  3.4306700E-05   3633.852       1.847931    
  3.4306700E-05  3.5175199E-05   3243.978       3.986331    
  3.5175199E-05  3.6065601E-05   3342.283       3.663727    
  3.6065601E-05  4.0867701E-05   3122.061       2.030167    
  4.0867701E-05  4.6309200E-05   2876.152      0.8510998    
  4.6309200E-05  5.2475199E-05   2560.998      0.7165428    
  5.2475199E-05  5.6562199E-05   2364.620       1.694705    
  5.6562199E-05  5.9462200E-05   2265.657       1.704280    
  5.9462200E-05  6.2510902E-05   2147.234       1.837089    
  6.2510902E-05  6.7379500E-05   2141.464       2.338951    
  6.7379500E-05  7.6350902E-05   1962.689       1.277429    
  7.6350902E-05  8.6516899E-05   1784.982       1.992113    
  8.6516899E-05  9.8036500E-05   1617.815      0.6675613    
  9.8036500E-05  1.1109000E-04   1503.374       1.347067    
  1.1109000E-04  1.1678600E-04   1476.191       1.656311    
  1.1678600E-04  1.2277300E-04   1448.311       2.432270    
  1.2277300E-04  1.2906799E-04   1352.567      0.6816551    
  1.2906799E-04  1.3568600E-04   1331.508       1.168664    
  1.3568600E-04  1.4264201E-04   1264.453       1.427148    
  1.4264201E-04  1.4995600E-04   1299.446       1.204670    
  1.4995600E-04  1.5764400E-04   1235.428       2.016524    
  1.5764400E-04  1.6163501E-04   1256.256       3.263294    
  1.6163501E-04  1.6572700E-04   1205.626       3.175856    
  1.6572700E-04  1.6992200E-04   1128.190       1.845831    
  1.6992200E-04  1.7422400E-04   1157.319       4.309264    
  1.7422400E-04  1.8315599E-04   1071.686       2.650140    
  1.8315599E-04  1.9254700E-04   1102.908       2.063990    
  1.9254700E-04  2.0241900E-04   1045.526       1.313377    
  2.0241900E-04  2.1279699E-04   1007.263       2.238828    
  2.1279699E-04  2.2370800E-04   1009.910       1.818397    
  2.2370800E-04  2.3517800E-04   957.3936       2.227869    
  2.3517800E-04  2.4723500E-04   972.1975       2.425961    
  2.4723500E-04  2.5991100E-04   936.9977       1.890511    
  2.5991100E-04  2.7323700E-04   920.4545       2.026798    
  2.7323700E-04  2.8015400E-04   912.5673       3.376941    
  2.8015400E-04  2.8724599E-04   903.7413       2.795280    
  2.8724599E-04  2.9451799E-04   917.5974       1.339616    
  2.9451799E-04  3.0197401E-04   873.2432       2.286884    
  3.0197401E-04  3.0961799E-04   880.8386       3.334322    
  3.0961799E-04  3.1745600E-04   907.4085       3.314442    
  3.1745600E-04  3.3373301E-04   876.9615       1.644567    
  3.3373301E-04  3.5084400E-04   867.9766       2.155299    
  3.5084400E-04  3.6883200E-04   804.9642       2.371045    
  3.6883200E-04  3.8774201E-04   732.7678       2.594823    
  3.8774201E-04  4.0762199E-04   705.9377       2.235046    
  4.0762199E-04  4.2852099E-04   618.0438       2.097473    
  4.2852099E-04  4.5049199E-04   543.5311      0.7484761    
  4.5049199E-04  4.7358900E-04   593.0853       2.760262    
  4.7358900E-04  4.9787102E-04   656.1782       1.393920    
  4.9787102E-04  5.1047403E-04   661.2979       1.560454    
  5.1047403E-04  5.2339700E-04   652.3541       2.112269    
  5.2339700E-04  5.3664698E-04   625.3143       4.014019    
  5.3664698E-04  5.5023201E-04   652.3121       1.368198    
  5.5023201E-04  5.7844300E-04   636.0859       2.662043    
  5.7844300E-04  6.0810102E-04   610.6234       1.879106    
  6.0810102E-04  6.3927902E-04   651.7372      0.9705158    
  6.3927902E-04  6.7205500E-04   594.7662       1.408472    
  6.7205500E-04  7.0651202E-04   606.8344       1.889796    
  7.0651202E-04  7.4273598E-04   606.7700      0.6715634    
  7.4273598E-04  7.8081700E-04   661.2039       1.020133    
  7.8081700E-04  8.2085002E-04   649.6390      0.9383625    
  8.2085002E-04  8.6293602E-04   614.5167       1.456396    
  8.6293602E-04  9.0717903E-04   523.7916       1.409439    
  9.0717903E-04  9.5369201E-04   475.7770       1.549983    
  9.5369201E-04  9.6163998E-04   477.7157       2.257909    
  9.6163998E-04  9.7783399E-04   443.1489       1.659035    
  9.7783399E-04  1.0025901E-03   405.7845       1.634840    
  1.0025901E-03  1.0539900E-03   410.7033       2.659978    
  1.0539900E-03  1.1080300E-03   428.3900       2.134915    
  1.1080300E-03  1.1648400E-03   442.0504       2.399229    
  1.1648400E-03  1.1943300E-03   477.4704       3.183318    
  1.1943300E-03  1.2245600E-03   467.0242       2.702624    
  1.2245600E-03  1.2873500E-03   470.7905       1.906990    
  1.2873500E-03  1.3533500E-03   392.0518      0.6758803    
  1.3533500E-03  1.4227401E-03   444.4484       2.024312    
  1.4227401E-03  1.4956900E-03   469.8005       1.691800    
  1.4956900E-03  1.5335500E-03   452.5539       1.916873    
  1.5335500E-03  1.5723699E-03   428.6315      0.8947470    
  1.5723699E-03  1.6121800E-03   431.8988       3.401501    
  1.6121800E-03  1.6529900E-03   418.5944       1.326039    
  1.6529900E-03  1.7377400E-03   429.0628       2.411273    
  1.7377400E-03  1.8268300E-03   416.5131       1.620544    
  1.8268300E-03  1.8730800E-03   367.8839       3.753873    
  1.8730800E-03  1.9205000E-03   372.7294       1.878631    
  1.9205000E-03  1.9691200E-03   367.5696       3.159997    
  1.9691200E-03  2.0189700E-03   385.6589       4.315801    
  2.0189700E-03  2.1224800E-03   380.4799       1.243127    
  2.1224800E-03  2.2313001E-03   391.2374       1.157873    
  2.2313001E-03  2.2688799E-03   379.8781       4.320220    
  2.2688799E-03  2.3068599E-03   387.9246       3.672038    
  2.3068599E-03  2.3457000E-03   402.4321       2.030023    
  2.3457000E-03  2.3652499E-03   425.4352       3.322375    
  2.3652499E-03  2.3852000E-03   388.6524       5.636792    
  2.3852000E-03  2.4251300E-03   408.8027       2.863926    
  2.4251300E-03  2.4659701E-03   386.9628       1.421796    
  2.4659701E-03  2.5923999E-03   394.3066      0.7477435    
  2.5923999E-03  2.7253199E-03   390.8441       1.000754    
  2.7253199E-03  2.8650500E-03   351.0550       1.919214    
  2.8650500E-03  3.0119400E-03   322.6786      0.7231564    
  3.0119400E-03  3.0881900E-03   322.5069       1.762083    
  3.0881900E-03  3.1663701E-03   323.6822       2.537309    
  3.1663701E-03  3.2465300E-03   308.9236       2.129467    
  3.2465300E-03  3.3287101E-03   305.6561       4.155384    
  3.3287101E-03  3.4993801E-03   285.0501      0.9807907    
  3.4993801E-03  3.6787901E-03   266.9312       2.133337    
  3.6787901E-03  3.8674099E-03   249.1280      0.8832656    
  3.8674099E-03  4.0656999E-03   253.1645       1.626519    
  4.0656999E-03  4.2741499E-03   257.5979       1.141927    
  4.2741499E-03  4.4932901E-03   224.0988      0.9771920    
  4.4932901E-03  4.6070400E-03   223.3482       2.452251    
  4.6070400E-03  4.7236700E-03   239.5556       2.966758    
  4.7236700E-03  4.8432499E-03   265.8019       1.584639    
  4.8432499E-03  4.9658502E-03   257.9197       1.755552    
  4.9658502E-03  5.2204598E-03   246.0497       1.864380    
  5.2204598E-03  5.4881200E-03   235.2659       1.422197    
  5.4881200E-03  5.7695000E-03   257.8432       1.232864    
  5.7695000E-03  5.9155500E-03   264.0398      0.8572466    
  5.9155500E-03  6.0653100E-03   240.4521       2.230543    
  6.0653100E-03  6.2188501E-03   242.5549       3.219874    
  6.2188501E-03  6.3762800E-03   241.4355       1.618025    
  6.3762800E-03  6.5377001E-03   241.8994      0.9757140    
  6.5377001E-03  6.5923799E-03   236.5716       2.297061    
  6.5923799E-03  6.6475999E-03   246.7183       3.449063    
  6.6475999E-03  6.7031998E-03   234.6454       2.761065    
  6.7031998E-03  6.8728901E-03   215.6199       3.067383    
  6.8728901E-03  7.0468802E-03   208.9353       3.041955    
  7.0468802E-03  7.2252699E-03   189.0543       3.147629    
  7.2252699E-03  7.4081798E-03   183.9101       1.820894    
  7.4081798E-03  7.5957198E-03   187.8728       2.022946    
  7.5957198E-03  7.7880099E-03   188.2382       3.162324    
  7.7880099E-03  7.9851598E-03   156.7647      0.9589156    
  7.9851598E-03  8.1873098E-03   135.0664       1.933887    
  8.1873098E-03  8.3945701E-03   133.7162       2.680523    
  8.3945701E-03  8.6070802E-03   141.1621       2.008338    
  8.6070802E-03  8.8249696E-03   137.2659       3.531312    
  8.8249696E-03  9.0483697E-03   138.4894       2.925837    
  9.0483697E-03  9.2774397E-03   134.4181       2.153857    
  9.2774397E-03  9.5122904E-03   139.8741       1.755087    
  9.5122904E-03  9.7530996E-03   135.3933       1.652995    
  9.7530996E-03  9.9999998E-03   132.0319       1.750938    
  9.9999998E-03  1.0253200E-02   133.8996       1.766610    
  1.0253200E-02  1.0512700E-02   132.7956       3.125389    
  1.0512700E-02  1.0778800E-02   147.3700       2.087909    
  1.0778800E-02  1.1051700E-02   281.5372       1.148852    
  1.1051700E-02  1.1331500E-02   234.9539       1.274646    
  1.1331500E-02  1.1618300E-02   172.8888       2.067445    
  1.1618300E-02  1.1912500E-02   223.6517       1.065143    
  1.1912500E-02  1.2214000E-02   314.3661      0.7597771    
  1.2214000E-02  1.2523200E-02   366.0966      0.4594209    
  1.2523200E-02  1.2840200E-02   369.6933      0.8327531    
  1.2840200E-02  1.3165300E-02   299.9040      0.5726088    
  1.3165300E-02  1.3498600E-02   255.4008      0.7801828    
  1.3498600E-02  1.3840300E-02   797.6070      0.5322043    
  1.3840300E-02  1.4190700E-02   19180.96      6.2524222E-02
  1.4190700E-02  1.4549900E-02   0.000000       0.000000    
  1.4549900E-02  1.4918300E-02   0.000000       0.000000    
  1.4918300E-02  1.5295900E-02   0.000000       0.000000    
  1.5295900E-02  1.5683100E-02   0.000000       0.000000    
  1.5683100E-02  1.6080100E-02   0.000000       0.000000    
  1.6080100E-02  1.6487200E-02   0.000000       0.000000    
  1.6487200E-02  1.6904600E-02   0.000000       0.000000    
  1.6904600E-02  1.7332500E-02   0.000000       0.000000    
  1.7332500E-02  1.7771300E-02   0.000000       0.000000    
  1.7771300E-02  1.8221200E-02   0.000000       0.000000    
  1.8221200E-02  1.8682500E-02   0.000000       0.000000    
  1.8682500E-02  1.9155400E-02   0.000000       0.000000    
  1.9155400E-02  1.9640300E-02   0.000000       0.000000    
  1.9640300E-02  2.0000000E-02   0.000000       0.000000    


 # Detector n:            2   NFLUX2    
 # N. of energy intervals         260
  1.0000100E-14  2.0000000E-13  1.8730056E+09   2.769125    
  2.0000000E-13  2.9297300E-13  4.3508854E+09   2.163250    
  2.9297300E-13  4.2916701E-13  6.2641956E+09   2.392869    
  4.2916701E-13  6.2867300E-13  9.4338560E+09   1.438330    
  6.2867300E-13  9.2092198E-13  1.3585804E+10  0.8930214    
  9.2092198E-13  1.3490300E-12  2.0036579E+10   1.121681    
  1.3490300E-12  1.9761499E-12  2.8322922E+10  0.4869238    
  1.9761499E-12  2.8947901E-12  4.0722006E+10  0.4883857    
  2.8947901E-12  4.2404799E-12  5.7562296E+10  0.3701296    
  4.2404799E-12  6.2117499E-12  7.8515151E+10  0.2129942    
  6.2117499E-12  9.0993801E-12  1.0523795E+11  0.1592359    
  9.0993801E-12  1.3329400E-11  1.3424796E+11  0.3263899    
  1.3329400E-11  1.9525799E-11  1.6106578E+11  0.1503195    
  1.9525799E-11  2.8602700E-11  1.7598369E+11  0.2933369    
  2.8602700E-11  4.1899099E-11  1.6777298E+11  0.2185079    
  4.1899099E-11  6.1376598E-11  1.3115258E+11  0.1844985    
  6.1376598E-11  8.9908601E-11  7.7160186E+10  0.2400064    
  8.9908601E-11  1.3170399E-10  3.0758339E+10  0.1590907    
  1.3170399E-10  1.9292901E-10  8.1171907E+09  0.2527376    
  1.9292901E-10  2.8261499E-10  1.8321560E+09  0.4698665    
  2.8261499E-10  4.1399401E-10  7.0881114E+08  0.6609607    
  4.1399401E-10  5.3157900E-10  4.7202550E+08  0.6649554    
  5.3157900E-10  6.2506200E-10  3.7786573E+08  0.7691345    
  6.2506200E-10  6.8256001E-10  3.2099011E+08  0.6052341    
  6.8256001E-10  8.3368101E-10  2.6806763E+08   1.034111    
  8.3368101E-10  8.7642499E-10  2.4022550E+08  0.7430198    
  8.7642499E-10  1.1253500E-09  2.0200648E+08   1.259386    
  1.1253500E-09  1.4449800E-09  1.5275744E+08  0.5428598    
  1.4449800E-09  1.8553900E-09  1.1551880E+08  0.4363972    
  1.8553900E-09  2.3823701E-09  8.9348424E+07  0.5624781    
  2.3823701E-09  3.0590199E-09  6.8497144E+07  0.4104753    
  3.0590199E-09  3.9278598E-09  5.2438068E+07  0.6928071    
  3.9278598E-09  5.0434799E-09  4.0768328E+07   1.139868    
  5.0434799E-09  6.4759500E-09  3.2391562E+07   1.276011    
  6.4759500E-09  8.3152898E-09  2.5078818E+07  0.6173648    
  8.3152898E-09  1.0677000E-08  1.9333722E+07  0.6854061    
  1.0677000E-08  1.3709600E-08  1.4936549E+07  0.2809059    
  1.3709600E-08  1.7603501E-08  1.1780435E+07  0.6222388    
  1.7603501E-08  2.2603301E-08   9111395.      0.9792372    
  2.2603301E-08  2.9023200E-08   7085962.      0.6042007    
  2.9023200E-08  3.7266499E-08   5538486.       1.015215    
  3.7266499E-08  4.7851199E-08   4301834.       1.136124    
  4.7851199E-08  6.1442101E-08   3348419.      0.4844439    
  6.1442101E-08  7.8893301E-08   2604900.      0.8192871    
  7.8893301E-08  1.0130100E-07   2041830.      0.5129954    
  1.0130100E-07  1.3007300E-07   1603641.      0.2440351    
  1.3007300E-07  1.6701701E-07   1231274.      0.4284499    
  1.6701701E-07  2.1445400E-07   950566.8       1.322780    
  2.1445400E-07  2.7536399E-07   752556.4      0.6703916    
  2.7536399E-07  3.5357499E-07   581107.7      0.8394210    
  3.5357499E-07  4.5399901E-07   455933.8       1.049309    
  4.5399901E-07  5.8294700E-07   356163.7      0.6020371    
  5.8294700E-07  7.4851800E-07   274227.2      0.7604110    
  7.4851800E-07  9.6111603E-07   219143.2      0.6830792    
  9.6111603E-07  1.2341000E-06   170561.9      0.5535392    
  1.2341000E-06  1.3638900E-06   142232.0       1.191395    
  1.3638900E-06  1.5073300E-06   126399.0       1.201492    
  1.5073300E-06  1.5846100E-06   121577.6       1.889977    
  1.5846100E-06  1.6658601E-06   113376.3      0.9960052    
  1.6658601E-06  1.8410600E-06   103845.6       1.300839    
  1.8410600E-06  2.0346799E-06   93705.84      0.9250745    
  2.0346799E-06  2.2486699E-06   87315.98       1.170526    
  2.2486699E-06  2.4851699E-06   79414.34       1.513871    
  2.4851699E-06  2.6125899E-06   69625.88       1.477586    
  2.6125899E-06  2.7465401E-06   72338.26      0.9713609    
  2.7465401E-06  2.8634900E-06   66121.60       3.309111    
  2.8634900E-06  3.0353899E-06   63443.56       1.206089    
  3.0353899E-06  3.3546301E-06   57503.93       1.061195    
  3.3546301E-06  3.7074401E-06   51971.51      0.9682567    
  3.7074401E-06  4.0973500E-06   47515.62       1.190497    
  4.0973500E-06  4.3074201E-06   43757.45       1.515602    
  4.3074201E-06  4.5282700E-06   42258.55       1.330202    
  4.5282700E-06  5.0045101E-06   39854.53      0.3807597    
  5.0045101E-06  5.5308401E-06   35610.22       1.088336    
  5.5308401E-06  6.2672698E-06   31572.92      0.8926822    
  6.2672698E-06  7.1017398E-06   28467.05      0.9192114    
  7.1017398E-06  8.0473301E-06   25278.40       1.337547    
  8.0473301E-06  9.1188203E-06   22775.17       1.063226    
  9.1188203E-06  1.0333000E-05   19836.60      0.9081183    
  1.0333000E-05  1.1708800E-05   17559.20       1.006140    
  1.1708800E-05  1.3267800E-05   15554.42       1.006939    
  1.3267800E-05  1.5034400E-05   13908.36       1.919091    
  1.5034400E-05  1.7036200E-05   12500.27      0.4391064    
  1.7036200E-05  1.9304500E-05   11079.87       1.024855    
  1.9304500E-05  2.1334799E-05   10292.32       1.301046    
  2.1334799E-05  2.1874899E-05   9461.564       2.534394    
  2.1874899E-05  2.3578599E-05   9093.901       1.097933    
  2.3578599E-05  2.4175501E-05   8761.633       1.479900    
  2.4175501E-05  2.4787500E-05   8357.271       3.548717    
  2.4787500E-05  2.6058400E-05   8192.161       1.547666    
  2.6058400E-05  2.8087899E-05   7677.115       2.082587    
  2.8087899E-05  3.1827800E-05   7225.583       1.240404    
  3.1827800E-05  3.4306700E-05   6469.155       1.178092    
  3.4306700E-05  3.5175199E-05   6308.339       2.082029    
  3.5175199E-05  3.6065601E-05   6179.184      0.8338979    
  3.6065601E-05  4.0867701E-05   5834.695      0.7582109    
  4.0867701E-05  4.6309200E-05   5379.194      0.7420756    
  4.6309200E-05  5.2475199E-05   4833.047       1.248752    
  5.2475199E-05  5.6562199E-05   4548.250       1.422225    
  5.6562199E-05  5.9462200E-05   4279.976       1.226767    
  5.9462200E-05  6.2510902E-05   4098.505       1.262301    
  6.2510902E-05  6.7379500E-05   3973.093      0.9111941    
  6.7379500E-05  7.6350902E-05   3648.204      0.6151204    
  7.6350902E-05  8.6516899E-05   3277.456      0.9067541    
  8.6516899E-05  9.8036500E-05   3095.170       1.086155    
  9.8036500E-05  1.1109000E-04   2807.076       1.035454    
  1.1109000E-04  1.1678600E-04   2687.388       1.611859    
  1.1678600E-04  1.2277300E-04   2511.212       2.133176    
  1.2277300E-04  1.2906799E-04   2600.084      0.6057102    
  1.2906799E-04  1.3568600E-04   2402.534      0.9233904    
  1.3568600E-04  1.4264201E-04   2371.931       2.130970    
  1.4264201E-04  1.4995600E-04   2325.255      0.9539067    
  1.4995600E-04  1.5764400E-04   2231.062       1.801666    
  1.5764400E-04  1.6163501E-04   2056.872       3.648118    
  1.6163501E-04  1.6572700E-04   2093.496       2.723528    
  1.6572700E-04  1.6992200E-04   2156.081       1.683624    
  1.6992200E-04  1.7422400E-04   2059.928       1.477434    
  1.7422400E-04  1.8315599E-04   1996.049       1.812317    
  1.8315599E-04  1.9254700E-04   1999.671       1.004399    
  1.9254700E-04  2.0241900E-04   1909.782       2.037021    
  2.0241900E-04  2.1279699E-04   1859.462       1.517206    
  2.1279699E-04  2.2370800E-04   1795.007       1.111337    
  2.2370800E-04  2.3517800E-04   1857.455       2.027309    
  2.3517800E-04  2.4723500E-04   1738.779       1.961456    
  2.4723500E-04  2.5991100E-04   1668.536       1.023937    
  2.5991100E-04  2.7323700E-04   1632.453       2.046175    
  2.7323700E-04  2.8015400E-04   1640.616       1.132901    
  2.8015400E-04  2.8724599E-04   1550.166       2.084466    
  2.8724599E-04  2.9451799E-04   1628.944       2.433710    
  2.9451799E-04  3.0197401E-04   1613.040       1.133610    
  3.0197401E-04  3.0961799E-04   1599.350       1.405918    
  3.0961799E-04  3.1745600E-04   1607.543       1.065702    
  3.1745600E-04  3.3373301E-04   1601.678       1.524089    
  3.3373301E-04  3.5084400E-04   1569.176       1.742619    
  3.5084400E-04  3.6883200E-04   1414.125       1.642890    
  3.6883200E-04  3.8774201E-04   1281.285      0.9843014    
  3.8774201E-04  4.0762199E-04   1234.316      0.8567574    
  4.0762199E-04  4.2852099E-04   1070.849       1.322327    
  4.2852099E-04  4.5049199E-04   934.8068       1.682316    
  4.5049199E-04  4.7358900E-04   1064.867      0.5260585    
  4.7358900E-04  4.9787102E-04   1176.575       2.865385    
  4.9787102E-04  5.1047403E-04   1173.317       1.382398    
  5.1047403E-04  5.2339700E-04   1160.007       2.791571    
  5.2339700E-04  5.3664698E-04   1187.757       1.471655    
  5.3664698E-04  5.5023201E-04   1188.604       1.069492    
  5.5023201E-04  5.7844300E-04   1136.672       1.903809    
  5.7844300E-04  6.0810102E-04   1094.374       2.270064    
  6.0810102E-04  6.3927902E-04   1106.641       1.578299    
  6.3927902E-04  6.7205500E-04   1044.928       1.471227    
  6.7205500E-04  7.0651202E-04   1056.566       1.473408    
  7.0651202E-04  7.4273598E-04   1033.014       1.155725    
  7.4273598E-04  7.8081700E-04   1058.383       1.494955    
  7.8081700E-04  8.2085002E-04   1139.290       1.033092    
  8.2085002E-04  8.6293602E-04   1049.996       1.115531    
  8.6293602E-04  9.0717903E-04   895.9057       1.266167    
  9.0717903E-04  9.5369201E-04   829.9803      0.6739055    
  9.5369201E-04  9.6163998E-04   698.1382       3.516915    
  9.6163998E-04  9.7783399E-04   712.2493       3.151994    
  9.7783399E-04  1.0025901E-03   692.1384       1.502341    
  1.0025901E-03  1.0539900E-03   665.0668       2.489263    
  1.0539900E-03  1.1080300E-03   708.3781       1.666356    
  1.1080300E-03  1.1648400E-03   777.9366       1.523411    
  1.1648400E-03  1.1943300E-03   790.4394       1.954416    
  1.1943300E-03  1.2245600E-03   804.2075       1.711310    
  1.2245600E-03  1.2873500E-03   801.1647       1.675612    
  1.2873500E-03  1.3533500E-03   655.2786       1.423029    
  1.3533500E-03  1.4227401E-03   745.6758       1.574199    
  1.4227401E-03  1.4956900E-03   748.1441       1.405246    
  1.4956900E-03  1.5335500E-03   710.5948       1.766127    
  1.5335500E-03  1.5723699E-03   708.5378      0.7385859    
  1.5723699E-03  1.6121800E-03   709.2983       2.400996    
  1.6121800E-03  1.6529900E-03   646.1130       2.807118    
  1.6529900E-03  1.7377400E-03   668.8750      0.7660793    
  1.7377400E-03  1.8268300E-03   693.0557       1.510716    
  1.8268300E-03  1.8730800E-03   611.6304       1.312558    
  1.8730800E-03  1.9205000E-03   608.4597       2.104365    
  1.9205000E-03  1.9691200E-03   581.5723       1.405665    
  1.9691200E-03  2.0189700E-03   610.5156       1.620764    
  2.0189700E-03  2.1224800E-03   609.4330       1.236520    
  2.1224800E-03  2.2313001E-03   617.4140       1.658164    
  2.2313001E-03  2.2688799E-03   628.5793      0.4906149    
  2.2688799E-03  2.3068599E-03   642.2285       3.102396    
  2.3068599E-03  2.3457000E-03   678.1924       1.169596    
  2.3457000E-03  2.3652499E-03   692.1572       3.384115    
  2.3652499E-03  2.3852000E-03   691.6116       4.613473    
  2.3852000E-03  2.4251300E-03   675.7329       1.841725    
  2.4251300E-03  2.4659701E-03   643.0611       3.017239    
  2.4659701E-03  2.5923999E-03   642.5690      0.6867986    
  2.5923999E-03  2.7253199E-03   638.7259       1.406090    
  2.7253199E-03  2.8650500E-03   579.0507       1.105581    
  2.8650500E-03  3.0119400E-03   542.6991      0.9155390    
  3.0119400E-03  3.0881900E-03   556.9605       2.287792    
  3.0881900E-03  3.1663701E-03   539.3054       1.382331    
  3.1663701E-03  3.2465300E-03   505.6409      0.7847758    
  3.2465300E-03  3.3287101E-03   464.9270       1.691633    
  3.3287101E-03  3.4993801E-03   431.6909       1.317647    
  3.4993801E-03  3.6787901E-03   416.1938       1.653035    
  3.6787901E-03  3.8674099E-03   399.5096      0.7955500    
  3.8674099E-03  4.0656999E-03   417.0963      0.7027304    
  4.0656999E-03  4.2741499E-03   450.6656       1.352109    
  4.2741499E-03  4.4932901E-03   372.4771      0.7817276    
  4.4932901E-03  4.6070400E-03   381.1408       3.013229    
  4.6070400E-03  4.7236700E-03   414.9992      0.8895935    
  4.7236700E-03  4.8432499E-03   420.1566      0.7220284    
  4.8432499E-03  4.9658502E-03   407.5931      0.5590261    
  4.9658502E-03  5.2204598E-03   391.0607       1.264457    
  5.2204598E-03  5.4881200E-03   389.8359       1.506768    
  5.4881200E-03  5.7695000E-03   365.5901       1.063905    
  5.7695000E-03  5.9155500E-03   372.0335      0.8610465    
  5.9155500E-03  6.0653100E-03   358.2981       2.143394    
  6.0653100E-03  6.2188501E-03   376.9035       1.509688    
  6.2188501E-03  6.3762800E-03   381.8397      0.5572377    
  6.3762800E-03  6.5377001E-03   380.8988       1.613605    
  6.5377001E-03  6.5923799E-03   374.9034       3.750849    
  6.5923799E-03  6.6475999E-03   377.7144       1.592470    
  6.6475999E-03  6.7031998E-03   347.0257       4.706397    
  6.7031998E-03  6.8728901E-03   334.1744       1.750057    
  6.8728901E-03  7.0468802E-03   328.0119       1.995993    
  7.0468802E-03  7.2252699E-03   306.0981       2.330728    
  7.2252699E-03  7.4081798E-03   279.4233      0.8328720    
  7.4081798E-03  7.5957198E-03   296.2211       1.309072    
  7.5957198E-03  7.7880099E-03   290.5487       2.299986    
  7.7880099E-03  7.9851598E-03   249.5878      0.9981051    
  7.9851598E-03  8.1873098E-03   230.4668       1.518701    
  8.1873098E-03  8.3945701E-03   218.1133       1.423730    
  8.3945701E-03  8.6070802E-03   223.9415       1.617772    
  8.6070802E-03  8.8249696E-03   219.3160       3.547385    
  8.8249696E-03  9.0483697E-03   221.7255       1.493233    
  9.0483697E-03  9.2774397E-03   221.1669       1.241752    
  9.2774397E-03  9.5122904E-03   229.5393       1.478603    
  9.5122904E-03  9.7530996E-03   219.2251      0.4422815    
  9.7530996E-03  9.9999998E-03   216.5622       1.063468    
  9.9999998E-03  1.0253200E-02   216.7080       2.370369    
  1.0253200E-02  1.0512700E-02   213.4141       1.271618    
  1.0512700E-02  1.0778800E-02   239.7418       1.903454    
  1.0778800E-02  1.1051700E-02   306.3890      0.9290942    
  1.1051700E-02  1.1331500E-02   278.0203       1.313452    
  1.1331500E-02  1.1618300E-02   253.0625       1.069204    
  1.1618300E-02  1.1912500E-02   307.0820       1.104666    
  1.1912500E-02  1.2214000E-02   412.0309      0.4030679    
  1.2214000E-02  1.2523200E-02   497.5551      0.4384979    
  1.2523200E-02  1.2840200E-02   498.1602      0.4742076    
  1.2840200E-02  1.3165300E-02   415.4557      0.8570474    
  1.3165300E-02  1.3498600E-02   391.5537       1.544876    
  1.3498600E-02  1.3840300E-02   1097.850      0.8544626    
  1.3840300E-02  1.4190700E-02   8180.129      0.2723462    
  1.4190700E-02  1.4549900E-02   0.000000       0.000000    
  1.4549900E-02  1.4918300E-02   0.000000       0.000000    
  1.4918300E-02  1.5295900E-02   0.000000       0.000000    
  1.5295900E-02  1.5683100E-02   0.000000       0.000000    
  1.5683100E-02  1.6080100E-02   0.000000       0.000000    
  1.6080100E-02  1.6487200E-02   0.000000       0.000000    
  1.6487200E-02  1.6904600E-02   0.000000       0.000000    
  1.6904600E-02  1.7332500E-02   0.000000       0.000000    
  1.7332500E-02  1.7771300E-02   0.000000       0.000000    
  1.7771300E-02  1.8221200E-02   0.000000       0.000000    
  1.8221200E-02  1.8682500E-02   0.000000       0.000000    
  1.8682500E-02  1.9155400E-02   0.000000       0.000000    
  1.9155400E-02  1.9640300E-02   0.000000       0.000000    
  1.9640300E-02  2.0000000E-02   0.000000       0.000000    


 # Detector n:            3   NFLUX3    
 # N. of energy intervals         260
  1.0000100E-14  2.0000000E-13  1.2682870E+09   2.550297    
  2.0000000E-13  2.9297300E-13  2.9787535E+09   2.974223    
  2.9297300E-13  4.2916701E-13  4.0405509E+09   2.315856    
  4.2916701E-13  6.2867300E-13  5.9213563E+09   1.432145    
  6.2867300E-13  9.2092198E-13  8.7932293E+09   1.404120    
  9.2092198E-13  1.3490300E-12  1.2768985E+10   1.199175    
  1.3490300E-12  1.9761499E-12  1.8193811E+10  0.7786533    
  1.9761499E-12  2.8947901E-12  2.6180839E+10  0.4869154    
  2.8947901E-12  4.2404799E-12  3.6652065E+10  0.2629420    
  4.2404799E-12  6.2117499E-12  5.0928755E+10  0.1568352    
  6.2117499E-12  9.0993801E-12  6.7641864E+10  0.3441719    
  9.0993801E-12  1.3329400E-11  8.6204318E+10  0.2203472    
  1.3329400E-11  1.9525799E-11  1.0338573E+11  9.5231645E-02
  1.9525799E-11  2.8602700E-11  1.1290939E+11  0.1772177    
  2.8602700E-11  4.1899099E-11  1.0760585E+11  9.8394454E-02
  4.1899099E-11  6.1376598E-11  8.4090790E+10  0.2026216    
  6.1376598E-11  8.9908601E-11  4.9612427E+10  0.2349158    
  8.9908601E-11  1.3170399E-10  1.9860036E+10  0.1054799    
  1.3170399E-10  1.9292901E-10  5.2638838E+09  0.4170375    
  1.9292901E-10  2.8261499E-10  1.2024895E+09  0.3536221    
  2.8261499E-10  4.1399401E-10  4.7372762E+08  0.7181196    
  4.1399401E-10  5.3157900E-10  3.2008320E+08  0.8884562    
  5.3157900E-10  6.2506200E-10  2.5019270E+08   1.448688    
  6.2506200E-10  6.8256001E-10  2.2243232E+08   1.987771    
  6.8256001E-10  8.3368101E-10  1.8183301E+08  0.8906357    
  8.3368101E-10  8.7642499E-10  1.5748594E+08   1.761335    
  8.7642499E-10  1.1253500E-09  1.3644997E+08  0.7905713    
  1.1253500E-09  1.4449800E-09  1.0156362E+08  0.6767481    
  1.4449800E-09  1.8553900E-09  7.6566488E+07  0.9916718    
  1.8553900E-09  2.3823701E-09  6.1270612E+07  0.6160689    
  2.3823701E-09  3.0590199E-09  4.7669364E+07   1.044943    
  3.0590199E-09  3.9278598E-09  3.4895508E+07  0.8586749    
  3.9278598E-09  5.0434799E-09  2.7741424E+07  0.6829472    
  5.0434799E-09  6.4759500E-09  2.1275778E+07  0.5240452    
  6.4759500E-09  8.3152898E-09  1.6656286E+07  0.8505285    
  8.3152898E-09  1.0677000E-08  1.3157983E+07   1.276153    
  1.0677000E-08  1.3709600E-08  1.0193859E+07  0.4106966    
  1.3709600E-08  1.7603501E-08   7817341.       1.280758    
  1.7603501E-08  2.2603301E-08   6335408.      0.7502486    
  2.2603301E-08  2.9023200E-08   4810530.      0.8662696    
  2.9023200E-08  3.7266499E-08   3724036.      0.5684558    
  3.7266499E-08  4.7851199E-08   2928971.       1.001490    
  4.7851199E-08  6.1442101E-08   2296726.      0.8416981    
  6.1442101E-08  7.8893301E-08   1772720.       1.514985    
  7.8893301E-08  1.0130100E-07   1383091.       1.568217    
  1.0130100E-07  1.3007300E-07   1082425.      0.7245356    
  1.3007300E-07  1.6701701E-07   835114.0      0.8569415    
  1.6701701E-07  2.1445400E-07   657478.0       1.009406    
  2.1445400E-07  2.7536399E-07   517342.9      0.8216609    
  2.7536399E-07  3.5357499E-07   403059.8      0.8099446    
  3.5357499E-07  4.5399901E-07   312548.2       1.197560    
  4.5399901E-07  5.8294700E-07   243892.6       1.103464    
  5.8294700E-07  7.4851800E-07   191344.5       1.091494    
  7.4851800E-07  9.6111603E-07   149108.9       1.129016    
  9.6111603E-07  1.2341000E-06   117073.2      0.5759104    
  1.2341000E-06  1.3638900E-06   98632.88       1.851868    
  1.3638900E-06  1.5073300E-06   91202.45       1.538678    
  1.5073300E-06  1.5846100E-06   84106.26      0.8490662    
  1.5846100E-06  1.6658601E-06   82175.44       1.504184    
  1.6658601E-06  1.8410600E-06   73046.99       1.953919    
  1.8410600E-06  2.0346799E-06   66527.48      0.5877599    
  2.0346799E-06  2.2486699E-06   61482.08       1.083049    
  2.2486699E-06  2.4851699E-06   54422.45       1.952367    
  2.4851699E-06  2.6125899E-06   50464.50       1.881864    
  2.6125899E-06  2.7465401E-06   50150.16       1.829761    
  2.7465401E-06  2.8634900E-06   45951.29       1.313282    
  2.8634900E-06  3.0353899E-06   44894.98       2.946922    
  3.0353899E-06  3.3546301E-06   40274.96       1.773832    
  3.3546301E-06  3.7074401E-06   37158.69      0.3504846    
  3.7074401E-06  4.0973500E-06   33700.82      0.8440205    
  4.0973500E-06  4.3074201E-06   31271.99       1.843730    
  4.3074201E-06  4.5282700E-06   30449.69       1.217795    
  4.5282700E-06  5.0045101E-06   27236.57       1.516001    
  5.0045101E-06  5.5308401E-06   23941.56       1.568488    
  5.5308401E-06  6.2672698E-06   22671.19      0.8645349    
  6.2672698E-06  7.1017398E-06   19824.30       1.167168    
  7.1017398E-06  8.0473301E-06   17763.85       1.556633    
  8.0473301E-06  9.1188203E-06   15605.07       1.205370    
  9.1188203E-06  1.0333000E-05   13975.17      0.9072936    
  1.0333000E-05  1.1708800E-05   12169.28       1.218148    
  1.1708800E-05  1.3267800E-05   11010.22       1.535214    
  1.3267800E-05  1.5034400E-05   9807.353      0.7052454    
  1.5034400E-05  1.7036200E-05   8739.858      0.6781135    
  1.7036200E-05  1.9304500E-05   7871.958       2.109077    
  1.9304500E-05  2.1334799E-05   7106.654       1.117393    
  2.1334799E-05  2.1874899E-05   6865.015       2.542851    
  2.1874899E-05  2.3578599E-05   6432.511       1.915667    
  2.3578599E-05  2.4175501E-05   6641.407       2.858829    
  2.4175501E-05  2.4787500E-05   6280.117       2.443237    
  2.4787500E-05  2.6058400E-05   5866.905       1.943558    
  2.6058400E-05  2.8087899E-05   5524.508       1.899416    
  2.8087899E-05  3.1827800E-05   5105.739       1.377608    
  3.1827800E-05  3.4306700E-05   4660.516       1.542688    
  3.4306700E-05  3.5175199E-05   4499.594      0.9717221    
  3.5175199E-05  3.6065601E-05   4400.249       2.050139    
  3.6065601E-05  4.0867701E-05   4225.896       1.430562    
  4.0867701E-05  4.6309200E-05   3737.460       2.088065    
  4.6309200E-05  5.2475199E-05   3458.606       1.335779    
  5.2475199E-05  5.6562199E-05   3177.502       1.619729    
  5.6562199E-05  5.9462200E-05   3054.510       1.174087    
  5.9462200E-05  6.2510902E-05   2938.652       1.369812    
  6.2510902E-05  6.7379500E-05   2793.163       1.019461    
  6.7379500E-05  7.6350902E-05   2618.899      0.7855878    
  7.6350902E-05  8.6516899E-05   2342.255       1.425225    
  8.6516899E-05  9.8036500E-05   2169.761       1.443977    
  9.8036500E-05  1.1109000E-04   1969.687      0.5610933    
  1.1109000E-04  1.1678600E-04   1900.718       1.182843    
  1.1678600E-04  1.2277300E-04   1809.390       1.458833    
  1.2277300E-04  1.2906799E-04   1832.618       2.518550    
  1.2906799E-04  1.3568600E-04   1778.085       3.175750    
  1.3568600E-04  1.4264201E-04   1692.206      0.5723386    
  1.4264201E-04  1.4995600E-04   1630.053      0.6044659    
  1.4995600E-04  1.5764400E-04   1612.787       1.350503    
  1.5764400E-04  1.6163501E-04   1523.631       1.382222    
  1.6163501E-04  1.6572700E-04   1553.688       1.811202    
  1.6572700E-04  1.6992200E-04   1533.183      0.7792044    
  1.6992200E-04  1.7422400E-04   1432.913       1.691324    
  1.7422400E-04  1.8315599E-04   1419.167       2.897705    
  1.8315599E-04  1.9254700E-04   1434.859       2.057211    
  1.9254700E-04  2.0241900E-04   1377.812       2.933825    
  2.0241900E-04  2.1279699E-04   1288.674       1.621919    
  2.1279699E-04  2.2370800E-04   1336.932       1.765973    
  2.2370800E-04  2.3517800E-04   1278.932       1.069580    
  2.3517800E-04  2.4723500E-04   1206.384       1.768904    
  2.4723500E-04  2.5991100E-04   1219.224      0.9121857    
  2.5991100E-04  2.7323700E-04   1173.873       2.005882    
  2.7323700E-04  2.8015400E-04   1181.207       2.687105    
  2.8015400E-04  2.8724599E-04   1154.462       2.420619    
  2.8724599E-04  2.9451799E-04   1193.541       2.432670    
  2.9451799E-04  3.0197401E-04   1158.313       2.699108    
  3.0197401E-04  3.0961799E-04   1157.536       2.153417    
  3.0961799E-04  3.1745600E-04   1158.843       1.684513    
  3.1745600E-04  3.3373301E-04   1158.524       2.418249    
  3.3373301E-04  3.5084400E-04   1101.918      0.7839758    
  3.5084400E-04  3.6883200E-04   1005.110       1.604095    
  3.6883200E-04  3.8774201E-04   956.3914       3.306338    
  3.8774201E-04  4.0762199E-04   885.9298       1.861813    
  4.0762199E-04  4.2852099E-04   781.3943       1.625497    
  4.2852099E-04  4.5049199E-04   676.1328       2.797979    
  4.5049199E-04  4.7358900E-04   808.1491       1.073737    
  4.7358900E-04  4.9787102E-04   859.6403       1.710126    
  4.9787102E-04  5.1047403E-04   924.6128       2.734480    
  5.1047403E-04  5.2339700E-04   866.4591       2.311971    
  5.2339700E-04  5.3664698E-04   826.2421       3.641053    
  5.3664698E-04  5.5023201E-04   835.3864       2.472630    
  5.5023201E-04  5.7844300E-04   851.8882      0.9723748    
  5.7844300E-04  6.0810102E-04   784.5029       2.183842    
  6.0810102E-04  6.3927902E-04   808.9081       1.498431    
  6.3927902E-04  6.7205500E-04   795.2150       2.425703    
  6.7205500E-04  7.0651202E-04   774.0099       2.488423    
  7.0651202E-04  7.4273598E-04   776.1589       1.274114    
  7.4273598E-04  7.8081700E-04   814.8418      0.7127842    
  7.8081700E-04  8.2085002E-04   836.4105       1.273414    
  8.2085002E-04  8.6293602E-04   752.2613       1.007836    
  8.6293602E-04  9.0717903E-04   679.2925       2.407495    
  9.0717903E-04  9.5369201E-04   603.1184       1.450931    
  9.5369201E-04  9.6163998E-04   539.2404       3.879608    
  9.6163998E-04  9.7783399E-04   529.4728       1.458284    
  9.7783399E-04  1.0025901E-03   497.1787       1.890596    
  1.0025901E-03  1.0539900E-03   500.1873       1.168827    
  1.0539900E-03  1.1080300E-03   542.1890       1.409219    
  1.1080300E-03  1.1648400E-03   566.4289       2.220486    
  1.1648400E-03  1.1943300E-03   594.3531       1.234156    
  1.1943300E-03  1.2245600E-03   607.4249       2.441401    
  1.2245600E-03  1.2873500E-03   570.1894       1.908711    
  1.2873500E-03  1.3533500E-03   470.7122       1.650675    
  1.3533500E-03  1.4227401E-03   546.1918       3.058318    
  1.4227401E-03  1.4956900E-03   562.7620       1.407856    
  1.4956900E-03  1.5335500E-03   514.1299       2.729905    
  1.5335500E-03  1.5723699E-03   530.4727       1.262182    
  1.5723699E-03  1.6121800E-03   512.9919       3.344516    
  1.6121800E-03  1.6529900E-03   470.0715       2.699110    
  1.6529900E-03  1.7377400E-03   503.2671       1.787695    
  1.7377400E-03  1.8268300E-03   507.7565       2.159719    
  1.8268300E-03  1.8730800E-03   437.9745       2.313935    
  1.8730800E-03  1.9205000E-03   438.5022       1.878722    
  1.9205000E-03  1.9691200E-03   440.2592      0.6904433    
  1.9691200E-03  2.0189700E-03   449.8268       1.588642    
  2.0189700E-03  2.1224800E-03   443.2751       1.205881    
  2.1224800E-03  2.2313001E-03   458.1878       1.731004    
  2.2313001E-03  2.2688799E-03   478.5573       2.012062    
  2.2688799E-03  2.3068599E-03   470.4890       1.797584    
  2.3068599E-03  2.3457000E-03   518.9399       1.877889    
  2.3457000E-03  2.3652499E-03   527.5908       2.196492    
  2.3652499E-03  2.3852000E-03   488.1994       2.640776    
  2.3852000E-03  2.4251300E-03   500.8036       1.700222    
  2.4251300E-03  2.4659701E-03   463.4711       3.288296    
  2.4659701E-03  2.5923999E-03   467.5548       1.132469    
  2.5923999E-03  2.7253199E-03   463.8657       2.023530    
  2.7253199E-03  2.8650500E-03   430.2425       1.231558    
  2.8650500E-03  3.0119400E-03   396.9214       2.100646    
  3.0119400E-03  3.0881900E-03   419.0291       2.684129    
  3.0881900E-03  3.1663701E-03   415.4419       3.771107    
  3.1663701E-03  3.2465300E-03   385.4885       2.283308    
  3.2465300E-03  3.3287101E-03   329.8361       1.703133    
  3.3287101E-03  3.4993801E-03   309.1142       1.170157    
  3.4993801E-03  3.6787901E-03   298.4697      0.8240026    
  3.6787901E-03  3.8674099E-03   292.4319       1.897371    
  3.8674099E-03  4.0656999E-03   315.3066       1.924804    
  4.0656999E-03  4.2741499E-03   339.4701       1.020893    
  4.2741499E-03  4.4932901E-03   294.7518       1.689519    
  4.4932901E-03  4.6070400E-03   290.7909       1.385609    
  4.6070400E-03  4.7236700E-03   307.1525       3.192592    
  4.7236700E-03  4.8432499E-03   333.3318       2.110818    
  4.8432499E-03  4.9658502E-03   308.2720       1.470630    
  4.9658502E-03  5.2204598E-03   294.7951       2.068050    
  5.2204598E-03  5.4881200E-03   297.8773       2.467184    
  5.4881200E-03  5.7695000E-03   274.8072      0.5833821    
  5.7695000E-03  5.9155500E-03   280.4962       2.393040    
  5.9155500E-03  6.0653100E-03   268.7241       1.606867    
  6.0653100E-03  6.2188501E-03   278.7347       1.916657    
  6.2188501E-03  6.3762800E-03   294.6197       1.955431    
  6.3762800E-03  6.5377001E-03   286.1157       1.917428    
  6.5377001E-03  6.5923799E-03   286.7290       2.792488    
  6.5923799E-03  6.6475999E-03   283.1832       1.928936    
  6.6475999E-03  6.7031998E-03   267.1593       5.566901    
  6.7031998E-03  6.8728901E-03   252.0165       2.467222    
  6.8728901E-03  7.0468802E-03   262.3767       1.166854    
  7.0468802E-03  7.2252699E-03   231.3775       2.225049    
  7.2252699E-03  7.4081798E-03   220.2963       1.246562    
  7.4081798E-03  7.5957198E-03   226.1377       1.286224    
  7.5957198E-03  7.7880099E-03   225.4852       1.070844    
  7.7880099E-03  7.9851598E-03   196.9061       2.210846    
  7.9851598E-03  8.1873098E-03   190.8472       1.544505    
  8.1873098E-03  8.3945701E-03   169.4265       1.024056    
  8.3945701E-03  8.6070802E-03   177.3055      0.6775899    
  8.6070802E-03  8.8249696E-03   170.1590       2.502116    
  8.8249696E-03  9.0483697E-03   176.0310      0.6978595    
  9.0483697E-03  9.2774397E-03   177.4034       2.060379    
  9.2774397E-03  9.5122904E-03   185.0473       2.382409    
  9.5122904E-03  9.7530996E-03   173.2151       1.667337    
  9.7530996E-03  9.9999998E-03   162.9639       1.378471    
  9.9999998E-03  1.0253200E-02   168.5751       1.995908    
  1.0253200E-02  1.0512700E-02   167.8629       1.579800    
  1.0512700E-02  1.0778800E-02   187.7414       2.099274    
  1.0778800E-02  1.1051700E-02   213.0809       1.355492    
  1.1051700E-02  1.1331500E-02   192.6122       2.308630    
  1.1331500E-02  1.1618300E-02   185.3432       1.177462    
  1.1618300E-02  1.1912500E-02   213.9719       1.081040    
  1.1912500E-02  1.2214000E-02   281.5014       1.086676    
  1.2214000E-02  1.2523200E-02   348.8777      0.5272998    
  1.2523200E-02  1.2840200E-02   348.2539      0.8854310    
  1.2840200E-02  1.3165300E-02   299.2726       1.791653    
  1.3165300E-02  1.3498600E-02   300.7428       2.078143    
  1.3498600E-02  1.3840300E-02   773.9525      0.7256155    
  1.3840300E-02  1.4190700E-02   3468.419      0.4907868    
  1.4190700E-02  1.4549900E-02   0.000000       0.000000    
  1.4549900E-02  1.4918300E-02   0.000000       0.000000    
  1.4918300E-02  1.5295900E-02   0.000000       0.000000    
  1.5295900E-02  1.5683100E-02   0.000000       0.000000    
  1.5683100E-02  1.6080100E-02   0.000000       0.000000    
  1.6080100E-02  1.6487200E-02   0.000000       0.000000    
  1.6487200E-02  1.6904600E-02   0.000000       0.000000    
  1.6904600E-02  1.7332500E-02   0.000000       0.000000    
  1.7332500E-02  1.7771300E-02   0.000000       0.000000    
  1.7771300E-02  1.8221200E-02   0.000000       0.000000    
  1.8221200E-02  1.8682500E-02   0.000000       0.000000    
  1.8682500E-02  1.9155400E-02   0.000000       0.000000    
  1.9155400E-02  1.9640300E-02   0.000000       0.000000    
  1.9640300E-02  2.0000000E-02   0.000000       0.000000    
