  **** 13_dag ****


  Total primaries run:          500000

    Total weight of the primaries run:   500000.000    


  Detector n:            1   NFLUX1    
     (Volume:          1.00000000      cmc,
      distr. scored:           8    ,
      from reg.           1  )

     Tot. response (p/cmq/pr)   16.98129      +/-  0.1410681     %
     ( --> Track l. (cm/pr)       16.98129      +/-  0.1410681     % )

  **** Different. Fluxes as a function of energy **** ****      (integrated over solid angle)        ****


  Energy boundaries (GeV):


  Lowest boundary   (GeV):  2.0000000E-02

  Flux (Part/GeV/cmq/pr):



  Energy boundaries (GeV):

  2.0000000E-02  1.9640300E-02  1.9155400E-02  1.8682500E-02  1.8221200E-02
  1.7771300E-02  1.7332500E-02  1.6904600E-02  1.6487200E-02  1.6080100E-02
  1.5683100E-02  1.5295900E-02  1.4918300E-02  1.4549900E-02  1.4190700E-02
  1.3840300E-02  1.3498600E-02  1.3165300E-02  1.2840200E-02  1.2523200E-02
  1.2214000E-02  1.1912500E-02  1.1618300E-02  1.1331500E-02  1.1051700E-02
  1.0778800E-02  1.0512700E-02  1.0253200E-02  9.9999998E-03  9.7530996E-03
  9.5122904E-03  9.2774397E-03  9.0483697E-03  8.8249696E-03  8.6070802E-03
  8.3945701E-03  8.1873098E-03  7.9851598E-03  7.7880099E-03  7.5957198E-03
  7.4081798E-03  7.2252699E-03  7.0468802E-03  6.8728901E-03  6.7031998E-03
  6.6475999E-03  6.5923799E-03  6.5377001E-03  6.3762800E-03  6.2188501E-03
  6.0653100E-03  5.9155500E-03  5.7695000E-03  5.4881200E-03  5.2204598E-03
  4.9658502E-03  4.8432499E-03  4.7236700E-03  4.6070400E-03  4.4932901E-03
  4.2741499E-03  4.0656999E-03  3.8674099E-03  3.6787901E-03  3.4993801E-03
  3.3287101E-03  3.2465300E-03  3.1663701E-03  3.0881900E-03  3.0119400E-03
  2.8650500E-03  2.7253199E-03  2.5923999E-03  2.4659701E-03  2.4251300E-03
  2.3852000E-03  2.3652499E-03  2.3457000E-03  2.3068599E-03  2.2688799E-03
  2.2313001E-03  2.1224800E-03  2.0189700E-03  1.9691200E-03  1.9205000E-03
  1.8730800E-03  1.8268300E-03  1.7377400E-03  1.6529900E-03  1.6121800E-03
  1.5723699E-03  1.5335500E-03  1.4956900E-03  1.4227401E-03  1.3533500E-03
  1.2873500E-03  1.2245600E-03  1.1943300E-03  1.1648400E-03  1.1080300E-03
  1.0539900E-03  1.0025901E-03  9.7783399E-04  9.6163998E-04  9.5369201E-04
  9.0717903E-04  8.6293602E-04  8.2085002E-04  7.8081700E-04  7.4273598E-04
  7.0651202E-04  6.7205500E-04  6.3927902E-04  6.0810102E-04  5.7844300E-04
  5.5023201E-04  5.3664698E-04  5.2339700E-04  5.1047403E-04  4.9787102E-04
  4.7358900E-04  4.5049199E-04  4.2852099E-04  4.0762199E-04  3.8774201E-04
  3.6883200E-04  3.5084400E-04  3.3373301E-04  3.1745600E-04  3.0961799E-04
  3.0197401E-04  2.9451799E-04  2.8724599E-04  2.8015400E-04  2.7323700E-04
  2.5991100E-04  2.4723500E-04  2.3517800E-04  2.2370800E-04  2.1279699E-04
  2.0241900E-04  1.9254700E-04  1.8315599E-04  1.7422400E-04  1.6992200E-04
  1.6572700E-04  1.6163501E-04  1.5764400E-04  1.4995600E-04  1.4264201E-04
  1.3568600E-04  1.2906799E-04  1.2277300E-04  1.1678600E-04  1.1109000E-04
  9.8036500E-05  8.6516899E-05  7.6350902E-05  6.7379500E-05  6.2510902E-05
  5.9462200E-05  5.6562199E-05  5.2475199E-05  4.6309200E-05  4.0867701E-05
  3.6065601E-05  3.5175199E-05  3.4306700E-05  3.1827800E-05  2.8087899E-05
  2.6058400E-05  2.4787500E-05  2.4175501E-05  2.3578599E-05  2.1874899E-05
  2.1334799E-05  1.9304500E-05  1.7036200E-05  1.5034400E-05  1.3267800E-05
  1.1708800E-05  1.0333000E-05  9.1188203E-06  8.0473301E-06  7.1017398E-06
  6.2672698E-06  5.5308401E-06  5.0045101E-06  4.5282700E-06  4.3074201E-06
  4.0973500E-06  3.7074401E-06  3.3546301E-06  3.0353899E-06  2.8634900E-06
  2.7465401E-06  2.6125899E-06  2.4851699E-06  2.2486699E-06  2.0346799E-06
  1.8410600E-06  1.6658601E-06  1.5846100E-06  1.5073300E-06  1.3638900E-06
  1.2341000E-06  9.6111603E-07  7.4851800E-07  5.8294700E-07  4.5399901E-07
  3.5357499E-07  2.7536399E-07  2.1445400E-07  1.6701701E-07  1.3007300E-07
  1.0130100E-07  7.8893301E-08  6.1442101E-08  4.7851199E-08  3.7266499E-08
  2.9023200E-08  2.2603301E-08  1.7603501E-08  1.3709600E-08  1.0677000E-08
  8.3152898E-09  6.4759500E-09  5.0434799E-09  3.9278598E-09  3.0590199E-09
  2.3823701E-09  1.8553900E-09  1.4449800E-09  1.1253500E-09  8.7642499E-10
  8.3368101E-10  6.8256001E-10  6.2506200E-10  5.3157900E-10  4.1399401E-10
  2.8261499E-10  1.9292901E-10  1.3170399E-10  8.9908601E-11  6.1376598E-11
  4.1899099E-11  2.8602700E-11  1.9525799E-11  1.3329400E-11  9.0993801E-12
  6.2117499E-12  4.2404799E-12  2.8947901E-12  1.9761499E-12  1.3490300E-12
  9.2092198E-13  6.2867300E-13  4.2916701E-13  2.9297300E-13  2.0000000E-13
  Lowest boundary   (GeV):  1.0000100E-14

  Flux (Part/GeV/cmq/pr):

   0.000000     +/-    0.000000     %    0.000000     +/-    0.000000     % 
   0.000000     +/-    0.000000     %    0.000000     +/-    0.000000     % 
   0.000000     +/-    0.000000     %    0.000000     +/-    0.000000     % 
   0.000000     +/-    0.000000     %    0.000000     +/-    0.000000     % 
   0.000000     +/-    0.000000     %    0.000000     +/-    0.000000     % 
   0.000000     +/-    0.000000     %    0.000000     +/-    0.000000     % 
   0.000000     +/-    0.000000     %    0.000000     +/-    0.000000     % 
   19180.96     +/-   6.2524222E-02 %    797.6070     +/-   0.5322043     % 
   255.4008     +/-   0.7801828     %    299.9040     +/-   0.5726088     % 
   369.6933     +/-   0.8327531     %    366.0966     +/-   0.4594209     % 
   314.3661     +/-   0.7597771     %    223.6517     +/-    1.065143     % 
   172.8888     +/-    2.067445     %    234.9539     +/-    1.274646     % 
   281.5372     +/-    1.148852     %    147.3700     +/-    2.087909     % 
   132.7956     +/-    3.125389     %    133.8996     +/-    1.766610     % 
   132.0319     +/-    1.750938     %    135.3933     +/-    1.652995     % 
   139.8741     +/-    1.755087     %    134.4181     +/-    2.153857     % 
   138.4894     +/-    2.925837     %    137.2659     +/-    3.531312     % 
   141.1621     +/-    2.008338     %    133.7162     +/-    2.680523     % 
   135.0664     +/-    1.933887     %    156.7647     +/-   0.9589156     % 
   188.2382     +/-    3.162324     %    187.8728     +/-    2.022946     % 
   183.9101     +/-    1.820894     %    189.0543     +/-    3.147629     % 
   208.9353     +/-    3.041955     %    215.6199     +/-    3.067383     % 
   234.6454     +/-    2.761065     %    246.7183     +/-    3.449063     % 
   236.5716     +/-    2.297061     %    241.8994     +/-   0.9757140     % 
   241.4355     +/-    1.618025     %    242.5549     +/-    3.219874     % 
   240.4521     +/-    2.230543     %    264.0398     +/-   0.8572466     % 
   257.8432     +/-    1.232864     %    235.2659     +/-    1.422197     % 
   246.0497     +/-    1.864380     %    257.9197     +/-    1.755552     % 
   265.8019     +/-    1.584639     %    239.5556     +/-    2.966758     % 
   223.3482     +/-    2.452251     %    224.0988     +/-   0.9771920     % 
   257.5979     +/-    1.141927     %    253.1645     +/-    1.626519     % 
   249.1280     +/-   0.8832656     %    266.9312     +/-    2.133337     % 
   285.0501     +/-   0.9807907     %    305.6561     +/-    4.155384     % 
   308.9236     +/-    2.129467     %    323.6822     +/-    2.537309     % 
   322.5069     +/-    1.762083     %    322.6786     +/-   0.7231564     % 
   351.0550     +/-    1.919214     %    390.8441     +/-    1.000754     % 
   394.3066     +/-   0.7477435     %    386.9628     +/-    1.421796     % 
   408.8027     +/-    2.863926     %    388.6524     +/-    5.636792     % 
   425.4352     +/-    3.322375     %    402.4321     +/-    2.030023     % 
   387.9246     +/-    3.672038     %    379.8781     +/-    4.320220     % 
   391.2374     +/-    1.157873     %    380.4799     +/-    1.243127     % 
   385.6589     +/-    4.315801     %    367.5696     +/-    3.159997     % 
   372.7294     +/-    1.878631     %    367.8839     +/-    3.753873     % 
   416.5131     +/-    1.620544     %    429.0628     +/-    2.411273     % 
   418.5944     +/-    1.326039     %    431.8988     +/-    3.401501     % 
   428.6315     +/-   0.8947470     %    452.5539     +/-    1.916873     % 
   469.8005     +/-    1.691800     %    444.4484     +/-    2.024312     % 
   392.0518     +/-   0.6758803     %    470.7905     +/-    1.906990     % 
   467.0242     +/-    2.702624     %    477.4704     +/-    3.183318     % 
   442.0504     +/-    2.399229     %    428.3900     +/-    2.134915     % 
   410.7033     +/-    2.659978     %    405.7845     +/-    1.634840     % 
   443.1489     +/-    1.659035     %    477.7157     +/-    2.257909     % 
   475.7770     +/-    1.549983     %    523.7916     +/-    1.409439     % 
   614.5167     +/-    1.456396     %    649.6390     +/-   0.9383625     % 
   661.2039     +/-    1.020133     %    606.7700     +/-   0.6715634     % 
   606.8344     +/-    1.889796     %    594.7662     +/-    1.408472     % 
   651.7372     +/-   0.9705158     %    610.6234     +/-    1.879106     % 
   636.0859     +/-    2.662043     %    652.3121     +/-    1.368198     % 
   625.3143     +/-    4.014019     %    652.3541     +/-    2.112269     % 
   661.2979     +/-    1.560454     %    656.1782     +/-    1.393920     % 
   593.0853     +/-    2.760262     %    543.5311     +/-   0.7484761     % 
   618.0438     +/-    2.097473     %    705.9377     +/-    2.235046     % 
   732.7678     +/-    2.594823     %    804.9642     +/-    2.371045     % 
   867.9766     +/-    2.155299     %    876.9615     +/-    1.644567     % 
   907.4085     +/-    3.314442     %    880.8386     +/-    3.334322     % 
   873.2432     +/-    2.286884     %    917.5974     +/-    1.339616     % 
   903.7413     +/-    2.795280     %    912.5673     +/-    3.376941     % 
   920.4545     +/-    2.026798     %    936.9977     +/-    1.890511     % 
   972.1975     +/-    2.425961     %    957.3936     +/-    2.227869     % 
   1009.910     +/-    1.818397     %    1007.263     +/-    2.238828     % 
   1045.526     +/-    1.313377     %    1102.908     +/-    2.063990     % 
   1071.686     +/-    2.650140     %    1157.319     +/-    4.309264     % 
   1128.190     +/-    1.845831     %    1205.626     +/-    3.175856     % 
   1256.256     +/-    3.263294     %    1235.428     +/-    2.016524     % 
   1299.446     +/-    1.204670     %    1264.453     +/-    1.427148     % 
   1331.508     +/-    1.168664     %    1352.567     +/-   0.6816551     % 
   1448.311     +/-    2.432270     %    1476.191     +/-    1.656311     % 
   1503.374     +/-    1.347067     %    1617.815     +/-   0.6675613     % 
   1784.982     +/-    1.992113     %    1962.689     +/-    1.277429     % 
   2141.464     +/-    2.338951     %    2147.234     +/-    1.837089     % 
   2265.657     +/-    1.704280     %    2364.620     +/-    1.694705     % 
   2560.998     +/-   0.7165428     %    2876.152     +/-   0.8510998     % 
   3122.061     +/-    2.030167     %    3342.283     +/-    3.663727     % 
   3243.978     +/-    3.986331     %    3633.852     +/-    1.847931     % 
   3806.650     +/-    1.267075     %    4194.377     +/-    2.054208     % 
   4363.139     +/-    2.834188     %    4395.161     +/-    2.700591     % 
   4601.706     +/-    1.378290     %    4745.534     +/-    2.361331     % 
   4988.433     +/-    2.950705     %    5236.524     +/-    1.071779     % 
   5937.322     +/-    2.273591     %    6614.152     +/-    1.789142     % 
   7417.737     +/-    1.873784     %    8261.557     +/-    1.415732     % 
   9447.302     +/-    1.460501     %    10573.13     +/-    1.693917     % 
   11606.79     +/-   0.7478129     %    12824.19     +/-    1.564626     % 
   15030.68     +/-    1.847878     %    16525.19     +/-   0.7504774     % 
   18413.89     +/-    1.281457     %    19953.58     +/-    1.320345     % 
   21959.04     +/-    2.490366     %    23501.66     +/-    1.680153     % 
   24416.34     +/-    1.586857     %    27187.67     +/-    2.780051     % 
   30058.17     +/-    1.574832     %    31887.63     +/-    2.973267     % 
   33479.16     +/-    1.130415     %    34686.84     +/-    1.309466     % 
   37571.35     +/-    2.649492     %    39749.35     +/-    1.346927     % 
   43501.56     +/-    1.175886     %    47371.39     +/-    1.351492     % 
   53466.62     +/-    2.140228     %    56684.67     +/-    3.731045     % 
   64151.10     +/-    1.630647     %    64124.89     +/-    1.470979     % 
   72406.29     +/-    2.552414     %    83369.12     +/-   0.7675387     % 
   110269.7     +/-    1.175425     %    138200.5     +/-    1.129641     % 
   176236.7     +/-    1.017628     %    221983.8     +/-    1.327142     % 
   286520.3     +/-   0.7670896     %    382780.5     +/-    1.100671     % 
   478530.7     +/-    1.178822     %    617852.5     +/-   0.1515602     % 
   779289.7     +/-   0.4627441     %    1001532.     +/-    1.041247     % 
   1291895.     +/-   0.7904492     %    1617473.     +/-    1.045628     % 
   2093721.     +/-    1.342973     %    2691968.     +/-    1.061130     % 
   3487918.     +/-    1.632545     %    4409626.     +/-    1.065861     % 
   5614412.     +/-    1.307932     %    7213106.     +/-   0.7936575     % 
   9053257.     +/-    1.180998     %   1.1630129E+07 +/-    1.957063     % 
  1.4974611E+07 +/-   0.3067831     %   1.9362846E+07 +/-    1.436581     % 
  2.4849150E+07 +/-   0.9533965     %   3.1896882E+07 +/-    1.150684     % 
  4.1267688E+07 +/-   0.9968196     %   5.4389532E+07 +/-   0.8109387     % 
  7.0224656E+07 +/-    1.114135     %   9.1906000E+07 +/-    1.423615     % 
  1.0672536E+08 +/-    2.896396     %   1.2560554E+08 +/-   0.9615663     % 
  1.4630630E+08 +/-    2.950246     %   1.6842102E+08 +/-   0.6141292     % 
  2.1598496E+08 +/-   0.8947645     %   3.1580362E+08 +/-    1.187306     % 
  7.8182822E+08 +/-   0.4451691     %   3.2232166E+09 +/-   0.7403444     % 
  1.2030072E+10 +/-   0.5064613     %   3.0101131E+10 +/-   0.4543064     % 
  5.0886156E+10 +/-   0.3278793     %   6.5245991E+10 +/-   0.4855391     % 
  6.8553589E+10 +/-   0.5122173     %   6.2695686E+10 +/-   0.5332451     % 
  5.2516774E+10 +/-   0.4730322     %   4.0909095E+10 +/-   0.4978294     % 
  3.0699045E+10 +/-   0.4949696     %   2.2180954E+10 +/-    1.117892     % 
  1.5890507E+10 +/-   0.6391037     %   1.1303306E+10 +/-   0.5838116     % 
  7.7350897E+09 +/-    1.693044     %   5.3510159E+09 +/-    1.749150     % 
  3.5457004E+09 +/-    1.332382     %   2.5261652E+09 +/-    3.611608     % 
  1.7747244E+09 +/-    5.624250     %   7.6681389E+08 +/-    4.216599     % 


  **** Cumulative Fluxes as a function of energy **** ****      (integrated over solid angle)        ****


  Energy boundaries (GeV):



  Lowest boundary   (GeV):  2.0000000E-02

  Cumul. Flux (Part/cmq/pr):



  Energy boundaries (GeV):

  2.0000000E-02  1.9640300E-02  1.9155400E-02  1.8682500E-02  1.8221200E-02
  1.7771300E-02  1.7332500E-02  1.6904600E-02  1.6487200E-02  1.6080100E-02
  1.5683100E-02  1.5295900E-02  1.4918300E-02  1.4549900E-02  1.4190700E-02
  1.3840300E-02  1.3498600E-02  1.3165300E-02  1.2840200E-02  1.2523200E-02
  1.2214000E-02  1.1912500E-02  1.1618300E-02  1.1331500E-02  1.1051700E-02
  1.0778800E-02  1.0512700E-02  1.0253200E-02  9.9999998E-03  9.7530996E-03
  9.5122904E-03  9.2774397E-03  9.0483697E-03  8.8249696E-03  8.6070802E-03
  8.3945701E-03  8.1873098E-03  7.9851598E-03  7.7880099E-03  7.5957198E-03
  7.4081798E-03  7.2252699E-03  7.0468802E-03  6.8728901E-03  6.7031998E-03
  6.6475999E-03  6.5923799E-03  6.5377001E-03  6.3762800E-03  6.2188501E-03
  6.0653100E-03  5.9155500E-03  5.7695000E-03  5.4881200E-03  5.2204598E-03
  4.9658502E-03  4.8432499E-03  4.7236700E-03  4.6070400E-03  4.4932901E-03
  4.2741499E-03  4.0656999E-03  3.8674099E-03  3.6787901E-03  3.4993801E-03
  3.3287101E-03  3.2465300E-03  3.1663701E-03  3.0881900E-03  3.0119400E-03
  2.8650500E-03  2.7253199E-03  2.5923999E-03  2.4659701E-03  2.4251300E-03
  2.3852000E-03  2.3652499E-03  2.3457000E-03  2.3068599E-03  2.2688799E-03
  2.2313001E-03  2.1224800E-03  2.0189700E-03  1.9691200E-03  1.9205000E-03
  1.8730800E-03  1.8268300E-03  1.7377400E-03  1.6529900E-03  1.6121800E-03
  1.5723699E-03  1.5335500E-03  1.4956900E-03  1.4227401E-03  1.3533500E-03
  1.2873500E-03  1.2245600E-03  1.1943300E-03  1.1648400E-03  1.1080300E-03
  1.0539900E-03  1.0025901E-03  9.7783399E-04  9.6163998E-04  9.5369201E-04
  9.0717903E-04  8.6293602E-04  8.2085002E-04  7.8081700E-04  7.4273598E-04
  7.0651202E-04  6.7205500E-04  6.3927902E-04  6.0810102E-04  5.7844300E-04
  5.5023201E-04  5.3664698E-04  5.2339700E-04  5.1047403E-04  4.9787102E-04
  4.7358900E-04  4.5049199E-04  4.2852099E-04  4.0762199E-04  3.8774201E-04
  3.6883200E-04  3.5084400E-04  3.3373301E-04  3.1745600E-04  3.0961799E-04
  3.0197401E-04  2.9451799E-04  2.8724599E-04  2.8015400E-04  2.7323700E-04
  2.5991100E-04  2.4723500E-04  2.3517800E-04  2.2370800E-04  2.1279699E-04
  2.0241900E-04  1.9254700E-04  1.8315599E-04  1.7422400E-04  1.6992200E-04
  1.6572700E-04  1.6163501E-04  1.5764400E-04  1.4995600E-04  1.4264201E-04
  1.3568600E-04  1.2906799E-04  1.2277300E-04  1.1678600E-04  1.1109000E-04
  9.8036500E-05  8.6516899E-05  7.6350902E-05  6.7379500E-05  6.2510902E-05
  5.9462200E-05  5.6562199E-05  5.2475199E-05  4.6309200E-05  4.0867701E-05
  3.6065601E-05  3.5175199E-05  3.4306700E-05  3.1827800E-05  2.8087899E-05
  2.6058400E-05  2.4787500E-05  2.4175501E-05  2.3578599E-05  2.1874899E-05
  2.1334799E-05  1.9304500E-05  1.7036200E-05  1.5034400E-05  1.3267800E-05
  1.1708800E-05  1.0333000E-05  9.1188203E-06  8.0473301E-06  7.1017398E-06
  6.2672698E-06  5.5308401E-06  5.0045101E-06  4.5282700E-06  4.3074201E-06
  4.0973500E-06  3.7074401E-06  3.3546301E-06  3.0353899E-06  2.8634900E-06
  2.7465401E-06  2.6125899E-06  2.4851699E-06  2.2486699E-06  2.0346799E-06
  1.8410600E-06  1.6658601E-06  1.5846100E-06  1.5073300E-06  1.3638900E-06
  1.2341000E-06  9.6111603E-07  7.4851800E-07  5.8294700E-07  4.5399901E-07
  3.5357499E-07  2.7536399E-07  2.1445400E-07  1.6701701E-07  1.3007300E-07
  1.0130100E-07  7.8893301E-08  6.1442101E-08  4.7851199E-08  3.7266499E-08
  2.9023200E-08  2.2603301E-08  1.7603501E-08  1.3709600E-08  1.0677000E-08
  8.3152898E-09  6.4759500E-09  5.0434799E-09  3.9278598E-09  3.0590199E-09
  2.3823701E-09  1.8553900E-09  1.4449800E-09  1.1253500E-09  8.7642499E-10
  8.3368101E-10  6.8256001E-10  6.2506200E-10  5.3157900E-10  4.1399401E-10
  2.8261499E-10  1.9292901E-10  1.3170399E-10  8.9908601E-11  6.1376598E-11
  4.1899099E-11  2.8602700E-11  1.9525799E-11  1.3329400E-11  9.0993801E-12
  6.2117499E-12  4.2404799E-12  2.8947901E-12  1.9761499E-12  1.3490300E-12
  9.2092198E-13  6.2867300E-13  4.2916701E-13  2.9297300E-13  2.0000000E-13
  Lowest boundary   (GeV):  1.0000100E-14


  Cumul. Flux (Part/cmq/pr):

   0.000000     +/-    0.000000     %    0.000000     +/-    0.000000     % 
   0.000000     +/-    0.000000     %    0.000000     +/-    0.000000     % 
   0.000000     +/-    0.000000     %    0.000000     +/-    0.000000     % 
   0.000000     +/-    0.000000     %    0.000000     +/-    0.000000     % 
   0.000000     +/-    0.000000     %    0.000000     +/-    0.000000     % 
   0.000000     +/-    0.000000     %    0.000000     +/-    0.000000     % 
   0.000000     +/-    0.000000     %    0.000000     +/-    0.000000     % 
   6.721004     +/-   6.2524222E-02 %    6.993547     +/-   6.7625389E-02 % 
   7.078672     +/-   6.6099189E-02 %    7.176170     +/-   6.9312200E-02 % 
   7.293363     +/-   6.4990290E-02 %    7.406560     +/-   5.9647448E-02 % 
   7.501342     +/-   5.9347194E-02 %    7.567140     +/-   5.9180975E-02 % 
   7.616725     +/-   5.9212174E-02 %    7.682465     +/-   5.8321409E-02 % 
   7.759296     +/-   5.7780720E-02 %    7.798512     +/-   5.5383012E-02 % 
   7.832972     +/-   4.5483764E-02 %    7.866875     +/-   4.3135706E-02 % 
   7.899474     +/-   4.5467325E-02 %    7.932078     +/-   4.4436179E-02 % 
   7.964928     +/-   4.2242955E-02 %    7.995719     +/-   4.3445773E-02 % 
   8.026657     +/-   3.4050554E-02 %    8.056566     +/-   3.4338310E-02 % 
   8.086564     +/-   3.8385365E-02 %    8.114279     +/-   3.1307027E-02 % 
   8.141582     +/-   3.3404868E-02 %    8.172488     +/-   3.2139558E-02 % 
   8.208685     +/-   3.0243892E-02 %    8.243918     +/-   3.4913141E-02 % 
   8.277557     +/-   2.9979244E-02 %    8.311283     +/-   3.9841164E-02 % 
   8.347635     +/-   4.2792857E-02 %    8.384224     +/-   4.4922933E-02 % 
   8.397270     +/-   4.1835617E-02 %    8.410894     +/-   3.9042581E-02 % 
   8.423830     +/-   3.6123369E-02 %    8.462877     +/-   3.7365034E-02 % 
   8.500886     +/-   3.3363614E-02 %    8.538128     +/-   2.6222723E-02 % 
   8.574139     +/-   2.5838954E-02 %    8.612701     +/-   2.6133303E-02 % 
   8.685253     +/-   2.7606770E-02 %    8.748224     +/-   2.0525571E-02 % 
   8.810871     +/-   3.0361578E-02 %    8.842492     +/-   3.1829786E-02 % 
   8.874277     +/-   2.8754633E-02 %    8.902216     +/-   2.4714410E-02 % 
   8.927622     +/-   2.4272934E-02 %    8.976731     +/-   2.5567953E-02 % 
   9.030427     +/-   2.8650843E-02 %    9.080627     +/-   3.2473356E-02 % 
   9.127618     +/-   3.1632848E-02 %    9.175508     +/-   4.1501567E-02 % 
   9.224157     +/-   4.0374979E-02 %    9.249276     +/-   4.7144890E-02 % 
   9.274039     +/-   4.7391657E-02 %    9.299345     +/-   4.5196258E-02 % 
   9.323936     +/-   4.7586463E-02 %    9.371334     +/-   4.7724269E-02 % 
   9.420387     +/-   5.1934317E-02 %    9.472339     +/-   5.3772502E-02 % 
   9.522190     +/-   5.1218376E-02 %    9.537994     +/-   5.1771101E-02 % 
   9.554317     +/-   5.2099254E-02 %    9.562071     +/-   5.2387618E-02 % 
   9.570389     +/-   5.1075913E-02 %    9.586019     +/-   5.1315460E-02 % 
   9.600752     +/-   5.4508150E-02 %    9.615028     +/-   5.1486135E-02 % 
   9.657602     +/-   4.9171977E-02 %    9.696986     +/-   5.2059535E-02 % 
   9.716211     +/-   5.0396733E-02 %    9.734082     +/-   4.8909437E-02 % 
   9.751757     +/-   4.8046816E-02 %    9.768772     +/-   4.3529112E-02 % 
   9.805879     +/-   4.3772623E-02 %    9.842242     +/-   3.8969710E-02 % 
   9.859324     +/-   3.7480064E-02 %    9.876519     +/-   4.0616006E-02 % 
   9.893158     +/-   4.0634084E-02 %    9.910292     +/-   3.8378645E-02 % 
   9.944564     +/-   3.9059334E-02 %    9.975404     +/-   3.5027500E-02 % 
   10.00128     +/-   3.4739636E-02 %    10.03084     +/-   3.1938024E-02 % 
   10.04496     +/-   3.1063294E-02 %    10.05904     +/-   3.2847017E-02 % 
   10.08415     +/-   3.7282512E-02 %    10.10730     +/-   3.9593238E-02 % 
   10.12841     +/-   4.0455434E-02 %    10.13846     +/-   4.0994480E-02 % 
   10.14563     +/-   4.0325310E-02 %    10.14943     +/-   3.9902359E-02 % 
   10.17156     +/-   4.1347917E-02 %    10.19474     +/-   4.1328594E-02 % 
   10.22060     +/-   3.8460530E-02 %    10.24660     +/-   3.9970294E-02 % 
   10.27178     +/-   4.2279214E-02 %    10.29376     +/-   4.3427035E-02 % 
   10.31467     +/-   4.3560579E-02 %    10.33417     +/-   4.4237044E-02 % 
   10.35449     +/-   4.5222264E-02 %    10.37260     +/-   4.6685793E-02 % 
   10.39054     +/-   4.7763877E-02 %    10.39940     +/-   4.7684390E-02 % 
   10.40769     +/-   5.0786093E-02 %    10.41612     +/-   5.1728107E-02 % 
   10.42445     +/-   5.1656723E-02 %    10.44039     +/-   5.1617928E-02 % 
   10.45409     +/-   5.4284811E-02 %    10.46603     +/-   5.3762533E-02 % 
   10.47894     +/-   5.4355673E-02 %    10.49298     +/-   5.5515599E-02 % 
   10.50683     +/-   5.3163588E-02 %    10.52131     +/-   5.4728616E-02 % 
   10.53617     +/-   5.6457400E-02 %    10.55044     +/-   5.7763197E-02 % 
   10.55755     +/-   5.9138726E-02 %    10.56429     +/-   6.0162652E-02 % 
   10.57080     +/-   6.0629427E-02 %    10.57747     +/-   6.0608633E-02 % 
   10.58388     +/-   6.0220625E-02 %    10.59019     +/-   5.8579393E-02 % 
   10.60246     +/-   5.9936408E-02 %    10.61433     +/-   5.9400473E-02 % 
   10.62606     +/-   6.0455926E-02 %    10.63704     +/-   6.1148860E-02 % 
   10.64806     +/-   6.0812939E-02 %    10.65851     +/-   6.0401831E-02 % 
   10.66883     +/-   6.1209984E-02 %    10.67919     +/-   6.2682033E-02 % 
   10.68876     +/-   6.2881917E-02 %    10.69374     +/-   6.1451927E-02 % 
   10.69847     +/-   6.0968779E-02 %    10.70341     +/-   6.0207587E-02 % 
   10.70842     +/-   5.9287105E-02 %    10.71792     +/-   5.8738239E-02 % 
   10.72742     +/-   5.8789995E-02 %    10.73622     +/-   5.8302984E-02 % 
   10.74503     +/-   5.7591852E-02 %    10.75354     +/-   5.7382677E-02 % 
   10.76221     +/-   5.7380244E-02 %    10.77062     +/-   5.6424476E-02 % 
   10.79025     +/-   5.7333514E-02 %    10.80888     +/-   5.7400767E-02 % 
   10.82703     +/-   5.9715480E-02 %    10.84464     +/-   5.8895256E-02 % 
   10.85506     +/-   5.7505269E-02 %    10.86161     +/-   5.7624839E-02 % 
   10.86818     +/-   5.6803193E-02 %    10.87784     +/-   5.6117717E-02 % 
   10.89364     +/-   5.5710569E-02 %    10.90929     +/-   5.6536909E-02 % 
   10.92428     +/-   5.8147185E-02 %    10.92726     +/-   5.8720168E-02 % 
   10.93007     +/-   5.7808157E-02 %    10.93908     +/-   5.8745757E-02 % 
   10.95332     +/-   5.8553334E-02 %    10.96183     +/-   5.9357863E-02 % 
   10.96737     +/-   5.9350766E-02 %    10.97006     +/-   5.9724361E-02 % 
   10.97281     +/-   5.9628382E-02 %    10.98090     +/-   6.1043471E-02 % 
   10.98359     +/-   6.0773108E-02 %    10.99422     +/-   6.0959525E-02 % 
   11.00769     +/-   5.8881734E-02 %    11.02093     +/-   5.7417408E-02 % 
   11.03403     +/-   5.7093762E-02 %    11.04691     +/-   5.7284500E-02 % 
   11.05991     +/-   5.7832506E-02 %    11.07275     +/-   5.9127368E-02 % 
   11.08519     +/-   5.8896881E-02 %    11.09731     +/-   6.0110785E-02 % 
   11.10985     +/-   5.8958903E-02 %    11.12202     +/-   5.9012067E-02 % 
   11.13172     +/-   5.8486201E-02 %    11.14122     +/-   5.8901623E-02 % 
   11.14607     +/-   5.8031209E-02 %    11.15101     +/-   5.8605373E-02 % 
   11.16053     +/-   5.9282131E-02 %    11.17012     +/-   6.0708657E-02 % 
   11.17971     +/-   6.1366178E-02 %    11.18519     +/-   6.1468042E-02 % 
   11.18911     +/-   6.1757967E-02 %    11.19376     +/-   6.2110592E-02 % 
   11.19854     +/-   6.2537685E-02 %    11.20794     +/-   6.1881676E-02 % 
   11.21725     +/-   6.1422352E-02 %    11.22643     +/-   6.0804814E-02 % 
   11.23579     +/-   6.0365897E-02 %    11.24040     +/-   6.1396901E-02 % 
   11.24536     +/-   6.1099540E-02 %    11.25455     +/-   6.0908142E-02 % 
   11.26395     +/-   6.0398016E-02 %    11.28671     +/-   5.8973201E-02 % 
   11.31015     +/-   6.1105341E-02 %    11.33304     +/-   5.9934530E-02 % 
   11.35576     +/-   5.8794435E-02 %    11.37805     +/-   5.7689488E-02 % 
   11.40046     +/-   5.7634257E-02 %    11.42378     +/-   5.7277065E-02 % 
   11.44648     +/-   5.6396402E-02 %    11.46930     +/-   5.6151051E-02 % 
   11.49173     +/-   5.6490835E-02 %    11.51417     +/-   5.6849670E-02 % 
   11.53671     +/-   5.6994192E-02 %    11.55870     +/-   5.7503052E-02 % 
   11.58086     +/-   5.6690026E-02 %    11.60305     +/-   5.5471484E-02 % 
   11.62544     +/-   5.4095544E-02 %    11.64749     +/-   5.4566227E-02 % 
   11.66935     +/-   5.5208430E-02 %    11.69122     +/-   5.3753231E-02 % 
   11.71260     +/-   5.3938683E-02 %    11.73400     +/-   5.5349037E-02 % 
   11.75545     +/-   5.5255268E-02 %    11.77705     +/-   5.3405762E-02 % 
   11.79864     +/-   5.3893775E-02 %    11.82022     +/-   5.3774554E-02 % 
   11.84197     +/-   5.4292545E-02 %    11.86429     +/-   5.5142310E-02 % 
   11.88674     +/-   5.3336598E-02 %    11.90961     +/-   5.5458974E-02 % 
   11.91418     +/-   5.4942146E-02 %    11.93316     +/-   5.5186246E-02 % 
   11.94157     +/-   5.6333598E-02 %    11.95731     +/-   5.6347441E-02 % 
   11.98271     +/-   5.4658130E-02 %    12.02420     +/-   5.5586465E-02 % 
   12.09432     +/-   5.5726077E-02 %    12.29166     +/-   5.0831627E-02 % 
   12.79446     +/-   6.4252593E-02 %    13.65331     +/-   7.8894265E-02 % 
   14.64444     +/-   9.2638172E-02 %    15.51198     +/-   0.1102148     % 
   16.13424     +/-   0.1250183     %    16.52272     +/-   0.1334316     % 
   16.74487     +/-   0.1373526     %    16.86300     +/-   0.1389579     % 
   16.92352     +/-   0.1395621     %    16.95337     +/-   0.1409389     % 
   16.96796     +/-   0.1412008     %    16.97505     +/-   0.1410247     % 
   16.97836     +/-   0.1411133     %    16.97993     +/-   0.1410696     % 
   16.98063     +/-   0.1410530     %    16.98098     +/-   0.1410074     % 
   16.98114     +/-   0.1410543     %    16.98129     +/-   0.1410681     % 

  Detector n:            2   NFLUX2    
     (Volume:          1.00000000      cmc,
      distr. scored:           8    ,
      from reg.           2  )

     Tot. response (p/cmq/pr)   24.44914      +/-  0.1089090     %
     ( --> Track l. (cm/pr)       24.44914      +/-  0.1089090     % )

  **** Different. Fluxes as a function of energy **** ****      (integrated over solid angle)        ****


  Energy boundaries (GeV):


  Lowest boundary   (GeV):  2.0000000E-02

  Flux (Part/GeV/cmq/pr):



  Energy boundaries (GeV):

  2.0000000E-02  1.9640300E-02  1.9155400E-02  1.8682500E-02  1.8221200E-02
  1.7771300E-02  1.7332500E-02  1.6904600E-02  1.6487200E-02  1.6080100E-02
  1.5683100E-02  1.5295900E-02  1.4918300E-02  1.4549900E-02  1.4190700E-02
  1.3840300E-02  1.3498600E-02  1.3165300E-02  1.2840200E-02  1.2523200E-02
  1.2214000E-02  1.1912500E-02  1.1618300E-02  1.1331500E-02  1.1051700E-02
  1.0778800E-02  1.0512700E-02  1.0253200E-02  9.9999998E-03  9.7530996E-03
  9.5122904E-03  9.2774397E-03  9.0483697E-03  8.8249696E-03  8.6070802E-03
  8.3945701E-03  8.1873098E-03  7.9851598E-03  7.7880099E-03  7.5957198E-03
  7.4081798E-03  7.2252699E-03  7.0468802E-03  6.8728901E-03  6.7031998E-03
  6.6475999E-03  6.5923799E-03  6.5377001E-03  6.3762800E-03  6.2188501E-03
  6.0653100E-03  5.9155500E-03  5.7695000E-03  5.4881200E-03  5.2204598E-03
  4.9658502E-03  4.8432499E-03  4.7236700E-03  4.6070400E-03  4.4932901E-03
  4.2741499E-03  4.0656999E-03  3.8674099E-03  3.6787901E-03  3.4993801E-03
  3.3287101E-03  3.2465300E-03  3.1663701E-03  3.0881900E-03  3.0119400E-03
  2.8650500E-03  2.7253199E-03  2.5923999E-03  2.4659701E-03  2.4251300E-03
  2.3852000E-03  2.3652499E-03  2.3457000E-03  2.3068599E-03  2.2688799E-03
  2.2313001E-03  2.1224800E-03  2.0189700E-03  1.9691200E-03  1.9205000E-03
  1.8730800E-03  1.8268300E-03  1.7377400E-03  1.6529900E-03  1.6121800E-03
  1.5723699E-03  1.5335500E-03  1.4956900E-03  1.4227401E-03  1.3533500E-03
  1.2873500E-03  1.2245600E-03  1.1943300E-03  1.1648400E-03  1.1080300E-03
  1.0539900E-03  1.0025901E-03  9.7783399E-04  9.6163998E-04  9.5369201E-04
  9.0717903E-04  8.6293602E-04  8.2085002E-04  7.8081700E-04  7.4273598E-04
  7.0651202E-04  6.7205500E-04  6.3927902E-04  6.0810102E-04  5.7844300E-04
  5.5023201E-04  5.3664698E-04  5.2339700E-04  5.1047403E-04  4.9787102E-04
  4.7358900E-04  4.5049199E-04  4.2852099E-04  4.0762199E-04  3.8774201E-04
  3.6883200E-04  3.5084400E-04  3.3373301E-04  3.1745600E-04  3.0961799E-04
  3.0197401E-04  2.9451799E-04  2.8724599E-04  2.8015400E-04  2.7323700E-04
  2.5991100E-04  2.4723500E-04  2.3517800E-04  2.2370800E-04  2.1279699E-04
  2.0241900E-04  1.9254700E-04  1.8315599E-04  1.7422400E-04  1.6992200E-04
  1.6572700E-04  1.6163501E-04  1.5764400E-04  1.4995600E-04  1.4264201E-04
  1.3568600E-04  1.2906799E-04  1.2277300E-04  1.1678600E-04  1.1109000E-04
  9.8036500E-05  8.6516899E-05  7.6350902E-05  6.7379500E-05  6.2510902E-05
  5.9462200E-05  5.6562199E-05  5.2475199E-05  4.6309200E-05  4.0867701E-05
  3.6065601E-05  3.5175199E-05  3.4306700E-05  3.1827800E-05  2.8087899E-05
  2.6058400E-05  2.4787500E-05  2.4175501E-05  2.3578599E-05  2.1874899E-05
  2.1334799E-05  1.9304500E-05  1.7036200E-05  1.5034400E-05  1.3267800E-05
  1.1708800E-05  1.0333000E-05  9.1188203E-06  8.0473301E-06  7.1017398E-06
  6.2672698E-06  5.5308401E-06  5.0045101E-06  4.5282700E-06  4.3074201E-06
  4.0973500E-06  3.7074401E-06  3.3546301E-06  3.0353899E-06  2.8634900E-06
  2.7465401E-06  2.6125899E-06  2.4851699E-06  2.2486699E-06  2.0346799E-06
  1.8410600E-06  1.6658601E-06  1.5846100E-06  1.5073300E-06  1.3638900E-06
  1.2341000E-06  9.6111603E-07  7.4851800E-07  5.8294700E-07  4.5399901E-07
  3.5357499E-07  2.7536399E-07  2.1445400E-07  1.6701701E-07  1.3007300E-07
  1.0130100E-07  7.8893301E-08  6.1442101E-08  4.7851199E-08  3.7266499E-08
  2.9023200E-08  2.2603301E-08  1.7603501E-08  1.3709600E-08  1.0677000E-08
  8.3152898E-09  6.4759500E-09  5.0434799E-09  3.9278598E-09  3.0590199E-09
  2.3823701E-09  1.8553900E-09  1.4449800E-09  1.1253500E-09  8.7642499E-10
  8.3368101E-10  6.8256001E-10  6.2506200E-10  5.3157900E-10  4.1399401E-10
  2.8261499E-10  1.9292901E-10  1.3170399E-10  8.9908601E-11  6.1376598E-11
  4.1899099E-11  2.8602700E-11  1.9525799E-11  1.3329400E-11  9.0993801E-12
  6.2117499E-12  4.2404799E-12  2.8947901E-12  1.9761499E-12  1.3490300E-12
  9.2092198E-13  6.2867300E-13  4.2916701E-13  2.9297300E-13  2.0000000E-13
  Lowest boundary   (GeV):  1.0000100E-14

  Flux (Part/GeV/cmq/pr):

   0.000000     +/-    0.000000     %    0.000000     +/-    0.000000     % 
   0.000000     +/-    0.000000     %    0.000000     +/-    0.000000     % 
   0.000000     +/-    0.000000     %    0.000000     +/-    0.000000     % 
   0.000000     +/-    0.000000     %    0.000000     +/-    0.000000     % 
   0.000000     +/-    0.000000     %    0.000000     +/-    0.000000     % 
   0.000000     +/-    0.000000     %    0.000000     +/-    0.000000     % 
   0.000000     +/-    0.000000     %    0.000000     +/-    0.000000     % 
   8180.129     +/-   0.2723462     %    1097.850     +/-   0.8544626     % 
   391.5537     +/-    1.544876     %    415.4557     +/-   0.8570474     % 
   498.1602     +/-   0.4742076     %    497.5551     +/-   0.4384979     % 
   412.0309     +/-   0.4030679     %    307.0820     +/-    1.104666     % 
   253.0625     +/-    1.069204     %    278.0203     +/-    1.313452     % 
   306.3890     +/-   0.9290942     %    239.7418     +/-    1.903454     % 
   213.4141     +/-    1.271618     %    216.7080     +/-    2.370369     % 
   216.5622     +/-    1.063468     %    219.2251     +/-   0.4422815     % 
   229.5393     +/-    1.478603     %    221.1669     +/-    1.241752     % 
   221.7255     +/-    1.493233     %    219.3160     +/-    3.547385     % 
   223.9415     +/-    1.617772     %    218.1133     +/-    1.423730     % 
   230.4668     +/-    1.518701     %    249.5878     +/-   0.9981051     % 
   290.5487     +/-    2.299986     %    296.2211     +/-    1.309072     % 
   279.4233     +/-   0.8328720     %    306.0981     +/-    2.330728     % 
   328.0119     +/-    1.995993     %    334.1744     +/-    1.750057     % 
   347.0257     +/-    4.706397     %    377.7144     +/-    1.592470     % 
   374.9034     +/-    3.750849     %    380.8988     +/-    1.613605     % 
   381.8397     +/-   0.5572377     %    376.9035     +/-    1.509688     % 
   358.2981     +/-    2.143394     %    372.0335     +/-   0.8610465     % 
   365.5901     +/-    1.063905     %    389.8359     +/-    1.506768     % 
   391.0607     +/-    1.264457     %    407.5931     +/-   0.5590261     % 
   420.1566     +/-   0.7220284     %    414.9992     +/-   0.8895935     % 
   381.1408     +/-    3.013229     %    372.4771     +/-   0.7817276     % 
   450.6656     +/-    1.352109     %    417.0963     +/-   0.7027304     % 
   399.5096     +/-   0.7955500     %    416.1938     +/-    1.653035     % 
   431.6909     +/-    1.317647     %    464.9270     +/-    1.691633     % 
   505.6409     +/-   0.7847758     %    539.3054     +/-    1.382331     % 
   556.9605     +/-    2.287792     %    542.6991     +/-   0.9155390     % 
   579.0507     +/-    1.105581     %    638.7259     +/-    1.406090     % 
   642.5690     +/-   0.6867986     %    643.0611     +/-    3.017239     % 
   675.7329     +/-    1.841725     %    691.6116     +/-    4.613473     % 
   692.1572     +/-    3.384115     %    678.1924     +/-    1.169596     % 
   642.2285     +/-    3.102396     %    628.5793     +/-   0.4906149     % 
   617.4140     +/-    1.658164     %    609.4330     +/-    1.236520     % 
   610.5156     +/-    1.620764     %    581.5723     +/-    1.405665     % 
   608.4597     +/-    2.104365     %    611.6304     +/-    1.312558     % 
   693.0557     +/-    1.510716     %    668.8750     +/-   0.7660793     % 
   646.1130     +/-    2.807118     %    709.2983     +/-    2.400996     % 
   708.5378     +/-   0.7385859     %    710.5948     +/-    1.766127     % 
   748.1441     +/-    1.405246     %    745.6758     +/-    1.574199     % 
   655.2786     +/-    1.423029     %    801.1647     +/-    1.675612     % 
   804.2075     +/-    1.711310     %    790.4394     +/-    1.954416     % 
   777.9366     +/-    1.523411     %    708.3781     +/-    1.666356     % 
   665.0668     +/-    2.489263     %    692.1384     +/-    1.502341     % 
   712.2493     +/-    3.151994     %    698.1382     +/-    3.516915     % 
   829.9803     +/-   0.6739055     %    895.9057     +/-    1.266167     % 
   1049.996     +/-    1.115531     %    1139.290     +/-    1.033092     % 
   1058.383     +/-    1.494955     %    1033.014     +/-    1.155725     % 
   1056.566     +/-    1.473408     %    1044.928     +/-    1.471227     % 
   1106.641     +/-    1.578299     %    1094.374     +/-    2.270064     % 
   1136.672     +/-    1.903809     %    1188.604     +/-    1.069492     % 
   1187.757     +/-    1.471655     %    1160.007     +/-    2.791571     % 
   1173.317     +/-    1.382398     %    1176.575     +/-    2.865385     % 
   1064.867     +/-   0.5260585     %    934.8068     +/-    1.682316     % 
   1070.849     +/-    1.322327     %    1234.316     +/-   0.8567574     % 
   1281.285     +/-   0.9843014     %    1414.125     +/-    1.642890     % 
   1569.176     +/-    1.742619     %    1601.678     +/-    1.524089     % 
   1607.543     +/-    1.065702     %    1599.350     +/-    1.405918     % 
   1613.040     +/-    1.133610     %    1628.944     +/-    2.433710     % 
   1550.166     +/-    2.084466     %    1640.616     +/-    1.132901     % 
   1632.453     +/-    2.046175     %    1668.536     +/-    1.023937     % 
   1738.779     +/-    1.961456     %    1857.455     +/-    2.027309     % 
   1795.007     +/-    1.111337     %    1859.462     +/-    1.517206     % 
   1909.782     +/-    2.037021     %    1999.671     +/-    1.004399     % 
   1996.049     +/-    1.812317     %    2059.928     +/-    1.477434     % 
   2156.081     +/-    1.683624     %    2093.496     +/-    2.723528     % 
   2056.872     +/-    3.648118     %    2231.062     +/-    1.801666     % 
   2325.255     +/-   0.9539067     %    2371.931     +/-    2.130970     % 
   2402.534     +/-   0.9233904     %    2600.084     +/-   0.6057102     % 
   2511.212     +/-    2.133176     %    2687.388     +/-    1.611859     % 
   2807.076     +/-    1.035454     %    3095.170     +/-    1.086155     % 
   3277.456     +/-   0.9067541     %    3648.204     +/-   0.6151204     % 
   3973.093     +/-   0.9111941     %    4098.505     +/-    1.262301     % 
   4279.976     +/-    1.226767     %    4548.250     +/-    1.422225     % 
   4833.047     +/-    1.248752     %    5379.194     +/-   0.7420756     % 
   5834.695     +/-   0.7582109     %    6179.184     +/-   0.8338979     % 
   6308.339     +/-    2.082029     %    6469.155     +/-    1.178092     % 
   7225.583     +/-    1.240404     %    7677.115     +/-    2.082587     % 
   8192.161     +/-    1.547666     %    8357.271     +/-    3.548717     % 
   8761.633     +/-    1.479900     %    9093.901     +/-    1.097933     % 
   9461.564     +/-    2.534394     %    10292.32     +/-    1.301046     % 
   11079.87     +/-    1.024855     %    12500.27     +/-   0.4391064     % 
   13908.36     +/-    1.919091     %    15554.42     +/-    1.006939     % 
   17559.20     +/-    1.006140     %    19836.60     +/-   0.9081183     % 
   22775.17     +/-    1.063226     %    25278.40     +/-    1.337547     % 
   28467.05     +/-   0.9192114     %    31572.92     +/-   0.8926822     % 
   35610.22     +/-    1.088336     %    39854.53     +/-   0.3807597     % 
   42258.55     +/-    1.330202     %    43757.45     +/-    1.515602     % 
   47515.62     +/-    1.190497     %    51971.51     +/-   0.9682567     % 
   57503.93     +/-    1.061195     %    63443.56     +/-    1.206089     % 
   66121.60     +/-    3.309111     %    72338.26     +/-   0.9713609     % 
   69625.88     +/-    1.477586     %    79414.34     +/-    1.513871     % 
   87315.98     +/-    1.170526     %    93705.84     +/-   0.9250745     % 
   103845.6     +/-    1.300839     %    113376.3     +/-   0.9960052     % 
   121577.6     +/-    1.889977     %    126399.0     +/-    1.201492     % 
   142232.0     +/-    1.191395     %    170561.9     +/-   0.5535392     % 
   219143.2     +/-   0.6830792     %    274227.2     +/-   0.7604110     % 
   356163.7     +/-   0.6020371     %    455933.8     +/-    1.049309     % 
   581107.7     +/-   0.8394210     %    752556.4     +/-   0.6703916     % 
   950566.8     +/-    1.322780     %    1231274.     +/-   0.4284499     % 
   1603641.     +/-   0.2440351     %    2041830.     +/-   0.5129954     % 
   2604900.     +/-   0.8192871     %    3348419.     +/-   0.4844439     % 
   4301834.     +/-    1.136124     %    5538486.     +/-    1.015215     % 
   7085962.     +/-   0.6042007     %    9111395.     +/-   0.9792372     % 
  1.1780435E+07 +/-   0.6222388     %   1.4936549E+07 +/-   0.2809059     % 
  1.9333722E+07 +/-   0.6854061     %   2.5078818E+07 +/-   0.6173648     % 
  3.2391562E+07 +/-    1.276011     %   4.0768328E+07 +/-    1.139868     % 
  5.2438068E+07 +/-   0.6928071     %   6.8497144E+07 +/-   0.4104753     % 
  8.9348424E+07 +/-   0.5624781     %   1.1551880E+08 +/-   0.4363972     % 
  1.5275744E+08 +/-   0.5428598     %   2.0200648E+08 +/-    1.259386     % 
  2.4022550E+08 +/-   0.7430198     %   2.6806763E+08 +/-    1.034111     % 
  3.2099011E+08 +/-   0.6052341     %   3.7786573E+08 +/-   0.7691345     % 
  4.7202550E+08 +/-   0.6649554     %   7.0881114E+08 +/-   0.6609607     % 
  1.8321560E+09 +/-   0.4698665     %   8.1171907E+09 +/-   0.2527376     % 
  3.0758339E+10 +/-   0.1590907     %   7.7160186E+10 +/-   0.2400064     % 
  1.3115258E+11 +/-   0.1844985     %   1.6777298E+11 +/-   0.2185079     % 
  1.7598369E+11 +/-   0.2933369     %   1.6106578E+11 +/-   0.1503195     % 
  1.3424796E+11 +/-   0.3263899     %   1.0523795E+11 +/-   0.1592359     % 
  7.8515151E+10 +/-   0.2129942     %   5.7562296E+10 +/-   0.3701296     % 
  4.0722006E+10 +/-   0.4883857     %   2.8322922E+10 +/-   0.4869238     % 
  2.0036579E+10 +/-    1.121681     %   1.3585804E+10 +/-   0.8930214     % 
  9.4338560E+09 +/-    1.438330     %   6.2641956E+09 +/-    2.392869     % 
  4.3508854E+09 +/-    2.163250     %   1.8730056E+09 +/-    2.769125     % 


  **** Cumulative Fluxes as a function of energy **** ****      (integrated over solid angle)        ****


  Energy boundaries (GeV):



  Lowest boundary   (GeV):  2.0000000E-02

  Cumul. Flux (Part/cmq/pr):



  Energy boundaries (GeV):

  2.0000000E-02  1.9640300E-02  1.9155400E-02  1.8682500E-02  1.8221200E-02
  1.7771300E-02  1.7332500E-02  1.6904600E-02  1.6487200E-02  1.6080100E-02
  1.5683100E-02  1.5295900E-02  1.4918300E-02  1.4549900E-02  1.4190700E-02
  1.3840300E-02  1.3498600E-02  1.3165300E-02  1.2840200E-02  1.2523200E-02
  1.2214000E-02  1.1912500E-02  1.1618300E-02  1.1331500E-02  1.1051700E-02
  1.0778800E-02  1.0512700E-02  1.0253200E-02  9.9999998E-03  9.7530996E-03
  9.5122904E-03  9.2774397E-03  9.0483697E-03  8.8249696E-03  8.6070802E-03
  8.3945701E-03  8.1873098E-03  7.9851598E-03  7.7880099E-03  7.5957198E-03
  7.4081798E-03  7.2252699E-03  7.0468802E-03  6.8728901E-03  6.7031998E-03
  6.6475999E-03  6.5923799E-03  6.5377001E-03  6.3762800E-03  6.2188501E-03
  6.0653100E-03  5.9155500E-03  5.7695000E-03  5.4881200E-03  5.2204598E-03
  4.9658502E-03  4.8432499E-03  4.7236700E-03  4.6070400E-03  4.4932901E-03
  4.2741499E-03  4.0656999E-03  3.8674099E-03  3.6787901E-03  3.4993801E-03
  3.3287101E-03  3.2465300E-03  3.1663701E-03  3.0881900E-03  3.0119400E-03
  2.8650500E-03  2.7253199E-03  2.5923999E-03  2.4659701E-03  2.4251300E-03
  2.3852000E-03  2.3652499E-03  2.3457000E-03  2.3068599E-03  2.2688799E-03
  2.2313001E-03  2.1224800E-03  2.0189700E-03  1.9691200E-03  1.9205000E-03
  1.8730800E-03  1.8268300E-03  1.7377400E-03  1.6529900E-03  1.6121800E-03
  1.5723699E-03  1.5335500E-03  1.4956900E-03  1.4227401E-03  1.3533500E-03
  1.2873500E-03  1.2245600E-03  1.1943300E-03  1.1648400E-03  1.1080300E-03
  1.0539900E-03  1.0025901E-03  9.7783399E-04  9.6163998E-04  9.5369201E-04
  9.0717903E-04  8.6293602E-04  8.2085002E-04  7.8081700E-04  7.4273598E-04
  7.0651202E-04  6.7205500E-04  6.3927902E-04  6.0810102E-04  5.7844300E-04
  5.5023201E-04  5.3664698E-04  5.2339700E-04  5.1047403E-04  4.9787102E-04
  4.7358900E-04  4.5049199E-04  4.2852099E-04  4.0762199E-04  3.8774201E-04
  3.6883200E-04  3.5084400E-04  3.3373301E-04  3.1745600E-04  3.0961799E-04
  3.0197401E-04  2.9451799E-04  2.8724599E-04  2.8015400E-04  2.7323700E-04
  2.5991100E-04  2.4723500E-04  2.3517800E-04  2.2370800E-04  2.1279699E-04
  2.0241900E-04  1.9254700E-04  1.8315599E-04  1.7422400E-04  1.6992200E-04
  1.6572700E-04  1.6163501E-04  1.5764400E-04  1.4995600E-04  1.4264201E-04
  1.3568600E-04  1.2906799E-04  1.2277300E-04  1.1678600E-04  1.1109000E-04
  9.8036500E-05  8.6516899E-05  7.6350902E-05  6.7379500E-05  6.2510902E-05
  5.9462200E-05  5.6562199E-05  5.2475199E-05  4.6309200E-05  4.0867701E-05
  3.6065601E-05  3.5175199E-05  3.4306700E-05  3.1827800E-05  2.8087899E-05
  2.6058400E-05  2.4787500E-05  2.4175501E-05  2.3578599E-05  2.1874899E-05
  2.1334799E-05  1.9304500E-05  1.7036200E-05  1.5034400E-05  1.3267800E-05
  1.1708800E-05  1.0333000E-05  9.1188203E-06  8.0473301E-06  7.1017398E-06
  6.2672698E-06  5.5308401E-06  5.0045101E-06  4.5282700E-06  4.3074201E-06
  4.0973500E-06  3.7074401E-06  3.3546301E-06  3.0353899E-06  2.8634900E-06
  2.7465401E-06  2.6125899E-06  2.4851699E-06  2.2486699E-06  2.0346799E-06
  1.8410600E-06  1.6658601E-06  1.5846100E-06  1.5073300E-06  1.3638900E-06
  1.2341000E-06  9.6111603E-07  7.4851800E-07  5.8294700E-07  4.5399901E-07
  3.5357499E-07  2.7536399E-07  2.1445400E-07  1.6701701E-07  1.3007300E-07
  1.0130100E-07  7.8893301E-08  6.1442101E-08  4.7851199E-08  3.7266499E-08
  2.9023200E-08  2.2603301E-08  1.7603501E-08  1.3709600E-08  1.0677000E-08
  8.3152898E-09  6.4759500E-09  5.0434799E-09  3.9278598E-09  3.0590199E-09
  2.3823701E-09  1.8553900E-09  1.4449800E-09  1.1253500E-09  8.7642499E-10
  8.3368101E-10  6.8256001E-10  6.2506200E-10  5.3157900E-10  4.1399401E-10
  2.8261499E-10  1.9292901E-10  1.3170399E-10  8.9908601E-11  6.1376598E-11
  4.1899099E-11  2.8602700E-11  1.9525799E-11  1.3329400E-11  9.0993801E-12
  6.2117499E-12  4.2404799E-12  2.8947901E-12  1.9761499E-12  1.3490300E-12
  9.2092198E-13  6.2867300E-13  4.2916701E-13  2.9297300E-13  2.0000000E-13
  Lowest boundary   (GeV):  1.0000100E-14


  Cumul. Flux (Part/cmq/pr):

   0.000000     +/-    0.000000     %    0.000000     +/-    0.000000     % 
   0.000000     +/-    0.000000     %    0.000000     +/-    0.000000     % 
   0.000000     +/-    0.000000     %    0.000000     +/-    0.000000     % 
   0.000000     +/-    0.000000     %    0.000000     +/-    0.000000     % 
   0.000000     +/-    0.000000     %    0.000000     +/-    0.000000     % 
   0.000000     +/-    0.000000     %    0.000000     +/-    0.000000     % 
   0.000000     +/-    0.000000     %    0.000000     +/-    0.000000     % 
   2.866316     +/-   0.2723462     %    3.241452     +/-   0.3269306     % 
   3.371957     +/-   0.3129642     %    3.507021     +/-   0.3225586     % 
   3.664938     +/-   0.2910067     %    3.818782     +/-   0.2691669     % 
   3.943010     +/-   0.2697345     %    4.033353     +/-   0.2739926     % 
   4.105931     +/-   0.2639793     %    4.183721     +/-   0.2452739     % 
   4.267335     +/-   0.2342266     %    4.331130     +/-   0.2103811     % 
   4.386511     +/-   0.1944173     %    4.441382     +/-   0.2025245     % 
   4.494851     +/-   0.2077163     %    4.547642     +/-   0.2042339     % 
   4.601550     +/-   0.1975643     %    4.652213     +/-   0.1917400     % 
   4.701746     +/-   0.1841879     %    4.749533     +/-   0.1765934     % 
   4.797122     +/-   0.1842074     %    4.842329     +/-   0.1716707     % 
   4.888917     +/-   0.1813913     %    4.938124     +/-   0.1764482     % 
   4.993993     +/-   0.1547604     %    5.049547     +/-   0.1590652     % 
   5.100656     +/-   0.1619033     %    5.155261     +/-   0.1765622     % 
   5.212332     +/-   0.1701445     %    5.269038     +/-   0.1520171     % 
   5.288332     +/-   0.1501941     %    5.309190     +/-   0.1448157     % 
   5.329690     +/-   0.1377706     %    5.391174     +/-   0.1374875     % 
   5.451287     +/-   0.1302739     %    5.509157     +/-   0.1376877     % 
   5.562816     +/-   0.1278723     %    5.617151     +/-   0.1327064     % 
   5.720021     +/-   0.1239050     %    5.824365     +/-   0.1449653     % 
   5.923932     +/-   0.1547691     %    5.973903     +/-   0.1498199     % 
   6.024146     +/-   0.1505364     %    6.072547     +/-   0.1514839     % 
   6.115901     +/-   0.1405822     %    6.197526     +/-   0.1412706     % 
   6.291468     +/-   0.1436748     %    6.374174     +/-   0.1417072     % 
   6.449529     +/-   0.1400236     %    6.524199     +/-   0.1325711     % 
   6.597875     +/-   0.1170878     %    6.636083     +/-   0.1167611     % 
   6.676615     +/-   0.1173316     %    6.718778     +/-   0.1133170     % 
   6.761246     +/-   0.1075413     %    6.840963     +/-   0.1084277     % 
   6.921874     +/-   0.1081584     %    7.006773     +/-   0.1105687     % 
   7.088013     +/-   0.1116716     %    7.114276     +/-   0.1131908     % 
   7.141258     +/-   0.1110698     %    7.155056     +/-   0.1121819     % 
   7.168587     +/-   0.1129553     %    7.194928     +/-   0.1098195     % 
   7.219320     +/-   0.1055819     %    7.242942     +/-   0.1057851     % 
   7.310129     +/-   9.5929891E-02 %    7.373211     +/-   9.7167425E-02 % 
   7.403646     +/-   9.7015858E-02 %    7.431922     +/-   9.9432580E-02 % 
   7.460775     +/-   0.1008914     %    7.489063     +/-   9.7322993E-02 % 
   7.550807     +/-   0.1058092     %    7.607494     +/-   0.1016165     % 
   7.633862     +/-   9.6885629E-02 %    7.662099     +/-   0.1012308     % 
   7.689605     +/-   0.1005985     %    7.716508     +/-   0.1013702     % 
   7.771085     +/-   0.1063652     %    7.822827     +/-   0.1031929     % 
   7.866076     +/-   0.1083957     %    7.916381     +/-   0.1127866     % 
   7.940692     +/-   0.1159555     %    7.964002     +/-   0.1150406     % 
   8.008197     +/-   0.1192273     %    8.046477     +/-   0.1177569     % 
   8.080662     +/-   0.1171256     %    8.097796     +/-   0.1169352     % 
   8.109331     +/-   0.1177809     %    8.114880     +/-   0.1179900     % 
   8.153484     +/-   0.1191113     %    8.193122     +/-   0.1150084     % 
   8.237312     +/-   0.1173851     %    8.282922     +/-   0.1190319     % 
   8.323226     +/-   0.1215417     %    8.360645     +/-   0.1181489     % 
   8.397052     +/-   0.1124429     %    8.431300     +/-   0.1079568     % 
   8.465803     +/-   0.1098978     %    8.498260     +/-   0.1075170     % 
   8.530327     +/-   0.1078862     %    8.546474     +/-   0.1081450     % 
   8.562212     +/-   0.1097508     %    8.577203     +/-   0.1081480     % 
   8.591990     +/-   0.1101678     %    8.620560     +/-   0.1128554     % 
   8.645155     +/-   0.1123693     %    8.665693     +/-   0.1104200     % 
   8.688073     +/-   0.1125053     %    8.712611     +/-   0.1111368     % 
   8.736840     +/-   0.1124337     %    8.762278     +/-   0.1147103     % 
   8.789127     +/-   0.1166034     %    8.815198     +/-   0.1131191     % 
   8.827798     +/-   0.1119207     %    8.840023     +/-   0.1101359     % 
   8.852051     +/-   0.1102995     %    8.863896     +/-   0.1070978     % 
   8.874889     +/-   0.1077544     %    8.886238     +/-   0.1074343     % 
   8.907992     +/-   0.1072026     %    8.929142     +/-   0.1078057     % 
   8.950107     +/-   0.1049640     %    8.971412     +/-   0.1040383     % 
   8.990997     +/-   0.1056193     %    9.010295     +/-   0.1063207     % 
   9.029148     +/-   0.1032314     %    9.047927     +/-   0.1023131     % 
   9.065756     +/-   0.1045343     %    9.074617     +/-   0.1035035     % 
   9.083662     +/-   0.1033808     %    9.092229     +/-   0.1039950     % 
   9.100438     +/-   0.1057370     %    9.117590     +/-   0.1062285     % 
   9.134597     +/-   0.1072750     %    9.151096     +/-   0.1095836     % 
   9.166996     +/-   0.1083484     %    9.183364     +/-   0.1082468     % 
   9.198399     +/-   0.1087064     %    9.213706     +/-   0.1087316     % 
   9.250348     +/-   0.1072823     %    9.286003     +/-   0.1062399     % 
   9.319322     +/-   0.1064509     %    9.352051     +/-   0.1070259     % 
   9.371394     +/-   0.1071986     %    9.383889     +/-   0.1063539     % 
   9.396301     +/-   0.1055943     %    9.414890     +/-   0.1071002     % 
   9.444691     +/-   0.1055950     %    9.473962     +/-   0.1062901     % 
   9.501981     +/-   0.1076026     %    9.507483     +/-   0.1076352     % 
   9.512961     +/-   0.1077135     %    9.528997     +/-   0.1073193     % 
   9.556021     +/-   0.1052754     %    9.571601     +/-   0.1037773     % 
   9.582013     +/-   0.1035634     %    9.587128     +/-   0.1038974     % 
   9.592358     +/-   0.1030730     %    9.607850     +/-   0.1029505     % 
   9.612961     +/-   0.1040671     %    9.633857     +/-   0.1035554     % 
   9.658990     +/-   0.1040942     %    9.684012     +/-   0.1044091     % 
   9.708583     +/-   0.1008263     %    9.732833     +/-   0.1022063     % 
   9.756990     +/-   0.1024575     %    9.781075     +/-   0.1020132     % 
   9.805479     +/-   0.1010264     %    9.829382     +/-   0.1018792     % 
   9.853137     +/-   0.1025801     %    9.876389     +/-   0.1021412     % 
   9.895131     +/-   0.1029129     %    9.914111     +/-   0.1022604     % 
   9.923444     +/-   0.1032226     %    9.932636     +/-   0.1020197     % 
   9.951163     +/-   0.1004735     %    9.969499     +/-   0.1008376     % 
   9.987857     +/-   9.9498793E-02 %    9.998762     +/-   9.8735459E-02 % 
   10.00650     +/-   9.7447544E-02 %    10.01618     +/-   9.7532272E-02 % 
   10.02506     +/-   9.6929856E-02 %    10.04384     +/-   9.9399090E-02 % 
   10.06252     +/-   9.9521711E-02 %    10.08067     +/-   9.9342979E-02 % 
   10.09886     +/-   9.7688466E-02 %    10.10807     +/-   9.7603858E-02 % 
   10.11747     +/-   9.6746907E-02 %    10.13560     +/-   9.7945079E-02 % 
   10.15406     +/-   9.9165797E-02 %    10.20062     +/-   9.7380273E-02 % 
   10.24721     +/-   9.7686708E-02 %    10.29261     +/-   9.7340122E-02 % 
   10.33854     +/-   9.6410610E-02 %    10.38433     +/-   9.2986628E-02 % 
   10.42978     +/-   9.2157066E-02 %    10.47561     +/-   9.3579821E-02 % 
   10.52071     +/-   8.9927308E-02 %    10.56619     +/-   8.9836292E-02 % 
   10.61233     +/-   9.0256974E-02 %    10.65809     +/-   8.8658564E-02 % 
   10.70354     +/-   8.9268520E-02 %    10.74905     +/-   9.0560347E-02 % 
   10.79459     +/-   8.6850286E-02 %    10.84024     +/-   8.4999084E-02 % 
   10.88573     +/-   8.3329827E-02 %    10.93129     +/-   8.6947352E-02 % 
   10.97716     +/-   8.6335652E-02 %    11.02246     +/-   8.6517841E-02 % 
   11.06812     +/-   8.7512650E-02 %    11.11425     +/-   8.5289009E-02 % 
   11.16065     +/-   8.2892530E-02 %    11.20613     +/-   7.9546966E-02 % 
   11.25169     +/-   7.6830946E-02 %    11.29804     +/-   7.5404264E-02 % 
   11.34512     +/-   7.6455012E-02 %    11.39253     +/-   7.4957743E-02 % 
   11.44136     +/-   7.5771786E-02 %    11.49164     +/-   7.3250763E-02 % 
   11.50191     +/-   7.2858222E-02 %    11.54242     +/-   7.3684506E-02 % 
   11.56088     +/-   7.3397443E-02 %    11.59620     +/-   7.5155474E-02 % 
   11.65170     +/-   7.3689900E-02 %    11.74483     +/-   7.0927784E-02 % 
   11.90915     +/-   7.2726794E-02 %    12.40612     +/-   7.3424309E-02 % 
   13.69168     +/-   7.0897050E-02 %    15.89321     +/-   8.5799754E-02 % 
   18.44774     +/-   9.4829515E-02 %    20.67851     +/-   9.9422678E-02 % 
   22.27590     +/-   0.1068728     %    23.27393     +/-   0.1059024     % 
   23.84180     +/-   0.1071685     %    24.14569     +/-   0.1074214     % 
   24.30046     +/-   0.1076499     %    24.37792     +/-   0.1081153     % 
   24.41533     +/-   0.1085957     %    24.43309     +/-   0.1086229     % 
   24.44167     +/-   0.1088859     %    24.44564     +/-   0.1087509     % 
   24.44752     +/-   0.1088361     %    24.44838     +/-   0.1088992     % 
   24.44878     +/-   0.1088770     %    24.44914     +/-   0.1089090     % 

  Detector n:            3   NFLUX3    
     (Volume:          1.00000000      cmc,
      distr. scored:           8    ,
      from reg.           3  )

     Tot. response (p/cmq/pr)   15.82183      +/-  0.1401215     %
     ( --> Track l. (cm/pr)       15.82183      +/-  0.1401215     % )

  **** Different. Fluxes as a function of energy **** ****      (integrated over solid angle)        ****


  Energy boundaries (GeV):


  Lowest boundary   (GeV):  2.0000000E-02

  Flux (Part/GeV/cmq/pr):



  Energy boundaries (GeV):

  2.0000000E-02  1.9640300E-02  1.9155400E-02  1.8682500E-02  1.8221200E-02
  1.7771300E-02  1.7332500E-02  1.6904600E-02  1.6487200E-02  1.6080100E-02
  1.5683100E-02  1.5295900E-02  1.4918300E-02  1.4549900E-02  1.4190700E-02
  1.3840300E-02  1.3498600E-02  1.3165300E-02  1.2840200E-02  1.2523200E-02
  1.2214000E-02  1.1912500E-02  1.1618300E-02  1.1331500E-02  1.1051700E-02
  1.0778800E-02  1.0512700E-02  1.0253200E-02  9.9999998E-03  9.7530996E-03
  9.5122904E-03  9.2774397E-03  9.0483697E-03  8.8249696E-03  8.6070802E-03
  8.3945701E-03  8.1873098E-03  7.9851598E-03  7.7880099E-03  7.5957198E-03
  7.4081798E-03  7.2252699E-03  7.0468802E-03  6.8728901E-03  6.7031998E-03
  6.6475999E-03  6.5923799E-03  6.5377001E-03  6.3762800E-03  6.2188501E-03
  6.0653100E-03  5.9155500E-03  5.7695000E-03  5.4881200E-03  5.2204598E-03
  4.9658502E-03  4.8432499E-03  4.7236700E-03  4.6070400E-03  4.4932901E-03
  4.2741499E-03  4.0656999E-03  3.8674099E-03  3.6787901E-03  3.4993801E-03
  3.3287101E-03  3.2465300E-03  3.1663701E-03  3.0881900E-03  3.0119400E-03
  2.8650500E-03  2.7253199E-03  2.5923999E-03  2.4659701E-03  2.4251300E-03
  2.3852000E-03  2.3652499E-03  2.3457000E-03  2.3068599E-03  2.2688799E-03
  2.2313001E-03  2.1224800E-03  2.0189700E-03  1.9691200E-03  1.9205000E-03
  1.8730800E-03  1.8268300E-03  1.7377400E-03  1.6529900E-03  1.6121800E-03
  1.5723699E-03  1.5335500E-03  1.4956900E-03  1.4227401E-03  1.3533500E-03
  1.2873500E-03  1.2245600E-03  1.1943300E-03  1.1648400E-03  1.1080300E-03
  1.0539900E-03  1.0025901E-03  9.7783399E-04  9.6163998E-04  9.5369201E-04
  9.0717903E-04  8.6293602E-04  8.2085002E-04  7.8081700E-04  7.4273598E-04
  7.0651202E-04  6.7205500E-04  6.3927902E-04  6.0810102E-04  5.7844300E-04
  5.5023201E-04  5.3664698E-04  5.2339700E-04  5.1047403E-04  4.9787102E-04
  4.7358900E-04  4.5049199E-04  4.2852099E-04  4.0762199E-04  3.8774201E-04
  3.6883200E-04  3.5084400E-04  3.3373301E-04  3.1745600E-04  3.0961799E-04
  3.0197401E-04  2.9451799E-04  2.8724599E-04  2.8015400E-04  2.7323700E-04
  2.5991100E-04  2.4723500E-04  2.3517800E-04  2.2370800E-04  2.1279699E-04
  2.0241900E-04  1.9254700E-04  1.8315599E-04  1.7422400E-04  1.6992200E-04
  1.6572700E-04  1.6163501E-04  1.5764400E-04  1.4995600E-04  1.4264201E-04
  1.3568600E-04  1.2906799E-04  1.2277300E-04  1.1678600E-04  1.1109000E-04
  9.8036500E-05  8.6516899E-05  7.6350902E-05  6.7379500E-05  6.2510902E-05
  5.9462200E-05  5.6562199E-05  5.2475199E-05  4.6309200E-05  4.0867701E-05
  3.6065601E-05  3.5175199E-05  3.4306700E-05  3.1827800E-05  2.8087899E-05
  2.6058400E-05  2.4787500E-05  2.4175501E-05  2.3578599E-05  2.1874899E-05
  2.1334799E-05  1.9304500E-05  1.7036200E-05  1.5034400E-05  1.3267800E-05
  1.1708800E-05  1.0333000E-05  9.1188203E-06  8.0473301E-06  7.1017398E-06
  6.2672698E-06  5.5308401E-06  5.0045101E-06  4.5282700E-06  4.3074201E-06
  4.0973500E-06  3.7074401E-06  3.3546301E-06  3.0353899E-06  2.8634900E-06
  2.7465401E-06  2.6125899E-06  2.4851699E-06  2.2486699E-06  2.0346799E-06
  1.8410600E-06  1.6658601E-06  1.5846100E-06  1.5073300E-06  1.3638900E-06
  1.2341000E-06  9.6111603E-07  7.4851800E-07  5.8294700E-07  4.5399901E-07
  3.5357499E-07  2.7536399E-07  2.1445400E-07  1.6701701E-07  1.3007300E-07
  1.0130100E-07  7.8893301E-08  6.1442101E-08  4.7851199E-08  3.7266499E-08
  2.9023200E-08  2.2603301E-08  1.7603501E-08  1.3709600E-08  1.0677000E-08
  8.3152898E-09  6.4759500E-09  5.0434799E-09  3.9278598E-09  3.0590199E-09
  2.3823701E-09  1.8553900E-09  1.4449800E-09  1.1253500E-09  8.7642499E-10
  8.3368101E-10  6.8256001E-10  6.2506200E-10  5.3157900E-10  4.1399401E-10
  2.8261499E-10  1.9292901E-10  1.3170399E-10  8.9908601E-11  6.1376598E-11
  4.1899099E-11  2.8602700E-11  1.9525799E-11  1.3329400E-11  9.0993801E-12
  6.2117499E-12  4.2404799E-12  2.8947901E-12  1.9761499E-12  1.3490300E-12
  9.2092198E-13  6.2867300E-13  4.2916701E-13  2.9297300E-13  2.0000000E-13
  Lowest boundary   (GeV):  1.0000100E-14

  Flux (Part/GeV/cmq/pr):

   0.000000     +/-    0.000000     %    0.000000     +/-    0.000000     % 
   0.000000     +/-    0.000000     %    0.000000     +/-    0.000000     % 
   0.000000     +/-    0.000000     %    0.000000     +/-    0.000000     % 
   0.000000     +/-    0.000000     %    0.000000     +/-    0.000000     % 
   0.000000     +/-    0.000000     %    0.000000     +/-    0.000000     % 
   0.000000     +/-    0.000000     %    0.000000     +/-    0.000000     % 
   0.000000     +/-    0.000000     %    0.000000     +/-    0.000000     % 
   3468.419     +/-   0.4907868     %    773.9525     +/-   0.7256155     % 
   300.7428     +/-    2.078143     %    299.2726     +/-    1.791653     % 
   348.2539     +/-   0.8854310     %    348.8777     +/-   0.5272998     % 
   281.5014     +/-    1.086676     %    213.9719     +/-    1.081040     % 
   185.3432     +/-    1.177462     %    192.6122     +/-    2.308630     % 
   213.0809     +/-    1.355492     %    187.7414     +/-    2.099274     % 
   167.8629     +/-    1.579800     %    168.5751     +/-    1.995908     % 
   162.9639     +/-    1.378471     %    173.2151     +/-    1.667337     % 
   185.0473     +/-    2.382409     %    177.4034     +/-    2.060379     % 
   176.0310     +/-   0.6978595     %    170.1590     +/-    2.502116     % 
   177.3055     +/-   0.6775899     %    169.4265     +/-    1.024056     % 
   190.8472     +/-    1.544505     %    196.9061     +/-    2.210846     % 
   225.4852     +/-    1.070844     %    226.1377     +/-    1.286224     % 
   220.2963     +/-    1.246562     %    231.3775     +/-    2.225049     % 
   262.3767     +/-    1.166854     %    252.0165     +/-    2.467222     % 
   267.1593     +/-    5.566901     %    283.1832     +/-    1.928936     % 
   286.7290     +/-    2.792488     %    286.1157     +/-    1.917428     % 
   294.6197     +/-    1.955431     %    278.7347     +/-    1.916657     % 
   268.7241     +/-    1.606867     %    280.4962     +/-    2.393040     % 
   274.8072     +/-   0.5833821     %    297.8773     +/-    2.467184     % 
   294.7951     +/-    2.068050     %    308.2720     +/-    1.470630     % 
   333.3318     +/-    2.110818     %    307.1525     +/-    3.192592     % 
   290.7909     +/-    1.385609     %    294.7518     +/-    1.689519     % 
   339.4701     +/-    1.020893     %    315.3066     +/-    1.924804     % 
   292.4319     +/-    1.897371     %    298.4697     +/-   0.8240026     % 
   309.1142     +/-    1.170157     %    329.8361     +/-    1.703133     % 
   385.4885     +/-    2.283308     %    415.4419     +/-    3.771107     % 
   419.0291     +/-    2.684129     %    396.9214     +/-    2.100646     % 
   430.2425     +/-    1.231558     %    463.8657     +/-    2.023530     % 
   467.5548     +/-    1.132469     %    463.4711     +/-    3.288296     % 
   500.8036     +/-    1.700222     %    488.1994     +/-    2.640776     % 
   527.5908     +/-    2.196492     %    518.9399     +/-    1.877889     % 
   470.4890     +/-    1.797584     %    478.5573     +/-    2.012062     % 
   458.1878     +/-    1.731004     %    443.2751     +/-    1.205881     % 
   449.8268     +/-    1.588642     %    440.2592     +/-   0.6904433     % 
   438.5022     +/-    1.878722     %    437.9745     +/-    2.313935     % 
   507.7565     +/-    2.159719     %    503.2671     +/-    1.787695     % 
   470.0715     +/-    2.699110     %    512.9919     +/-    3.344516     % 
   530.4727     +/-    1.262182     %    514.1299     +/-    2.729905     % 
   562.7620     +/-    1.407856     %    546.1918     +/-    3.058318     % 
   470.7122     +/-    1.650675     %    570.1894     +/-    1.908711     % 
   607.4249     +/-    2.441401     %    594.3531     +/-    1.234156     % 
   566.4289     +/-    2.220486     %    542.1890     +/-    1.409219     % 
   500.1873     +/-    1.168827     %    497.1787     +/-    1.890596     % 
   529.4728     +/-    1.458284     %    539.2404     +/-    3.879608     % 
   603.1184     +/-    1.450931     %    679.2925     +/-    2.407495     % 
   752.2613     +/-    1.007836     %    836.4105     +/-    1.273414     % 
   814.8418     +/-   0.7127842     %    776.1589     +/-    1.274114     % 
   774.0099     +/-    2.488423     %    795.2150     +/-    2.425703     % 
   808.9081     +/-    1.498431     %    784.5029     +/-    2.183842     % 
   851.8882     +/-   0.9723748     %    835.3864     +/-    2.472630     % 
   826.2421     +/-    3.641053     %    866.4591     +/-    2.311971     % 
   924.6128     +/-    2.734480     %    859.6403     +/-    1.710126     % 
   808.1491     +/-    1.073737     %    676.1328     +/-    2.797979     % 
   781.3943     +/-    1.625497     %    885.9298     +/-    1.861813     % 
   956.3914     +/-    3.306338     %    1005.110     +/-    1.604095     % 
   1101.918     +/-   0.7839758     %    1158.524     +/-    2.418249     % 
   1158.843     +/-    1.684513     %    1157.536     +/-    2.153417     % 
   1158.313     +/-    2.699108     %    1193.541     +/-    2.432670     % 
   1154.462     +/-    2.420619     %    1181.207     +/-    2.687105     % 
   1173.873     +/-    2.005882     %    1219.224     +/-   0.9121857     % 
   1206.384     +/-    1.768904     %    1278.932     +/-    1.069580     % 
   1336.932     +/-    1.765973     %    1288.674     +/-    1.621919     % 
   1377.812     +/-    2.933825     %    1434.859     +/-    2.057211     % 
   1419.167     +/-    2.897705     %    1432.913     +/-    1.691324     % 
   1533.183     +/-   0.7792044     %    1553.688     +/-    1.811202     % 
   1523.631     +/-    1.382222     %    1612.787     +/-    1.350503     % 
   1630.053     +/-   0.6044659     %    1692.206     +/-   0.5723386     % 
   1778.085     +/-    3.175750     %    1832.618     +/-    2.518550     % 
   1809.390     +/-    1.458833     %    1900.718     +/-    1.182843     % 
   1969.687     +/-   0.5610933     %    2169.761     +/-    1.443977     % 
   2342.255     +/-    1.425225     %    2618.899     +/-   0.7855878     % 
   2793.163     +/-    1.019461     %    2938.652     +/-    1.369812     % 
   3054.510     +/-    1.174087     %    3177.502     +/-    1.619729     % 
   3458.606     +/-    1.335779     %    3737.460     +/-    2.088065     % 
   4225.896     +/-    1.430562     %    4400.249     +/-    2.050139     % 
   4499.594     +/-   0.9717221     %    4660.516     +/-    1.542688     % 
   5105.739     +/-    1.377608     %    5524.508     +/-    1.899416     % 
   5866.905     +/-    1.943558     %    6280.117     +/-    2.443237     % 
   6641.407     +/-    2.858829     %    6432.511     +/-    1.915667     % 
   6865.015     +/-    2.542851     %    7106.654     +/-    1.117393     % 
   7871.958     +/-    2.109077     %    8739.858     +/-   0.6781135     % 
   9807.353     +/-   0.7052454     %    11010.22     +/-    1.535214     % 
   12169.28     +/-    1.218148     %    13975.17     +/-   0.9072936     % 
   15605.07     +/-    1.205370     %    17763.85     +/-    1.556633     % 
   19824.30     +/-    1.167168     %    22671.19     +/-   0.8645349     % 
   23941.56     +/-    1.568488     %    27236.57     +/-    1.516001     % 
   30449.69     +/-    1.217795     %    31271.99     +/-    1.843730     % 
   33700.82     +/-   0.8440205     %    37158.69     +/-   0.3504846     % 
   40274.96     +/-    1.773832     %    44894.98     +/-    2.946922     % 
   45951.29     +/-    1.313282     %    50150.16     +/-    1.829761     % 
   50464.50     +/-    1.881864     %    54422.45     +/-    1.952367     % 
   61482.08     +/-    1.083049     %    66527.48     +/-   0.5877599     % 
   73046.99     +/-    1.953919     %    82175.44     +/-    1.504184     % 
   84106.26     +/-   0.8490662     %    91202.45     +/-    1.538678     % 
   98632.88     +/-    1.851868     %    117073.2     +/-   0.5759104     % 
   149108.9     +/-    1.129016     %    191344.5     +/-    1.091494     % 
   243892.6     +/-    1.103464     %    312548.2     +/-    1.197560     % 
   403059.8     +/-   0.8099446     %    517342.9     +/-   0.8216609     % 
   657478.0     +/-    1.009406     %    835114.0     +/-   0.8569415     % 
   1082425.     +/-   0.7245356     %    1383091.     +/-    1.568217     % 
   1772720.     +/-    1.514985     %    2296726.     +/-   0.8416981     % 
   2928971.     +/-    1.001490     %    3724036.     +/-   0.5684558     % 
   4810530.     +/-   0.8662696     %    6335408.     +/-   0.7502486     % 
   7817341.     +/-    1.280758     %   1.0193859E+07 +/-   0.4106966     % 
  1.3157983E+07 +/-    1.276153     %   1.6656286E+07 +/-   0.8505285     % 
  2.1275778E+07 +/-   0.5240452     %   2.7741424E+07 +/-   0.6829472     % 
  3.4895508E+07 +/-   0.8586749     %   4.7669364E+07 +/-    1.044943     % 
  6.1270612E+07 +/-   0.6160689     %   7.6566488E+07 +/-   0.9916718     % 
  1.0156362E+08 +/-   0.6767481     %   1.3644997E+08 +/-   0.7905713     % 
  1.5748594E+08 +/-    1.761335     %   1.8183301E+08 +/-   0.8906357     % 
  2.2243232E+08 +/-    1.987771     %   2.5019270E+08 +/-    1.448688     % 
  3.2008320E+08 +/-   0.8884562     %   4.7372762E+08 +/-   0.7181196     % 
  1.2024895E+09 +/-   0.3536221     %   5.2638838E+09 +/-   0.4170375     % 
  1.9860036E+10 +/-   0.1054799     %   4.9612427E+10 +/-   0.2349158     % 
  8.4090790E+10 +/-   0.2026216     %   1.0760585E+11 +/-   9.8394454E-02 % 
  1.1290939E+11 +/-   0.1772177     %   1.0338573E+11 +/-   9.5231645E-02 % 
  8.6204318E+10 +/-   0.2203472     %   6.7641864E+10 +/-   0.3441719     % 
  5.0928755E+10 +/-   0.1568352     %   3.6652065E+10 +/-   0.2629420     % 
  2.6180839E+10 +/-   0.4869154     %   1.8193811E+10 +/-   0.7786533     % 
  1.2768985E+10 +/-    1.199175     %   8.7932293E+09 +/-    1.404120     % 
  5.9213563E+09 +/-    1.432145     %   4.0405509E+09 +/-    2.315856     % 
  2.9787535E+09 +/-    2.974223     %   1.2682870E+09 +/-    2.550297     % 


  **** Cumulative Fluxes as a function of energy **** ****      (integrated over solid angle)        ****


  Energy boundaries (GeV):



  Lowest boundary   (GeV):  2.0000000E-02

  Cumul. Flux (Part/cmq/pr):



  Energy boundaries (GeV):

  2.0000000E-02  1.9640300E-02  1.9155400E-02  1.8682500E-02  1.8221200E-02
  1.7771300E-02  1.7332500E-02  1.6904600E-02  1.6487200E-02  1.6080100E-02
  1.5683100E-02  1.5295900E-02  1.4918300E-02  1.4549900E-02  1.4190700E-02
  1.3840300E-02  1.3498600E-02  1.3165300E-02  1.2840200E-02  1.2523200E-02
  1.2214000E-02  1.1912500E-02  1.1618300E-02  1.1331500E-02  1.1051700E-02
  1.0778800E-02  1.0512700E-02  1.0253200E-02  9.9999998E-03  9.7530996E-03
  9.5122904E-03  9.2774397E-03  9.0483697E-03  8.8249696E-03  8.6070802E-03
  8.3945701E-03  8.1873098E-03  7.9851598E-03  7.7880099E-03  7.5957198E-03
  7.4081798E-03  7.2252699E-03  7.0468802E-03  6.8728901E-03  6.7031998E-03
  6.6475999E-03  6.5923799E-03  6.5377001E-03  6.3762800E-03  6.2188501E-03
  6.0653100E-03  5.9155500E-03  5.7695000E-03  5.4881200E-03  5.2204598E-03
  4.9658502E-03  4.8432499E-03  4.7236700E-03  4.6070400E-03  4.4932901E-03
  4.2741499E-03  4.0656999E-03  3.8674099E-03  3.6787901E-03  3.4993801E-03
  3.3287101E-03  3.2465300E-03  3.1663701E-03  3.0881900E-03  3.0119400E-03
  2.8650500E-03  2.7253199E-03  2.5923999E-03  2.4659701E-03  2.4251300E-03
  2.3852000E-03  2.3652499E-03  2.3457000E-03  2.3068599E-03  2.2688799E-03
  2.2313001E-03  2.1224800E-03  2.0189700E-03  1.9691200E-03  1.9205000E-03
  1.8730800E-03  1.8268300E-03  1.7377400E-03  1.6529900E-03  1.6121800E-03
  1.5723699E-03  1.5335500E-03  1.4956900E-03  1.4227401E-03  1.3533500E-03
  1.2873500E-03  1.2245600E-03  1.1943300E-03  1.1648400E-03  1.1080300E-03
  1.0539900E-03  1.0025901E-03  9.7783399E-04  9.6163998E-04  9.5369201E-04
  9.0717903E-04  8.6293602E-04  8.2085002E-04  7.8081700E-04  7.4273598E-04
  7.0651202E-04  6.7205500E-04  6.3927902E-04  6.0810102E-04  5.7844300E-04
  5.5023201E-04  5.3664698E-04  5.2339700E-04  5.1047403E-04  4.9787102E-04
  4.7358900E-04  4.5049199E-04  4.2852099E-04  4.0762199E-04  3.8774201E-04
  3.6883200E-04  3.5084400E-04  3.3373301E-04  3.1745600E-04  3.0961799E-04
  3.0197401E-04  2.9451799E-04  2.8724599E-04  2.8015400E-04  2.7323700E-04
  2.5991100E-04  2.4723500E-04  2.3517800E-04  2.2370800E-04  2.1279699E-04
  2.0241900E-04  1.9254700E-04  1.8315599E-04  1.7422400E-04  1.6992200E-04
  1.6572700E-04  1.6163501E-04  1.5764400E-04  1.4995600E-04  1.4264201E-04
  1.3568600E-04  1.2906799E-04  1.2277300E-04  1.1678600E-04  1.1109000E-04
  9.8036500E-05  8.6516899E-05  7.6350902E-05  6.7379500E-05  6.2510902E-05
  5.9462200E-05  5.6562199E-05  5.2475199E-05  4.6309200E-05  4.0867701E-05
  3.6065601E-05  3.5175199E-05  3.4306700E-05  3.1827800E-05  2.8087899E-05
  2.6058400E-05  2.4787500E-05  2.4175501E-05  2.3578599E-05  2.1874899E-05
  2.1334799E-05  1.9304500E-05  1.7036200E-05  1.5034400E-05  1.3267800E-05
  1.1708800E-05  1.0333000E-05  9.1188203E-06  8.0473301E-06  7.1017398E-06
  6.2672698E-06  5.5308401E-06  5.0045101E-06  4.5282700E-06  4.3074201E-06
  4.0973500E-06  3.7074401E-06  3.3546301E-06  3.0353899E-06  2.8634900E-06
  2.7465401E-06  2.6125899E-06  2.4851699E-06  2.2486699E-06  2.0346799E-06
  1.8410600E-06  1.6658601E-06  1.5846100E-06  1.5073300E-06  1.3638900E-06
  1.2341000E-06  9.6111603E-07  7.4851800E-07  5.8294700E-07  4.5399901E-07
  3.5357499E-07  2.7536399E-07  2.1445400E-07  1.6701701E-07  1.3007300E-07
  1.0130100E-07  7.8893301E-08  6.1442101E-08  4.7851199E-08  3.7266499E-08
  2.9023200E-08  2.2603301E-08  1.7603501E-08  1.3709600E-08  1.0677000E-08
  8.3152898E-09  6.4759500E-09  5.0434799E-09  3.9278598E-09  3.0590199E-09
  2.3823701E-09  1.8553900E-09  1.4449800E-09  1.1253500E-09  8.7642499E-10
  8.3368101E-10  6.8256001E-10  6.2506200E-10  5.3157900E-10  4.1399401E-10
  2.8261499E-10  1.9292901E-10  1.3170399E-10  8.9908601E-11  6.1376598E-11
  4.1899099E-11  2.8602700E-11  1.9525799E-11  1.3329400E-11  9.0993801E-12
  6.2117499E-12  4.2404799E-12  2.8947901E-12  1.9761499E-12  1.3490300E-12
  9.2092198E-13  6.2867300E-13  4.2916701E-13  2.9297300E-13  2.0000000E-13
  Lowest boundary   (GeV):  1.0000100E-14


  Cumul. Flux (Part/cmq/pr):

   0.000000     +/-    0.000000     %    0.000000     +/-    0.000000     % 
   0.000000     +/-    0.000000     %    0.000000     +/-    0.000000     % 
   0.000000     +/-    0.000000     %    0.000000     +/-    0.000000     % 
   0.000000     +/-    0.000000     %    0.000000     +/-    0.000000     % 
   0.000000     +/-    0.000000     %    0.000000     +/-    0.000000     % 
   0.000000     +/-    0.000000     %    0.000000     +/-    0.000000     % 
   0.000000     +/-    0.000000     %    0.000000     +/-    0.000000     % 
   1.215334     +/-   0.4907868     %    1.479794     +/-   0.4317780     % 
   1.580031     +/-   0.4903918     %    1.677325     +/-   0.4842418     % 
   1.787721     +/-   0.4472010     %    1.895594     +/-   0.3952332     % 
   1.980467     +/-   0.4105273     %    2.043417     +/-   0.3960830     % 
   2.096574     +/-   0.3861210     %    2.150466     +/-   0.3296799     % 
   2.208616     +/-   0.2963820     %    2.258574     +/-   0.2757873     % 
   2.302135     +/-   0.2616645     %    2.344818     +/-   0.2436086     % 
   2.385054     +/-   0.2430265     %    2.426766     +/-   0.2218494     % 
   2.470224     +/-   0.2266490     %    2.510862     +/-   0.1942547     % 
   2.550187     +/-   0.1947792     %    2.587263     +/-   0.1771526     % 
   2.624942     +/-   0.1760201     %    2.660058     +/-   0.1739024     % 
   2.698637     +/-   0.1841407     %    2.737458     +/-   0.1975174     % 
   2.780816     +/-   0.2047394     %    2.823226     +/-   0.2168067     % 
   2.863520     +/-   0.2135136     %    2.904796     +/-   0.2330456     % 
   2.950447     +/-   0.2429424     %    2.993211     +/-   0.2404743     % 
   3.008065     +/-   0.2623868     %    3.023703     +/-   0.2534115     % 
   3.039381     +/-   0.2562120     %    3.085566     +/-   0.2383369     % 
   3.131948     +/-   0.2204604     %    3.174745     +/-   0.2210267     % 
   3.214989     +/-   0.2086158     %    3.255955     +/-   0.2171870     % 
   3.333281     +/-   0.2159259     %    3.413011     +/-   0.2102132     % 
   3.488068     +/-   0.2127344     %    3.525862     +/-   0.2063024     % 
   3.565722     +/-   0.2208839     %    3.601545     +/-   0.2284489     % 
   3.634623     +/-   0.2175047     %    3.699215     +/-   0.2224369     % 
   3.769977     +/-   0.2209519     %    3.832500     +/-   0.2008180     % 
   3.887658     +/-   0.1990118     %    3.941206     +/-   0.1887952     % 
   3.993963     +/-   0.1716719     %    4.021069     +/-   0.1696358     % 
   4.051970     +/-   0.1541178     %    4.084449     +/-   0.1251874     % 
   4.116400     +/-   0.1095335     %    4.174704     +/-   0.1313999     % 
   4.234821     +/-   0.1298567     %    4.296478     +/-   0.1451372     % 
   4.355591     +/-   0.1438842     %    4.374519     +/-   0.1460187     % 
   4.394516     +/-   0.1516121     %    4.404256     +/-   0.1514008     % 
   4.414571     +/-   0.1509689     %    4.434726     +/-   0.1437133     % 
   4.452595     +/-   0.1434966     %    4.470580     +/-   0.1465643     % 
   4.520440     +/-   0.1422214     %    4.566323     +/-   0.1344795     % 
   4.588747     +/-   0.1357505     %    4.610152     +/-   0.1366043     % 
   4.630946     +/-   0.1417380     %    4.651202     +/-   0.1424435     % 
   4.696438     +/-   0.1557049     %    4.739090     +/-   0.1527039     % 
   4.758274     +/-   0.1488053     %    4.778696     +/-   0.1501857     % 
   4.799289     +/-   0.1457650     %    4.818754     +/-   0.1477057     % 
   4.859807     +/-   0.1519512     %    4.897708     +/-   0.1544559     % 
   4.928775     +/-   0.1466924     %    4.964577     +/-   0.1435166     % 
   4.982939     +/-   0.1443485     %    5.000467     +/-   0.1428654     % 
   5.032646     +/-   0.1492797     %    5.061945     +/-   0.1521092     % 
   5.087655     +/-   0.1557582     %    5.099963     +/-   0.1562763     % 
   5.108538     +/-   0.1566191     %    5.112823     +/-   0.1545191     % 
   5.140876     +/-   0.1522364     %    5.170930     +/-   0.1521365     % 
   5.202590     +/-   0.1478584     %    5.236074     +/-   0.1473023     % 
   5.267104     +/-   0.1428365     %    5.295219     +/-   0.1407190     % 
   5.321889     +/-   0.1481497     %    5.347954     +/-   0.1580487     % 
   5.373174     +/-   0.1555279     %    5.396441     +/-   0.1637895     % 
   5.420473     +/-   0.1654901     %    5.431822     +/-   0.1688409     % 
   5.442770     +/-   0.1647705     %    5.453967     +/-   0.1617125     % 
   5.465620     +/-   0.1659237     %    5.486494     +/-   0.1661504     % 
   5.505159     +/-   0.1663556     %    5.520015     +/-   0.1701776     % 
   5.536345     +/-   0.1715561     %    5.553957     +/-   0.1677204     % 
   5.572042     +/-   0.1599836     %    5.590123     +/-   0.1626265     % 
   5.608977     +/-   0.1640796     %    5.627835     +/-   0.1605108     % 
   5.636918     +/-   0.1617821     %    5.645766     +/-   0.1629059     % 
   5.654402     +/-   0.1632513     %    5.663082     +/-   0.1624215     % 
   5.671269     +/-   0.1632980     %    5.679440     +/-   0.1641213     % 
   5.695083     +/-   0.1665978     %    5.710537     +/-   0.1662316     % 
   5.725083     +/-   0.1643015     %    5.739752     +/-   0.1629894     % 
   5.754340     +/-   0.1624571     %    5.767714     +/-   0.1641342     % 
   5.781315     +/-   0.1650080     %    5.794790     +/-   0.1654465     % 
   5.807466     +/-   0.1665212     %    5.813630     +/-   0.1666356     % 
   5.820062     +/-   0.1657341     %    5.826420     +/-   0.1648472     % 
   5.832500     +/-   0.1650149     %    5.844900     +/-   0.1640462     % 
   5.856822     +/-   0.1643027     %    5.868593     +/-   0.1636075     % 
   5.880360     +/-   0.1671074     %    5.891897     +/-   0.1693788     % 
   5.902730     +/-   0.1672933     %    5.913556     +/-   0.1678070     % 
   5.939267     +/-   0.1668658     %    5.964262     +/-   0.1680536     % 
   5.988073     +/-   0.1686730     %    6.011569     +/-   0.1697070     % 
   6.025167     +/-   0.1700381     %    6.034126     +/-   0.1685772     % 
   6.042984     +/-   0.1666171     %    6.055971     +/-   0.1680146     % 
   6.077297     +/-   0.1641054     %    6.097634     +/-   0.1695189     % 
   6.117927     +/-   0.1664875     %    6.121845     +/-   0.1675265     % 
   6.125753     +/-   0.1679064     %    6.137306     +/-   0.1691319     % 
   6.156401     +/-   0.1719694     %    6.167613     +/-   0.1705171     % 
   6.175069     +/-   0.1713823     %    6.178913     +/-   0.1717905     % 
   6.182877     +/-   0.1705507     %    6.193836     +/-   0.1699593     % 
   6.197544     +/-   0.1690206     %    6.211972     +/-   0.1696977     % 
   6.229828     +/-   0.1749821     %    6.247324     +/-   0.1738733     % 
   6.264649     +/-   0.1744246     %    6.281815     +/-   0.1724247     % 
   6.298557     +/-   0.1729897     %    6.315526     +/-   0.1709363     % 
   6.332246     +/-   0.1732778     %    6.349043     +/-   0.1705147     % 
   6.365586     +/-   0.1694227     %    6.382282     +/-   0.1687883     % 
   6.394883     +/-   0.1707293     %    6.407854     +/-   0.1692084     % 
   6.414579     +/-   0.1693462     %    6.421148     +/-   0.1679490     % 
   6.434289     +/-   0.1678511     %    6.447399     +/-   0.1673039     % 
   6.460256     +/-   0.1641639     %    6.467973     +/-   0.1650234     % 
   6.473347     +/-   0.1655901     %    6.480065     +/-   0.1641556     % 
   6.486495     +/-   0.1627495     %    6.499366     +/-   0.1615327     % 
   6.512523     +/-   0.1606632     %    6.525403     +/-   0.1604885     % 
   6.538201     +/-   0.1618024     %    6.544878     +/-   0.1613386     % 
   6.551378     +/-   0.1609970     %    6.564460     +/-   0.1600651     % 
   6.577261     +/-   0.1598151     %    6.609221     +/-   0.1590510     % 
   6.640921     +/-   0.1594178     %    6.672602     +/-   0.1612375     % 
   6.704051     +/-   0.1648108     %    6.735439     +/-   0.1634913     % 
   6.766963     +/-   0.1633189     %    6.798474     +/-   0.1642037     % 
   6.829663     +/-   0.1663520     %    6.860515     +/-   0.1667162     % 
   6.891659     +/-   0.1675214     %    6.922651     +/-   0.1681448     % 
   6.953587     +/-   0.1667621     %    6.984801     +/-   0.1681966     % 
   7.015803     +/-   0.1660289     %    7.046502     +/-   0.1662114     % 
   7.077385     +/-   0.1658880     %    7.109061     +/-   0.1646576     % 
   7.139501     +/-   0.1682286     %    7.170414     +/-   0.1668982     % 
   7.201490     +/-   0.1664989     %    7.232127     +/-   0.1682284     % 
   7.262603     +/-   0.1674069     %    7.293552     +/-   0.1672826     % 
   7.323871     +/-   0.1673126     %    7.356126     +/-   0.1703724     % 
   7.388415     +/-   0.1701708     %    7.419838     +/-   0.1684355     % 
   7.452301     +/-   0.1692588     %    7.486267     +/-   0.1701237     % 
   7.492999     +/-   0.1690926     %    7.520477     +/-   0.1697247     % 
   7.533267     +/-   0.1698631     %    7.556655     +/-   0.1726699     % 
   7.594293     +/-   0.1725057     %    7.656530     +/-   0.1731818     % 
   7.764377     +/-   0.1707681     %    8.086658     +/-   0.1790939     % 
   8.916717     +/-   0.1669681     %    10.33226     +/-   0.1572588     % 
   11.97014     +/-   0.1570119     %    13.40091     +/-   0.1441570     % 
   14.42577     +/-   0.1451810     %    15.06639     +/-   0.1406236     % 
   15.43104     +/-   0.1414751     %    15.62636     +/-   0.1417904     % 
   15.72676     +/-   0.1399240     %    15.77608     +/-   0.1398782     % 
   15.80013     +/-   0.1398874     %    15.81154     +/-   0.1403323     % 
   15.81701     +/-   0.1401667     %    15.81958     +/-   0.1401112     % 
   15.82076     +/-   0.1401384     %    15.82131     +/-   0.1401331     % 
   15.82159     +/-   0.1401134     %    15.82183     +/-   0.1401215     % 
