 # Detector n:            1   NFLUX1    
 # N. of energy intervals         260
  1.0000100E-14  2.0000000E-13  7.4873286E+08   1.989723    
  2.0000000E-13  2.9297300E-13  1.8798254E+09   3.396571    
  2.9297300E-13  4.2916701E-13  2.5169260E+09   4.149538    
  4.2916701E-13  6.2867300E-13  3.7157665E+09   3.411235    
  6.2867300E-13  9.2092198E-13  5.3975183E+09   1.868554    
  9.2092198E-13  1.3490300E-12  7.8040525E+09   1.010547    
  1.3490300E-12  1.9761499E-12  1.1367413E+10  0.9758309    
  1.9761499E-12  2.8947901E-12  1.5979263E+10  0.8966978    
  2.8947901E-12  4.2404799E-12  2.2450536E+10  0.5649678    
  4.2404799E-12  6.2117499E-12  3.0830068E+10  0.8008988    
  6.2117499E-12  9.0993801E-12  4.0823034E+10  0.9401523    
  9.0993801E-12  1.3329400E-11  5.2487459E+10   1.027508    
  1.3329400E-11  1.9525799E-11  6.2986904E+10  0.8535173    
  1.9525799E-11  2.8602700E-11  6.8706566E+10  0.9005092    
  2.8602700E-11  4.1899099E-11  6.5500508E+10  0.8136343    
  4.1899099E-11  6.1376598E-11  5.1228049E+10  0.8242441    
  6.1376598E-11  8.9908601E-11  3.0202681E+10  0.7930757    
  8.9908601E-11  1.3170399E-10  1.2140429E+10  0.6238165    
  1.3170399E-10  1.9292901E-10  3.2799030E+09  0.9766017    
  1.9292901E-10  2.8261499E-10  7.8268211E+08  0.9079571    
  2.8261499E-10  4.1399401E-10  3.2263965E+08   1.049736    
  4.1399401E-10  5.3157900E-10  2.1391222E+08  0.7410394    
  5.3157900E-10  6.2506200E-10  1.7270995E+08   1.718135    
  6.2506200E-10  6.8256001E-10  1.4990611E+08  0.9720941    
  6.8256001E-10  8.3368101E-10  1.2764125E+08   1.158987    
  8.3368101E-10  8.7642499E-10  1.0484016E+08   1.143027    
  8.7642499E-10  1.1253500E-09  9.3380840E+07  0.8274147    
  1.1253500E-09  1.4449800E-09  7.0897712E+07   1.413144    
  1.4449800E-09  1.8553900E-09  5.4431320E+07   1.794776    
  1.8553900E-09  2.3823701E-09  4.0827884E+07   1.085066    
  2.3823701E-09  3.0590199E-09  3.2117726E+07   1.611440    
  3.0590199E-09  3.9278598E-09  2.4816044E+07   1.777453    
  3.9278598E-09  5.0434799E-09  1.9017406E+07  0.9416029    
  5.0434799E-09  6.4759500E-09  1.5018036E+07   1.416195    
  6.4759500E-09  8.3152898E-09  1.1899407E+07   1.902732    
  8.3152898E-09  1.0677000E-08   9228242.       1.749389    
  1.0677000E-08  1.3709600E-08   7292972.       1.708153    
  1.3709600E-08  1.7603501E-08   5656570.       1.166255    
  1.7603501E-08  2.2603301E-08   4374858.      0.6989818    
  2.2603301E-08  2.9023200E-08   3449467.      0.6761165    
  2.9023200E-08  3.7266499E-08   2701500.      0.9950055    
  3.7266499E-08  4.7851199E-08   2082239.       1.288410    
  4.7851199E-08  6.1442101E-08   1639490.       1.091685    
  6.1442101E-08  7.8893301E-08   1278485.      0.2653919    
  7.8893301E-08  1.0130100E-07   1009389.      0.9194542    
  1.0130100E-07  1.3007300E-07   774536.3      0.7967355    
  1.3007300E-07  1.6701701E-07   608299.6       1.594317    
  1.6701701E-07  2.1445400E-07   473612.2       1.251551    
  2.1445400E-07  2.7536399E-07   371178.2      0.9946389    
  2.7536399E-07  3.5357499E-07   288487.4      0.9675010    
  3.5357499E-07  4.5399901E-07   224616.0      0.2914363    
  4.5399901E-07  5.8294700E-07   178421.7       1.267356    
  5.8294700E-07  7.4851800E-07   137873.0      0.7952278    
  7.4851800E-07  9.6111603E-07   109645.8       1.967007    
  9.6111603E-07  1.2341000E-06   84286.42       2.347593    
  1.2341000E-06  1.3638900E-06   70977.68       1.453253    
  1.3638900E-06  1.5073300E-06   63986.73       2.517287    
  1.5073300E-06  1.5846100E-06   62751.17       1.372496    
  1.5846100E-06  1.6658601E-06   58873.14       2.639474    
  1.6658601E-06  1.8410600E-06   52252.58       1.641628    
  1.8410600E-06  2.0346799E-06   47175.68       1.499378    
  2.0346799E-06  2.2486699E-06   43678.50       1.952480    
  2.2486699E-06  2.4851699E-06   40749.56       1.062985    
  2.4851699E-06  2.6125899E-06   37822.80       3.181145    
  2.6125899E-06  2.7465401E-06   36600.13       3.401601    
  2.7465401E-06  2.8634900E-06   34491.31       2.063952    
  2.8634900E-06  3.0353899E-06   33581.34       1.799089    
  3.0353899E-06  3.3546301E-06   30220.71       2.475998    
  3.3546301E-06  3.7074401E-06   27111.24       1.660205    
  3.7074401E-06  4.0973500E-06   24226.71       2.878217    
  4.0973500E-06  4.3074201E-06   22613.03      0.7089560    
  4.3074201E-06  4.5282700E-06   22186.44       2.597846    
  4.5282700E-06  5.0045101E-06   20454.48       1.830226    
  5.0045101E-06  5.5308401E-06   19012.05       1.027582    
  5.5308401E-06  6.2672698E-06   16376.48       2.203010    
  6.2672698E-06  7.1017398E-06   14576.73       1.302330    
  7.1017398E-06  8.0473301E-06   13055.67       1.367580    
  8.0473301E-06  9.1188203E-06   11859.87       1.786407    
  9.1188203E-06  1.0333000E-05   10467.84       2.082765    
  1.0333000E-05  1.1708800E-05   9341.366      0.9745039    
  1.1708800E-05  1.3267800E-05   8347.373       1.536905    
  1.3267800E-05  1.5034400E-05   7347.276       1.741540    
  1.5034400E-05  1.7036200E-05   6635.152       2.807568    
  1.7036200E-05  1.9304500E-05   6019.848      0.9825531    
  1.9304500E-05  2.1334799E-05   5453.492       1.027708    
  2.1334799E-05  2.1874899E-05   5005.617       3.398964    
  2.1874899E-05  2.3578599E-05   4783.679       1.335240    
  2.3578599E-05  2.4175501E-05   4777.292       2.295982    
  2.4175501E-05  2.4787500E-05   4417.058       2.289986    
  2.4787500E-05  2.6058400E-05   4468.354       2.682330    
  2.6058400E-05  2.8087899E-05   4194.384       1.520266    
  2.8087899E-05  3.1827800E-05   3932.653       2.085517    
  3.1827800E-05  3.4306700E-05   3516.953       1.661120    
  3.4306700E-05  3.5175199E-05   3301.190       2.336385    
  3.5175199E-05  3.6065601E-05   3438.755       3.630742    
  3.6065601E-05  4.0867701E-05   3042.427       1.755960    
  4.0867701E-05  4.6309200E-05   2814.339       1.145370    
  4.6309200E-05  5.2475199E-05   2581.299       1.179634    
  5.2475199E-05  5.6562199E-05   2391.857       1.946337    
  5.6562199E-05  5.9462200E-05   2241.018       1.577747    
  5.9462200E-05  6.2510902E-05   2106.690       1.883369    
  6.2510902E-05  6.7379500E-05   2170.613       2.909133    
  6.7379500E-05  7.6350902E-05   1982.256       1.712455    
  7.6350902E-05  8.6516899E-05   1836.365       1.083513    
  8.6516899E-05  9.8036500E-05   1668.264       2.145853    
  9.8036500E-05  1.1109000E-04   1546.982      0.3661643    
  1.1109000E-04  1.1678600E-04   1472.736       2.169979    
  1.1678600E-04  1.2277300E-04   1375.162       2.479239    
  1.2277300E-04  1.2906799E-04   1305.186       1.352873    
  1.2906799E-04  1.3568600E-04   1346.241       2.369662    
  1.3568600E-04  1.4264201E-04   1242.401       1.038223    
  1.4264201E-04  1.4995600E-04   1260.320       1.249263    
  1.4995600E-04  1.5764400E-04   1219.949       1.616836    
  1.5764400E-04  1.6163501E-04   1200.237       1.606785    
  1.6163501E-04  1.6572700E-04   1192.979       1.923085    
  1.6572700E-04  1.6992200E-04   1175.609       2.014541    
  1.6992200E-04  1.7422400E-04   1129.255       3.496555    
  1.7422400E-04  1.8315599E-04   1097.394       2.713776    
  1.8315599E-04  1.9254700E-04   1094.858       1.556802    
  1.9254700E-04  2.0241900E-04   1041.713       1.528281    
  2.0241900E-04  2.1279699E-04   1014.183       1.183577    
  2.1279699E-04  2.2370800E-04   987.5809       2.191251    
  2.2370800E-04  2.3517800E-04   955.0547       1.062911    
  2.3517800E-04  2.4723500E-04   934.0173       1.601635    
  2.4723500E-04  2.5991100E-04   930.8398       1.274204    
  2.5991100E-04  2.7323700E-04   922.9235       2.439728    
  2.7323700E-04  2.8015400E-04   883.8840       1.701127    
  2.8015400E-04  2.8724599E-04   934.1851       4.201505    
  2.8724599E-04  2.9451799E-04   931.5142       2.049463    
  2.9451799E-04  3.0197401E-04   928.5765       1.829486    
  3.0197401E-04  3.0961799E-04   883.9851       4.883101    
  3.0961799E-04  3.1745600E-04   893.7246       2.778755    
  3.1745600E-04  3.3373301E-04   878.6634       2.029297    
  3.3373301E-04  3.5084400E-04   871.7219       1.647503    
  3.5084400E-04  3.6883200E-04   807.2626       2.874223    
  3.6883200E-04  3.8774201E-04   736.1301       2.712602    
  3.8774201E-04  4.0762199E-04   724.0817       1.252158    
  4.0762199E-04  4.2852099E-04   633.1600       3.109760    
  4.2852099E-04  4.5049199E-04   527.5433       2.071778    
  4.5049199E-04  4.7358900E-04   599.4388       2.715235    
  4.7358900E-04  4.9787102E-04   646.6317       2.283304    
  4.9787102E-04  5.1047403E-04   668.8698       1.942330    
  5.1047403E-04  5.2339700E-04   672.2215       3.007281    
  5.2339700E-04  5.3664698E-04   651.5965       2.941053    
  5.3664698E-04  5.5023201E-04   637.4983       2.476316    
  5.5023201E-04  5.7844300E-04   655.6544       2.867826    
  5.7844300E-04  6.0810102E-04   618.8701       2.124016    
  6.0810102E-04  6.3927902E-04   636.9577       2.123709    
  6.3927902E-04  6.7205500E-04   620.0494       2.728489    
  6.7205500E-04  7.0651202E-04   603.3782      0.8480351    
  7.0651202E-04  7.4273598E-04   617.5045       1.877921    
  7.4273598E-04  7.8081700E-04   624.5371       2.385475    
  7.8081700E-04  8.2085002E-04   656.6503       1.823200    
  8.2085002E-04  8.6293602E-04   592.0715       1.688465    
  8.6293602E-04  9.0717903E-04   533.3215       1.680696    
  9.0717903E-04  9.5369201E-04   489.5165       2.300042    
  9.5369201E-04  9.6163998E-04   435.3286       2.685923    
  9.6163998E-04  9.7783399E-04   438.4467       1.995262    
  9.7783399E-04  1.0025901E-03   412.2048      0.9510004    
  1.0025901E-03  1.0539900E-03   414.3801       1.292511    
  1.0539900E-03  1.1080300E-03   427.3321       1.849885    
  1.1080300E-03  1.1648400E-03   454.7089       2.801461    
  1.1648400E-03  1.1943300E-03   462.0724      0.7610061    
  1.1943300E-03  1.2245600E-03   473.4062       3.326596    
  1.2245600E-03  1.2873500E-03   472.9174       2.081466    
  1.2873500E-03  1.3533500E-03   407.7875       1.478911    
  1.3533500E-03  1.4227401E-03   459.0922       1.315942    
  1.4227401E-03  1.4956900E-03   470.6447       2.426579    
  1.4956900E-03  1.5335500E-03   465.0632       1.628230    
  1.5335500E-03  1.5723699E-03   453.1664      0.7983130    
  1.5723699E-03  1.6121800E-03   456.1256       1.294227    
  1.6121800E-03  1.6529900E-03   414.3137      0.7715748    
  1.6529900E-03  1.7377400E-03   428.6087       1.742375    
  1.7377400E-03  1.8268300E-03   438.0849       1.479126    
  1.8268300E-03  1.8730800E-03   368.1874       1.448491    
  1.8730800E-03  1.9205000E-03   366.5520       2.111585    
  1.9205000E-03  1.9691200E-03   373.6003       2.730318    
  1.9691200E-03  2.0189700E-03   369.4687       3.965450    
  2.0189700E-03  2.1224800E-03   375.6290       1.776998    
  2.1224800E-03  2.2313001E-03   385.3009       1.646917    
  2.2313001E-03  2.2688799E-03   387.0379       3.586577    
  2.2688799E-03  2.3068599E-03   412.3109       1.855858    
  2.3068599E-03  2.3457000E-03   389.5169       1.461014    
  2.3457000E-03  2.3652499E-03   440.8626       1.997429    
  2.3652499E-03  2.3852000E-03   424.0967       3.877249    
  2.3852000E-03  2.4251300E-03   383.1602       3.186590    
  2.4251300E-03  2.4659701E-03   399.0909       3.883194    
  2.4659701E-03  2.5923999E-03   400.5338       1.797985    
  2.5923999E-03  2.7253199E-03   401.0321       1.929606    
  2.7253199E-03  2.8650500E-03   349.1573      0.8416878    
  2.8650500E-03  3.0119400E-03   322.9677       1.740630    
  3.0119400E-03  3.0881900E-03   319.6451       2.062150    
  3.0881900E-03  3.1663701E-03   329.3146       2.564565    
  3.1663701E-03  3.2465300E-03   313.5677       2.052016    
  3.2465300E-03  3.3287101E-03   303.7116       1.805001    
  3.3287101E-03  3.4993801E-03   278.7453      0.8867087    
  3.4993801E-03  3.6787901E-03   271.1611       1.667548    
  3.6787901E-03  3.8674099E-03   251.0501      0.8788314    
  3.8674099E-03  4.0656999E-03   256.8221      0.9148970    
  4.0656999E-03  4.2741499E-03   261.8354       1.920376    
  4.2741499E-03  4.4932901E-03   223.1048       1.660026    
  4.4932901E-03  4.6070400E-03   230.6151       1.118771    
  4.6070400E-03  4.7236700E-03   247.0551       3.388535    
  4.7236700E-03  4.8432499E-03   259.7768       1.309398    
  4.8432499E-03  4.9658502E-03   263.3687       1.312129    
  4.9658502E-03  5.2204598E-03   246.8733       1.519039    
  5.2204598E-03  5.4881200E-03   238.8817       2.025665    
  5.4881200E-03  5.7695000E-03   253.4954      0.9975553    
  5.7695000E-03  5.9155500E-03   251.7469       1.695852    
  5.9155500E-03  6.0653100E-03   239.6606       1.282726    
  6.0653100E-03  6.2188501E-03   250.0299       3.243216    
  6.2188501E-03  6.3762800E-03   241.9881      0.8279221    
  6.3762800E-03  6.5377001E-03   244.6201       1.716502    
  6.5377001E-03  6.5923799E-03   241.2777       2.522339    
  6.5923799E-03  6.6475999E-03   240.1144       3.556797    
  6.6475999E-03  6.7031998E-03   233.3618       2.740838    
  6.7031998E-03  6.8728901E-03   227.5346      0.7772682    
  6.8728901E-03  7.0468802E-03   205.3811       2.347562    
  7.0468802E-03  7.2252699E-03   183.8916       2.108475    
  7.2252699E-03  7.4081798E-03   178.1929       2.207039    
  7.4081798E-03  7.5957198E-03   193.5752       1.406881    
  7.5957198E-03  7.7880099E-03   192.0897       1.907287    
  7.7880099E-03  7.9851598E-03   162.7298      0.8029924    
  7.9851598E-03  8.1873098E-03   136.4874       2.462945    
  8.1873098E-03  8.3945701E-03   134.3392       3.104882    
  8.3945701E-03  8.6070802E-03   134.2075       3.477019    
  8.6070802E-03  8.8249696E-03   138.4076       1.115378    
  8.8249696E-03  9.0483697E-03   142.1604       1.887159    
  9.0483697E-03  9.2774397E-03   135.4235       1.024223    
  9.2774397E-03  9.5122904E-03   135.4077      0.4494814    
  9.5122904E-03  9.7530996E-03   140.8520       1.261186    
  9.7530996E-03  9.9999998E-03   134.1948       1.905271    
  9.9999998E-03  1.0253200E-02   128.4904       1.124810    
  1.0253200E-02  1.0512700E-02   132.1673       1.889392    
  1.0512700E-02  1.0778800E-02   146.7140       2.296256    
  1.0778800E-02  1.1051700E-02   284.9741       1.057296    
  1.1051700E-02  1.1331500E-02   240.7236       1.369307    
  1.1331500E-02  1.1618300E-02   175.8468       1.435460    
  1.1618300E-02  1.1912500E-02   224.0639       1.326526    
  1.1912500E-02  1.2214000E-02   315.7443       2.017775    
  1.2214000E-02  1.2523200E-02   368.5402      0.9209109    
  1.2523200E-02  1.2840200E-02   361.5023      0.5901136    
  1.2840200E-02  1.3165300E-02   295.6588       1.951307    
  1.3165300E-02  1.3498600E-02   258.2240      0.6529418    
  1.3498600E-02  1.3840300E-02   799.5215      0.5895908    
  1.3840300E-02  1.4190700E-02   19162.04      7.3498815E-02
  1.4190700E-02  1.4549900E-02   0.000000       0.000000    
  1.4549900E-02  1.4918300E-02   0.000000       0.000000    
  1.4918300E-02  1.5295900E-02   0.000000       0.000000    
  1.5295900E-02  1.5683100E-02   0.000000       0.000000    
  1.5683100E-02  1.6080100E-02   0.000000       0.000000    
  1.6080100E-02  1.6487200E-02   0.000000       0.000000    
  1.6487200E-02  1.6904600E-02   0.000000       0.000000    
  1.6904600E-02  1.7332500E-02   0.000000       0.000000    
  1.7332500E-02  1.7771300E-02   0.000000       0.000000    
  1.7771300E-02  1.8221200E-02   0.000000       0.000000    
  1.8221200E-02  1.8682500E-02   0.000000       0.000000    
  1.8682500E-02  1.9155400E-02   0.000000       0.000000    
  1.9155400E-02  1.9640300E-02   0.000000       0.000000    
  1.9640300E-02  2.0000000E-02   0.000000       0.000000    


 # Detector n:            2   NFLUX2    
 # N. of energy intervals         260
  1.0000100E-14  2.0000000E-13  2.0332294E+09   2.089477    
  2.0000000E-13  2.9297300E-13  4.4789361E+09   3.254131    
  2.9297300E-13  4.2916701E-13  6.4643456E+09   1.364004    
  4.2916701E-13  6.2867300E-13  9.7163489E+09   1.414657    
  6.2867300E-13  9.2092198E-13  1.4011446E+10   1.145458    
  9.2092198E-13  1.3490300E-12  2.0463014E+10  0.9286255    
  1.3490300E-12  1.9761499E-12  2.8551739E+10  0.9075529    
  1.9761499E-12  2.8947901E-12  4.1368994E+10  0.6703197    
  2.8947901E-12  4.2404799E-12  5.8001646E+10  0.3368565    
  4.2404799E-12  6.2117499E-12  7.9984394E+10  0.5335199    
  6.2117499E-12  9.0993801E-12  1.0653761E+11  0.3948202    
  9.0993801E-12  1.3329400E-11  1.3652139E+11  0.1675947    
  1.3329400E-11  1.9525799E-11  1.6318887E+11  0.2565496    
  1.9525799E-11  2.8602700E-11  1.7804650E+11  0.3390519    
  2.8602700E-11  4.1899099E-11  1.6947529E+11  0.2417448    
  4.1899099E-11  6.1376598E-11  1.3210243E+11  0.2813291    
  6.1376598E-11  8.9908601E-11  7.7701677E+10  0.3105375    
  8.9908601E-11  1.3170399E-10  3.1164146E+10  0.2810770    
  1.3170399E-10  1.9292901E-10  8.1819996E+09  0.2792918    
  1.9292901E-10  2.8261499E-10  1.8439805E+09  0.3294614    
  2.8261499E-10  4.1399401E-10  7.1425005E+08  0.6712971    
  4.1399401E-10  5.3157900E-10  4.7644352E+08  0.3590516    
  5.3157900E-10  6.2506200E-10  3.7753382E+08  0.7351405    
  6.2506200E-10  6.8256001E-10  3.2778739E+08   1.242677    
  6.8256001E-10  8.3368101E-10  2.7634874E+08   1.607821    
  8.3368101E-10  8.7642499E-10  2.4232883E+08  0.9873537    
  8.7642499E-10  1.1253500E-09  2.0099480E+08  0.4651219    
  1.1253500E-09  1.4449800E-09  1.5368910E+08  0.6773335    
  1.4449800E-09  1.8553900E-09  1.1759982E+08  0.7144960    
  1.8553900E-09  2.3823701E-09  8.9813928E+07  0.8601391    
  2.3823701E-09  3.0590199E-09  6.8945280E+07  0.2228929    
  3.0590199E-09  3.9278598E-09  5.2663040E+07  0.3707208    
  3.9278598E-09  5.0434799E-09  4.0542272E+07  0.6119180    
  5.0434799E-09  6.4759500E-09  3.1765916E+07  0.7045325    
  6.4759500E-09  8.3152898E-09  2.5075742E+07  0.3868870    
  8.3152898E-09  1.0677000E-08  1.9374226E+07  0.4078303    
  1.0677000E-08  1.3709600E-08  1.5045558E+07  0.7884703    
  1.3709600E-08  1.7603501E-08  1.1749624E+07  0.9503592    
  1.7603501E-08  2.2603301E-08   9144413.      0.6979916    
  2.2603301E-08  2.9023200E-08   7134423.      0.5050598    
  2.9023200E-08  3.7266499E-08   5513200.      0.3975844    
  3.7266499E-08  4.7851199E-08   4324516.      0.7532167    
  4.7851199E-08  6.1442101E-08   3420418.      0.7431338    
  6.1442101E-08  7.8893301E-08   2614868.      0.5283304    
  7.8893301E-08  1.0130100E-07   2042289.      0.3240557    
  1.0130100E-07  1.3007300E-07   1598904.      0.7782286    
  1.3007300E-07  1.6701701E-07   1232928.      0.9715524    
  1.6701701E-07  2.1445400E-07   961621.5      0.3046326    
  2.1445400E-07  2.7536399E-07   742139.9      0.2968462    
  2.7536399E-07  3.5357499E-07   584692.7      0.8391204    
  3.5357499E-07  4.5399901E-07   450609.4      0.3933700    
  4.5399901E-07  5.8294700E-07   354402.8      0.3755553    
  5.8294700E-07  7.4851800E-07   277796.0      0.6933676    
  7.4851800E-07  9.6111603E-07   217624.4       1.312361    
  9.6111603E-07  1.2341000E-06   168282.8       1.723305    
  1.2341000E-06  1.3638900E-06   142859.2      0.5860155    
  1.3638900E-06  1.5073300E-06   126232.6      0.9796507    
  1.5073300E-06  1.5846100E-06   120019.2      0.7654772    
  1.5846100E-06  1.6658601E-06   110857.7       1.720793    
  1.6658601E-06  1.8410600E-06   105836.7      0.8189703    
  1.8410600E-06  2.0346799E-06   97264.96       1.334719    
  2.0346799E-06  2.2486699E-06   85342.82       1.190735    
  2.2486699E-06  2.4851699E-06   77437.70      0.8013394    
  2.4851699E-06  2.6125899E-06   74699.11       1.615245    
  2.6125899E-06  2.7465401E-06   70547.67       1.496236    
  2.7465401E-06  2.8634900E-06   66144.72       1.206326    
  2.8634900E-06  3.0353899E-06   65727.09       1.845782    
  3.0353899E-06  3.3546301E-06   58601.57       1.536641    
  3.3546301E-06  3.7074401E-06   52774.36      0.7297968    
  3.7074401E-06  4.0973500E-06   46953.79       1.710596    
  4.0973500E-06  4.3074201E-06   45899.16       1.417630    
  4.3074201E-06  4.5282700E-06   41998.77       1.512381    
  4.5282700E-06  5.0045101E-06   39352.64      0.8480647    
  5.0045101E-06  5.5308401E-06   35630.33      0.3896377    
  5.5308401E-06  6.2672698E-06   32361.98       1.139686    
  6.2672698E-06  7.1017398E-06   28741.79       1.192692    
  7.1017398E-06  8.0473301E-06   25616.40      0.5845674    
  8.0473301E-06  9.1188203E-06   22546.00       1.277000    
  9.1188203E-06  1.0333000E-05   19762.05      0.5496375    
  1.0333000E-05  1.1708800E-05   17666.06       1.801219    
  1.1708800E-05  1.3267800E-05   15948.37      0.4307652    
  1.3267800E-05  1.5034400E-05   14054.43      0.8883677    
  1.5034400E-05  1.7036200E-05   12648.92       1.152338    
  1.7036200E-05  1.9304500E-05   11352.70       1.371168    
  1.9304500E-05  2.1334799E-05   10257.49       1.658569    
  2.1334799E-05  2.1874899E-05   9760.996       2.404310    
  2.1874899E-05  2.3578599E-05   9127.064      0.5794027    
  2.3578599E-05  2.4175501E-05   8688.090       2.235281    
  2.4175501E-05  2.4787500E-05   8638.395       1.642426    
  2.4787500E-05  2.6058400E-05   7965.904       2.673671    
  2.6058400E-05  2.8087899E-05   7993.109       1.274191    
  2.8087899E-05  3.1827800E-05   7204.809      0.9995049    
  3.1827800E-05  3.4306700E-05   6720.826       1.699599    
  3.4306700E-05  3.5175199E-05   6366.892       2.108892    
  3.5175199E-05  3.6065601E-05   6276.186       2.919346    
  3.6065601E-05  4.0867701E-05   5876.610      0.7339814    
  4.0867701E-05  4.6309200E-05   5384.317      0.8189096    
  4.6309200E-05  5.2475199E-05   4803.618      0.6759997    
  5.2475199E-05  5.6562199E-05   4505.973       1.373197    
  5.6562199E-05  5.9462200E-05   4384.275       2.216959    
  5.9462200E-05  6.2510902E-05   4124.335       2.410482    
  6.2510902E-05  6.7379500E-05   3959.853       1.276243    
  6.7379500E-05  7.6350902E-05   3703.496       1.160419    
  7.6350902E-05  8.6516899E-05   3356.469      0.7109528    
  8.6516899E-05  9.8036500E-05   3046.495      0.7613919    
  9.8036500E-05  1.1109000E-04   2886.826      0.5312244    
  1.1109000E-04  1.1678600E-04   2699.633       1.095252    
  1.1678600E-04  1.2277300E-04   2501.390       1.130574    
  1.2277300E-04  1.2906799E-04   2481.686       1.380258    
  1.2906799E-04  1.3568600E-04   2435.099       2.171493    
  1.3568600E-04  1.4264201E-04   2416.950       1.210123    
  1.4264201E-04  1.4995600E-04   2298.943       2.373336    
  1.4995600E-04  1.5764400E-04   2238.343       2.125876    
  1.5764400E-04  1.6163501E-04   2165.555       1.855159    
  1.6163501E-04  1.6572700E-04   2122.399       2.301430    
  1.6572700E-04  1.6992200E-04   2244.430       2.385624    
  1.6992200E-04  1.7422400E-04   2129.152       2.193238    
  1.7422400E-04  1.8315599E-04   2016.560       1.908046    
  1.8315599E-04  1.9254700E-04   2008.457       1.434375    
  1.9254700E-04  2.0241900E-04   1910.640       1.931502    
  2.0241900E-04  2.1279699E-04   1917.992       1.395545    
  2.1279699E-04  2.2370800E-04   1818.990       1.143614    
  2.2370800E-04  2.3517800E-04   1755.470      0.4825934    
  2.3517800E-04  2.4723500E-04   1730.735       1.576721    
  2.4723500E-04  2.5991100E-04   1690.704       1.017432    
  2.5991100E-04  2.7323700E-04   1635.007       2.084304    
  2.7323700E-04  2.8015400E-04   1678.468      0.8884367    
  2.8015400E-04  2.8724599E-04   1654.510       2.117745    
  2.8724599E-04  2.9451799E-04   1605.521       2.687349    
  2.9451799E-04  3.0197401E-04   1632.694       1.472029    
  3.0197401E-04  3.0961799E-04   1637.562       1.732804    
  3.0961799E-04  3.1745600E-04   1673.930       1.275093    
  3.1745600E-04  3.3373301E-04   1593.476       2.468424    
  3.3373301E-04  3.5084400E-04   1588.905       2.046940    
  3.5084400E-04  3.6883200E-04   1397.994       1.675985    
  3.6883200E-04  3.8774201E-04   1293.515       1.021373    
  3.8774201E-04  4.0762199E-04   1248.098       1.252153    
  4.0762199E-04  4.2852099E-04   1079.738       2.819213    
  4.2852099E-04  4.5049199E-04   923.5648       1.057108    
  4.5049199E-04  4.7358900E-04   1065.744       1.497083    
  4.7358900E-04  4.9787102E-04   1129.963       1.032741    
  4.9787102E-04  5.1047403E-04   1174.553       1.673078    
  5.1047403E-04  5.2339700E-04   1190.289       3.239693    
  5.2339700E-04  5.3664698E-04   1171.203       2.320313    
  5.3664698E-04  5.5023201E-04   1105.326       1.216855    
  5.5023201E-04  5.7844300E-04   1152.688       1.502391    
  5.7844300E-04  6.0810102E-04   1096.268       1.741489    
  6.0810102E-04  6.3927902E-04   1106.537       2.254737    
  6.3927902E-04  6.7205500E-04   1058.746      0.8715554    
  6.7205500E-04  7.0651202E-04   1063.609      0.8486481    
  7.0651202E-04  7.4273598E-04   1067.245      0.8006873    
  7.4273598E-04  7.8081700E-04   1106.650       1.597234    
  7.8081700E-04  8.2085002E-04   1150.250      0.8912299    
  8.2085002E-04  8.6293602E-04   1038.982       2.204354    
  8.6293602E-04  9.0717903E-04   915.5070       2.685300    
  9.0717903E-04  9.5369201E-04   839.1420       1.964125    
  9.5369201E-04  9.6163998E-04   783.5824       3.343720    
  9.6163998E-04  9.7783399E-04   719.9925       2.199167    
  9.7783399E-04  1.0025901E-03   682.6339      0.7690803    
  1.0025901E-03  1.0539900E-03   658.8042      0.8543268    
  1.0539900E-03  1.1080300E-03   741.4438      0.7817059    
  1.1080300E-03  1.1648400E-03   797.8562       1.388957    
  1.1648400E-03  1.1943300E-03   794.4425       1.937657    
  1.1943300E-03  1.2245600E-03   804.7087       2.524325    
  1.2245600E-03  1.2873500E-03   824.5066       1.221833    
  1.2873500E-03  1.3533500E-03   655.1809       1.375478    
  1.3533500E-03  1.4227401E-03   735.2846      0.9022258    
  1.4227401E-03  1.4956900E-03   739.7343       1.058475    
  1.4956900E-03  1.5335500E-03   725.9296       2.781506    
  1.5335500E-03  1.5723699E-03   705.6983       2.041479    
  1.5723699E-03  1.6121800E-03   681.5042       1.799459    
  1.6121800E-03  1.6529900E-03   643.3073       1.494367    
  1.6529900E-03  1.7377400E-03   662.6904       1.155593    
  1.7377400E-03  1.8268300E-03   702.2227       1.611122    
  1.8268300E-03  1.8730800E-03   586.5164       1.937109    
  1.8730800E-03  1.9205000E-03   570.9708       1.804630    
  1.9205000E-03  1.9691200E-03   588.2250       2.145061    
  1.9691200E-03  2.0189700E-03   598.5681       1.979827    
  2.0189700E-03  2.1224800E-03   614.7496       1.235723    
  2.1224800E-03  2.2313001E-03   601.2383       1.411951    
  2.2313001E-03  2.2688799E-03   645.6172       2.870440    
  2.2688799E-03  2.3068599E-03   693.5334       2.449835    
  2.3068599E-03  2.3457000E-03   669.9742       3.016786    
  2.3457000E-03  2.3652499E-03   720.1021       2.516155    
  2.3652499E-03  2.3852000E-03   722.8831       3.199231    
  2.3852000E-03  2.4251300E-03   641.1589       1.659291    
  2.4251300E-03  2.4659701E-03   617.8542       2.322504    
  2.4659701E-03  2.5923999E-03   640.8094       1.175911    
  2.5923999E-03  2.7253199E-03   649.4870       1.454879    
  2.7253199E-03  2.8650500E-03   577.7925       1.141118    
  2.8650500E-03  3.0119400E-03   528.1245       1.702695    
  3.0119400E-03  3.0881900E-03   540.2289       1.026882    
  3.0881900E-03  3.1663701E-03   567.2204       1.764958    
  3.1663701E-03  3.2465300E-03   506.7707       2.011705    
  3.2465300E-03  3.3287101E-03   457.7395       1.755652    
  3.3287101E-03  3.4993801E-03   436.6570       1.562318    
  3.4993801E-03  3.6787901E-03   415.5113      0.8062593    
  3.6787901E-03  3.8674099E-03   393.3532      0.3851407    
  3.8674099E-03  4.0656999E-03   423.3764       1.581766    
  4.0656999E-03  4.2741499E-03   438.3412       1.268855    
  4.2741499E-03  4.4932901E-03   371.7051       1.882371    
  4.4932901E-03  4.6070400E-03   385.2682      0.9515706    
  4.6070400E-03  4.7236700E-03   412.2877       1.234522    
  4.7236700E-03  4.8432499E-03   421.1282       1.399579    
  4.8432499E-03  4.9658502E-03   401.5542       1.068416    
  4.9658502E-03  5.2204598E-03   385.1458       1.038893    
  5.2204598E-03  5.4881200E-03   379.1503      0.8326253    
  5.4881200E-03  5.7695000E-03   366.8832      0.8287460    
  5.7695000E-03  5.9155500E-03   381.1531       1.697622    
  5.9155500E-03  6.0653100E-03   363.6533       2.392362    
  6.0653100E-03  6.2188501E-03   388.5814       1.620443    
  6.2188501E-03  6.3762800E-03   375.6570       1.989741    
  6.3762800E-03  6.5377001E-03   377.5106       1.174161    
  6.5377001E-03  6.5923799E-03   378.1811       1.525569    
  6.5923799E-03  6.6475999E-03   367.9707       2.421416    
  6.6475999E-03  6.7031998E-03   357.9905       4.584172    
  6.7031998E-03  6.8728901E-03   341.0272      0.7422798    
  6.8728901E-03  7.0468802E-03   334.4941       1.202750    
  7.0468802E-03  7.2252699E-03   289.8599       1.511345    
  7.2252699E-03  7.4081798E-03   288.1978       1.840237    
  7.4081798E-03  7.5957198E-03   304.5401       1.569943    
  7.5957198E-03  7.7880099E-03   305.9733       1.566072    
  7.7880099E-03  7.9851598E-03   257.9456       1.659167    
  7.9851598E-03  8.1873098E-03   236.6994       2.605671    
  8.1873098E-03  8.3945701E-03   219.6875       2.117242    
  8.3945701E-03  8.6070802E-03   227.9916       1.540156    
  8.6070802E-03  8.8249696E-03   217.3754       2.795203    
  8.8249696E-03  9.0483697E-03   233.5472       2.096029    
  9.0483697E-03  9.2774397E-03   227.7605      0.5681989    
  9.2774397E-03  9.5122904E-03   227.4887      0.7701002    
  9.5122904E-03  9.7530996E-03   226.6509       1.316215    
  9.7530996E-03  9.9999998E-03   210.1108       2.264487    
  9.9999998E-03  1.0253200E-02   212.0182       2.502848    
  1.0253200E-02  1.0512700E-02   215.4223       1.957784    
  1.0512700E-02  1.0778800E-02   235.8715       1.455343    
  1.0778800E-02  1.1051700E-02   302.2216       1.028019    
  1.1051700E-02  1.1331500E-02   283.8034      0.8842592    
  1.1331500E-02  1.1618300E-02   254.6279      0.7010526    
  1.1618300E-02  1.1912500E-02   312.1931       2.024359    
  1.1912500E-02  1.2214000E-02   419.2700       1.250329    
  1.2214000E-02  1.2523200E-02   493.7030       1.127585    
  1.2523200E-02  1.2840200E-02   493.3054       1.093121    
  1.2840200E-02  1.3165300E-02   416.4128       1.792611    
  1.3165300E-02  1.3498600E-02   395.1664      0.6345958    
  1.3498600E-02  1.3840300E-02   1103.140      0.5992127    
  1.3840300E-02  1.4190700E-02   8114.069      0.1963291    
  1.4190700E-02  1.4549900E-02   0.000000       0.000000    
  1.4549900E-02  1.4918300E-02   0.000000       0.000000    
  1.4918300E-02  1.5295900E-02   0.000000       0.000000    
  1.5295900E-02  1.5683100E-02   0.000000       0.000000    
  1.5683100E-02  1.6080100E-02   0.000000       0.000000    
  1.6080100E-02  1.6487200E-02   0.000000       0.000000    
  1.6487200E-02  1.6904600E-02   0.000000       0.000000    
  1.6904600E-02  1.7332500E-02   0.000000       0.000000    
  1.7332500E-02  1.7771300E-02   0.000000       0.000000    
  1.7771300E-02  1.8221200E-02   0.000000       0.000000    
  1.8221200E-02  1.8682500E-02   0.000000       0.000000    
  1.8682500E-02  1.9155400E-02   0.000000       0.000000    
  1.9155400E-02  1.9640300E-02   0.000000       0.000000    
  1.9640300E-02  2.0000000E-02   0.000000       0.000000    


 # Detector n:            3   NFLUX3    
 # N. of energy intervals         260
  1.0000100E-14  2.0000000E-13  1.2202182E+09   3.753973    
  2.0000000E-13  2.9297300E-13  2.8351322E+09   4.778106    
  2.9297300E-13  4.2916701E-13  4.2279788E+09  0.8782932    
  4.2916701E-13  6.2867300E-13  5.8643108E+09   1.379472    
  6.2867300E-13  9.2092198E-13  8.6796370E+09   1.949691    
  9.2092198E-13  1.3490300E-12  1.2627268E+10   1.360274    
  1.3490300E-12  1.9761499E-12  1.8331836E+10   1.067190    
  1.9761499E-12  2.8947901E-12  2.5864704E+10  0.8466331    
  2.8947901E-12  4.2404799E-12  3.6499112E+10  0.9791230    
  4.2404799E-12  6.2117499E-12  5.0620551E+10  0.3577211    
  6.2117499E-12  9.0993801E-12  6.7286708E+10  0.5463052    
  9.0993801E-12  1.3329400E-11  8.5960172E+10  0.4661311    
  1.3329400E-11  1.9525799E-11  1.0280609E+11  0.4157200    
  1.9525799E-11  2.8602700E-11  1.1244519E+11  0.3307149    
  2.8602700E-11  4.1899099E-11  1.0691734E+11  0.4048780    
  4.1899099E-11  6.1376598E-11  8.3688882E+10  0.3285465    
  6.1376598E-11  8.9908601E-11  4.9386594E+10  0.3962645    
  8.9908601E-11  1.3170399E-10  1.9810107E+10  0.5549992    
  1.3170399E-10  1.9292901E-10  5.2690657E+09  0.6356045    
  1.9292901E-10  2.8261499E-10  1.2149659E+09  0.3933930    
  2.8261499E-10  4.1399401E-10  4.7495283E+08  0.5572513    
  4.1399401E-10  5.3157900E-10  3.2138054E+08   1.633610    
  5.3157900E-10  6.2506200E-10  2.5158536E+08  0.8860722    
  6.2506200E-10  6.8256001E-10  2.1482739E+08   1.029115    
  6.8256001E-10  8.3368101E-10  1.8212528E+08  0.7873243    
  8.3368101E-10  8.7642499E-10  1.6586061E+08   2.560993    
  8.7642499E-10  1.1253500E-09  1.3524304E+08  0.5159712    
  1.1253500E-09  1.4449800E-09  1.0322744E+08  0.7697954    
  1.4449800E-09  1.8553900E-09  7.8161584E+07  0.8454853    
  1.8553900E-09  2.3823701E-09  6.0687232E+07  0.2328989    
  2.3823701E-09  3.0590199E-09  4.6467200E+07   1.115564    
  3.0590199E-09  3.9278598E-09  3.5469564E+07   1.202149    
  3.9278598E-09  5.0434799E-09  2.7454154E+07   1.432824    
  5.0434799E-09  6.4759500E-09  2.1460562E+07  0.7209055    
  6.4759500E-09  8.3152898E-09  1.6798016E+07  0.5652244    
  8.3152898E-09  1.0677000E-08  1.2938924E+07   1.303564    
  1.0677000E-08  1.3709600E-08  1.0220135E+07  0.4942116    
  1.3709600E-08  1.7603501E-08   7916843.       1.115963    
  1.7603501E-08  2.2603301E-08   6177816.      0.6291513    
  2.2603301E-08  2.9023200E-08   4753153.       1.362155    
  2.9023200E-08  3.7266499E-08   3779371.      0.4410799    
  3.7266499E-08  4.7851199E-08   2946049.      0.8582832    
  4.7851199E-08  6.1442101E-08   2321948.      0.9817693    
  6.1442101E-08  7.8893301E-08   1787734.       1.285111    
  7.8893301E-08  1.0130100E-07   1391205.      0.6124855    
  1.0130100E-07  1.3007300E-07   1080813.      0.3782513    
  1.3007300E-07  1.6701701E-07   844250.5       1.104678    
  1.6701701E-07  2.1445400E-07   660333.2      0.7707737    
  2.1445400E-07  2.7536399E-07   521114.8      0.4719811    
  2.7536399E-07  3.5357499E-07   398590.6      0.9103128    
  3.5357499E-07  4.5399901E-07   311159.2      0.6039363    
  4.5399901E-07  5.8294700E-07   244447.2      0.4970232    
  5.8294700E-07  7.4851800E-07   190970.1       1.034538    
  7.4851800E-07  9.6111603E-07   150490.4      0.7973046    
  9.6111603E-07  1.2341000E-06   117132.9      0.8571481    
  1.2341000E-06  1.3638900E-06   97385.19       2.239182    
  1.3638900E-06  1.5073300E-06   89441.80       2.607242    
  1.5073300E-06  1.5846100E-06   82145.41       1.422394    
  1.5846100E-06  1.6658601E-06   79497.82       1.644432    
  1.6658601E-06  1.8410600E-06   72915.09       1.277866    
  1.8410600E-06  2.0346799E-06   66998.66       1.248126    
  2.0346799E-06  2.2486699E-06   60122.86       1.804834    
  2.2486699E-06  2.4851699E-06   54147.71       1.643313    
  2.4851699E-06  2.6125899E-06   50762.52       2.848846    
  2.6125899E-06  2.7465401E-06   48840.07       1.142568    
  2.7465401E-06  2.8634900E-06   45411.70       1.580435    
  2.8634900E-06  3.0353899E-06   43705.75       1.735833    
  3.0353899E-06  3.3546301E-06   40059.46       2.320508    
  3.3546301E-06  3.7074401E-06   36617.81       1.494950    
  3.7074401E-06  4.0973500E-06   33112.27       2.491481    
  4.0973500E-06  4.3074201E-06   31775.25       1.769351    
  4.3074201E-06  4.5282700E-06   28827.46       2.945111    
  4.5282700E-06  5.0045101E-06   27223.99       1.287973    
  5.0045101E-06  5.5308401E-06   25169.66       1.106227    
  5.5308401E-06  6.2672698E-06   22494.37      0.8045999    
  6.2672698E-06  7.1017398E-06   19437.24       1.230402    
  7.1017398E-06  8.0473301E-06   18073.88       1.196686    
  8.0473301E-06  9.1188203E-06   15851.31       1.340690    
  9.1188203E-06  1.0333000E-05   14070.35      0.3810191    
  1.0333000E-05  1.1708800E-05   12877.91       2.076253    
  1.1708800E-05  1.3267800E-05   11019.16      0.7381098    
  1.3267800E-05  1.5034400E-05   9966.342       1.371642    
  1.5034400E-05  1.7036200E-05   8698.985      0.8618091    
  1.7036200E-05  1.9304500E-05   7934.775       1.512864    
  1.9304500E-05  2.1334799E-05   7209.713       1.415611    
  2.1334799E-05  2.1874899E-05   6777.620       1.070756    
  2.1874899E-05  2.3578599E-05   6460.779       2.049828    
  2.3578599E-05  2.4175501E-05   6022.875       1.642278    
  2.4175501E-05  2.4787500E-05   6022.957       3.038234    
  2.4787500E-05  2.6058400E-05   5671.136      0.9768525    
  2.6058400E-05  2.8087899E-05   5556.820       1.050450    
  2.8087899E-05  3.1827800E-05   5176.864       1.161839    
  3.1827800E-05  3.4306700E-05   4748.650       1.561888    
  3.4306700E-05  3.5175199E-05   4416.128       4.970281    
  3.5175199E-05  3.6065601E-05   4445.335       1.683483    
  3.6065601E-05  4.0867701E-05   4058.442      0.6227356    
  4.0867701E-05  4.6309200E-05   3716.825      0.9919252    
  4.6309200E-05  5.2475199E-05   3407.042       1.532313    
  5.2475199E-05  5.6562199E-05   3107.071       1.959492    
  5.6562199E-05  5.9462200E-05   3002.927       1.786234    
  5.9462200E-05  6.2510902E-05   2898.629      0.6630340    
  6.2510902E-05  6.7379500E-05   2831.661       2.010496    
  6.7379500E-05  7.6350902E-05   2623.529       2.549677    
  7.6350902E-05  8.6516899E-05   2377.384       1.780120    
  8.6516899E-05  9.8036500E-05   2149.104       1.954816    
  9.8036500E-05  1.1109000E-04   2038.465       1.014494    
  1.1109000E-04  1.1678600E-04   1879.854       2.647208    
  1.1678600E-04  1.2277300E-04   1838.602       1.882983    
  1.2277300E-04  1.2906799E-04   1841.271       2.130890    
  1.2906799E-04  1.3568600E-04   1701.043       1.355696    
  1.3568600E-04  1.4264201E-04   1614.903       2.277807    
  1.4264201E-04  1.4995600E-04   1599.183       2.497200    
  1.4995600E-04  1.5764400E-04   1616.133       1.937610    
  1.5764400E-04  1.6163501E-04   1468.761       2.888320    
  1.6163501E-04  1.6572700E-04   1477.168       1.069817    
  1.6572700E-04  1.6992200E-04   1549.692       3.011276    
  1.6992200E-04  1.7422400E-04   1482.841       1.997266    
  1.7422400E-04  1.8315599E-04   1438.285       1.959191    
  1.8315599E-04  1.9254700E-04   1414.755       1.751011    
  1.9254700E-04  2.0241900E-04   1390.333       1.556750    
  2.0241900E-04  2.1279699E-04   1349.027       1.338596    
  2.1279699E-04  2.2370800E-04   1303.898       1.014323    
  2.2370800E-04  2.3517800E-04   1264.317       2.368218    
  2.3517800E-04  2.4723500E-04   1187.655       1.002900    
  2.4723500E-04  2.5991100E-04   1241.544       2.343275    
  2.5991100E-04  2.7323700E-04   1230.261       2.127312    
  2.7323700E-04  2.8015400E-04   1171.717       1.766208    
  2.8015400E-04  2.8724599E-04   1161.382       2.270104    
  2.8724599E-04  2.9451799E-04   1211.750       3.350905    
  2.9451799E-04  3.0197401E-04   1158.971       2.024104    
  3.0197401E-04  3.0961799E-04   1158.359       1.322420    
  3.0961799E-04  3.1745600E-04   1131.358       2.213632    
  3.1745600E-04  3.3373301E-04   1145.348       1.731284    
  3.3373301E-04  3.5084400E-04   1131.798       2.967391    
  3.5084400E-04  3.6883200E-04   1028.390       1.845707    
  3.6883200E-04  3.8774201E-04   935.7614       2.275849    
  3.8774201E-04  4.0762199E-04   904.7061       2.428791    
  4.0762199E-04  4.2852099E-04   780.7417       1.666080    
  4.2852099E-04  4.5049199E-04   672.8237      0.8611961    
  4.5049199E-04  4.7358900E-04   761.7286       1.626073    
  4.7358900E-04  4.9787102E-04   848.6781       1.829688    
  4.9787102E-04  5.1047403E-04   828.5554       2.732915    
  5.1047403E-04  5.2339700E-04   830.5262      0.9757384    
  5.2339700E-04  5.3664698E-04   838.6137       4.317971    
  5.3664698E-04  5.5023201E-04   810.5380       1.801629    
  5.5023201E-04  5.7844300E-04   814.9745       1.356493    
  5.7844300E-04  6.0810102E-04   805.3533       1.323596    
  6.0810102E-04  6.3927902E-04   785.0031       1.685813    
  6.3927902E-04  6.7205500E-04   767.8622      0.7632115    
  6.7205500E-04  7.0651202E-04   782.6907       2.657129    
  7.0651202E-04  7.4273598E-04   770.5690      0.7146403    
  7.4273598E-04  7.8081700E-04   783.4859       1.506262    
  7.8081700E-04  8.2085002E-04   808.5240       1.964411    
  8.2085002E-04  8.6293602E-04   759.3679       1.381425    
  8.6293602E-04  9.0717903E-04   677.3924       1.088773    
  9.0717903E-04  9.5369201E-04   591.4070       1.798817    
  9.5369201E-04  9.6163998E-04   539.4705       7.363806    
  9.6163998E-04  9.7783399E-04   540.6501       3.751884    
  9.7783399E-04  1.0025901E-03   483.0837       2.284269    
  1.0025901E-03  1.0539900E-03   490.3911      0.7725335    
  1.0539900E-03  1.1080300E-03   533.4919       3.106477    
  1.1080300E-03  1.1648400E-03   561.9540       1.382558    
  1.1648400E-03  1.1943300E-03   609.9689       2.400853    
  1.1943300E-03  1.2245600E-03   594.2791       5.188635    
  1.2245600E-03  1.2873500E-03   600.6733       2.480933    
  1.2873500E-03  1.3533500E-03   493.8512       1.460532    
  1.3533500E-03  1.4227401E-03   546.5916       2.122818    
  1.4227401E-03  1.4956900E-03   544.9519       1.722531    
  1.4956900E-03  1.5335500E-03   518.4526       2.038782    
  1.5335500E-03  1.5723699E-03   512.8556       2.785009    
  1.5723699E-03  1.6121800E-03   503.5555       3.203335    
  1.6121800E-03  1.6529900E-03   474.5204       3.764366    
  1.6529900E-03  1.7377400E-03   491.3318       1.301381    
  1.7377400E-03  1.8268300E-03   498.8663       1.571293    
  1.8268300E-03  1.8730800E-03   429.2941       3.769193    
  1.8730800E-03  1.9205000E-03   426.5661       2.032635    
  1.9205000E-03  1.9691200E-03   428.9599       2.847350    
  1.9691200E-03  2.0189700E-03   466.9656       2.998593    
  2.0189700E-03  2.1224800E-03   453.4000       2.139502    
  2.1224800E-03  2.2313001E-03   443.9389       2.149897    
  2.2313001E-03  2.2688799E-03   477.1314       3.851730    
  2.2688799E-03  2.3068599E-03   513.0385       1.844874    
  2.3068599E-03  2.3457000E-03   513.4583       2.126943    
  2.3457000E-03  2.3652499E-03   526.0523       4.810036    
  2.3652499E-03  2.3852000E-03   523.8876      0.9783918    
  2.3852000E-03  2.4251300E-03   486.1964       1.563997    
  2.4251300E-03  2.4659701E-03   463.1292       1.700389    
  2.4659701E-03  2.5923999E-03   464.2767       1.037319    
  2.5923999E-03  2.7253199E-03   462.6494       1.370435    
  2.7253199E-03  2.8650500E-03   422.8944       1.749113    
  2.8650500E-03  3.0119400E-03   404.0366       1.781016    
  3.0119400E-03  3.0881900E-03   402.6593       1.939883    
  3.0881900E-03  3.1663701E-03   421.2637       1.241267    
  3.1663701E-03  3.2465300E-03   366.9046       1.584603    
  3.2465300E-03  3.3287101E-03   325.2517       2.675182    
  3.3287101E-03  3.4993801E-03   321.7570       1.430470    
  3.4993801E-03  3.6787901E-03   309.5193       1.874178    
  3.6787901E-03  3.8674099E-03   289.3589       1.561862    
  3.8674099E-03  4.0656999E-03   321.2453       1.361836    
  4.0656999E-03  4.2741499E-03   336.3518       2.064019    
  4.2741499E-03  4.4932901E-03   277.8170       2.078407    
  4.4932901E-03  4.6070400E-03   285.1663      0.8609575    
  4.6070400E-03  4.7236700E-03   308.6507       1.230681    
  4.7236700E-03  4.8432499E-03   319.4424       2.178981    
  4.8432499E-03  4.9658502E-03   297.2831       1.056165    
  4.9658502E-03  5.2204598E-03   287.2502       1.653177    
  5.2204598E-03  5.4881200E-03   288.6238       1.096324    
  5.4881200E-03  5.7695000E-03   266.9485       1.314260    
  5.7695000E-03  5.9155500E-03   266.9410       3.587914    
  5.9155500E-03  6.0653100E-03   260.5505       2.019948    
  6.0653100E-03  6.2188501E-03   286.8884       1.235498    
  6.2188501E-03  6.3762800E-03   295.1875       2.065005    
  6.3762800E-03  6.5377001E-03   292.1213       1.599649    
  6.5377001E-03  6.5923799E-03   307.5320       2.204268    
  6.5923799E-03  6.6475999E-03   289.5315       2.418596    
  6.6475999E-03  6.7031998E-03   284.5916       2.956583    
  6.7031998E-03  6.8728901E-03   263.3536       1.742913    
  6.8728901E-03  7.0468802E-03   260.6500       1.798994    
  7.0468802E-03  7.2252699E-03   226.5601       2.741099    
  7.2252699E-03  7.4081798E-03   228.0389       2.275303    
  7.4081798E-03  7.5957198E-03   235.0186       2.325807    
  7.5957198E-03  7.7880099E-03   231.3957       1.302925    
  7.7880099E-03  7.9851598E-03   189.3869       2.246199    
  7.9851598E-03  8.1873098E-03   186.6996       3.027842    
  8.1873098E-03  8.3945701E-03   171.7448       1.626675    
  8.3945701E-03  8.6070802E-03   173.6543       3.131229    
  8.6070802E-03  8.8249696E-03   168.0208       1.542976    
  8.8249696E-03  9.0483697E-03   175.0387       1.864620    
  9.0483697E-03  9.2774397E-03   179.6336       1.028710    
  9.2774397E-03  9.5122904E-03   177.2744      0.9572360    
  9.5122904E-03  9.7530996E-03   168.7676       3.424855    
  9.7530996E-03  9.9999998E-03   164.8127       1.784391    
  9.9999998E-03  1.0253200E-02   163.8238       1.392975    
  1.0253200E-02  1.0512700E-02   167.7763       2.796624    
  1.0512700E-02  1.0778800E-02   189.7313       1.466675    
  1.0778800E-02  1.1051700E-02   205.7375       1.741217    
  1.1051700E-02  1.1331500E-02   191.8345       1.103297    
  1.1331500E-02  1.1618300E-02   183.4287       1.119828    
  1.1618300E-02  1.1912500E-02   218.9808       2.364281    
  1.1912500E-02  1.2214000E-02   282.7068      0.9270816    
  1.2214000E-02  1.2523200E-02   342.6555       1.357604    
  1.2523200E-02  1.2840200E-02   345.2166       1.483701    
  1.2840200E-02  1.3165300E-02   296.1297       1.267257    
  1.3165300E-02  1.3498600E-02   307.5794      0.6086938    
  1.3498600E-02  1.3840300E-02   777.8164      0.6410500    
  1.3840300E-02  1.4190700E-02   3422.537      0.4922172    
  1.4190700E-02  1.4549900E-02   0.000000       0.000000    
  1.4549900E-02  1.4918300E-02   0.000000       0.000000    
  1.4918300E-02  1.5295900E-02   0.000000       0.000000    
  1.5295900E-02  1.5683100E-02   0.000000       0.000000    
  1.5683100E-02  1.6080100E-02   0.000000       0.000000    
  1.6080100E-02  1.6487200E-02   0.000000       0.000000    
  1.6487200E-02  1.6904600E-02   0.000000       0.000000    
  1.6904600E-02  1.7332500E-02   0.000000       0.000000    
  1.7332500E-02  1.7771300E-02   0.000000       0.000000    
  1.7771300E-02  1.8221200E-02   0.000000       0.000000    
  1.8221200E-02  1.8682500E-02   0.000000       0.000000    
  1.8682500E-02  1.9155400E-02   0.000000       0.000000    
  1.9155400E-02  1.9640300E-02   0.000000       0.000000    
  1.9640300E-02  2.0000000E-02   0.000000       0.000000    
