 # Detector n:            1   PFLUXCE1  
 # N. of energy intervals        1000
  9.9999998E-15  1.0281143E-14   0.000000       0.000000    
  1.0281143E-14  1.0570189E-14   0.000000       0.000000    
  1.0570189E-14  1.0867363E-14   0.000000       0.000000    
  1.0867363E-14  1.1172891E-14   0.000000       0.000000    
  1.1172891E-14  1.1487009E-14   0.000000       0.000000    
  1.1487009E-14  1.1809959E-14   0.000000       0.000000    
  1.1809959E-14  1.2141987E-14   0.000000       0.000000    
  1.2141987E-14  1.2483351E-14   0.000000       0.000000    
  1.2483351E-14  1.2834312E-14   0.000000       0.000000    
  1.2834312E-14  1.3195139E-14   0.000000       0.000000    
  1.3195139E-14  1.3566111E-14   0.000000       0.000000    
  1.3566111E-14  1.3947513E-14   0.000000       0.000000    
  1.3947513E-14  1.4339638E-14   0.000000       0.000000    
  1.4339638E-14  1.4742786E-14   0.000000       0.000000    
  1.4742786E-14  1.5157268E-14   0.000000       0.000000    
  1.5157268E-14  1.5583406E-14   0.000000       0.000000    
  1.5583406E-14  1.6021521E-14   0.000000       0.000000    
  1.6021521E-14  1.6471955E-14   0.000000       0.000000    
  1.6471955E-14  1.6935053E-14   0.000000       0.000000    
  1.6935053E-14  1.7411171E-14   0.000000       0.000000    
  1.7411171E-14  1.7900673E-14   0.000000       0.000000    
  1.7900673E-14  1.8403939E-14   0.000000       0.000000    
  1.8403939E-14  1.8921351E-14   0.000000       0.000000    
  1.8921351E-14  1.9453311E-14   0.000000       0.000000    
  1.9453311E-14  2.0000228E-14   0.000000       0.000000    
  2.0000228E-14  2.0562519E-14   0.000000       0.000000    
  2.0562519E-14  2.1140621E-14   0.000000       0.000000    
  2.1140621E-14  2.1734974E-14   0.000000       0.000000    
  2.1734974E-14  2.2346039E-14   0.000000       0.000000    
  2.2346039E-14  2.2974283E-14   0.000000       0.000000    
  2.2974283E-14  2.3620188E-14   0.000000       0.000000    
  2.3620188E-14  2.4284253E-14   0.000000       0.000000    
  2.4284253E-14  2.4966987E-14   0.000000       0.000000    
  2.4966987E-14  2.5668917E-14   0.000000       0.000000    
  2.5668917E-14  2.6390579E-14   0.000000       0.000000    
  2.6390579E-14  2.7132532E-14   0.000000       0.000000    
  2.7132532E-14  2.7895345E-14   0.000000       0.000000    
  2.7895345E-14  2.8679604E-14   0.000000       0.000000    
  2.8679604E-14  2.9485908E-14   0.000000       0.000000    
  2.9485908E-14  3.0314886E-14   0.000000       0.000000    
  3.0314886E-14  3.1167167E-14   0.000000       0.000000    
  3.1167167E-14  3.2043409E-14   0.000000       0.000000    
  3.2043409E-14  3.2944286E-14   0.000000       0.000000    
  3.2944286E-14  3.3870493E-14   0.000000       0.000000    
  3.3870493E-14  3.4822737E-14   0.000000       0.000000    
  3.4822737E-14  3.5801755E-14   0.000000       0.000000    
  3.5801755E-14  3.6808294E-14   0.000000       0.000000    
  3.6808294E-14  3.7843135E-14   0.000000       0.000000    
  3.7843135E-14  3.8907069E-14   0.000000       0.000000    
  3.8907069E-14  4.0000914E-14   0.000000       0.000000    
  4.0000914E-14  4.1125513E-14   0.000000       0.000000    
  4.1125513E-14  4.2281726E-14   0.000000       0.000000    
  4.2281726E-14  4.3470449E-14   0.000000       0.000000    
  4.3470449E-14  4.4692592E-14   0.000000       0.000000    
  4.4692592E-14  4.5949088E-14   0.000000       0.000000    
  4.5949088E-14  4.7240915E-14   0.000000       0.000000    
  4.7240915E-14  4.8569062E-14   0.000000       0.000000    
  4.8569062E-14  4.9934544E-14   0.000000       0.000000    
  4.9934544E-14  5.1338420E-14   0.000000       0.000000    
  5.1338420E-14  5.2781764E-14   0.000000       0.000000    
  5.2781764E-14  5.4265684E-14   0.000000       0.000000    
  5.4265684E-14  5.5791329E-14   0.000000       0.000000    
  5.5791329E-14  5.7359858E-14   0.000000       0.000000    
  5.7359858E-14  5.8972494E-14   0.000000       0.000000    
  5.8972494E-14  6.0630469E-14   0.000000       0.000000    
  6.0630469E-14  6.2335045E-14   0.000000       0.000000    
  6.2335045E-14  6.4087550E-14   0.000000       0.000000    
  6.4087550E-14  6.5889331E-14   0.000000       0.000000    
  6.5889331E-14  6.7741758E-14   0.000000       0.000000    
  6.7741758E-14  6.9646274E-14   0.000000       0.000000    
  6.9646274E-14  7.1604330E-14   0.000000       0.000000    
  7.1604330E-14  7.3617436E-14   0.000000       0.000000    
  7.3617436E-14  7.5687137E-14   0.000000       0.000000    
  7.5687137E-14  7.7815033E-14   0.000000       0.000000    
  7.7815033E-14  8.0002743E-14   0.000000       0.000000    
  8.0002743E-14  8.2251968E-14   0.000000       0.000000    
  8.2251968E-14  8.4564429E-14   0.000000       0.000000    
  8.4564429E-14  8.6941901E-14   0.000000       0.000000    
  8.6941901E-14  8.9386201E-14   0.000000       0.000000    
  8.9386201E-14  9.1899233E-14   0.000000       0.000000    
  9.1899233E-14  9.4482914E-14   0.000000       0.000000    
  9.4482914E-14  9.7139236E-14   0.000000       0.000000    
  9.7139236E-14  9.9870233E-14   0.000000       0.000000    
  9.9870233E-14  1.0267801E-13   0.000000       0.000000    
  1.0267801E-13  1.0556473E-13   0.000000       0.000000    
  1.0556473E-13  1.0853262E-13   0.000000       0.000000    
  1.0853262E-13  1.1158393E-13   0.000000       0.000000    
  1.1158393E-13  1.1472104E-13   0.000000       0.000000    
  1.1472104E-13  1.1794634E-13   0.000000       0.000000    
  1.1794634E-13  1.2126231E-13   0.000000       0.000000    
  1.2126231E-13  1.2467151E-13   0.000000       0.000000    
  1.2467151E-13  1.2817658E-13   0.000000       0.000000    
  1.2817658E-13  1.3178017E-13   0.000000       0.000000    
  1.3178017E-13  1.3548509E-13   0.000000       0.000000    
  1.3548509E-13  1.3929415E-13   0.000000       0.000000    
  1.3929415E-13  1.4321030E-13   0.000000       0.000000    
  1.4321030E-13  1.4723657E-13   0.000000       0.000000    
  1.4723657E-13  1.5137601E-13   0.000000       0.000000    
  1.5137601E-13  1.5563183E-13   0.000000       0.000000    
  1.5563183E-13  1.6000732E-13   0.000000       0.000000    
  1.6000732E-13  1.6450582E-13   0.000000       0.000000    
  1.6450582E-13  1.6913078E-13   0.000000       0.000000    
  1.6913078E-13  1.7388577E-13   0.000000       0.000000    
  1.7388577E-13  1.7877445E-13   0.000000       0.000000    
  1.7877445E-13  1.8380058E-13   0.000000       0.000000    
  1.8380058E-13  1.8896798E-13   0.000000       0.000000    
  1.8896798E-13  1.9428069E-13   0.000000       0.000000    
  1.9428069E-13  1.9974276E-13   0.000000       0.000000    
  1.9974276E-13  2.0535838E-13   0.000000       0.000000    
  2.0535838E-13  2.1113189E-13   0.000000       0.000000    
  2.1113189E-13  2.1706770E-13   0.000000       0.000000    
  2.1706770E-13  2.2317043E-13   0.000000       0.000000    
  2.2317043E-13  2.2944472E-13   0.000000       0.000000    
  2.2944472E-13  2.3589537E-13   0.000000       0.000000    
  2.3589537E-13  2.4252741E-13   0.000000       0.000000    
  2.4252741E-13  2.4934590E-13   0.000000       0.000000    
  2.4934590E-13  2.5635608E-13   0.000000       0.000000    
  2.5635608E-13  2.6356337E-13   0.000000       0.000000    
  2.6356337E-13  2.7097324E-13   0.000000       0.000000    
  2.7097324E-13  2.7859147E-13   0.000000       0.000000    
  2.7859147E-13  2.8642388E-13   0.000000       0.000000    
  2.8642388E-13  2.9447647E-13   0.000000       0.000000    
  2.9447647E-13  3.0275549E-13   0.000000       0.000000    
  3.0275549E-13  3.1126723E-13   0.000000       0.000000    
  3.1126723E-13  3.2001832E-13   0.000000       0.000000    
  3.2001832E-13  3.2901538E-13   0.000000       0.000000    
  3.2901538E-13  3.3826541E-13   0.000000       0.000000    
  3.3826541E-13  3.4777552E-13   0.000000       0.000000    
  3.4777552E-13  3.5755302E-13   0.000000       0.000000    
  3.5755302E-13  3.6760536E-13   0.000000       0.000000    
  3.6760536E-13  3.7794027E-13   0.000000       0.000000    
  3.7794027E-13  3.8856581E-13   0.000000       0.000000    
  3.8856581E-13  3.9949009E-13   0.000000       0.000000    
  3.9949009E-13  4.1072151E-13   0.000000       0.000000    
  4.1072151E-13  4.2226858E-13   0.000000       0.000000    
  4.2226858E-13  4.3414044E-13   0.000000       0.000000    
  4.3414044E-13  4.4634598E-13   0.000000       0.000000    
  4.4634598E-13  4.5889464E-13   0.000000       0.000000    
  4.5889464E-13  4.7179616E-13   0.000000       0.000000    
  4.7179616E-13  4.8506040E-13   0.000000       0.000000    
  4.8506040E-13  4.9869749E-13   0.000000       0.000000    
  4.9869749E-13  5.1271801E-13   0.000000       0.000000    
  5.1271801E-13  5.2713275E-13   0.000000       0.000000    
  5.2713275E-13  5.4195271E-13   0.000000       0.000000    
  5.4195271E-13  5.5718933E-13   0.000000       0.000000    
  5.5718933E-13  5.7285432E-13   0.000000       0.000000    
  5.7285432E-13  5.8895971E-13   0.000000       0.000000    
  5.8895971E-13  6.0551786E-13   0.000000       0.000000    
  6.0551786E-13  6.2254162E-13   0.000000       0.000000    
  6.2254162E-13  6.4004395E-13   0.000000       0.000000    
  6.4004395E-13  6.5803824E-13   0.000000       0.000000    
  6.5803824E-13  6.7653863E-13   0.000000       0.000000    
  6.7653863E-13  6.9555901E-13   0.000000       0.000000    
  6.9555901E-13  7.1511411E-13   0.000000       0.000000    
  7.1511411E-13  7.3521901E-13   0.000000       0.000000    
  7.3521901E-13  7.5588917E-13   0.000000       0.000000    
  7.5588917E-13  7.7714056E-13   0.000000       0.000000    
  7.7714056E-13  7.9898940E-13   0.000000       0.000000    
  7.9898940E-13  8.2145234E-13   0.000000       0.000000    
  8.2145234E-13  8.4454687E-13   0.000000       0.000000    
  8.4454687E-13  8.6829079E-13   0.000000       0.000000    
  8.6829079E-13  8.9270209E-13   0.000000       0.000000    
  8.9270209E-13  9.1779969E-13   0.000000       0.000000    
  9.1779969E-13  9.4360316E-13   0.000000       0.000000    
  9.4360316E-13  9.7013185E-13   0.000000       0.000000    
  9.7013185E-13  9.9740648E-13   0.000000       0.000000    
  9.9740648E-13  1.0254478E-12   0.000000       0.000000    
  1.0254478E-12  1.0542775E-12   0.000000       0.000000    
  1.0542775E-12  1.0839178E-12   0.000000       0.000000    
  1.0839178E-12  1.1143913E-12   0.000000       0.000000    
  1.1143913E-12  1.1457218E-12   0.000000       0.000000    
  1.1457218E-12  1.1779330E-12   0.000000       0.000000    
  1.1779330E-12  1.2110496E-12   0.000000       0.000000    
  1.2110496E-12  1.2450974E-12   0.000000       0.000000    
  1.2450974E-12  1.2801023E-12   0.000000       0.000000    
  1.2801023E-12  1.3160918E-12   0.000000       0.000000    
  1.3160918E-12  1.3530927E-12   0.000000       0.000000    
  1.3530927E-12  1.3911341E-12   0.000000       0.000000    
  1.3911341E-12  1.4302447E-12   0.000000       0.000000    
  1.4302447E-12  1.4704549E-12   0.000000       0.000000    
  1.4704549E-12  1.5117959E-12   0.000000       0.000000    
  1.5117959E-12  1.5542990E-12   0.000000       0.000000    
  1.5542990E-12  1.5979968E-12   0.000000       0.000000    
  1.5979968E-12  1.6429234E-12   0.000000       0.000000    
  1.6429234E-12  1.6891132E-12   0.000000       0.000000    
  1.6891132E-12  1.7366012E-12   0.000000       0.000000    
  1.7366012E-12  1.7854247E-12   0.000000       0.000000    
  1.7854247E-12  1.8356206E-12   0.000000       0.000000    
  1.8356206E-12  1.8872278E-12   0.000000       0.000000    
  1.8872278E-12  1.9402858E-12   0.000000       0.000000    
  1.9402858E-12  1.9948357E-12   0.000000       0.000000    
  1.9948357E-12  2.0509191E-12   0.000000       0.000000    
  2.0509191E-12  2.1085794E-12   0.000000       0.000000    
  2.1085794E-12  2.1678603E-12   0.000000       0.000000    
  2.1678603E-12  2.2288083E-12   0.000000       0.000000    
  2.2288083E-12  2.2914697E-12   0.000000       0.000000    
  2.2914697E-12  2.3558928E-12   0.000000       0.000000    
  2.3558928E-12  2.4221270E-12   0.000000       0.000000    
  2.4221270E-12  2.4902233E-12   0.000000       0.000000    
  2.4902233E-12  2.5602344E-12   0.000000       0.000000    
  2.5602344E-12  2.6322137E-12   0.000000       0.000000    
  2.6322137E-12  2.7062163E-12   0.000000       0.000000    
  2.7062163E-12  2.7822998E-12   0.000000       0.000000    
  2.7822998E-12  2.8605221E-12   0.000000       0.000000    
  2.8605221E-12  2.9409439E-12   0.000000       0.000000    
  2.9409439E-12  3.0236267E-12   0.000000       0.000000    
  3.0236267E-12  3.1086334E-12   0.000000       0.000000    
  3.1086334E-12  3.1960305E-12   0.000000       0.000000    
  3.1960305E-12  3.2858846E-12   0.000000       0.000000    
  3.2858846E-12  3.3782651E-12   0.000000       0.000000    
  3.3782651E-12  3.4732425E-12   0.000000       0.000000    
  3.4732425E-12  3.5708901E-12   0.000000       0.000000    
  3.5708901E-12  3.6712833E-12   0.000000       0.000000    
  3.6712833E-12  3.7744989E-12   0.000000       0.000000    
  3.7744989E-12  3.8806159E-12   0.000000       0.000000    
  3.8806159E-12  3.9897170E-12   0.000000       0.000000    
  3.9897170E-12  4.1018855E-12   0.000000       0.000000    
  4.1018855E-12  4.2172064E-12   0.000000       0.000000    
  4.2172064E-12  4.3357700E-12   0.000000       0.000000    
  4.3357700E-12  4.4576673E-12   0.000000       0.000000    
  4.4576673E-12  4.5829920E-12   0.000000       0.000000    
  4.5829920E-12  4.7118399E-12   0.000000       0.000000    
  4.7118399E-12  4.8443094E-12   0.000000       0.000000    
  4.8443094E-12  4.9805039E-12   0.000000       0.000000    
  4.9805039E-12  5.1205273E-12   0.000000       0.000000    
  5.1205273E-12  5.2644872E-12   0.000000       0.000000    
  5.2644872E-12  5.4124942E-12   0.000000       0.000000    
  5.4124942E-12  5.5646629E-12   0.000000       0.000000    
  5.5646629E-12  5.7211102E-12   0.000000       0.000000    
  5.7211102E-12  5.8819546E-12   0.000000       0.000000    
  5.8819546E-12  6.0473215E-12   0.000000       0.000000    
  6.0473215E-12  6.2173383E-12   0.000000       0.000000    
  6.2173383E-12  6.3921342E-12   0.000000       0.000000    
  6.3921342E-12  6.5718442E-12   0.000000       0.000000    
  6.5718442E-12  6.7566074E-12   0.000000       0.000000    
  6.7566074E-12  6.9465644E-12   0.000000       0.000000    
  6.9465644E-12  7.1418622E-12   0.000000       0.000000    
  7.1418622E-12  7.3426508E-12   0.000000       0.000000    
  7.3426508E-12  7.5490829E-12   0.000000       0.000000    
  7.5490829E-12  7.7613211E-12   0.000000       0.000000    
  7.7613211E-12  7.9795259E-12   0.000000       0.000000    
  7.9795259E-12  8.2038638E-12   0.000000       0.000000    
  8.2038638E-12  8.4345100E-12   0.000000       0.000000    
  8.4345100E-12  8.6716407E-12   0.000000       0.000000    
  8.6716407E-12  8.9154378E-12   0.000000       0.000000    
  8.9154378E-12  9.1660889E-12   0.000000       0.000000    
  9.1660889E-12  9.4237864E-12   0.000000       0.000000    
  9.4237864E-12  9.6887299E-12   0.000000       0.000000    
  9.6887299E-12  9.9611222E-12   0.000000       0.000000    
  9.9611222E-12  1.0241171E-11   0.000000       0.000000    
  1.0241171E-11  1.0529095E-11   0.000000       0.000000    
  1.0529095E-11  1.0825113E-11   0.000000       0.000000    
  1.0825113E-11  1.1129454E-11   0.000000       0.000000    
  1.1129454E-11  1.1442350E-11   0.000000       0.000000    
  1.1442350E-11  1.1764044E-11   0.000000       0.000000    
  1.1764044E-11  1.2094783E-11   0.000000       0.000000    
  1.2094783E-11  1.2434819E-11   0.000000       0.000000    
  1.2434819E-11  1.2784415E-11   0.000000       0.000000    
  1.2784415E-11  1.3143838E-11   0.000000       0.000000    
  1.3143838E-11  1.3513370E-11   0.000000       0.000000    
  1.3513370E-11  1.3893288E-11   0.000000       0.000000    
  1.3893288E-11  1.4283889E-11   0.000000       0.000000    
  1.4283889E-11  1.4685470E-11   0.000000       0.000000    
  1.4685470E-11  1.5098343E-11   0.000000       0.000000    
  1.5098343E-11  1.5522821E-11   0.000000       0.000000    
  1.5522821E-11  1.5959234E-11   0.000000       0.000000    
  1.5959234E-11  1.6407917E-11   0.000000       0.000000    
  1.6407917E-11  1.6869214E-11   0.000000       0.000000    
  1.6869214E-11  1.7343479E-11   0.000000       0.000000    
  1.7343479E-11  1.7831080E-11   0.000000       0.000000    
  1.7831080E-11  1.8332388E-11   0.000000       0.000000    
  1.8332388E-11  1.8847790E-11   0.000000       0.000000    
  1.8847790E-11  1.9377683E-11   0.000000       0.000000    
  1.9377683E-11  1.9922473E-11   0.000000       0.000000    
  1.9922473E-11  2.0482577E-11   0.000000       0.000000    
  2.0482577E-11  2.1058433E-11   0.000000       0.000000    
  2.1058433E-11  2.1650477E-11   0.000000       0.000000    
  2.1650477E-11  2.2259165E-11   0.000000       0.000000    
  2.2259165E-11  2.2884961E-11   0.000000       0.000000    
  2.2884961E-11  2.3528360E-11   0.000000       0.000000    
  2.3528360E-11  2.4189841E-11   0.000000       0.000000    
  2.4189841E-11  2.4869922E-11   0.000000       0.000000    
  2.4869922E-11  2.5569121E-11   0.000000       0.000000    
  2.5569121E-11  2.6287979E-11   0.000000       0.000000    
  2.6287979E-11  2.7027047E-11   0.000000       0.000000    
  2.7027047E-11  2.7786896E-11   0.000000       0.000000    
  2.7786896E-11  2.8568104E-11   0.000000       0.000000    
  2.8568104E-11  2.9371276E-11   0.000000       0.000000    
  2.9371276E-11  3.0197032E-11   0.000000       0.000000    
  3.0197032E-11  3.1045996E-11   0.000000       0.000000    
  3.1045996E-11  3.1918829E-11   0.000000       0.000000    
  3.1918829E-11  3.2816208E-11   0.000000       0.000000    
  3.2816208E-11  3.3738814E-11   0.000000       0.000000    
  3.3738814E-11  3.4687357E-11   0.000000       0.000000    
  3.4687357E-11  3.5662567E-11   0.000000       0.000000    
  3.5662567E-11  3.6665199E-11   0.000000       0.000000    
  3.6665199E-11  3.7696013E-11   0.000000       0.000000    
  3.7696013E-11  3.8755808E-11   0.000000       0.000000    
  3.8755808E-11  3.9845401E-11   0.000000       0.000000    
  3.9845401E-11  4.0965623E-11   0.000000       0.000000    
  4.0965623E-11  4.2117344E-11   0.000000       0.000000    
  4.2117344E-11  4.3301446E-11   0.000000       0.000000    
  4.3301446E-11  4.4518833E-11   0.000000       0.000000    
  4.4518833E-11  4.5770453E-11   0.000000       0.000000    
  4.5770453E-11  4.7057254E-11   0.000000       0.000000    
  4.7057254E-11  4.8380237E-11   0.000000       0.000000    
  4.8380237E-11  4.9740413E-11   0.000000       0.000000    
  4.9740413E-11  5.1138833E-11   0.000000       0.000000    
  5.1138833E-11  5.2576561E-11   0.000000       0.000000    
  5.2576561E-11  5.4054719E-11   0.000000       0.000000    
  5.4054719E-11  5.5574424E-11   0.000000       0.000000    
  5.5574424E-11  5.7136858E-11   0.000000       0.000000    
  5.7136858E-11  5.8743226E-11   0.000000       0.000000    
  5.8743226E-11  6.0394745E-11   0.000000       0.000000    
  6.0394745E-11  6.2092706E-11   0.000000       0.000000    
  6.2092706E-11  6.3838393E-11   0.000000       0.000000    
  6.3838393E-11  6.5633166E-11   0.000000       0.000000    
  6.5633166E-11  6.7478405E-11   0.000000       0.000000    
  6.7478405E-11  6.9375505E-11   0.000000       0.000000    
  6.9375505E-11  7.1325952E-11   0.000000       0.000000    
  7.1325952E-11  7.3331237E-11   0.000000       0.000000    
  7.3331237E-11  7.5392886E-11   0.000000       0.000000    
  7.5392886E-11  7.7512503E-11   0.000000       0.000000    
  7.7512503E-11  7.9691719E-11   0.000000       0.000000    
  7.9691719E-11  8.1932183E-11   0.000000       0.000000    
  8.1932183E-11  8.4235660E-11   0.000000       0.000000    
  8.4235660E-11  8.6603877E-11   0.000000       0.000000    
  8.6603877E-11  8.9038693E-11   0.000000       0.000000    
  8.9038693E-11  9.1541955E-11   0.000000       0.000000    
  9.1541955E-11  9.4115583E-11   0.000000       0.000000    
  9.4115583E-11  9.6761578E-11   0.000000       0.000000    
  9.6761578E-11  9.9481971E-11   0.000000       0.000000    
  9.9481971E-11  1.0227884E-10   0.000000       0.000000    
  1.0227884E-10  1.0515434E-10   0.000000       0.000000    
  1.0515434E-10  1.0811067E-10   0.000000       0.000000    
  1.0811067E-10  1.1115012E-10   0.000000       0.000000    
  1.1115012E-10  1.1427503E-10   0.000000       0.000000    
  1.1427503E-10  1.1748780E-10   0.000000       0.000000    
  1.1748780E-10  1.2079088E-10   0.000000       0.000000    
  1.2079088E-10  1.2418683E-10   0.000000       0.000000    
  1.2418683E-10  1.2767824E-10   0.000000       0.000000    
  1.2767824E-10  1.3126784E-10   0.000000       0.000000    
  1.3126784E-10  1.3495834E-10   0.000000       0.000000    
  1.3495834E-10  1.3875261E-10   0.000000       0.000000    
  1.3875261E-10  1.4265354E-10   0.000000       0.000000    
  1.4265354E-10  1.4666413E-10   0.000000       0.000000    
  1.4666413E-10  1.5078749E-10   0.000000       0.000000    
  1.5078749E-10  1.5502677E-10   0.000000       0.000000    
  1.5502677E-10  1.5938524E-10   0.000000       0.000000    
  1.5938524E-10  1.6386627E-10   0.000000       0.000000    
  1.6386627E-10  1.6847324E-10   0.000000       0.000000    
  1.6847324E-10  1.7320974E-10   0.000000       0.000000    
  1.7320974E-10  1.7807943E-10   0.000000       0.000000    
  1.7807943E-10  1.8308599E-10   0.000000       0.000000    
  1.8308599E-10  1.8823332E-10   0.000000       0.000000    
  1.8823332E-10  1.9352539E-10   0.000000       0.000000    
  1.9352539E-10  1.9896623E-10   0.000000       0.000000    
  1.9896623E-10  2.0455999E-10   0.000000       0.000000    
  2.0455999E-10  2.1031105E-10   0.000000       0.000000    
  2.1031105E-10  2.1622380E-10   0.000000       0.000000    
  2.1622380E-10  2.2230282E-10   0.000000       0.000000    
  2.2230282E-10  2.2855268E-10   0.000000       0.000000    
  2.2855268E-10  2.3497829E-10   0.000000       0.000000    
  2.3497829E-10  2.4158453E-10   0.000000       0.000000    
  2.4158453E-10  2.4837649E-10   0.000000       0.000000    
  2.4837649E-10  2.5535943E-10   0.000000       0.000000    
  2.5535943E-10  2.6253866E-10   0.000000       0.000000    
  2.6253866E-10  2.6991978E-10   0.000000       0.000000    
  2.6991978E-10  2.7750841E-10   0.000000       0.000000    
  2.7750841E-10  2.8531036E-10   0.000000       0.000000    
  2.8531036E-10  2.9333164E-10   0.000000       0.000000    
  2.9333164E-10  3.0157846E-10   0.000000       0.000000    
  3.0157846E-10  3.1005709E-10   0.000000       0.000000    
  3.1005709E-10  3.1877417E-10   0.000000       0.000000    
  3.1877417E-10  3.2773625E-10   0.000000       0.000000    
  3.2773625E-10  3.3695036E-10   0.000000       0.000000    
  3.3695036E-10  3.4642347E-10   0.000000       0.000000    
  3.4642347E-10  3.5616288E-10   0.000000       0.000000    
  3.5616288E-10  3.6617617E-10   0.000000       0.000000    
  3.6617617E-10  3.7647097E-10   0.000000       0.000000    
  3.7647097E-10  3.8705519E-10   0.000000       0.000000    
  3.8705519E-10  3.9793693E-10   0.000000       0.000000    
  3.9793693E-10  4.0912468E-10   0.000000       0.000000    
  4.0912468E-10  4.2062695E-10   0.000000       0.000000    
  4.2062695E-10  4.3245260E-10   0.000000       0.000000    
  4.3245260E-10  4.4461068E-10   0.000000       0.000000    
  4.4461068E-10  4.5711057E-10   0.000000       0.000000    
  4.5711057E-10  4.6996190E-10   0.000000       0.000000    
  4.6996190E-10  4.8317456E-10   0.000000       0.000000    
  4.8317456E-10  4.9675875E-10   0.000000       0.000000    
  4.9675875E-10  5.1072468E-10   0.000000       0.000000    
  5.1072468E-10  5.2508342E-10   0.000000       0.000000    
  5.2508342E-10  5.3984572E-10   0.000000       0.000000    
  5.3984572E-10  5.5502314E-10   0.000000       0.000000    
  5.5502314E-10  5.7062716E-10   0.000000       0.000000    
  5.7062716E-10  5.8666999E-10   0.000000       0.000000    
  5.8666999E-10  6.0316380E-10   0.000000       0.000000    
  6.0316380E-10  6.2012134E-10   0.000000       0.000000    
  6.2012134E-10  6.3755562E-10   0.000000       0.000000    
  6.3755562E-10  6.5548000E-10   0.000000       0.000000    
  6.5548000E-10  6.7390837E-10   0.000000       0.000000    
  6.7390837E-10  6.9285483E-10   0.000000       0.000000    
  6.9285483E-10  7.1233397E-10   0.000000       0.000000    
  7.1233397E-10  7.3236067E-10   0.000000       0.000000    
  7.3236067E-10  7.5295054E-10   0.000000       0.000000    
  7.5295054E-10  7.7411921E-10   0.000000       0.000000    
  7.7411921E-10  7.9588297E-10   0.000000       0.000000    
  7.9588297E-10  8.1825874E-10   0.000000       0.000000    
  8.1825874E-10  8.4126350E-10   0.000000       0.000000    
  8.4126350E-10  8.6491497E-10   0.000000       0.000000    
  8.6491497E-10  8.8923147E-10   0.000000       0.000000    
  8.8923147E-10  9.1423152E-10   0.000000       0.000000    
  9.1423152E-10  9.3993457E-10   0.000000       0.000000    
  9.3993457E-10  9.6636033E-10   0.000000       0.000000    
  9.6636033E-10  9.9352870E-10   0.000000       0.000000    
  9.9352870E-10  1.0214610E-09   0.000000       0.000000    
  1.0214610E-09  1.0501788E-09   0.000000       0.000000    
  1.0501788E-09  1.0797038E-09   0.000000       0.000000    
  1.0797038E-09  1.1100588E-09   0.000000       0.000000    
  1.1100588E-09  1.1412675E-09   0.000000       0.000000    
  1.1412675E-09  1.1733534E-09   0.000000       0.000000    
  1.1733534E-09  1.2063415E-09   0.000000       0.000000    
  1.2063415E-09  1.2402569E-09   0.000000       0.000000    
  1.2402569E-09  1.2751258E-09   0.000000       0.000000    
  1.2751258E-09  1.3109751E-09   0.000000       0.000000    
  1.3109751E-09  1.3478322E-09   0.000000       0.000000    
  1.3478322E-09  1.3857256E-09   0.000000       0.000000    
  1.3857256E-09  1.4246844E-09   0.000000       0.000000    
  1.4246844E-09  1.4647382E-09   0.000000       0.000000    
  1.4647382E-09  1.5059184E-09   0.000000       0.000000    
  1.5059184E-09  1.5482561E-09   0.000000       0.000000    
  1.5482561E-09  1.5917844E-09   0.000000       0.000000    
  1.5917844E-09  1.6365360E-09   0.000000       0.000000    
  1.6365360E-09  1.6825463E-09   0.000000       0.000000    
  1.6825463E-09  1.7298499E-09   0.000000       0.000000    
  1.7298499E-09  1.7784834E-09   0.000000       0.000000    
  1.7784834E-09  1.8284844E-09   0.000000       0.000000    
  1.8284844E-09  1.8798909E-09   0.000000       0.000000    
  1.8798909E-09  1.9327424E-09   0.000000       0.000000    
  1.9327424E-09  1.9870801E-09   0.000000       0.000000    
  1.9870801E-09  2.0429456E-09   0.000000       0.000000    
  2.0429456E-09  2.1003814E-09   0.000000       0.000000    
  2.1003814E-09  2.1594324E-09   0.000000       0.000000    
  2.1594324E-09  2.2201432E-09   0.000000       0.000000    
  2.2201432E-09  2.2825608E-09   0.000000       0.000000    
  2.2825608E-09  2.3467337E-09   0.000000       0.000000    
  2.3467337E-09  2.4127103E-09   0.000000       0.000000    
  2.4127103E-09  2.4805422E-09   0.000000       0.000000    
  2.4805422E-09  2.5502809E-09   0.000000       0.000000    
  2.5502809E-09  2.6219800E-09   0.000000       0.000000    
  2.6219800E-09  2.6956952E-09   0.000000       0.000000    
  2.6956952E-09  2.7714830E-09   0.000000       0.000000    
  2.7714830E-09  2.8494012E-09   0.000000       0.000000    
  2.8494012E-09  2.9295100E-09   0.000000       0.000000    
  2.9295100E-09  3.0118710E-09   0.000000       0.000000    
  3.0118710E-09  3.0965477E-09   0.000000       0.000000    
  3.0965477E-09  3.1836052E-09   0.000000       0.000000    
  3.1836052E-09  3.2731100E-09   0.000000       0.000000    
  3.2731100E-09  3.3651313E-09   0.000000       0.000000    
  3.3651313E-09  3.4597394E-09   0.000000       0.000000    
  3.4597394E-09  3.5570078E-09   0.000000       0.000000    
  3.5570078E-09  3.6570109E-09   0.000000       0.000000    
  3.6570109E-09  3.7598245E-09   0.000000       0.000000    
  3.7598245E-09  3.8655297E-09   0.000000       0.000000    
  3.8655297E-09  3.9742063E-09   0.000000       0.000000    
  3.9742063E-09  4.0859383E-09   0.000000       0.000000    
  4.0859383E-09  4.2008113E-09   0.000000       0.000000    
  4.2008113E-09  4.3189141E-09   0.000000       0.000000    
  4.3189141E-09  4.4403370E-09   0.000000       0.000000    
  4.4403370E-09  4.5651745E-09   0.000000       0.000000    
  4.5651745E-09  4.6935207E-09   0.000000       0.000000    
  4.6935207E-09  4.8254760E-09   0.000000       0.000000    
  4.8254760E-09  4.9611413E-09   0.000000       0.000000    
  4.9611413E-09  5.1006195E-09   0.000000       0.000000    
  5.1006195E-09  5.2440199E-09   0.000000       0.000000    
  5.2440199E-09  5.3914517E-09   0.000000       0.000000    
  5.3914517E-09  5.5430291E-09   0.000000       0.000000    
  5.5430291E-09  5.6988680E-09   0.000000       0.000000    
  5.6988680E-09  5.8590874E-09   0.000000       0.000000    
  5.8590874E-09  6.0238112E-09   0.000000       0.000000    
  6.0238112E-09  6.1931660E-09   0.000000       0.000000    
  6.1931660E-09  6.3672831E-09   0.000000       0.000000    
  6.3672831E-09  6.5462942E-09   0.000000       0.000000    
  6.5462942E-09  6.7303394E-09   0.000000       0.000000    
  6.7303394E-09  6.9195587E-09   0.000000       0.000000    
  6.9195587E-09  7.1140969E-09   0.000000       0.000000    
  7.1140969E-09  7.3141044E-09   0.000000       0.000000    
  7.3141044E-09  7.5197351E-09   0.000000       0.000000    
  7.5197351E-09  7.7311473E-09   0.000000       0.000000    
  7.7311473E-09  7.9485032E-09   0.000000       0.000000    
  7.9485032E-09  8.1719698E-09   0.000000       0.000000    
  8.1719698E-09  8.4017184E-09   0.000000       0.000000    
  8.4017184E-09  8.6379268E-09   0.000000       0.000000    
  8.6379268E-09  8.8807761E-09   0.000000       0.000000    
  8.8807761E-09  9.1304520E-09   0.000000       0.000000    
  9.1304520E-09  9.3871488E-09   0.000000       0.000000    
  9.3871488E-09  9.6510631E-09   0.000000       0.000000    
  9.6510631E-09  9.9223953E-09   0.000000       0.000000    
  9.9223953E-09  1.0201356E-08   0.000000       0.000000    
  1.0201356E-08  1.0488161E-08   0.000000       0.000000    
  1.0488161E-08  1.0783027E-08   0.000000       0.000000    
  1.0783027E-08  1.1086186E-08   0.000000       0.000000    
  1.1086186E-08  1.1397865E-08   0.000000       0.000000    
  1.1397865E-08  1.1718308E-08   0.000000       0.000000    
  1.1718308E-08  1.2047761E-08   0.000000       0.000000    
  1.2047761E-08  1.2386473E-08   0.000000       0.000000    
  1.2386473E-08  1.2734712E-08   0.000000       0.000000    
  1.2734712E-08  1.3092739E-08   0.000000       0.000000    
  1.3092739E-08  1.3460833E-08   0.000000       0.000000    
  1.3460833E-08  1.3839274E-08   0.000000       0.000000    
  1.3839274E-08  1.4228356E-08   0.000000       0.000000    
  1.4228356E-08  1.4628378E-08   0.000000       0.000000    
  1.4628378E-08  1.5039644E-08   0.000000       0.000000    
  1.5039644E-08  1.5462472E-08   0.000000       0.000000    
  1.5462472E-08  1.5897189E-08   0.000000       0.000000    
  1.5897189E-08  1.6344128E-08   0.000000       0.000000    
  1.6344128E-08  1.6803630E-08   0.000000       0.000000    
  1.6803630E-08  1.7276054E-08   0.000000       0.000000    
  1.7276054E-08  1.7761757E-08   0.000000       0.000000    
  1.7761757E-08  1.8261117E-08   0.000000       0.000000    
  1.8261117E-08  1.8774516E-08   0.000000       0.000000    
  1.8774516E-08  1.9302346E-08   0.000000       0.000000    
  1.9302346E-08  1.9845020E-08   0.000000       0.000000    
  1.9845020E-08  2.0402949E-08   0.000000       0.000000    
  2.0402949E-08  2.0976563E-08   0.000000       0.000000    
  2.0976563E-08  2.1566304E-08   0.000000       0.000000    
  2.1566304E-08  2.2172625E-08   0.000000       0.000000    
  2.2172625E-08  2.2795994E-08   0.000000       0.000000    
  2.2795994E-08  2.3436886E-08   0.000000       0.000000    
  2.3436886E-08  2.4095797E-08   0.000000       0.000000    
  2.4095797E-08  2.4773234E-08   0.000000       0.000000    
  2.4773234E-08  2.5469717E-08   0.000000       0.000000    
  2.5469717E-08  2.6185779E-08   0.000000       0.000000    
  2.6185779E-08  2.6921978E-08   0.000000       0.000000    
  2.6921978E-08  2.7678864E-08   0.000000       0.000000    
  2.7678864E-08  2.8457039E-08   0.000000       0.000000    
  2.8457039E-08  2.9257089E-08   0.000000       0.000000    
  2.9257089E-08  3.0079629E-08   0.000000       0.000000    
  3.0079629E-08  3.0925296E-08   0.000000       0.000000    
  3.0925296E-08  3.1794741E-08   0.000000       0.000000    
  3.1794741E-08  3.2688629E-08   0.000000       0.000000    
  3.2688629E-08  3.3607648E-08   0.000000       0.000000    
  3.3607648E-08  3.4552503E-08   0.000000       0.000000    
  3.4552503E-08  3.5523922E-08   0.000000       0.000000    
  3.5523922E-08  3.6522653E-08   0.000000       0.000000    
  3.6522653E-08  3.7549459E-08   0.000000       0.000000    
  3.7549459E-08  3.8605133E-08   0.000000       0.000000    
  3.8605133E-08  3.9690491E-08   0.000000       0.000000    
  3.9690491E-08  4.0806363E-08   0.000000       0.000000    
  4.0806363E-08  4.1953609E-08   0.000000       0.000000    
  4.1953609E-08  4.3133099E-08   0.000000       0.000000    
  4.3133099E-08  4.4345761E-08   0.000000       0.000000    
  4.4345761E-08  4.5592508E-08   0.000000       0.000000    
  4.5592508E-08  4.6874309E-08   0.000000       0.000000    
  4.6874309E-08  4.8192149E-08   0.000000       0.000000    
  4.8192149E-08  4.9547040E-08   0.000000       0.000000    
  4.9547040E-08  5.0940013E-08   0.000000       0.000000    
  5.0940013E-08  5.2372158E-08   0.000000       0.000000    
  5.2372158E-08  5.3844563E-08   0.000000       0.000000    
  5.3844563E-08  5.5358370E-08   0.000000       0.000000    
  5.5358370E-08  5.6914729E-08   0.000000       0.000000    
  5.6914729E-08  5.8514850E-08   0.000000       0.000000    
  5.8514850E-08  6.0159948E-08   0.000000       0.000000    
  6.0159948E-08  6.1851310E-08   0.000000       0.000000    
  6.1851310E-08  6.3590214E-08   0.000000       0.000000    
  6.3590214E-08  6.5378011E-08   0.000000       0.000000    
  6.5378011E-08  6.7216057E-08   0.000000       0.000000    
  6.7216057E-08  6.9105795E-08   0.000000       0.000000    
  6.9105795E-08  7.1048660E-08   0.000000       0.000000    
  7.1048660E-08  7.3046131E-08   0.000000       0.000000    
  7.3046131E-08  7.5099777E-08   0.000000       0.000000    
  7.5099777E-08  7.7211155E-08   0.000000       0.000000    
  7.7211155E-08  7.9381891E-08   0.000000       0.000000    
  7.9381891E-08  8.1613663E-08   0.000000       0.000000    
  8.1613663E-08  8.3908169E-08   0.000000       0.000000    
  8.3908169E-08  8.6267185E-08   0.000000       0.000000    
  8.6267185E-08  8.8692538E-08   0.000000       0.000000    
  8.8692538E-08  9.1186060E-08   0.000000       0.000000    
  9.1186060E-08  9.3749691E-08   0.000000       0.000000    
  9.3749691E-08  9.6385406E-08   0.000000       0.000000    
  9.6385406E-08  9.9095210E-08   0.000000       0.000000    
  9.9095210E-08  1.0188120E-07   0.000000       0.000000    
  1.0188120E-07  1.0474551E-07   0.000000       0.000000    
  1.0474551E-07  1.0769037E-07   0.000000       0.000000    
  1.0769037E-07  1.1071801E-07   0.000000       0.000000    
  1.1071801E-07  1.1383077E-07   0.000000       0.000000    
  1.1383077E-07  1.1703104E-07   0.000000       0.000000    
  1.1703104E-07  1.2032127E-07   0.000000       0.000000    
  1.2032127E-07  1.2370404E-07   0.000000       0.000000    
  1.2370404E-07  1.2718189E-07   0.000000       0.000000    
  1.2718189E-07  1.3075751E-07   0.000000       0.000000    
  1.3075751E-07  1.3443366E-07   0.000000       0.000000    
  1.3443366E-07  1.3821318E-07   0.000000       0.000000    
  1.3821318E-07  1.4209894E-07   0.000000       0.000000    
  1.4209894E-07  1.4609395E-07   0.000000       0.000000    
  1.4609395E-07  1.5020127E-07   0.000000       0.000000    
  1.5020127E-07  1.5442407E-07   0.000000       0.000000    
  1.5442407E-07  1.5876560E-07   0.000000       0.000000    
  1.5876560E-07  1.6322917E-07   0.000000       0.000000    
  1.6322917E-07  1.6781826E-07   0.000000       0.000000    
  1.6781826E-07  1.7253637E-07   0.000000       0.000000    
  1.7253637E-07  1.7738708E-07   0.000000       0.000000    
  1.7738708E-07  1.8237419E-07   0.000000       0.000000    
  1.8237419E-07  1.8750154E-07   0.000000       0.000000    
  1.8750154E-07  1.9277300E-07   0.000000       0.000000    
  1.9277300E-07  1.9819269E-07   0.000000       0.000000    
  1.9819269E-07  2.0376474E-07   0.000000       0.000000    
  2.0376474E-07  2.0949344E-07   0.000000       0.000000    
  2.0949344E-07  2.1538320E-07   0.000000       0.000000    
  2.1538320E-07  2.2143854E-07   0.000000       0.000000    
  2.2143854E-07  2.2766412E-07   0.000000       0.000000    
  2.2766412E-07  2.3406476E-07   0.000000       0.000000    
  2.3406476E-07  2.4064533E-07   0.000000       0.000000    
  2.4064533E-07  2.4741090E-07   0.000000       0.000000    
  2.4741090E-07  2.5436665E-07   0.000000       0.000000    
  2.5436665E-07  2.6151801E-07   0.000000       0.000000    
  2.6151801E-07  2.6887042E-07   0.000000       0.000000    
  2.6887042E-07  2.7642952E-07   0.000000       0.000000    
  2.7642952E-07  2.8420112E-07   0.000000       0.000000    
  2.8420112E-07  2.9219123E-07   0.000000       0.000000    
  2.9219123E-07  3.0040599E-07   0.000000       0.000000    
  3.0040599E-07  3.0885170E-07   0.000000       0.000000    
  3.0885170E-07  3.1753481E-07   0.000000       0.000000    
  3.1753481E-07  3.2646213E-07   0.000000       0.000000    
  3.2646213E-07  3.3564041E-07   0.000000       0.000000    
  3.3564041E-07  3.4507667E-07   0.000000       0.000000    
  3.4507667E-07  3.5477822E-07   0.000000       0.000000    
  3.5477822E-07  3.6475259E-07   0.000000       0.000000    
  3.6475259E-07  3.7500735E-07   0.000000       0.000000    
  3.7500735E-07  3.8555046E-07   0.000000       0.000000    
  3.8555046E-07  3.9638988E-07   0.000000       0.000000    
  3.9638988E-07  4.0753412E-07   0.000000       0.000000    
  4.0753412E-07  4.1899168E-07   0.000000       0.000000    
  4.1899168E-07  4.3077128E-07   0.000000       0.000000    
  4.3077128E-07  4.4288214E-07   0.000000       0.000000    
  4.4288214E-07  4.5533346E-07   0.000000       0.000000    
  4.5533346E-07  4.6813489E-07   0.000000       0.000000    
  4.6813489E-07  4.8129613E-07   0.000000       0.000000    
  4.8129613E-07  4.9482742E-07   0.000000       0.000000    
  4.9482742E-07  5.0873916E-07   0.000000       0.000000    
  5.0873916E-07  5.2304205E-07   0.000000       0.000000    
  5.2304205E-07  5.3774698E-07   0.000000       0.000000    
  5.3774698E-07  5.5286529E-07   0.000000       0.000000    
  5.5286529E-07  5.6840872E-07   0.000000       0.000000    
  5.6840872E-07  5.8438917E-07   0.000000       0.000000    
  5.8438917E-07  6.0081891E-07   0.000000       0.000000    
  6.0081891E-07  6.1771044E-07   0.000000       0.000000    
  6.1771044E-07  6.3507701E-07   0.000000       0.000000    
  6.3507701E-07  6.5293176E-07   0.000000       0.000000    
  6.5293176E-07  6.7128838E-07   0.000000       0.000000    
  6.7128838E-07  6.9016119E-07   0.000000       0.000000    
  6.9016119E-07  7.0956463E-07   0.000000       0.000000    
  7.0956463E-07  7.2951349E-07   0.000000       0.000000    
  7.2951349E-07  7.5002328E-07   0.000000       0.000000    
  7.5002328E-07  7.7110968E-07   0.000000       0.000000    
  7.7110968E-07  7.9278885E-07   0.000000       0.000000    
  7.9278885E-07  8.1507761E-07   0.000000       0.000000    
  8.1507761E-07  8.3799284E-07   0.000000       0.000000    
  8.3799284E-07  8.6155245E-07   0.000000       0.000000    
  8.6155245E-07  8.8577440E-07   0.000000       0.000000    
  8.8577440E-07  9.1067733E-07   0.000000       0.000000    
  9.1067733E-07  9.3628046E-07   0.000000       0.000000    
  9.3628046E-07  9.6260317E-07   0.000000       0.000000    
  9.6260317E-07  9.8966620E-07   0.000000       0.000000    
  9.8966620E-07  1.0174900E-06   0.000000       0.000000    
  1.0174900E-06  1.0460959E-06   0.000000       0.000000    
  1.0460959E-06  1.0755061E-06   0.000000       0.000000    
  1.0755061E-06  1.1057433E-06   0.000000       0.000000    
  1.1057433E-06  1.1368305E-06   0.000000       0.000000    
  1.1368305E-06  1.1687919E-06   0.000000       0.000000    
  1.1687919E-06  1.2016515E-06   0.000000       0.000000    
  1.2016515E-06  1.2354350E-06   0.000000       0.000000    
  1.2354350E-06  1.2701686E-06   0.000000       0.000000    
  1.2701686E-06  1.3058783E-06   0.000000       0.000000    
  1.3058783E-06  1.3425921E-06   0.000000       0.000000    
  1.3425921E-06  1.3803382E-06   0.000000       0.000000    
  1.3803382E-06  1.4191455E-06   0.000000       0.000000    
  1.4191455E-06  1.4590438E-06   0.000000       0.000000    
  1.4590438E-06  1.5000638E-06   0.000000       0.000000    
  1.5000638E-06  1.5422370E-06   0.000000       0.000000    
  1.5422370E-06  1.5855960E-06   0.000000       0.000000    
  1.5855960E-06  1.6301738E-06   0.000000       0.000000    
  1.6301738E-06  1.6760049E-06   0.000000       0.000000    
  1.6760049E-06  1.7231248E-06   0.000000       0.000000    
  1.7231248E-06  1.7715691E-06   0.000000       0.000000    
  1.7715691E-06  1.8213757E-06   0.000000       0.000000    
  1.8213757E-06  1.8725821E-06   0.000000       0.000000    
  1.8725821E-06  1.9252286E-06   0.000000       0.000000    
  1.9252286E-06  1.9793549E-06   0.000000       0.000000    
  1.9793549E-06  2.0350033E-06   0.000000       0.000000    
  2.0350033E-06  2.0922159E-06   0.000000       0.000000    
  2.0922159E-06  2.1510371E-06   0.000000       0.000000    
  2.1510371E-06  2.2115121E-06   0.000000       0.000000    
  2.2115121E-06  2.2736872E-06   0.000000       0.000000    
  2.2736872E-06  2.3376101E-06   0.000000       0.000000    
  2.3376101E-06  2.4033304E-06   0.000000       0.000000    
  2.4033304E-06  2.4708986E-06   0.000000       0.000000    
  2.4708986E-06  2.5403658E-06   0.000000       0.000000    
  2.5403658E-06  2.6117866E-06   0.000000       0.000000    
  2.6117866E-06  2.6852149E-06   0.000000       0.000000    
  2.6852149E-06  2.7607082E-06   0.000000       0.000000    
  2.7607082E-06  2.8383236E-06   0.000000       0.000000    
  2.8383236E-06  2.9181208E-06   0.000000       0.000000    
  2.9181208E-06  3.0001618E-06   0.000000       0.000000    
  3.0001618E-06  3.0845094E-06   0.000000       0.000000    
  3.0845094E-06  3.1712282E-06   0.000000       0.000000    
  3.1712282E-06  3.2603848E-06   0.000000       0.000000    
  3.2603848E-06  3.3520487E-06   0.000000       0.000000    
  3.3520487E-06  3.4462889E-06   0.000000       0.000000    
  3.4462889E-06  3.5431788E-06   0.000000       0.000000    
  3.5431788E-06  3.6427925E-06   0.000000       0.000000    
  3.6427925E-06  3.7452073E-06   0.000000       0.000000    
  3.7452073E-06  3.8505018E-06   0.000000       0.000000    
  3.8505018E-06  3.9587553E-06   0.000000       0.000000    
  3.9587553E-06  4.0700529E-06   0.000000       0.000000    
  4.0700529E-06  4.1844796E-06   0.000000       0.000000    
  4.1844796E-06  4.3021237E-06   0.000000       0.000000    
  4.3021237E-06  4.4230751E-06   0.000000       0.000000    
  4.4230751E-06  4.5474262E-06   0.000000       0.000000    
  4.5474262E-06  4.6752743E-06   0.000000       0.000000    
  4.6752743E-06  4.8067159E-06   0.000000       0.000000    
  4.8067159E-06  4.9418536E-06   0.000000       0.000000    
  4.9418536E-06  5.0807898E-06   0.000000       0.000000    
  5.0807898E-06  5.2236328E-06   0.000000       0.000000    
  5.2236328E-06  5.3704916E-06   0.000000       0.000000    
  5.3704916E-06  5.5214796E-06   0.000000       0.000000    
  5.5214796E-06  5.6767117E-06   0.000000       0.000000    
  5.6767117E-06  5.8363084E-06   0.000000       0.000000    
  5.8363084E-06  6.0003927E-06   0.000000       0.000000    
  6.0003927E-06  6.1690885E-06   0.000000       0.000000    
  6.1690885E-06  6.3425286E-06   0.000000       0.000000    
  6.3425286E-06  6.5208442E-06   0.000000       0.000000    
  6.5208442E-06  6.7041733E-06   0.000000       0.000000    
  6.7041733E-06  6.8926570E-06   0.000000       0.000000    
  6.8926570E-06  7.0864389E-06   0.000000       0.000000    
  7.0864389E-06  7.2856697E-06   0.000000       0.000000    
  7.2856697E-06  7.4905001E-06   0.000000       0.000000    
  7.4905001E-06  7.7010900E-06   0.000000       0.000000    
  7.7010900E-06  7.9176016E-06   0.000000       0.000000    
  7.9176016E-06  8.1401986E-06   0.000000       0.000000    
  8.1401986E-06  8.3690556E-06   0.000000       0.000000    
  8.3690556E-06  8.6043456E-06   0.000000       0.000000    
  8.6043456E-06  8.8462511E-06   0.000000       0.000000    
  8.8462511E-06  9.0949570E-06   0.000000       0.000000    
  9.0949570E-06  9.3506551E-06   0.000000       0.000000    
  9.3506551E-06  9.6135418E-06   0.000000       0.000000    
  9.6135418E-06  9.8838209E-06   0.000000       0.000000    
  9.8838209E-06  1.0161696E-05   0.000000       0.000000    
  1.0161696E-05  1.0447386E-05   0.000000       0.000000    
  1.0447386E-05  1.0741107E-05   0.000000       0.000000    
  1.0741107E-05  1.1043084E-05   0.000000       0.000000    
  1.1043084E-05  1.1353553E-05   0.000000       0.000000    
  1.1353553E-05  1.1672751E-05   0.000000       0.000000    
  1.1672751E-05  1.2000922E-05   0.000000       0.000000    
  1.2000922E-05  1.2338319E-05   0.000000       0.000000    
  1.2338319E-05  1.2685203E-05   0.000000       0.000000    
  1.2685203E-05  1.3041838E-05   0.000000       0.000000    
  1.3041838E-05  1.3408501E-05   0.000000       0.000000    
  1.3408501E-05  1.3785470E-05   0.000000       0.000000    
  1.3785470E-05  1.4173039E-05   0.000000       0.000000    
  1.4173039E-05  1.4571506E-05   0.000000       0.000000    
  1.4571506E-05  1.4981171E-05   0.000000       0.000000    
  1.4981171E-05  1.5402358E-05   0.000000       0.000000    
  1.5402358E-05  1.5835383E-05   0.000000       0.000000    
  1.5835383E-05  1.6280586E-05   0.000000       0.000000    
  1.6280586E-05  1.6738300E-05   0.000000       0.000000    
  1.6738300E-05  1.7208888E-05   0.000000       0.000000    
  1.7208888E-05  1.7692704E-05   0.000000       0.000000    
  1.7692704E-05  1.8190123E-05   0.000000       0.000000    
  1.8190123E-05  1.8701525E-05   0.000000       0.000000    
  1.8701525E-05  1.9227304E-05   0.000000       0.000000    
  1.9227304E-05  1.9767867E-05   0.000000       0.000000    
  1.9767867E-05  2.0323627E-05   0.000000       0.000000    
  2.0323627E-05  2.0895011E-05   0.000000       0.000000    
  2.0895011E-05  2.1482459E-05   0.000000       0.000000    
  2.1482459E-05  2.2086426E-05   0.000000       0.000000    
  2.2086426E-05  2.2707369E-05   0.000000       0.000000    
  2.2707369E-05  2.3345770E-05   0.000000       0.000000    
  2.3345770E-05  2.4002122E-05   0.000000       0.000000    
  2.4002122E-05  2.4676923E-05   0.000000       0.000000    
  2.4676923E-05  2.5370698E-05   0.000000       0.000000    
  2.5370698E-05  2.6083977E-05   0.000000       0.000000    
  2.6083977E-05  2.6817308E-05   0.000000       0.000000    
  2.6817308E-05  2.7571259E-05   0.000000       0.000000    
  2.7571259E-05  2.8346405E-05   0.000000       0.000000    
  2.8346405E-05  2.9143344E-05   0.000000       0.000000    
  2.9143344E-05  2.9962688E-05   0.000000       0.000000    
  2.9962688E-05  3.0805069E-05   0.000000       0.000000    
  3.0805069E-05  3.1671134E-05   0.000000       0.000000    
  3.1671134E-05  3.2561547E-05   0.000000       0.000000    
  3.2561547E-05  3.3476983E-05   0.000000       0.000000    
  3.3476983E-05  3.4418172E-05   0.000000       0.000000    
  3.4418172E-05  3.5385812E-05   0.000000       0.000000    
  3.5385812E-05  3.6380661E-05   0.000000       0.000000    
  3.6380661E-05  3.7403475E-05   0.000000       0.000000    
  3.7403475E-05  3.8455048E-05   0.000000       0.000000    
  3.8455048E-05  3.9536186E-05   0.000000       0.000000    
  3.9536186E-05  4.0647719E-05   0.000000       0.000000    
  4.0647719E-05  4.1790503E-05   0.000000       0.000000    
  4.1790503E-05  4.2965410E-05   0.000000       0.000000    
  4.2965410E-05  4.4173357E-05   0.000000       0.000000    
  4.4173357E-05  4.5415254E-05   0.000000       0.000000    
  4.5415254E-05  4.6692068E-05   0.000000       0.000000    
  4.6692068E-05  4.8004786E-05   0.000000       0.000000    
  4.8004786E-05  4.9354407E-05   0.000000       0.000000    
  4.9354407E-05  5.0741975E-05   0.000000       0.000000    
  5.0741975E-05  5.2168551E-05   0.000000       0.000000    
  5.2168551E-05  5.3635235E-05   0.000000       0.000000    
  5.3635235E-05  5.5143151E-05   0.000000       0.000000    
  5.5143151E-05  5.6693458E-05   0.000000       0.000000    
  5.6693458E-05  5.8287354E-05   0.000000       0.000000    
  5.8287354E-05  5.9926060E-05   0.000000       0.000000    
  5.9926060E-05  6.1610837E-05   0.000000       0.000000    
  6.1610837E-05  6.3342988E-05   0.000000       0.000000    
  6.3342988E-05  6.5123830E-05   0.000000       0.000000    
  6.5123830E-05  6.6954744E-05   0.000000       0.000000    
  6.6954744E-05  6.8837129E-05   0.000000       0.000000    
  6.8837129E-05  7.0772439E-05   0.000000       0.000000    
  7.0772439E-05  7.2762159E-05   0.000000       0.000000    
  7.2762159E-05  7.4807809E-05   0.000000       0.000000    
  7.4807809E-05  7.6910983E-05   0.000000       0.000000    
  7.6910983E-05  7.9073281E-05   0.000000       0.000000    
  7.9073281E-05  8.1296363E-05   0.000000       0.000000    
  8.1296363E-05  8.3581959E-05   0.000000       0.000000    
  8.3581959E-05  8.5931802E-05   0.000000       0.000000    
  8.5931802E-05  8.8347711E-05   0.000000       0.000000    
  8.8347711E-05  9.0831556E-05   0.000000       0.000000    
  9.0831556E-05  9.3385213E-05   0.000000       0.000000    
  9.3385213E-05  9.6010677E-05   0.000000       0.000000    
  9.6010677E-05  9.8709956E-05   0.000000       0.000000    
  9.8709956E-05  1.0148511E-04  0.1565231      0.1717129    
  1.0148511E-04  1.0433829E-04  0.5099373      0.1301083    
  1.0433829E-04  1.0727170E-04  0.5068275      0.1386943    
  1.0727170E-04  1.1028755E-04  0.4291894      0.3355607    
  1.1028755E-04  1.1338822E-04  0.4265486      0.2473760    
  1.1338822E-04  1.1657605E-04  0.4297936      0.1609863    
  1.1657605E-04  1.1985350E-04  0.4265393      0.1075309    
  1.1985350E-04  1.2322312E-04  0.4271221      0.3432290    
  1.2322312E-04  1.2668742E-04  0.4270124      0.2194696    
  1.2668742E-04  1.3024916E-04  0.4302940      0.2521049    
  1.3024916E-04  1.3391103E-04  0.4269613      0.2761043    
  1.3391103E-04  1.3767583E-04  0.4283342      0.3473821    
  1.3767583E-04  1.4154649E-04  0.4304613      0.3176906    
  1.4154649E-04  1.4552598E-04  0.4318754      0.2544339    
  1.4552598E-04  1.4961735E-04  0.4300370      0.2299040    
  1.4961735E-04  1.5382373E-04  0.4330900      0.1951338    
  1.5382373E-04  1.5814837E-04  0.4370900      0.1941175    
  1.5814837E-04  1.6259460E-04  0.4345530      0.2232820    
  1.6259460E-04  1.6716584E-04  0.4378017      0.2985743    
  1.6716584E-04  1.7186557E-04  0.4400585      0.2948731    
  1.7186557E-04  1.7669746E-04  0.4470327      0.2501561    
  1.7669746E-04  1.8166518E-04  0.4420565      0.2229818    
  1.8166518E-04  1.8677255E-04  0.4461776      0.4986332    
  1.8677255E-04  1.9202355E-04  0.4509812      0.3917204    
  1.9202355E-04  1.9742215E-04  0.4561984      0.2484714    
  1.9742215E-04  2.0297254E-04  0.4552340      0.1772725    
  2.0297254E-04  2.0867899E-04  0.4549545      0.3370694    
  2.0867899E-04  2.1454581E-04  0.4633619      0.2747889    
  2.1454581E-04  2.2057763E-04  0.4686737      0.1825916    
  2.2057763E-04  2.2677901E-04  0.4683064      0.2700221    
  2.2677901E-04  2.3315474E-04  0.4718019      0.2446439    
  2.3315474E-04  2.3970976E-04  0.4828408      0.2257609    
  2.3970976E-04  2.4644900E-04  0.4817165      0.1764886    
  2.4644900E-04  2.5337774E-04  0.4820325      0.2548537    
  2.5337774E-04  2.6050131E-04  0.4888611      0.2593143    
  2.6050131E-04  2.6782512E-04  0.5024601      0.3150802    
  2.6782512E-04  2.7535480E-04  0.5008847      0.2631497    
  2.7535480E-04  2.8309625E-04  0.4957260      0.2772353    
  2.8309625E-04  2.9105530E-04  0.5118790      0.3492688    
  2.9105530E-04  2.9923808E-04  0.5252259      0.1846350    
  2.9923808E-04  3.0765095E-04  0.5188959      0.3881795    
  3.0765095E-04  3.1630034E-04  0.5126930      0.3206016    
  3.1630034E-04  3.2519293E-04  0.5346787      0.3658219    
  3.2519293E-04  3.3433549E-04  0.5532117      0.3291253    
  3.3433549E-04  3.4373510E-04  0.5362913      0.4317847    
  3.4373510E-04  3.5339899E-04  0.5313491      0.1977807    
  3.5339899E-04  3.6333452E-04  0.5649781      0.2905111    
  3.6333452E-04  3.7354941E-04  0.5791001      0.1694476    
  3.7354941E-04  3.8405147E-04  0.5540453      0.2439279    
  3.8405147E-04  3.9484887E-04  0.5521216      0.2182075    
  3.9484887E-04  4.0594977E-04  0.5975085      0.2481767    
  4.0594977E-04  4.1736272E-04  0.6087142      0.1731076    
  4.1736272E-04  4.2909657E-04  0.5695063      0.2050945    
  4.2909657E-04  4.4116031E-04  0.5760835      0.2368566    
  4.4116031E-04  4.5356323E-04  0.6347434      0.1308922    
  4.5356323E-04  4.6631490E-04  0.6389810      0.2350474    
  4.6631490E-04  4.7942495E-04  0.5840660      8.4550716E-02
  4.7942495E-04  4.9290369E-04  0.6017649      0.1718541    
  4.9290369E-04  5.0676131E-04  0.6785408      0.1490875    
  5.0676131E-04  5.2100851E-04  0.6683032      0.1214017    
  5.2100851E-04  5.3565629E-04  0.5982521      0.1737746    
  5.3565629E-04  5.5071595E-04  0.6333579      0.1938218    
  5.5071595E-04  5.6619896E-04  0.7261201      0.2351152    
  5.6619896E-04  5.8211718E-04  0.6980228      0.1357222    
  5.8211718E-04  5.9848302E-04  0.6101729      0.1475053    
  5.9848302E-04  6.1530899E-04  0.6713344      0.2032638    
  6.1530899E-04  6.3260802E-04  0.7789138      0.2989361    
  6.3260802E-04  6.5039331E-04  0.7253820      0.4044031    
  6.5039331E-04  6.6867861E-04  0.6209075      0.1584654    
  6.6867861E-04  6.8747805E-04  0.7169516      0.2091979    
  6.8747805E-04  7.0680602E-04  0.8411738      0.1183958    
  7.0680602E-04  7.2667742E-04  0.7480606      0.3736981    
  7.2667742E-04  7.4710738E-04  0.6323414      0.2036806    
  7.4710738E-04  7.6811190E-04  0.7694840      0.2833741    
  7.6811190E-04  7.8970671E-04  0.9115140      0.1384235    
  7.8970671E-04  8.1190880E-04  0.7606054      0.2639665    
  8.1190880E-04  8.3473499E-04  0.6448595      0.2091661    
  8.3473499E-04  8.5820298E-04  0.8410738      8.1970066E-02
  8.5820298E-04  8.8233076E-04  0.9812489      0.1373672    
  8.8233076E-04  9.0713683E-04  0.7732560      0.1559878    
  9.0713683E-04  9.3264040E-04  0.6547462      0.2714292    
  9.3264040E-04  9.5886091E-04  0.9201367      0.1500766    
  9.5886091E-04  9.8581857E-04   1.061510      0.1503103    
  9.8581857E-04  1.0135343E-03  0.7888805      7.9658233E-02
  1.0135343E-03  1.0420290E-03  0.6776511      0.3448606    
  1.0420290E-03  1.0713248E-03   1.017972      0.2443795    
  1.0713248E-03  1.1014445E-03   1.143694      0.1231330    
  1.1014445E-03  1.1324108E-03  0.7942578      0.1834878    
  1.1324108E-03  1.1642476E-03  0.7064581      0.3347254    
  1.1642476E-03  1.1969798E-03   1.134318      0.2076657    
  1.1969798E-03  1.2306321E-03   1.228642      0.2206495    
  1.2306321E-03  1.2652302E-03  0.7874760      0.2258613    
  1.2652302E-03  1.3008014E-03  0.7438745      0.2559595    
  1.3008014E-03  1.3373723E-03   1.270011      0.2598749    
  1.3373723E-03  1.3749718E-03   1.312697      0.2459682    
  1.3749718E-03  1.4136283E-03  0.7723752      0.2676530    
  1.4136283E-03  1.4533714E-03  0.7919998      0.2228241    
  1.4533714E-03  1.4942318E-03   1.424994      0.1615570    
  1.4942318E-03  1.5362412E-03   1.397628      7.2785564E-02
  1.5362412E-03  1.5794315E-03  0.7477730      0.3906794    
  1.5794315E-03  1.6238359E-03  0.8516051      0.2820323    
  1.6238359E-03  1.6694891E-03   1.605164      0.1057465    
  1.6694891E-03  1.7164256E-03   1.478222      0.1418380    
  1.7164256E-03  1.7646818E-03  0.7117976      0.5441938    
  1.7646818E-03  1.8142945E-03  0.9270656      0.1295422    
  1.8142945E-03  1.8653021E-03   1.814334      0.1902651    
  1.8653021E-03  1.9177439E-03   1.546660      0.3268369    
  1.9177439E-03  1.9716597E-03  0.6676384      0.3657570    
  1.9716597E-03  2.0270918E-03   1.024088      0.1301229    
  2.0270918E-03  2.0840822E-03   2.053192      0.2098109    
  2.0840822E-03  2.1426745E-03   1.601094      0.3978122    
  2.1426745E-03  2.2029143E-03  0.6149331      0.5677952    
  2.2029143E-03  2.2648475E-03   1.144947      0.1616263    
  2.2648475E-03  2.3285223E-03   2.324699      0.2031069    
  2.3285223E-03  2.3939868E-03   1.635488      0.2879279    
  2.3939868E-03  2.4612923E-03  0.5553785      0.4389232    
  2.4612923E-03  2.5304898E-03   1.292885      0.1537260    
  2.5304898E-03  2.6016326E-03   2.631577      0.1387663    
  2.6016326E-03  2.6747759E-03   1.642420      0.2623545    
  2.6747759E-03  2.7499753E-03  0.4956180      0.6140062    
  2.7499753E-03  2.8272886E-03   1.476922      0.1233604    
  2.8272886E-03  2.9067758E-03   2.967814      0.1318062    
  2.9067758E-03  2.9884980E-03   1.620551      0.2595093    
  2.9884980E-03  3.0725175E-03  0.4333201      0.5127103    
  3.0725175E-03  3.1588990E-03   1.699594      0.1942753    
  3.1588990E-03  3.2477092E-03   3.342098      0.1297463    
  3.2477092E-03  3.3390161E-03   1.556289      7.5680450E-02
  3.3390161E-03  3.4328906E-03  0.3760616      0.7310760    
  3.4328906E-03  3.5294036E-03   1.967394      0.1539178    
  3.5294036E-03  3.6286307E-03   3.749902      3.4407750E-02
  3.6286307E-03  3.7306473E-03   1.449004      0.1114498    
  3.7306473E-03  3.8355314E-03  0.3256524      0.9087809    
  3.8355314E-03  3.9433651E-03   2.284811      0.1773891    
  3.9433651E-03  4.0542297E-03   4.199940      0.1413477    
  4.0542297E-03  4.1682119E-03   1.290613      0.1730322    
  4.1682119E-03  4.2853975E-03  0.2827927       1.219492    
  4.2853975E-03  4.4058785E-03   2.665901      0.1143329    
  4.4058785E-03  4.5297472E-03   4.670414      0.1108459    
  4.5297472E-03  4.6570976E-03   1.088718      0.1361198    
  4.6570976E-03  4.7880290E-03  0.2490413       1.883639    
  4.7880290E-03  4.9226410E-03   3.136683      9.3654320E-02
  4.9226410E-03  5.0610374E-03   5.143162      0.1068139    
  5.0610374E-03  5.2033253E-03  0.8439305      0.3461936    
  5.2033253E-03  5.3496133E-03  0.2165185       1.394452    
  5.3496133E-03  5.5000135E-03   3.722449      0.1605847    
  5.5000135E-03  5.6546424E-03   5.583414      0.1214971    
  5.6546424E-03  5.8136187E-03  0.5794966      0.5049391    
  5.8136187E-03  5.9770648E-03  0.1819925      0.7605817    
  5.9770648E-03  6.1451057E-03   4.455589      0.1940022    
  6.1451057E-03  6.3178702E-03   5.933177      0.1371392    
  6.3178702E-03  6.4954930E-03  0.3304482      0.7202839    
  6.4954930E-03  6.6781091E-03  0.1438961       1.002390    
  6.6781091E-03  6.8658590E-03   5.403811      0.1910322    
  6.8658590E-03  7.0588891E-03   6.096037      0.1381523    
  7.0588891E-03  7.2573447E-03  0.1327956      0.7745872    
  7.2573447E-03  7.4613788E-03  9.2204519E-02   1.959930    
  7.4613788E-03  7.6711504E-03   6.676974      0.1181719    
  7.6711504E-03  7.8868186E-03   5.935285      0.1070380    
  7.8868186E-03  8.1085525E-03  2.8305328E-02   1.706972    
  8.1085525E-03  8.3365189E-03  3.8356792E-02   3.539145    
  8.3365189E-03  8.5708946E-03   8.510747      3.8997568E-02
  8.5708946E-03  8.8118585E-03   5.230479      7.3450886E-02
  8.8118585E-03  9.0595977E-03  3.6044344E-03   6.439582    
  9.0595977E-03  9.3143014E-03  4.5986711E-03   4.499243    
  9.3143014E-03  9.5761670E-03   11.58724      5.2642543E-02
  9.5761670E-03  9.8453946E-03   3.362716      0.1684863    
  9.8453946E-03  1.0122192E-02  2.3884515E-03   7.539851    
  1.0122192E-02  1.0406769E-02   7.506952      3.8602985E-03
  1.0406769E-02  1.0699348E-02  0.5810328      0.3125441    
  1.0699348E-02  1.1000154E-02   5.159582      3.2954503E-02
