 # Detector n:            1   PFLUX     
 # N. of energy intervals        1000
  1.0000000E-06  1.0139114E-06   0.000000       0.000000    
  1.0139114E-06  1.0280162E-06   0.000000       0.000000    
  1.0280162E-06  1.0423173E-06   0.000000       0.000000    
  1.0423173E-06  1.0568173E-06   0.000000       0.000000    
  1.0568173E-06  1.0715190E-06   0.000000       0.000000    
  1.0715190E-06  1.0864253E-06   0.000000       0.000000    
  1.0864253E-06  1.1015389E-06   0.000000       0.000000    
  1.1015389E-06  1.1168628E-06   0.000000       0.000000    
  1.1168628E-06  1.1323999E-06   0.000000       0.000000    
  1.1323999E-06  1.1481530E-06   0.000000       0.000000    
  1.1481530E-06  1.1641254E-06   0.000000       0.000000    
  1.1641254E-06  1.1803199E-06   0.000000       0.000000    
  1.1803199E-06  1.1967396E-06   0.000000       0.000000    
  1.1967396E-06  1.2133879E-06   0.000000       0.000000    
  1.2133879E-06  1.2302678E-06   0.000000       0.000000    
  1.2302678E-06  1.2473824E-06   0.000000       0.000000    
  1.2473824E-06  1.2647353E-06   0.000000       0.000000    
  1.2647353E-06  1.2823293E-06   0.000000       0.000000    
  1.2823293E-06  1.3001683E-06   0.000000       0.000000    
  1.3001683E-06  1.3182553E-06   0.000000       0.000000    
  1.3182553E-06  1.3365940E-06   0.000000       0.000000    
  1.3365940E-06  1.3551878E-06   0.000000       0.000000    
  1.3551878E-06  1.3740403E-06   0.000000       0.000000    
  1.3740403E-06  1.3931550E-06   0.000000       0.000000    
  1.3931550E-06  1.4125358E-06   0.000000       0.000000    
  1.4125358E-06  1.4321859E-06   0.000000       0.000000    
  1.4321859E-06  1.4521095E-06   0.000000       0.000000    
  1.4521095E-06  1.4723103E-06   0.000000       0.000000    
  1.4723103E-06  1.4927920E-06   0.000000       0.000000    
  1.4927920E-06  1.5135587E-06   0.000000       0.000000    
  1.5135587E-06  1.5346143E-06   0.000000       0.000000    
  1.5346143E-06  1.5559629E-06   0.000000       0.000000    
  1.5559629E-06  1.5776084E-06   0.000000       0.000000    
  1.5776084E-06  1.5995550E-06   0.000000       0.000000    
  1.5995550E-06  1.6218069E-06   0.000000       0.000000    
  1.6218069E-06  1.6443684E-06   0.000000       0.000000    
  1.6443684E-06  1.6672437E-06   0.000000       0.000000    
  1.6672437E-06  1.6904373E-06   0.000000       0.000000    
  1.6904373E-06  1.7139535E-06   0.000000       0.000000    
  1.7139535E-06  1.7377969E-06   0.000000       0.000000    
  1.7377969E-06  1.7619722E-06   0.000000       0.000000    
  1.7619722E-06  1.7864834E-06   0.000000       0.000000    
  1.7864834E-06  1.8113357E-06   0.000000       0.000000    
  1.8113357E-06  1.8365339E-06   0.000000       0.000000    
  1.8365339E-06  1.8620824E-06   0.000000       0.000000    
  1.8620824E-06  1.8879865E-06   0.000000       0.000000    
  1.8879865E-06  1.9142508E-06   0.000000       0.000000    
  1.9142508E-06  1.9408806E-06   0.000000       0.000000    
  1.9408806E-06  1.9678810E-06   0.000000       0.000000    
  1.9678810E-06  1.9952568E-06   0.000000       0.000000    
  1.9952568E-06  2.0230134E-06   0.000000       0.000000    
  2.0230134E-06  2.0511563E-06   0.000000       0.000000    
  2.0511563E-06  2.0796904E-06   0.000000       0.000000    
  2.0796904E-06  2.1086219E-06   0.000000       0.000000    
  2.1086219E-06  2.1379553E-06   0.000000       0.000000    
  2.1379553E-06  2.1676974E-06   0.000000       0.000000    
  2.1676974E-06  2.1978531E-06   0.000000       0.000000    
  2.1978531E-06  2.2284278E-06   0.000000       0.000000    
  2.2284278E-06  2.2594284E-06   0.000000       0.000000    
  2.2594284E-06  2.2908603E-06   0.000000       0.000000    
  2.2908603E-06  2.3227290E-06   0.000000       0.000000    
  2.3227290E-06  2.3550410E-06   0.000000       0.000000    
  2.3550410E-06  2.3878029E-06   0.000000       0.000000    
  2.3878029E-06  2.4210203E-06   0.000000       0.000000    
  2.4210203E-06  2.4547001E-06   0.000000       0.000000    
  2.4547001E-06  2.4888479E-06   0.000000       0.000000    
  2.4888479E-06  2.5234713E-06   0.000000       0.000000    
  2.5234713E-06  2.5585762E-06   0.000000       0.000000    
  2.5585762E-06  2.5941695E-06   0.000000       0.000000    
  2.5941695E-06  2.6302575E-06   0.000000       0.000000    
  2.6302575E-06  2.6668479E-06   0.000000       0.000000    
  2.6668479E-06  2.7039473E-06   0.000000       0.000000    
  2.7039473E-06  2.7415631E-06   0.000000       0.000000    
  2.7415631E-06  2.7797018E-06   0.000000       0.000000    
  2.7797018E-06  2.8183711E-06   0.000000       0.000000    
  2.8183711E-06  2.8575785E-06   0.000000       0.000000    
  2.8575785E-06  2.8973309E-06   0.000000       0.000000    
  2.8973309E-06  2.9376367E-06   0.000000       0.000000    
  2.9376367E-06  2.9785033E-06   0.000000       0.000000    
  2.9785033E-06  3.0199380E-06   0.000000       0.000000    
  3.0199380E-06  3.0619494E-06   0.000000       0.000000    
  3.0619494E-06  3.1045454E-06   0.000000       0.000000    
  3.1045454E-06  3.1477337E-06   0.000000       0.000000    
  3.1477337E-06  3.1915229E-06   0.000000       0.000000    
  3.1915229E-06  3.2359212E-06   0.000000       0.000000    
  3.2359212E-06  3.2809369E-06   0.000000       0.000000    
  3.2809369E-06  3.3265794E-06   0.000000       0.000000    
  3.3265794E-06  3.3728563E-06   0.000000       0.000000    
  3.3728563E-06  3.4197778E-06   0.000000       0.000000    
  3.4197778E-06  3.4673510E-06   0.000000       0.000000    
  3.4673510E-06  3.5155863E-06   0.000000       0.000000    
  3.5155863E-06  3.5644932E-06   0.000000       0.000000    
  3.5644932E-06  3.6140798E-06   0.000000       0.000000    
  3.6140798E-06  3.6643564E-06   0.000000       0.000000    
  3.6643564E-06  3.7153322E-06   0.000000       0.000000    
  3.7153322E-06  3.7670175E-06   0.000000       0.000000    
  3.7670175E-06  3.8194216E-06   0.000000       0.000000    
  3.8194216E-06  3.8725552E-06   0.000000       0.000000    
  3.8725552E-06  3.9264273E-06   0.000000       0.000000    
  3.9264273E-06  3.9810493E-06   0.000000       0.000000    
  3.9810493E-06  4.0364307E-06   0.000000       0.000000    
  4.0364307E-06  4.0925834E-06   0.000000       0.000000    
  4.0925834E-06  4.1495159E-06   0.000000       0.000000    
  4.1495159E-06  4.2072415E-06   0.000000       0.000000    
  4.2072415E-06  4.2657703E-06   0.000000       0.000000    
  4.2657703E-06  4.3251125E-06   0.000000       0.000000    
  4.3251125E-06  4.3852806E-06   0.000000       0.000000    
  4.3852806E-06  4.4462859E-06   0.000000       0.000000    
  4.4462859E-06  4.5081392E-06   0.000000       0.000000    
  4.5081392E-06  4.5708539E-06   0.000000       0.000000    
  4.5708539E-06  4.6344398E-06   0.000000       0.000000    
  4.6344398E-06  4.6989112E-06   0.000000       0.000000    
  4.6989112E-06  4.7642798E-06   0.000000       0.000000    
  4.7642798E-06  4.8305569E-06   0.000000       0.000000    
  4.8305569E-06  4.8977563E-06   0.000000       0.000000    
  4.8977563E-06  4.9658911E-06   0.000000       0.000000    
  4.9658911E-06  5.0349727E-06   0.000000       0.000000    
  5.0349727E-06  5.1050160E-06   0.000000       0.000000    
  5.1050160E-06  5.1760335E-06   0.000000       0.000000    
  5.1760335E-06  5.2480391E-06   0.000000       0.000000    
  5.2480391E-06  5.3210470E-06   0.000000       0.000000    
  5.3210470E-06  5.3950689E-06   0.000000       0.000000    
  5.3950689E-06  5.4701213E-06   0.000000       0.000000    
  5.4701213E-06  5.5462187E-06   0.000000       0.000000    
  5.5462187E-06  5.6233735E-06   0.000000       0.000000    
  5.6233735E-06  5.7016018E-06   0.000000       0.000000    
  5.7016018E-06  5.7809189E-06   0.000000       0.000000    
  5.7809189E-06  5.8613391E-06   0.000000       0.000000    
  5.8613391E-06  5.9428780E-06   0.000000       0.000000    
  5.9428780E-06  6.0255516E-06   0.000000       0.000000    
  6.0255516E-06  6.1093751E-06   0.000000       0.000000    
  6.1093751E-06  6.1943647E-06   0.000000       0.000000    
  6.1943647E-06  6.2805361E-06   0.000000       0.000000    
  6.2805361E-06  6.3679072E-06   0.000000       0.000000    
  6.3679072E-06  6.4564929E-06   0.000000       0.000000    
  6.4564929E-06  6.5463114E-06   0.000000       0.000000    
  6.5463114E-06  6.6373800E-06   0.000000       0.000000    
  6.6373800E-06  6.7297142E-06   0.000000       0.000000    
  6.7297142E-06  6.8233330E-06   0.000000       0.000000    
  6.8233330E-06  6.9182552E-06   0.000000       0.000000    
  6.9182552E-06  7.0144970E-06   0.000000       0.000000    
  7.0144970E-06  7.1120780E-06   0.000000       0.000000    
  7.1120780E-06  7.2110165E-06   0.000000       0.000000    
  7.2110165E-06  7.3113310E-06   0.000000       0.000000    
  7.3113310E-06  7.4130421E-06   0.000000       0.000000    
  7.4130421E-06  7.5161670E-06   0.000000       0.000000    
  7.5161670E-06  7.6207270E-06   0.000000       0.000000    
  7.6207270E-06  7.7267414E-06   0.000000       0.000000    
  7.7267414E-06  7.8342300E-06   0.000000       0.000000    
  7.8342300E-06  7.9432148E-06   0.000000       0.000000    
  7.9432148E-06  8.0537156E-06   0.000000       0.000000    
  8.0537156E-06  8.1657536E-06   0.000000       0.000000    
  8.1657536E-06  8.2793513E-06   0.000000       0.000000    
  8.2793513E-06  8.3945279E-06   0.000000       0.000000    
  8.3945279E-06  8.5113061E-06   0.000000       0.000000    
  8.5113061E-06  8.6297105E-06   0.000000       0.000000    
  8.6297105E-06  8.7497610E-06   0.000000       0.000000    
  8.7497610E-06  8.8714805E-06   0.000000       0.000000    
  8.8714805E-06  8.9948953E-06   0.000000       0.000000    
  8.9948953E-06  9.1200254E-06   0.000000       0.000000    
  9.1200254E-06  9.2468981E-06   0.000000       0.000000    
  9.2468981E-06  9.3755343E-06   0.000000       0.000000    
  9.3755343E-06  9.5059595E-06   0.000000       0.000000    
  9.5059595E-06  9.6382009E-06   0.000000       0.000000    
  9.6382009E-06  9.7722805E-06   0.000000       0.000000    
  9.7722805E-06  9.9082263E-06   0.000000       0.000000    
  9.9082263E-06  1.0046062E-05   0.000000       0.000000    
  1.0046062E-05  1.0185817E-05   0.000000       0.000000    
  1.0185817E-05  1.0327517E-05   0.000000       0.000000    
  1.0327517E-05  1.0471184E-05   0.000000       0.000000    
  1.0471184E-05  1.0616853E-05   0.000000       0.000000    
  1.0616853E-05  1.0764548E-05   0.000000       0.000000    
  1.0764548E-05  1.0914296E-05   0.000000       0.000000    
  1.0914296E-05  1.1066129E-05   0.000000       0.000000    
  1.1066129E-05  1.1220073E-05   0.000000       0.000000    
  1.1220073E-05  1.1376160E-05   0.000000       0.000000    
  1.1376160E-05  1.1534417E-05   0.000000       0.000000    
  1.1534417E-05  1.1694876E-05   0.000000       0.000000    
  1.1694876E-05  1.1857567E-05   0.000000       0.000000    
  1.1857567E-05  1.2022523E-05   0.000000       0.000000    
  1.2022523E-05  1.2189771E-05   0.000000       0.000000    
  1.2189771E-05  1.2359347E-05   0.000000       0.000000    
  1.2359347E-05  1.2531282E-05   0.000000       0.000000    
  1.2531282E-05  1.2705609E-05   0.000000       0.000000    
  1.2705609E-05  1.2882362E-05   0.000000       0.000000    
  1.2882362E-05  1.3061571E-05   0.000000       0.000000    
  1.3061571E-05  1.3243276E-05   0.000000       0.000000    
  1.3243276E-05  1.3427509E-05   0.000000       0.000000    
  1.3427509E-05  1.3614302E-05   0.000000       0.000000    
  1.3614302E-05  1.3803694E-05   0.000000       0.000000    
  1.3803694E-05  1.3995722E-05   0.000000       0.000000    
  1.3995722E-05  1.4190421E-05   0.000000       0.000000    
  1.4190421E-05  1.4387829E-05   0.000000       0.000000    
  1.4387829E-05  1.4587982E-05   0.000000       0.000000    
  1.4587982E-05  1.4790921E-05   0.000000       0.000000    
  1.4790921E-05  1.4996682E-05   0.000000       0.000000    
  1.4996682E-05  1.5205306E-05   0.000000       0.000000    
  1.5205306E-05  1.5416832E-05   0.000000       0.000000    
  1.5416832E-05  1.5631300E-05   0.000000       0.000000    
  1.5631300E-05  1.5848753E-05   0.000000       0.000000    
  1.5848753E-05  1.6069231E-05   0.000000       0.000000    
  1.6069231E-05  1.6292775E-05   0.000000       0.000000    
  1.6292775E-05  1.6519429E-05   0.000000       0.000000    
  1.6519429E-05  1.6749236E-05   0.000000       0.000000    
  1.6749236E-05  1.6982238E-05   0.000000       0.000000    
  1.6982238E-05  1.7218485E-05   0.000000       0.000000    
  1.7218485E-05  1.7458018E-05   0.000000       0.000000    
  1.7458018E-05  1.7700881E-05   0.000000       0.000000    
  1.7700881E-05  1.7947124E-05   0.000000       0.000000    
  1.7947124E-05  1.8196793E-05   0.000000       0.000000    
  1.8196793E-05  1.8449933E-05   0.000000       0.000000    
  1.8449933E-05  1.8706598E-05   0.000000       0.000000    
  1.8706598E-05  1.8966832E-05   0.000000       0.000000    
  1.8966832E-05  1.9230683E-05   0.000000       0.000000    
  1.9230683E-05  1.9498209E-05   0.000000       0.000000    
  1.9498209E-05  1.9769455E-05   0.000000       0.000000    
  1.9769455E-05  2.0044477E-05   0.000000       0.000000    
  2.0044477E-05  2.0323321E-05   0.000000       0.000000    
  2.0323321E-05  2.0606045E-05   0.000000       0.000000    
  2.0606045E-05  2.0892703E-05   0.000000       0.000000    
  2.0892703E-05  2.1183345E-05   0.000000       0.000000    
  2.1183345E-05  2.1478036E-05   0.000000       0.000000    
  2.1478036E-05  2.1776823E-05   0.000000       0.000000    
  2.1776823E-05  2.2079765E-05   0.000000       0.000000    
  2.2079765E-05  2.2386927E-05   0.000000       0.000000    
  2.2386927E-05  2.2698359E-05   0.000000       0.000000    
  2.2698359E-05  2.3014121E-05   0.000000       0.000000    
  2.3014121E-05  2.3334280E-05   0.000000       0.000000    
  2.3334280E-05  2.3658889E-05   0.000000       0.000000    
  2.3658889E-05  2.3988017E-05   0.000000       0.000000    
  2.3988017E-05  2.4321720E-05   0.000000       0.000000    
  2.4321720E-05  2.4660068E-05   0.000000       0.000000    
  2.4660068E-05  2.5003126E-05   0.000000       0.000000    
  2.5003126E-05  2.5350950E-05   0.000000       0.000000    
  2.5350950E-05  2.5703617E-05   0.000000       0.000000    
  2.5703617E-05  2.6061187E-05   0.000000       0.000000    
  2.6061187E-05  2.6423733E-05   0.000000       0.000000    
  2.6423733E-05  2.6791322E-05   0.000000       0.000000    
  2.6791322E-05  2.7164024E-05   0.000000       0.000000    
  2.7164024E-05  2.7541912E-05   0.000000       0.000000    
  2.7541912E-05  2.7925060E-05   0.000000       0.000000    
  2.7925060E-05  2.8313532E-05   0.000000       0.000000    
  2.8313532E-05  2.8707409E-05   0.000000       0.000000    
  2.8707409E-05  2.9106770E-05   0.000000       0.000000    
  2.9106770E-05  2.9511682E-05   0.000000       0.000000    
  2.9511682E-05  2.9922232E-05   0.000000       0.000000    
  2.9922232E-05  3.0338488E-05   0.000000       0.000000    
  3.0338488E-05  3.0760537E-05   0.000000       0.000000    
  3.0760537E-05  3.1188458E-05   0.000000       0.000000    
  3.1188458E-05  3.1622330E-05   0.000000       0.000000    
  3.1622330E-05  3.2062238E-05   0.000000       0.000000    
  3.2062238E-05  3.2508269E-05   0.000000       0.000000    
  3.2508269E-05  3.2960499E-05   0.000000       0.000000    
  3.2960499E-05  3.3419023E-05   0.000000       0.000000    
  3.3419023E-05  3.3883927E-05   0.000000       0.000000    
  3.3883927E-05  3.4355297E-05   0.000000       0.000000    
  3.4355297E-05  3.4833225E-05   0.000000       0.000000    
  3.4833225E-05  3.5317804E-05   0.000000       0.000000    
  3.5317804E-05  3.5809120E-05   0.000000       0.000000    
  3.5809120E-05  3.6307272E-05   0.000000       0.000000    
  3.6307272E-05  3.6812355E-05   0.000000       0.000000    
  3.6812355E-05  3.7324462E-05   0.000000       0.000000    
  3.7324462E-05  3.7843696E-05   0.000000       0.000000    
  3.7843696E-05  3.8370152E-05   0.000000       0.000000    
  3.8370152E-05  3.8903934E-05   0.000000       0.000000    
  3.8903934E-05  3.9445142E-05   0.000000       0.000000    
  3.9445142E-05  3.9993869E-05   0.000000       0.000000    
  3.9993869E-05  4.0550240E-05   0.000000       0.000000    
  4.0550240E-05  4.1114345E-05   0.000000       0.000000    
  4.1114345E-05  4.1686300E-05   0.000000       0.000000    
  4.1686300E-05  4.2266216E-05   0.000000       0.000000    
  4.2266216E-05  4.2854193E-05   0.000000       0.000000    
  4.2854193E-05  4.3450356E-05   0.000000       0.000000    
  4.3450356E-05  4.4054806E-05   0.000000       0.000000    
  4.4054806E-05  4.4667668E-05   0.000000       0.000000    
  4.4667668E-05  4.5289053E-05   0.000000       0.000000    
  4.5289053E-05  4.5919081E-05   0.000000       0.000000    
  4.5919081E-05  4.6557881E-05   0.000000       0.000000    
  4.6557881E-05  4.7205562E-05   0.000000       0.000000    
  4.7205562E-05  4.7862250E-05   0.000000       0.000000    
  4.7862250E-05  4.8528087E-05   0.000000       0.000000    
  4.8528087E-05  4.9203172E-05   0.000000       0.000000    
  4.9203172E-05  4.9887654E-05   0.000000       0.000000    
  4.9887654E-05  5.0581657E-05   0.000000       0.000000    
  5.0581657E-05  5.1285311E-05   0.000000       0.000000    
  5.1285311E-05  5.1998759E-05   0.000000       0.000000    
  5.1998759E-05  5.2722131E-05   0.000000       0.000000    
  5.2722131E-05  5.3455562E-05   0.000000       0.000000    
  5.3455562E-05  5.4199205E-05   0.000000       0.000000    
  5.4199205E-05  5.4953187E-05   0.000000       0.000000    
  5.4953187E-05  5.5717654E-05   0.000000       0.000000    
  5.5717654E-05  5.6492765E-05   0.000000       0.000000    
  5.6492765E-05  5.7278652E-05   0.000000       0.000000    
  5.7278652E-05  5.8075479E-05   0.000000       0.000000    
  5.8075479E-05  5.8883379E-05   0.000000       0.000000    
  5.8883379E-05  5.9702528E-05   0.000000       0.000000    
  5.9702528E-05  6.0533079E-05   0.000000       0.000000    
  6.0533079E-05  6.1375169E-05   0.000000       0.000000    
  6.1375169E-05  6.2228974E-05   0.000000       0.000000    
  6.2228974E-05  6.3094667E-05   0.000000       0.000000    
  6.3094667E-05  6.3972395E-05   0.000000       0.000000    
  6.3972395E-05  6.4862332E-05   0.000000       0.000000    
  6.4862332E-05  6.5764652E-05   0.000000       0.000000    
  6.5764652E-05  6.6679531E-05   0.000000       0.000000    
  6.6679531E-05  6.7607129E-05   0.000000       0.000000    
  6.7607129E-05  6.8547641E-05   0.000000       0.000000    
  6.8547641E-05  6.9501228E-05   0.000000       0.000000    
  6.9501228E-05  7.0468086E-05   0.000000       0.000000    
  7.0468086E-05  7.1448390E-05   0.000000       0.000000    
  7.1448390E-05  7.2442330E-05   0.000000       0.000000    
  7.2442330E-05  7.3450094E-05   0.000000       0.000000    
  7.3450094E-05  7.4471885E-05   0.000000       0.000000    
  7.4471885E-05  7.5507895E-05   0.000000       0.000000    
  7.5507895E-05  7.6558303E-05   0.000000       0.000000    
  7.6558303E-05  7.7623328E-05   0.000000       0.000000    
  7.7623328E-05  7.8703175E-05   0.000000       0.000000    
  7.8703175E-05  7.9798039E-05   0.000000       0.000000    
  7.9798039E-05  8.0908132E-05   0.000000       0.000000    
  8.0908132E-05  8.2033679E-05   0.000000       0.000000    
  8.2033679E-05  8.3174877E-05   0.000000       0.000000    
  8.3174877E-05  8.4331950E-05   0.000000       0.000000    
  8.4331950E-05  8.5505111E-05   0.000000       0.000000    
  8.5505111E-05  8.6694614E-05   0.000000       0.000000    
  8.6694614E-05  8.7900640E-05   0.000000       0.000000    
  8.7900640E-05  8.9123459E-05   0.000000       0.000000    
  8.9123459E-05  9.0363283E-05   0.000000       0.000000    
  9.0363283E-05  9.1620350E-05   0.000000       0.000000    
  9.1620350E-05  9.2894916E-05   0.000000       0.000000    
  9.2894916E-05  9.4187220E-05   0.000000       0.000000    
  9.4187220E-05  9.5497489E-05   0.000000       0.000000    
  9.5497489E-05  9.6825970E-05   0.000000       0.000000    
  9.6825970E-05  9.8172961E-05   0.000000       0.000000    
  9.8172961E-05  9.9538665E-05   0.000000       0.000000    
  9.9538665E-05  1.0092338E-04  3.2747939E-04   5.797239    
  1.0092338E-04  1.0232737E-04  8.1268110E-04   4.781208    
  1.0232737E-04  1.0375087E-04  1.3772177E-03   8.664991    
  1.0375087E-04  1.0519418E-04  1.6120815E-03   13.36237    
  1.0519418E-04  1.0665758E-04  8.8825921E-04   11.37227    
  1.0665758E-04  1.0814133E-04  9.7132410E-04   11.41685    
  1.0814133E-04  1.0964571E-04  7.4533606E-04   18.80999    
  1.0964571E-04  1.1117104E-04  1.4949357E-03   5.912922    
  1.1117104E-04  1.1271756E-04  9.4139285E-04   12.23422    
  1.1271756E-04  1.1428562E-04  9.8531845E-04   17.55634    
  1.1428562E-04  1.1587548E-04  1.0270445E-03   15.25675    
  1.1587548E-04  1.1748749E-04  9.5350342E-04   5.979312    
  1.1748749E-04  1.1912187E-04  1.1138807E-03   11.65859    
  1.1912187E-04  1.2077901E-04  8.8099495E-04   9.246057    
  1.2077901E-04  1.2245923E-04  1.1401250E-03   5.873881    
  1.2245923E-04  1.2416278E-04  1.2216764E-03   3.233017    
  1.2416278E-04  1.2589006E-04  8.3213113E-04   10.99804    
  1.2589006E-04  1.2764134E-04  1.0543125E-03   14.73659    
  1.2764134E-04  1.2941701E-04  1.1413015E-03   15.93048    
  1.2941701E-04  1.3121737E-04  8.2199677E-04   13.07799    
  1.3121737E-04  1.3304279E-04  1.1904527E-03   7.827536    
  1.3304279E-04  1.3489359E-04  1.1339474E-03   11.78707    
  1.3489359E-04  1.3677012E-04  1.0597266E-03   16.26561    
  1.3677012E-04  1.3867278E-04  1.2071966E-03   17.39545    
  1.3867278E-04  1.4060191E-04  8.2243345E-04   20.57953    
  1.4060191E-04  1.4255787E-04  1.2415003E-03   8.757748    
  1.4255787E-04  1.4454103E-04  9.9633075E-04   14.14778    
  1.4454103E-04  1.4655180E-04  1.1474187E-03   12.84725    
  1.4655180E-04  1.4859051E-04  9.0174709E-04   9.425075    
  1.4859051E-04  1.5065762E-04  1.2237043E-03   9.709764    
  1.5065762E-04  1.5275346E-04  1.2925614E-03   11.35413    
  1.5275346E-04  1.5487846E-04  9.1674482E-04   16.67325    
  1.5487846E-04  1.5703304E-04  1.0295562E-03   18.90006    
  1.5703304E-04  1.5921755E-04  1.3389677E-03   14.16059    
  1.5921755E-04  1.6143250E-04  1.0635837E-03   14.30330    
  1.6143250E-04  1.6367825E-04  1.1591548E-03   12.20335    
  1.6367825E-04  1.6595522E-04  1.1842621E-03   7.418856    
  1.6595522E-04  1.6826387E-04  1.1020062E-03   6.996577    
  1.6826387E-04  1.7060466E-04  1.4165877E-03   9.986835    
  1.7060466E-04  1.7297798E-04  8.8876166E-04   20.39327    
  1.7297798E-04  1.7538435E-04  1.1167160E-03   8.270665    
  1.7538435E-04  1.7782417E-04  1.1678549E-03   12.37900    
  1.7782417E-04  1.8029794E-04  1.1974362E-03   12.98634    
  1.8029794E-04  1.8280614E-04  1.3390835E-03   16.10795    
  1.8280614E-04  1.8534920E-04  1.0714291E-03   10.83129    
  1.8534920E-04  1.8792764E-04  1.2609994E-03   12.18640    
  1.8792764E-04  1.9054199E-04  1.2434634E-03   10.72859    
  1.9054199E-04  1.9319267E-04  1.2030411E-03   20.89182    
  1.9319267E-04  1.9588023E-04  1.0238787E-03   10.33760    
  1.9588023E-04  1.9860519E-04  1.2146429E-03   7.858283    
  1.9860519E-04  2.0136804E-04  1.1762027E-03   20.21665    
  2.0136804E-04  2.0416934E-04  1.4417802E-03   11.33818    
  2.0416934E-04  2.0700962E-04  1.2392579E-03   11.18871    
  2.0700962E-04  2.0988939E-04  1.1028619E-03   10.45206    
  2.0988939E-04  2.1280923E-04  1.4958504E-03   8.645665    
  2.1280923E-04  2.1576969E-04  1.0394622E-03   14.09737    
  2.1576969E-04  2.1877133E-04  1.3914108E-03   9.875466    
  2.1877133E-04  2.2181473E-04  1.2739275E-03   16.80891    
  2.2181473E-04  2.2490046E-04  1.1347458E-03   20.39175    
  2.2490046E-04  2.2802915E-04  1.4626823E-03   4.935288    
  2.2802915E-04  2.3120134E-04  1.0751447E-03   11.34305    
  2.3120134E-04  2.3441765E-04  1.3317816E-03   10.55713    
  2.3441765E-04  2.3767872E-04  1.4156102E-03   7.715502    
  2.3767872E-04  2.4098511E-04  1.2966671E-03   6.555332    
  2.4098511E-04  2.4433754E-04  1.3840988E-03   11.43011    
  2.4433754E-04  2.4773661E-04  1.1616547E-03   22.47503    
  2.4773661E-04  2.5118297E-04  1.5042296E-03   11.00324    
  2.5118297E-04  2.5467726E-04  1.3054399E-03   10.97006    
  2.5467726E-04  2.5822016E-04  1.2361632E-03   18.55585    
  2.5822016E-04  2.6181235E-04  1.3533027E-03   6.548912    
  2.6181235E-04  2.6545450E-04  1.6271047E-03   6.910126    
  2.6545450E-04  2.6914731E-04  1.1831678E-03   9.864101    
  2.6914731E-04  2.7289151E-04  1.5120679E-03   18.11790    
  2.7289151E-04  2.7668782E-04  1.3070309E-03   11.15475    
  2.7668782E-04  2.8053689E-04  1.2875152E-03   19.76711    
  2.8053689E-04  2.8443956E-04  1.5776471E-03   13.74141    
  2.8443956E-04  2.8839649E-04  1.1955351E-03   19.59244    
  2.8839649E-04  2.9240845E-04  1.2886969E-03   10.47158    
  2.9240845E-04  2.9647627E-04  1.8324119E-03   6.437710    
  2.9647627E-04  3.0060063E-04  1.4167435E-03   18.13890    
  3.0060063E-04  3.0478236E-04  1.6310442E-03   11.61183    
  3.0478236E-04  3.0902229E-04  1.0372995E-03   14.23465    
  3.0902229E-04  3.1332119E-04  1.4777998E-03   19.92790    
  3.1332119E-04  3.1767992E-04  1.5768214E-03   4.547438    
  3.1767992E-04  3.2209925E-04  1.3815757E-03   22.69096    
  3.2209925E-04  3.2658008E-04  1.6295019E-03   11.08944    
  3.2658008E-04  3.3112327E-04  1.9129887E-03   8.316200    
  3.3112327E-04  3.3572962E-04  1.3856034E-03   15.16105    
  3.3572962E-04  3.4040006E-04  1.5766163E-03   7.897079    
  3.4040006E-04  3.4513546E-04  1.4676197E-03   15.39833    
  3.4513546E-04  3.4993677E-04  1.3869525E-03   23.04932    
  3.4993677E-04  3.5480491E-04  1.4923476E-03   15.26283    
  3.5480491E-04  3.5974066E-04  1.6246970E-03   8.361619    
  3.5974066E-04  3.6474512E-04  1.6720609E-03   12.94030    
  3.6474512E-04  3.6981923E-04  2.0054271E-03   11.42166    
  3.6981923E-04  3.7496389E-04  1.5971470E-03   8.460238    
  3.7496389E-04  3.8018016E-04  1.5505099E-03   17.28120    
  3.8018016E-04  3.8546897E-04  1.4622473E-03   24.51296    
  3.8546897E-04  3.9083135E-04  1.3137457E-03   14.89481    
  3.9083135E-04  3.9626833E-04  1.7848958E-03   5.408112    
  3.9626833E-04  4.0178094E-04  1.8352716E-03   17.06033    
  4.0178094E-04  4.0737024E-04  1.8163630E-03   17.09646    
  4.0737024E-04  4.1303734E-04  1.9982806E-03   13.17428    
  4.1303734E-04  4.1878319E-04  1.6746456E-03   20.56989    
  4.1878319E-04  4.2460902E-04  1.7891121E-03   7.164576    
  4.2460902E-04  4.3051591E-04  1.2117422E-03   20.30150    
  4.3051591E-04  4.3650498E-04  1.5378852E-03   9.722812    
  4.3650498E-04  4.4257738E-04  2.0087257E-03   9.698266    
  4.4257738E-04  4.4873415E-04  1.8522361E-03   8.467461    
  4.4873415E-04  4.5497666E-04  2.1151230E-03   13.23257    
  4.5497666E-04  4.6130602E-04  1.9542002E-03   11.46766    
  4.6130602E-04  4.6772338E-04  1.9659882E-03   17.81059    
  4.6772338E-04  4.7423001E-04  1.8409827E-03   8.479281    
  4.7423001E-04  4.8082718E-04  1.2585814E-03   22.34703    
  4.8082718E-04  4.8751614E-04  1.7594295E-03   14.49569    
  4.8751614E-04  4.9429812E-04  1.9253331E-03   14.40321    
  4.9429812E-04  5.0117448E-04  2.0927424E-03   12.20212    
  5.0117448E-04  5.0814648E-04  2.1087171E-03   9.598237    
  5.0814648E-04  5.1521545E-04  2.1292751E-03   5.723342    
  5.1521545E-04  5.2238279E-04  1.9538223E-03   9.917429    
  5.2238279E-04  5.2964984E-04  2.0493367E-03   15.92070    
  5.2964984E-04  5.3701794E-04  1.5117236E-03   12.75276    
  5.3701794E-04  5.4448860E-04  1.7264471E-03   18.93630    
  5.4448860E-04  5.5206323E-04  2.3122022E-03   12.64248    
  5.5206323E-04  5.5974314E-04  2.4521083E-03   9.460993    
  5.5974314E-04  5.6752982E-04  2.0210736E-03   11.85387    
  5.6752982E-04  5.7542499E-04  2.1232627E-03   10.93789    
  5.7542499E-04  5.8342988E-04  2.2257636E-03   14.14373    
  5.8342988E-04  5.9154612E-04  1.7311013E-03   24.79982    
  5.9154612E-04  5.9977541E-04  1.8766436E-03   13.20892    
  5.9977541E-04  6.0811901E-04  1.8515191E-03   20.02618    
  6.0811901E-04  6.1657879E-04  2.3089519E-03   20.26837    
  6.1657879E-04  6.2515622E-04  2.4997250E-03   15.32440    
  6.2515622E-04  6.3385296E-04  2.3490572E-03   11.46035    
  6.3385296E-04  6.4267073E-04  2.0553896E-03   9.413630    
  6.4267073E-04  6.5161113E-04  2.6155086E-03   12.97242    
  6.5161113E-04  6.6067587E-04  1.7289942E-03   15.36854    
  6.6067587E-04  6.6986674E-04  2.2053064E-03   7.812818    
  6.6986674E-04  6.7918550E-04  1.8079922E-03   22.83393    
  6.7918550E-04  6.8863400E-04  2.7115506E-03   16.04176    
  6.8863400E-04  6.9821370E-04  2.3119028E-03   10.42381    
  6.9821370E-04  7.0792681E-04  2.8673410E-03   13.92795    
  7.0792681E-04  7.1777502E-04  2.3612040E-03   13.89649    
  7.1777502E-04  7.2776014E-04  2.6221790E-03   19.55706    
  7.2776014E-04  7.3788426E-04  1.6173220E-03   17.15067    
  7.3788426E-04  7.4814924E-04  2.2277914E-03   18.32349    
  7.4814924E-04  7.5855688E-04  2.4495204E-03   16.25827    
  7.5855688E-04  7.6910952E-04  2.8250797E-03   18.96259    
  7.6910952E-04  7.7980885E-04  2.2386150E-03   9.746669    
  7.7980885E-04  7.9065695E-04  3.0872796E-03   12.60011    
  7.9065695E-04  8.0165610E-04  2.4922916E-03   14.98525    
  8.0165610E-04  8.1280817E-04  2.8252779E-03   23.86759    
  8.1280817E-04  8.2411547E-04  1.8529015E-03   14.23545    
  8.2411547E-04  8.3557988E-04  2.2402136E-03   9.696152    
  8.3557988E-04  8.4720401E-04  2.6443189E-03   20.26817    
  8.4720401E-04  8.5898978E-04  2.7806652E-03   17.36503    
  8.5898978E-04  8.7093946E-04  2.9157144E-03   13.12522    
  8.7093946E-04  8.8305544E-04  3.0465990E-03   17.25679    
  8.8305544E-04  8.9533982E-04  2.7988139E-03   12.17003    
  8.9533982E-04  9.0779515E-04  2.8243526E-03   22.15831    
  9.0779515E-04  9.2042383E-04  1.8826668E-03   21.80069    
  9.2042383E-04  9.3322812E-04  2.7691193E-03   9.070596    
  9.3322812E-04  9.4621058E-04  1.9754234E-03   19.97638    
  9.4621058E-04  9.5937372E-04  3.4678867E-03   14.07412    
  9.5937372E-04  9.7271980E-04  3.1397301E-03   19.15770    
  9.7271980E-04  9.8625163E-04  3.3528407E-03   10.33295    
  9.8625163E-04  9.9997176E-04  3.0778605E-03   7.769093    
  9.9997176E-04  1.0138826E-03  2.7413983E-03   20.68046    
  1.0138826E-03  1.0279872E-03  2.1602828E-03   18.54116    
  1.0279872E-03  1.0422877E-03  2.9892053E-03   9.034881    
  1.0422877E-03  1.0567874E-03  2.4643817E-03   18.27736    
  1.0567874E-03  1.0714887E-03  3.5494363E-03   12.43925    
  1.0714887E-03  1.0863945E-03  3.3305320E-03   10.76665    
  1.0863945E-03  1.1015077E-03  4.1432818E-03   11.46443    
  1.1015077E-03  1.1168313E-03  2.8109804E-03   17.95706    
  1.1168313E-03  1.1323676E-03  2.7658651E-03   22.76373    
  1.1323676E-03  1.1481204E-03  2.5360421E-03   10.77755    
  1.1481204E-03  1.1640924E-03  2.5540742E-03   20.50270    
  1.1640924E-03  1.1802865E-03  3.1328648E-03   7.283906    
  1.1802865E-03  1.1967060E-03  3.9147884E-03   8.521291    
  1.1967060E-03  1.2133536E-03  3.1147907E-03   12.56748    
  1.2133536E-03  1.2302330E-03  3.9186524E-03   8.708633    
  1.2302330E-03  1.2473472E-03  3.9496007E-03   10.41229    
  1.2473472E-03  1.2646995E-03  2.2866628E-03   25.41252    
  1.2646995E-03  1.2822931E-03  2.7394830E-03   17.47345    
  1.2822931E-03  1.3001314E-03  2.6932955E-03   10.02840    
  1.3001314E-03  1.3182181E-03  3.6777896E-03   3.103815    
  1.3182181E-03  1.3365563E-03  3.5685890E-03   11.17770    
  1.3365563E-03  1.3551496E-03  3.5964199E-03   8.489285    
  1.3551496E-03  1.3740014E-03  3.7056834E-03   9.898557    
  1.3740014E-03  1.3931156E-03  4.1974680E-03   12.21795    
  1.3931156E-03  1.4124957E-03  2.4773821E-03   18.90363    
  1.4124957E-03  1.4321454E-03  2.9679649E-03   18.88639    
  1.4321454E-03  1.4520684E-03  2.8273158E-03   14.81292    
  1.4520684E-03  1.4722686E-03  4.0534670E-03   11.37437    
  1.4722686E-03  1.4927499E-03  3.6082768E-03   10.48218    
  1.4927499E-03  1.5135159E-03  3.9081499E-03   9.479896    
  1.5135159E-03  1.5345711E-03  3.9389231E-03   12.22095    
  1.5345711E-03  1.5559189E-03  4.6288823E-03   13.10630    
  1.5559189E-03  1.5775638E-03  2.0144596E-03   7.766238    
  1.5775638E-03  1.5995099E-03  3.4707326E-03   20.20393    
  1.5995099E-03  1.6217611E-03  3.4982131E-03   8.190005    
  1.6217611E-03  1.6443221E-03  3.7034280E-03   10.72356    
  1.6443221E-03  1.6671969E-03  4.1066385E-03   15.37986    
  1.6671969E-03  1.6903896E-03  3.8699692E-03   9.056293    
  1.6903896E-03  1.7139051E-03  4.4390699E-03   13.79991    
  1.7139051E-03  1.7377479E-03  4.3050535E-03   12.56803    
  1.7377479E-03  1.7619223E-03  2.4456745E-03   7.606058    
  1.7619223E-03  1.7864329E-03  3.5740454E-03   18.37411    
  1.7864329E-03  1.8112846E-03  3.7019737E-03   6.882018    
  1.8112846E-03  1.8364820E-03  3.5510713E-03   15.84927    
  1.8364820E-03  1.8620298E-03  4.2575141E-03   21.35230    
  1.8620298E-03  1.8879332E-03  4.7668219E-03   10.50174    
  1.8879332E-03  1.9141968E-03  3.9417497E-03   14.69974    
  1.9141968E-03  1.9408258E-03  4.2719622E-03   19.80063    
  1.9408258E-03  1.9678252E-03  3.1490431E-03   7.985525    
  1.9678252E-03  1.9952003E-03  3.4859253E-03   11.95138    
  1.9952003E-03  2.0229563E-03  4.2162277E-03   8.986967    
  2.0229563E-03  2.0510980E-03  3.3499552E-03   22.79806    
  2.0510980E-03  2.0796321E-03  4.9309339E-03   25.58943    
  2.0796321E-03  2.1085623E-03  5.8979411E-03   12.59129    
  2.1085623E-03  2.1378950E-03  3.3389451E-03   10.64464    
  2.1378950E-03  2.1676363E-03  3.9121998E-03   9.045907    
  2.1676363E-03  2.1977907E-03  3.0948268E-03   3.534422    
  2.1977907E-03  2.2283650E-03  4.2007486E-03   12.96682    
  2.2283650E-03  2.2593646E-03  4.2442540E-03   9.390314    
  2.2593646E-03  2.2907951E-03  3.6273282E-03   20.07760    
  2.2907951E-03  2.3226633E-03  4.7779083E-03   20.06473    
  2.3226633E-03  2.3549746E-03  6.4140954E-03   11.31506    
  2.3549746E-03  2.3877353E-03  3.8632418E-03   15.68830    
  2.3877353E-03  2.4209521E-03  3.8258287E-03   11.32714    
  2.4209521E-03  2.4546306E-03  3.7135857E-03   9.429927    
  2.4546306E-03  2.4887777E-03  3.8829434E-03   14.07665    
  2.4887777E-03  2.5233999E-03  4.9733226E-03   15.34411    
  2.5233999E-03  2.5585040E-03  3.6333294E-03   16.97576    
  2.5585040E-03  2.5940964E-03  5.3182892E-03   14.57298    
  2.5940964E-03  2.6301832E-03  6.1068931E-03   5.463704    
  2.6301832E-03  2.6667728E-03  3.9486121E-03   16.18226    
  2.6667728E-03  2.7038713E-03  3.6423369E-03   10.79391    
  2.7038713E-03  2.7414856E-03  4.4123745E-03   11.80735    
  2.7414856E-03  2.7796230E-03  4.5622340E-03   16.10312    
  2.7796230E-03  2.8182915E-03  5.0401851E-03   14.73800    
  2.8182915E-03  2.8574977E-03  4.2887139E-03   9.137256    
  2.8574977E-03  2.8972493E-03  5.4068114E-03   11.26868    
  2.8972493E-03  2.9375537E-03  5.5831498E-03   7.137847    
  2.9375537E-03  2.9784192E-03  4.5620101E-03   17.60683    
  2.9784192E-03  3.0198528E-03  4.0690466E-03   10.56414    
  3.0198528E-03  3.0618631E-03  5.2169203E-03   15.47765    
  3.0618631E-03  3.1044574E-03  4.3085841E-03   15.22520    
  3.1044574E-03  3.1476445E-03  4.6162074E-03   16.04427    
  3.1476445E-03  3.1914327E-03  5.1078852E-03   9.982742    
  3.1914327E-03  3.2358298E-03  5.4524229E-03   13.54286    
  3.2358298E-03  3.2808448E-03  5.4709138E-03   12.51425    
  3.2808448E-03  3.3264854E-03  4.5262165E-03   23.60764    
  3.3264854E-03  3.3727612E-03  4.6469518E-03   14.95424    
  3.3727612E-03  3.4196808E-03  5.5330154E-03   13.95609    
  3.4196808E-03  3.4672532E-03  4.4289734E-03   17.42956    
  3.4672532E-03  3.5154871E-03  4.2664851E-03   13.02334    
  3.5154871E-03  3.5643920E-03  5.3710975E-03   16.82982    
  3.5643920E-03  3.6139775E-03  5.0752009E-03   23.76807    
  3.6139775E-03  3.6642528E-03  5.9860935E-03   15.68811    
  3.6642528E-03  3.7152276E-03  4.9304077E-03   15.60944    
  3.7152276E-03  3.7669113E-03  4.4550747E-03   10.67124    
  3.7669113E-03  3.8193141E-03  5.6731552E-03   6.443004    
  3.8193141E-03  3.8724456E-03  5.8546499E-03   14.33906    
  3.8724456E-03  3.9263167E-03  3.4707182E-03   25.44265    
  3.9263167E-03  3.9809369E-03  6.2029096E-03   16.77975    
  3.9809369E-03  4.0363176E-03  4.2668823E-03   24.80326    
  4.0363176E-03  4.0924675E-03  5.6755277E-03   11.15647    
  4.0924675E-03  4.1493988E-03  5.3118928E-03   14.52594    
  4.1493988E-03  4.2071231E-03  4.4527994E-03   1.905016    
  4.2071231E-03  4.2656492E-03  7.2452142E-03   10.44814    
  4.2656492E-03  4.3249903E-03  4.8138541E-03   15.02588    
  4.3249903E-03  4.3851566E-03  4.6730246E-03   16.63661    
  4.3851566E-03  4.4461596E-03  5.2647279E-03   14.78170    
  4.4461596E-03  4.5080115E-03  5.3534643E-03   13.83590    
  4.5080115E-03  4.5707244E-03  6.1499854E-03   14.83597    
  4.5707244E-03  4.6343091E-03  4.5119990E-03   15.44156    
  4.6343091E-03  4.6987790E-03  5.3306981E-03   9.054057    
  4.6987790E-03  4.7641452E-03  5.9642103E-03   15.64208    
  4.7641452E-03  4.8304209E-03  6.2181586E-03   10.63989    
  4.8304209E-03  4.8976177E-03  4.5262310E-03   27.25955    
  4.8976177E-03  4.9657505E-03  5.4496550E-03   9.347860    
  4.9657505E-03  5.0348309E-03  5.0249035E-03   6.310269    
  5.0348309E-03  5.1048715E-03  6.2847384E-03   16.44039    
  5.1048715E-03  5.1758876E-03  4.6768365E-03   20.15044    
  5.1758876E-03  5.2478909E-03  5.3861751E-03   11.19207    
  5.2478909E-03  5.3208959E-03  5.7127634E-03   12.82493    
  5.3208959E-03  5.3949170E-03  5.2841767E-03   14.21653    
  5.3949170E-03  5.4699667E-03  5.1370994E-03   31.21457    
  5.4699667E-03  5.5460613E-03  4.1517140E-03   5.525559    
  5.5460613E-03  5.6232153E-03  7.5883977E-03   5.788689    
  5.6232153E-03  5.7014409E-03  4.6732905E-03   21.90675    
  5.7014409E-03  5.7807555E-03  5.4089134E-03   22.87172    
  5.7807555E-03  5.8611738E-03  6.2261997E-03   17.76823    
  5.8611738E-03  5.9427102E-03  4.7973390E-03   8.152143    
  5.9427102E-03  6.0253819E-03  5.3146365E-03   16.23943    
  6.0253819E-03  6.1092027E-03  5.5106957E-03   25.39668    
  6.1092027E-03  6.1941901E-03  4.3076980E-03   14.20395    
  6.1941901E-03  6.2803598E-03  7.2817164E-03   6.848134    
  6.2803598E-03  6.3677272E-03  5.8026235E-03   17.66924    
  6.3677272E-03  6.4563104E-03  4.2534228E-03   27.84067    
  6.4563104E-03  6.5461276E-03  7.0070862E-03   17.09600    
  6.5461276E-03  6.6371919E-03  5.2395295E-03   19.04610    
  6.6371919E-03  6.7295241E-03  5.6175767E-03   32.84938    
  6.7295241E-03  6.8231407E-03  4.9188863E-03   25.25229    
  6.8231407E-03  6.9180597E-03  3.2655054E-03   17.78665    
  6.9180597E-03  7.0142988E-03  9.9154767E-03   8.397999    
  7.0142988E-03  7.1118772E-03  5.2172653E-03   22.78713    
  7.1118772E-03  7.2108130E-03  4.5886422E-03   23.19334    
  7.2108130E-03  7.3111248E-03  6.3449754E-03   8.912502    
  7.3111248E-03  7.4128322E-03  5.6316229E-03   18.12899    
  7.4128322E-03  7.5159548E-03  5.8040437E-03   31.99344    
  7.5159548E-03  7.6205111E-03  6.4858594E-03   5.970264    
  7.6205111E-03  7.7265231E-03  3.5519199E-03   20.62190    
  7.7265231E-03  7.8340098E-03  9.0122893E-03   7.477615    
  7.8340098E-03  7.9429913E-03  6.7065563E-03   18.85010    
  7.9429913E-03  8.0534881E-03  4.9720625E-03   26.88360    
  8.0534881E-03  8.1655234E-03  7.7965069E-03   6.378644    
  8.1655234E-03  8.2791159E-03  6.2381928E-03   8.749493    
  8.2791159E-03  8.3942898E-03  6.2906262E-03   23.50393    
  8.3942898E-03  8.5110655E-03  5.8871559E-03   8.701404    
  8.5110655E-03  8.6294655E-03  3.9982023E-03   19.62261    
  8.6294655E-03  8.7495139E-03  9.1840839E-03   5.612479    
  8.7495139E-03  8.8712303E-03  4.7821295E-03   17.22167    
  8.8712303E-03  8.9946417E-03  7.6180864E-03   18.15568    
  8.9946417E-03  9.1197686E-03  6.7395894E-03   17.02677    
  9.1197686E-03  9.2466371E-03  6.9494951E-03   20.82514    
  9.2466371E-03  9.3752695E-03  4.5931777E-03   7.060668    
  9.3752695E-03  9.5056919E-03  5.6871073E-03   21.93678    
  9.5056919E-03  9.6379286E-03  3.7372229E-03   17.38110    
  9.6379286E-03  9.7720064E-03  7.2666178E-03   10.21661    
  9.7720064E-03  9.9079469E-03  5.2331011E-03   14.65400    
  9.9079469E-03  1.0045779E-02  6.6014747E-03   25.56686    
  1.0045779E-02  1.0185530E-02  8.2256626E-03   16.13586    
  1.0185530E-02  1.0327225E-02  4.5337053E-03   24.63861    
  1.0327225E-02  1.0470890E-02  6.8421257E-03   17.30777    
  1.0470890E-02  1.0616553E-02  5.6950287E-03   15.25425    
  1.0616553E-02  1.0764243E-02  5.3166621E-03   24.72760    
  1.0764243E-02  1.0913989E-02  8.0538196E-03   19.57198    
  1.0913989E-02  1.1065817E-02  3.1038267E-03   32.21262    
  1.1065817E-02  1.1219756E-02  6.5801353E-03   14.92499    
  1.1219756E-02  1.1375838E-02  1.0192077E-02   16.52489    
  1.1375838E-02  1.1534091E-02  5.1315269E-03   19.35637    
  1.1534091E-02  1.1694545E-02  8.2061822E-03   8.596802    
  1.1694545E-02  1.1857231E-02  6.0959528E-03   14.10778    
  1.1857231E-02  1.2022181E-02  5.1916400E-03   15.11583    
  1.2022181E-02  1.2189428E-02  5.2657910E-03   23.21405    
  1.2189428E-02  1.2358998E-02  4.7245226E-03   20.18087    
  1.2358998E-02  1.2530928E-02  5.1382501E-03   22.47794    
  1.2530928E-02  1.2705251E-02  7.5572557E-03   30.80220    
  1.2705251E-02  1.2881996E-02  4.7239461E-03   15.99929    
  1.2881996E-02  1.3061203E-02  8.0258111E-03   13.87033    
  1.3061203E-02  1.3242901E-02  5.1798867E-03   12.10206    
  1.3242901E-02  1.3427128E-02  5.6805531E-03   10.90846    
  1.3427128E-02  1.3613917E-02  6.7620156E-03   24.27367    
  1.3613917E-02  1.3803303E-02  4.2343093E-03   11.80061    
  1.3803303E-02  1.3995326E-02  6.3099810E-03   12.11900    
  1.3995326E-02  1.4190022E-02  6.1661797E-03   20.60822    
  1.4190022E-02  1.4387422E-02  6.6518011E-03   24.04635    
  1.4387422E-02  1.4587571E-02  6.2451516E-03   23.93784    
  1.4587571E-02  1.4790502E-02  4.9215714E-03   19.70201    
  1.4790502E-02  1.4996259E-02  5.4240166E-03   15.40044    
  1.4996259E-02  1.5204878E-02  4.0678256E-03   42.58315    
  1.5204878E-02  1.5416397E-02  6.1118444E-03   25.08176    
  1.5416397E-02  1.5630860E-02  9.3661333E-03   11.69163    
  1.5630860E-02  1.5848307E-02  5.8921687E-03   22.31268    
  1.5848307E-02  1.6068777E-02  4.8805699E-03   11.30810    
  1.6068777E-02  1.6292313E-02  8.0156652E-03   18.30667    
  1.6292313E-02  1.6518962E-02  6.0693976E-03   17.33612    
  1.6518962E-02  1.6748762E-02  4.7423313E-03   32.19941    
  1.6748762E-02  1.6981760E-02  3.0942743E-03   39.75411    
  1.6981760E-02  1.7217997E-02  6.0749296E-03   19.65964    
  1.7217997E-02  1.7457526E-02  9.4053652E-03   16.91494    
  1.7457526E-02  1.7700382E-02  3.7653651E-03   29.62646    
  1.7700382E-02  1.7946618E-02  5.7114884E-03   21.05711    
  1.7946618E-02  1.8196279E-02  6.7374539E-03   23.67891    
  1.8196279E-02  1.8449413E-02  6.7937300E-03   18.28337    
  1.8449413E-02  1.8706068E-02  6.7228940E-03   30.86070    
  1.8706068E-02  1.8966297E-02  1.8971576E-03   60.73463    
  1.8966297E-02  1.9230144E-02  5.5483696E-03   37.62220    
  1.9230144E-02  1.9497659E-02  7.5767385E-03   24.95153    
  1.9497659E-02  1.9768899E-02  6.5917387E-03   40.55906    
  1.9768899E-02  2.0043906E-02  4.7196816E-03   31.66534    
  2.0043906E-02  2.0322746E-02  5.6898589E-03   24.16639    
  2.0322746E-02  2.0605464E-02  6.7174039E-03   32.26627    
  2.0605464E-02  2.0892110E-02  8.3405133E-03   33.77629    
  2.0892110E-02  2.1182748E-02  2.3229544E-03   63.32718    
  2.1182748E-02  2.1477427E-02  5.6231739E-03   38.52629    
  2.1477427E-02  2.1776209E-02  5.3839847E-03   30.67038    
  2.1776209E-02  2.2079144E-02  4.2901235E-03   29.63540    
  2.2079144E-02  2.2386296E-02  6.0137892E-03   34.36703    
  2.2386296E-02  2.2697717E-02  2.8653094E-03   36.39350    
  2.2697717E-02  2.3013473E-02  6.3437652E-03   30.55225    
  2.3013473E-02  2.3333620E-02  9.4047477E-03   32.28365    
  2.3333620E-02  2.3658227E-02  4.4726697E-03   39.57108    
  2.3658227E-02  2.3987340E-02  6.0938327E-03   36.70853    
  2.3987340E-02  2.4321036E-02  4.6340381E-03   42.19813    
  2.4321036E-02  2.4659377E-02  6.1332826E-03   25.31226    
  2.4659377E-02  2.5002418E-02  4.9914750E-03   31.66679    
  2.5002418E-02  2.5350234E-02  4.8678946E-03   50.51653    
  2.5350234E-02  2.5702890E-02  3.7332729E-03   42.82703    
  2.5702890E-02  2.6060449E-02  7.4270852E-03   22.45267    
  2.6060449E-02  2.6422987E-02  6.1293053E-03   31.65875    
  2.6422987E-02  2.6790567E-02  4.6433602E-03   44.59012    
  2.6790567E-02  2.7163258E-02  5.0634542E-03   41.52025    
  2.7163258E-02  2.7541135E-02  4.1436395E-03   54.72899    
  2.7541135E-02  2.7924268E-02  2.4579072E-03   29.86622    
  2.7924268E-02  2.8312733E-02  3.7845066E-03   38.06591    
  2.8312733E-02  2.8706597E-02  6.9804839E-03   15.72970    
  2.8706597E-02  2.9105945E-02  5.3874701E-03   30.33498    
  2.9105945E-02  2.9510852E-02  4.3773395E-03   57.78975    
  2.9510852E-02  2.9921385E-02  4.1339807E-03   33.09694    
  2.9921385E-02  3.0337634E-02  2.5682475E-03   73.79289    
  3.0337634E-02  3.0759668E-02  2.1521400E-03   58.23364    
  3.0759668E-02  3.1187573E-02  7.8424728E-03   30.52702    
  3.1187573E-02  3.1621434E-02  7.9224929E-03   17.39137    
  3.1621434E-02  3.2061331E-02  4.8057334E-03   26.75384    
  3.2061331E-02  3.2507349E-02  6.6196569E-03   29.91774    
  3.2507349E-02  3.2959569E-02  4.6510971E-03   51.59900    
  3.2959569E-02  3.3418078E-02  2.1902022E-03   59.91587    
  3.3418078E-02  3.3882968E-02  2.7978194E-03   62.99076    
  3.3882968E-02  3.4354329E-02  5.8787279E-03   14.49592    
  3.4354329E-02  3.4832243E-02  4.7215987E-03   31.91218    
  3.4832243E-02  3.5316806E-02  2.2187245E-03   59.36092    
  3.5316806E-02  3.5808105E-02  9.7754626E-03   34.04411    
  3.5808105E-02  3.6306247E-02  2.1882392E-03   66.76644    
  3.6306247E-02  3.6811315E-02  3.0020804E-03   47.37288    
  3.6811315E-02  3.7323412E-02  1.6099197E-03   41.69980    
  3.7323412E-02  3.7842624E-02  1.4344617E-03   44.22256    
  3.7842624E-02  3.8369074E-02  7.2570718E-03   10.66119    
  3.8369074E-02  3.8902830E-02  4.9192673E-03   14.61961    
  3.8902830E-02  3.9444018E-02  4.6751681E-03   28.54139    
  3.9444018E-02  3.9992742E-02  3.4200749E-03   52.30771    
  3.9992742E-02  4.0549092E-02  3.5617645E-03   37.96441    
  4.0549092E-02  4.1113183E-02  2.8127353E-03   52.08669    
  4.1113183E-02  4.1685127E-02  2.9640645E-03   51.03431    
  4.1685127E-02  4.2265020E-02  5.1449905E-03   45.05841    
  4.2265020E-02  4.2852983E-02  5.2279038E-03   42.45111    
  4.2852983E-02  4.3449126E-02  6.3944631E-03   31.21294    
  4.3449126E-02  4.4053558E-02  2.5378983E-03   48.70139    
  4.4053558E-02  4.4666402E-02  5.0102705E-03   25.08163    
  4.4666402E-02  4.5287773E-02  2.1851296E-03   23.87024    
  4.5287773E-02  4.5917790E-02  2.5407893E-03   37.59012    
  4.5917790E-02  4.6556566E-02  4.3332954E-03   36.67073    
  4.6556566E-02  4.7204223E-02  1.6868727E-03   39.72870    
  4.7204223E-02  4.7860898E-02  3.1219318E-03   32.10850    
  4.7860898E-02  4.8526708E-02  3.9103576E-03   46.53550    
  4.8526708E-02  4.9201783E-02  7.8195808E-03   30.96666    
  4.9201783E-02  4.9886245E-02  5.1126629E-03   36.80967    
  4.9886245E-02  5.0580226E-02  2.5674303E-03   36.25154    
  5.0580226E-02  5.1283866E-02  1.3645247E-03   20.19353    
  5.1283866E-02  5.1997293E-02  6.0410947E-03   32.45485    
  5.1997293E-02  5.2720644E-02  5.5904966E-03   50.25822    
  5.2720644E-02  5.3454056E-02  6.2127011E-03   37.98319    
  5.3454056E-02  5.4197673E-02  4.7901198E-03   55.37840    
  5.4197673E-02  5.4951638E-02  3.6257026E-03   28.48824    
  5.4951638E-02  5.5716090E-02  4.5567858E-03   29.25269    
  5.5716090E-02  5.6491166E-02  4.2330138E-03   26.82751    
  5.6491166E-02  5.7277046E-02  3.4829155E-03   37.21275    
  5.7277046E-02  5.8073841E-02  2.9675507E-03   40.38186    
  5.8073841E-02  5.8881722E-02  2.0285731E-03   30.50303    
  5.8881722E-02  5.9700847E-02  3.4137852E-03   36.69757    
  5.9700847E-02  6.0531363E-02  2.7257220E-03   32.84907    
  6.0531363E-02  6.1373435E-02  3.9553954E-03   56.60555    
  6.1373435E-02  6.2227219E-02  5.1077348E-03   43.57890    
  6.2227219E-02  6.3092880E-02  1.4084253E-03   67.47939    
  6.3092880E-02  6.3970588E-02  3.2018134E-03   45.98073    
  6.3970588E-02  6.4860500E-02  3.1325277E-03   32.12209    
  6.4860500E-02  6.5762796E-02  1.8648573E-03   35.06878    
  6.5762796E-02  6.6677645E-02  4.8358818E-03   33.98082    
  6.6677645E-02  6.7605220E-02  1.7605884E-03   30.96950    
  6.7605220E-02  6.8545707E-02  4.0957150E-03   57.20161    
  6.8545707E-02  6.9499254E-02  3.0623339E-03   56.38187    
  6.9499254E-02  7.0466094E-02  4.0471330E-03   40.41501    
  7.0466094E-02  7.1446374E-02  3.7464013E-03   19.44422    
  7.1446374E-02  7.2440282E-02  6.1380826E-03   44.17235    
  7.2440282E-02  7.3448025E-02  6.2992349E-03   40.75396    
  7.3448025E-02  7.4469790E-02  3.8337309E-03   54.69524    
  7.4469790E-02  7.5505748E-02  5.3996732E-03   33.16870    
  7.5505748E-02  7.6556139E-02  2.2195340E-03   41.05149    
  7.6556139E-02  7.7621132E-02  1.4612124E-03   39.86826    
  7.7621132E-02  7.8700952E-02  2.3892133E-03   22.11607    
  7.8700952E-02  7.9795778E-02  1.7292693E-03   17.37414    
  7.9795778E-02  8.0905855E-02  3.3959139E-03   17.46179    
  8.0905855E-02  8.2031362E-02  2.3403761E-03   38.74112    
  8.2031362E-02  8.3172530E-02  2.4509050E-03   29.20986    
  8.3172530E-02  8.4329568E-02  2.8545593E-03   37.79696    
  8.4329568E-02  8.5502706E-02  3.5212233E-03   21.04983    
  8.5502706E-02  8.6692154E-02  2.8020754E-03   43.36840    
  8.6692154E-02  8.7898165E-02  2.7615339E-03   10.84038    
  8.7898165E-02  8.9120954E-02  1.1595153E-03   41.43949    
  8.9120954E-02  9.0360731E-02  2.5559370E-03   36.80287    
  9.0360731E-02  9.1617763E-02  1.4876914E-03   35.20546    
  9.1617763E-02  9.2892297E-02  1.4846892E-03   47.41630    
  9.2892297E-02  9.4184555E-02  2.7770526E-03   36.94598    
  9.4184555E-02  9.5494784E-02  2.0939375E-03   37.77016    
  9.5494784E-02  9.6823245E-02  2.3505066E-03   53.63986    
  9.6823245E-02  9.8170176E-02  1.7215050E-03   46.67005    
  9.8170176E-02  9.9535860E-02  2.8574620E-03   35.51532    
  9.9535860E-02  0.1009205      2.0297456E-03   18.46408    
  0.1009205      0.1023245      4.0256954E-03   17.10847    
  0.1023245      0.1037479      8.4463658E-04   43.36721    
  0.1037479      0.1051912      1.0659376E-03   60.69638    
  0.1051912      0.1066546      1.9995710E-03   29.23350    
  0.1066546      0.1081383      8.0815580E-04   30.85409    
  0.1081383      0.1096426      1.8189078E-03   44.78122    
  0.1096426      0.1111679      2.6869292E-03   26.95054    
  0.1111679      0.1127144      3.2397616E-03   24.72344    
  0.1127144      0.1142824      2.6561129E-03   33.55184    
  0.1142824      0.1158722      2.6614254E-03   31.24069    
  0.1158722      0.1174841      7.4192829E-04   31.46181    
  0.1174841      0.1191185      1.6661366E-03   33.65796    
  0.1191185      0.1207756      1.2706225E-03   51.99532    
  0.1207756      0.1224558      1.3084684E-03   34.63411    
  0.1224558      0.1241593      7.8153081E-04   37.96001    
  0.1241593      0.1258865      2.8099515E-03   30.56724    
  0.1258865      0.1276377      2.7810116E-03   24.51627    
  0.1276377      0.1294134      2.4258650E-03   26.58984    
  0.1294134      0.1312137      2.4919847E-03   56.22911    
  0.1312137      0.1330390      1.0717028E-03   50.41100    
  0.1330390      0.1348898      1.6146888E-03   37.21340    
  0.1348898      0.1367663      1.4432283E-03   28.26743    
  0.1367663      0.1386689      1.3063778E-03   42.18811    
  0.1386689      0.1405979      1.3338766E-03   52.68854    
  0.1405979      0.1425538      1.2792660E-03   42.34464    
  0.1425538      0.1445370      1.1203942E-03   43.01614    
  0.1445370      0.1465477      1.1843924E-03   35.49124    
  0.1465477      0.1485863      1.8963214E-03   23.77893    
  0.1485863      0.1506534      1.5954725E-03   33.59532    
  0.1506534      0.1527491      2.3633530E-03   29.48115    
  0.1527491      0.1548741      1.1995963E-03   24.01034    
  0.1548741      0.1570286      1.2079920E-03   60.07925    
  0.1570286      0.1592131      1.5280592E-03   30.27125    
  0.1592131      0.1614279      1.5581592E-03   63.66803    
  0.1614279      0.1636736      6.9198554E-04   75.71703    
  0.1636736      0.1659506      1.4487759E-03   42.41128    
  0.1659506      0.1682591      6.8162486E-04   53.28684    
  0.1682591      0.1705998      9.9213934E-04   25.14500    
  0.1705998      0.1729731      6.5027765E-04   50.03431    
  0.1729731      0.1753794      7.5545022E-04   48.70155    
  0.1753794      0.1778192      7.3370477E-04   33.13667    
  0.1778192      0.1802928      1.6949987E-03   22.83925    
  0.1802928      0.1828009      1.5665122E-03   37.36519    
  0.1828009      0.1853440      1.2799167E-03   32.21115    
  0.1853440      0.1879223      1.0856488E-03   27.08891    
  0.1879223      0.1905366      4.7450804E-04   61.37123    
  0.1905366      0.1931872      1.3071947E-03   32.41255    
  0.1931872      0.1958747      1.5747185E-03   31.95608    
  0.1958747      0.1985996      6.8576151E-04   36.93660    
  0.1985996      0.2013624      1.3883944E-03   9.645384    
  0.2013624      0.2041636      1.0488213E-03   33.50523    
  0.2041636      0.2070038      9.2479098E-04   16.69901    
  0.2070038      0.2098835      6.2164082E-04   72.22567    
  0.2098835      0.2128032      7.5119443E-04   45.10231    
  0.2128032      0.2157636      1.8732188E-03   42.24621    
  0.2157636      0.2187652      6.9015578E-04   53.39244    
  0.2187652      0.2218084      4.1574013E-04   51.53893    
  0.2218084      0.2248941      3.5941263E-04   54.64752    
  0.2248941      0.2280227      1.4894825E-04   71.78567    
  0.2280227      0.2311948      1.0149784E-03   30.74283    
  0.2311948      0.2344110      2.5948431E-04   64.68034    
  0.2344110      0.2376720      5.4030557E-04   71.55381    
  0.2376720      0.2409783      5.5188453E-04   59.22187    
  0.2409783      0.2443307      6.7174830E-04   30.50212    
  0.2443307      0.2477296      8.6288934E-04   21.13179    
  0.2477296      0.2511759      4.9472222E-04   59.01083    
  0.2511759      0.2546701      7.5066974E-04   35.02613    
  0.2546701      0.2582128      5.0291239E-04   45.03254    
  0.2582128      0.2618049      3.3697716E-04   51.44803    
  0.2618049      0.2654470      4.1654159E-04   55.24837    
  0.2654470      0.2691397      5.8600638E-04   24.89639    
  0.2691397      0.2728838      6.8379857E-04   24.71374    
  0.2728838      0.2766800      2.0100044E-05   96.02309    
  0.2766800      0.2805290      4.2079261E-04   34.45335    
  0.2805290      0.2844315      4.3526321E-04   33.15193    
  0.2844315      0.2883883      3.8149970E-04   41.98156    
  0.2883883      0.2924002      3.7662283E-04   56.72042    
  0.2924002      0.2964678      3.4514326E-04   50.13594    
  0.2964678      0.3005921      3.9490263E-04   30.95202    
  0.3005921      0.3047737      3.9111293E-04   13.65465    
  0.3047737      0.3090136      5.6930049E-04   40.60743    
  0.3090136      0.3133124      2.4324378E-04   42.15774    
  0.3133124      0.3176709      4.8642926E-04   29.31098    
  0.3176709      0.3220901      5.3009571E-04   39.33241    
  0.3220901      0.3265709      5.4023153E-04   45.20970    
  0.3265709      0.3311139      5.4459966E-04   57.31444    
  0.3311139      0.3357202      4.0212215E-04   63.69611    
  0.3357202      0.3403905      5.3949410E-04   16.60115    
  0.3403905      0.3451257      4.5908030E-04   48.40157    
  0.3451257      0.3499269      2.2377921E-04   51.53719    
  0.3499269      0.3547948      3.8310245E-04   41.21798    
  0.3547948      0.3597305      3.4543741E-04   41.62634    
  0.3597305      0.3647348      1.3923443E-04   77.68864    
  0.3647348      0.3698088      3.6162545E-04   51.79601    
  0.3698088      0.3749533      4.4544623E-04   51.60607    
  0.3749533      0.3801694      1.8993061E-04   58.57973    
  0.3801694      0.3854581      1.1833097E-04   62.79469    
  0.3854581      0.3908203      2.3704350E-04   47.63118    
  0.3908203      0.3962571      3.7498306E-04   31.68934    
  0.3962571      0.4017696      2.1562005E-04   25.22561    
  0.4017696      0.4073587      4.5647917E-05   84.25277    
  0.4073587      0.4130256      2.1290898E-04   65.55465    
  0.4130256      0.4187714      3.0605603E-04   36.21056    
  0.4187714      0.4245970      2.9854957E-04   25.44091    
  0.4245970      0.4305038      1.8767876E-04   37.08323    
  0.4305038      0.4364927      4.4483182E-04   24.27340    
  0.4364927      0.4425648      1.6285123E-04   54.35458    
  0.4425648      0.4487215      4.8816777E-04   50.88121    
  0.4487215      0.4549638      1.2467064E-04   61.96147    
  0.4549638      0.4612930      1.3644538E-04   54.97305    
  0.4612930      0.4677102      2.4648735E-04   24.97770    
  0.4677102      0.4742166      1.6846372E-04   38.45334    
  0.4742166      0.4808136      3.2181479E-04   33.04560    
  0.4808136      0.4875024      2.2104109E-04   62.23830    
  0.4875024      0.4942842      3.5082747E-04   35.39139    
  0.4942842      0.5011603      3.1419552E-04   40.72314    
  0.5011603      0.5081321      3.8739227E-04   44.38857    
  0.5081321      0.5152009      1.5038069E-04   76.80685    
  0.5152009      0.5223681      2.3591542E-04   34.56366    
  0.5223681      0.5296349      3.0848291E-04   51.29855    
  0.5296349      0.5370028      2.0332290E-04   41.81655    
  0.5370028      0.5444732      2.1560492E-04   46.35337    
  0.5444732      0.5520476      1.6425095E-04   35.37400    
  0.5520476      0.5597273      1.5201283E-04   52.34629    
  0.5597273      0.5675138      1.8033823E-04   36.19820    
  0.5675138      0.5754088      1.4396169E-04   23.32896    
  0.5754088      0.5834134      1.8646332E-04   40.51167    
  0.5834134      0.5915294      3.1163092E-04   15.29936    
  0.5915294      0.5997584      2.3448153E-04   34.21733    
  0.5997584      0.6081018      3.2741262E-04   30.80824    
  0.6081018      0.6165614      2.2295117E-04   31.98425    
  0.6165614      0.6251386      1.4872606E-04   41.02213    
  0.6251386      0.6338350      2.0136939E-04   47.15510    
  0.6338350      0.6426525      1.8644652E-04   45.00789    
  0.6426525      0.6515927      1.8369099E-04   48.92418    
  0.6515927      0.6606573      2.1157904E-04   20.22222    
  0.6606573      0.6698478      3.3647526E-04   28.51558    
  0.6698478      0.6791664      3.4471561E-04   24.19528    
  0.6791664      0.6886144      2.1041138E-04   42.84728    
  0.6886144      0.6981939      2.6127303E-04   28.01087    
  0.6981939      0.7079068      1.1443697E-04   40.79919    
  0.7079068      0.7177547      3.1025114E-04   26.06353    
  0.7177547      0.7277396      1.3491353E-04   36.92826    
  0.7277396      0.7378634      1.6980128E-04   35.24609    
  0.7378634      0.7481281      2.5400540E-04   46.38860    
  0.7481281      0.7585356      2.6260197E-04   27.98142    
  0.7585356      0.7690878      2.1182935E-04   27.72805    
  0.7690878      0.7797868      2.0065728E-04   53.66431    
  0.7797868      0.7906347      8.8858222E-05   39.39357    
  0.7906347      0.8016334      3.1853520E-04   29.50084    
  0.8016334      0.8127854      1.5213332E-04   27.55426    
  0.8127854      0.8240922      3.0955570E-04   26.72161    
  0.8240922      0.8355564      2.3463827E-04   48.99913    
  0.8355564      0.8471802      2.9580164E-04   31.70160    
  0.8471802      0.8589655      3.4254193E-04   30.69231    
  0.8589655      0.8709149      4.6917328E-04   15.04583    
  0.8709149      0.8830304      4.2278899E-04   23.37995    
  0.8830304      0.8953145      2.8450359E-04   48.41943    
  0.8953145      0.9077696      4.0014219E-04   6.683400    
  0.9077696      0.9203978      3.8968609E-04   19.06267    
  0.9203978      0.9332017      5.7319284E-04   15.91470    
  0.9332017      0.9461839      7.2331261E-04   21.45489    
  0.9461839      0.9593465      6.5696146E-04   20.11301    
  0.9593465      0.9726924      4.5986800E-04   15.56557    
  0.9726924      0.9862237      3.5662096E-04   32.96657    
  0.9862237      0.9999434       14.55682      3.9484408E-03
